C51 COMPILER V9.60.7.0   PICTURE                                                           11/28/2024 16:30:00 PAGE 1   


C51 COMPILER V9.60.7.0, COMPILATION OF MODULE PICTURE
OBJECT MODULE PLACED IN .\Objects\picture.obj
COMPILER INVOKED BY: D:\KEIL_STM32\C51\BIN\C51.EXE picture.c OPTIMIZE(8,SPEED) BROWSE DEBUG OBJECTEXTEND PRINT(.\Listing
                    -s\picture.lst) OBJECT(.\Objects\picture.obj)

line level    source

   1          unsigned char code Chinese_character[]=
   2          {
   3          /* [×Ö¿â]£º[HZK1616ËÎÌå] [Êý¾ÝÅÅÁÐ]:´Ó×óµ½ÓÒ´ÓÉÏµ½ÏÂ [È¡Ä£·½Ê½]:ºáÏò8µã×ó¸ßÎ» [Õý¸º·´É«]:·ñ [È¥µôÖØ¸´ºó]¹²
             -33¸ö×Ö·û
   4          [×Ü×Ö·û¿â]£º"¹ã¶«ìÇ»Ô¿Æ¼¼ÓÐÏÞ¹«Ë¾YeiHuiDisplay.com LCM24064_06"*/
   5          
   6          /*-- ID:0,×Ö·û:"¹ã",ASCII±àÂë:B9E3,¶ÔÓ¦×Ö:¿íx¸ß=16x16,»­²¼:¿íW=16 ¸ßH=16,¹²32×Ö½Ú*/
   7          0x01,0x00,0x00,0x84,0x3F,0xFE,0x20,0x00,0x20,0x00,0x20,0x00,0x20,0x00,0x20,0x00,
   8          0x20,0x00,0x20,0x00,0x20,0x00,0x20,0x00,0x40,0x00,0x40,0x00,0x80,0x00,0x00,0x00,
   9          
  10          /*-- ID:1,×Ö·û:"¶«",ASCII±àÂë:B6AB,¶ÔÓ¦×Ö:¿íx¸ß=16x16,»­²¼:¿íW=16 ¸ßH=16,¹²32×Ö½Ú*/
  11          0x02,0x00,0x02,0x00,0x02,0x04,0xFF,0xFE,0x04,0x00,0x09,0x00,0x09,0x00,0x11,0x10,
  12          0x3F,0xF8,0x01,0x00,0x09,0x40,0x09,0x20,0x11,0x10,0x21,0x18,0x45,0x08,0x02,0x00,
  13          
  14          /*-- ID:2,×Ö·û:"ìÇ",ASCII±àÂë:ECC7,¶ÔÓ¦×Ö:¿íx¸ß=16x16,»­²¼:¿íW=16 ¸ßH=16,¹²32×Ö½Ú*/
  15          0x10,0xA0,0x10,0xA0,0x10,0xA0,0x15,0x24,0x55,0x28,0x59,0x30,0x53,0x64,0x95,0x1C,
  16          0x11,0x40,0x10,0x44,0x17,0xFE,0x28,0x40,0x24,0x40,0x44,0x40,0x40,0x40,0x80,0x40,
  17          
  18          /*-- ID:3,×Ö·û:"»Ô",ASCII±àÂë:BBD4,¶ÔÓ¦×Ö:¿íx¸ß=16x16,»­²¼:¿íW=16 ¸ßH=16,¹²32×Ö½Ú*/
  19          0x10,0x00,0x11,0xFE,0x95,0x04,0x56,0x40,0x38,0x48,0x11,0xFC,0xFE,0x80,0x29,0x20,
  20          0x29,0xFC,0x28,0x20,0x28,0x24,0x2B,0xFE,0x4C,0x20,0x48,0x20,0x80,0x20,0x00,0x20,
  21          
  22          /*-- ID:4,×Ö·û:"¿Æ",ASCII±àÂë:BFC6,¶ÔÓ¦×Ö:¿íx¸ß=16x16,»­²¼:¿íW=16 ¸ßH=16,¹²32×Ö½Ú*/
  23          0x04,0x10,0x0E,0x10,0xF8,0x90,0x08,0x50,0x08,0x10,0xFE,0x90,0x08,0x50,0x1C,0x14,
  24          0x1A,0x1E,0x29,0xF0,0x28,0x10,0x48,0x10,0x88,0x10,0x08,0x10,0x08,0x10,0x08,0x10,
  25          
  26          /*-- ID:5,×Ö·û:"¼¼",ASCII±àÂë:BCBC,¶ÔÓ¦×Ö:¿íx¸ß=16x16,»­²¼:¿íW=16 ¸ßH=16,¹²32×Ö½Ú*/
  27          0x10,0x40,0x10,0x40,0x10,0x48,0x13,0xFC,0xFC,0x40,0x10,0x40,0x10,0x40,0x13,0xF8,
  28          0x1A,0x08,0x31,0x10,0xD1,0x10,0x10,0xA0,0x10,0x40,0x10,0xB0,0x51,0x0E,0x26,0x04,
  29          
  30          /*-- ID:6,×Ö·û:"ÓÐ",ASCII±àÂë:D3D0,¶ÔÓ¦×Ö:¿íx¸ß=16x16,»­²¼:¿íW=16 ¸ßH=16,¹²32×Ö½Ú*/
  31          0x02,0x00,0x02,0x04,0xFF,0xFE,0x04,0x00,0x04,0x10,0x0F,0xF8,0x08,0x10,0x18,0x10,
  32          0x2F,0xF0,0x48,0x10,0x88,0x10,0x0F,0xF0,0x08,0x10,0x08,0x10,0x08,0x50,0x08,0x20,
  33          
  34          /*-- ID:7,×Ö·û:"ÏÞ",ASCII±àÂë:CFDE,¶ÔÓ¦×Ö:¿íx¸ß=16x16,»­²¼:¿íW=16 ¸ßH=16,¹²32×Ö½Ú*/
  35          0x00,0x08,0x7D,0xFC,0x45,0x08,0x49,0x08,0x49,0xF8,0x51,0x08,0x49,0x08,0x49,0xF8,
  36          0x45,0x04,0x45,0x88,0x45,0x50,0x69,0x20,0x51,0x10,0x41,0x4E,0x41,0x84,0x41,0x00,
  37          
  38          /*-- ID:8,×Ö·û:"¹«",ASCII±àÂë:B9AB,¶ÔÓ¦×Ö:¿íx¸ß=16x16,»­²¼:¿íW=16 ¸ßH=16,¹²32×Ö½Ú*/
  39          0x00,0x00,0x00,0x80,0x04,0x80,0x04,0x40,0x08,0x40,0x08,0x20,0x11,0x10,0x21,0x0E,
  40          0xC2,0x04,0x02,0x00,0x04,0x00,0x08,0x40,0x10,0x20,0x1F,0xF0,0x00,0x10,0x00,0x00,
  41          
  42          /*-- ID:9,×Ö·û:"Ë¾",ASCII±àÂë:CBBE,¶ÔÓ¦×Ö:¿íx¸ß=16x16,»­²¼:¿íW=16 ¸ßH=16,¹²32×Ö½Ú*/
  43          0x00,0x08,0x3F,0xFC,0x00,0x08,0x00,0x48,0xFF,0xE8,0x00,0x08,0x00,0x88,0x3F,0xC8,
  44          0x20,0x88,0x20,0x88,0x20,0x88,0x20,0x88,0x3F,0x88,0x20,0x88,0x00,0x28,0x00,0x10,
  45          
  46          
  47          
  48          
  49          
  50          };
  51          unsigned char code English_character[]=
  52          {
  53                  
C51 COMPILER V9.60.7.0   PICTURE                                                           11/28/2024 16:30:00 PAGE 2   

  54          /* [×Ö¿â]£º[ASC8x16E×Ö¿â] [Êý¾ÝÅÅÁÐ]:´Ó×óµ½ÓÒ´ÓÉÏµ½ÏÂ [È¡Ä£·½Ê½]:ºáÏò8µã×ó¸ßÎ» [Õý¸º·´É«]:·ñ [È¥µôÖØ¸´ºó]¹
             -²27¸ö×Ö·û
  55          [×Ü×Ö·û¿â]£º"YeHuiDisplay.comLCM24064_06"*/
  56          
  57          /*-- ID:0,×Ö·û:"Y",ASCII±àÂë:59,¶ÔÓ¦×Ö:¿íx¸ß=8x16,»­²¼:¿íW=8 ¸ßH=16,¹²16×Ö½Ú*/
  58          0x00,0x00,0xEE,0x44,0x44,0x28,0x28,0x10,0x10,0x10,0x10,0x10,0x38,0x00,0x00,0x00,
  59          
  60          /*-- ID:1,×Ö·û:"e",ASCII±àÂë:65,¶ÔÓ¦×Ö:¿íx¸ß=8x16,»­²¼:¿íW=8 ¸ßH=16,¹²16×Ö½Ú*/
  61          0x00,0x00,0x00,0x00,0x00,0x00,0x3C,0x42,0x42,0x7E,0x40,0x42,0x3C,0x00,0x00,0x00,
  62          
  63          /*-- ID:2,×Ö·û:"H",ASCII±àÂë:48,¶ÔÓ¦×Ö:¿íx¸ß=8x16,»­²¼:¿íW=8 ¸ßH=16,¹²16×Ö½Ú*/
  64          0x00,0x00,0xE7,0x42,0x42,0x42,0x42,0x7E,0x42,0x42,0x42,0x42,0xE7,0x00,0x00,0x00,
  65          
  66          /*-- ID:3,×Ö·û:"u",ASCII±àÂë:75,¶ÔÓ¦×Ö:¿íx¸ß=8x16,»­²¼:¿íW=8 ¸ßH=16,¹²16×Ö½Ú*/
  67          0x00,0x00,0x00,0x00,0x00,0x00,0xC6,0x42,0x42,0x42,0x42,0x46,0x3B,0x00,0x00,0x00,
  68          
  69          /*-- ID:4,×Ö·û:"i",ASCII±àÂë:69,¶ÔÓ¦×Ö:¿íx¸ß=8x16,»­²¼:¿íW=8 ¸ßH=16,¹²16×Ö½Ú*/
  70          0x00,0x00,0x30,0x30,0x00,0x00,0x70,0x10,0x10,0x10,0x10,0x10,0x7C,0x00,0x00,0x00,
  71          
  72          /*-- ID:5,×Ö·û:"D",ASCII±àÂë:44,¶ÔÓ¦×Ö:¿íx¸ß=8x16,»­²¼:¿íW=8 ¸ßH=16,¹²16×Ö½Ú*/
  73          0x00,0x00,0xF8,0x44,0x42,0x42,0x42,0x42,0x42,0x42,0x42,0x44,0xF8,0x00,0x00,0x00,
  74          
  75          /*-- ID:6,×Ö·û:"i",ASCII±àÂë:69,¶ÔÓ¦×Ö:¿íx¸ß=8x16,»­²¼:¿íW=8 ¸ßH=16,¹²16×Ö½Ú*/
  76          0x00,0x00,0x30,0x30,0x00,0x00,0x70,0x10,0x10,0x10,0x10,0x10,0x7C,0x00,0x00,0x00,
  77          
  78          /*-- ID:7,×Ö·û:"s",ASCII±àÂë:73,¶ÔÓ¦×Ö:¿íx¸ß=8x16,»­²¼:¿íW=8 ¸ßH=16,¹²16×Ö½Ú*/
  79          0x00,0x00,0x00,0x00,0x00,0x00,0x3E,0x42,0x40,0x3C,0x02,0x42,0x7C,0x00,0x00,0x00,
  80          
  81          /*-- ID:8,×Ö·û:"p",ASCII±àÂë:70,¶ÔÓ¦×Ö:¿íx¸ß=8x16,»­²¼:¿íW=8 ¸ßH=16,¹²16×Ö½Ú*/
  82          0x00,0x00,0x00,0x00,0x00,0x00,0xD8,0x64,0x42,0x42,0x42,0x64,0x58,0x40,0xE0,0x00,
  83          
  84          /*-- ID:9,×Ö·û:"l",ASCII±àÂë:6C,¶ÔÓ¦×Ö:¿íx¸ß=8x16,»­²¼:¿íW=8 ¸ßH=16,¹²16×Ö½Ú*/
  85          0x00,0x00,0x10,0x70,0x10,0x10,0x10,0x10,0x10,0x10,0x10,0x10,0x7C,0x00,0x00,0x00,
  86          
  87          /*-- ID:10,×Ö·û:"a",ASCII±àÂë:61,¶ÔÓ¦×Ö:¿íx¸ß=8x16,»­²¼:¿íW=8 ¸ßH=16,¹²16×Ö½Ú*/
  88          0x00,0x00,0x00,0x00,0x00,0x00,0x38,0x44,0x0C,0x34,0x44,0x4C,0x36,0x00,0x00,0x00,
  89          
  90          /*-- ID:11,×Ö·û:"y",ASCII±àÂë:79,¶ÔÓ¦×Ö:¿íx¸ß=8x16,»­²¼:¿íW=8 ¸ßH=16,¹²16×Ö½Ú*/
  91          0x00,0x00,0x00,0x00,0x00,0x00,0xE7,0x42,0x24,0x24,0x18,0x18,0x10,0x10,0x60,0x00,
  92          
  93          /*-- ID:12,×Ö·û:".",ASCII±àÂë:2E,¶ÔÓ¦×Ö:¿íx¸ß=8x16,»­²¼:¿íW=8 ¸ßH=16,¹²16×Ö½Ú*/
  94          0x00,0x00,0x00,0x00,0x00,0x00,0x00,0x00,0x00,0x00,0x00,0x60,0x60,0x00,0x00,0x00,
  95          
  96          /*-- ID:13,×Ö·û:"c",ASCII±àÂë:63,¶ÔÓ¦×Ö:¿íx¸ß=8x16,»­²¼:¿íW=8 ¸ßH=16,¹²16×Ö½Ú*/
  97          0x00,0x00,0x00,0x00,0x00,0x00,0x1C,0x22,0x40,0x40,0x40,0x22,0x1C,0x00,0x00,0x00,
  98          
  99          /*-- ID:14,×Ö·û:"o",ASCII±àÂë:6F,¶ÔÓ¦×Ö:¿íx¸ß=8x16,»­²¼:¿íW=8 ¸ßH=16,¹²16×Ö½Ú*/
 100          0x00,0x00,0x00,0x00,0x00,0x00,0x3C,0x42,0x42,0x42,0x42,0x42,0x3C,0x00,0x00,0x00,
 101          
 102          /*-- ID:15,×Ö·û:"m",ASCII±àÂë:6D,¶ÔÓ¦×Ö:¿íx¸ß=8x16,»­²¼:¿íW=8 ¸ßH=16,¹²16×Ö½Ú*/
 103          0x00,0x00,0x00,0x00,0x00,0x00,0xFE,0x49,0x49,0x49,0x49,0x49,0xED,0x00,0x00,0x00,
 104          
 105          
 106          
 107          
 108          /*-- ID:16,×Ö·û:"L",ASCII±àÂë:4C,¶ÔÓ¦×Ö:¿íx¸ß=8x16,»­²¼:¿íW=8 ¸ßH=16,¹²16×Ö½Ú*/
 109          0x00,0x00,0xE0,0x40,0x40,0x40,0x40,0x40,0x40,0x40,0x40,0x42,0xFE,0x00,0x00,0x00,
 110          
 111          /*-- ID:17,×Ö·û:"C",ASCII±àÂë:43,¶ÔÓ¦×Ö:¿íx¸ß=8x16,»­²¼:¿íW=8 ¸ßH=16,¹²16×Ö½Ú*/
 112          0x00,0x00,0x3E,0x42,0x42,0x80,0x80,0x80,0x80,0x80,0x42,0x44,0x38,0x00,0x00,0x00,
 113          
 114          /*-- ID:18,×Ö·û:"M",ASCII±àÂë:4D,¶ÔÓ¦×Ö:¿íx¸ß=8x16,»­²¼:¿íW=8 ¸ßH=16,¹²16×Ö½Ú*/
C51 COMPILER V9.60.7.0   PICTURE                                                           11/28/2024 16:30:00 PAGE 3   

 115          0x00,0x00,0xEE,0x6C,0x6C,0x6C,0x6C,0x6C,0x54,0x54,0x54,0x54,0xD6,0x00,0x00,0x00,
 116          
 117          /*-- ID:19,×Ö·û:"2",ASCII±àÂë:32,¶ÔÓ¦×Ö:¿íx¸ß=8x16,»­²¼:¿íW=8 ¸ßH=16,¹²16×Ö½Ú*/
 118          0x00,0x00,0x3C,0x42,0x42,0x42,0x02,0x04,0x08,0x10,0x20,0x42,0x7E,0x00,0x00,0x00,
 119          
 120          /*-- ID:20,×Ö·û:"4",ASCII±àÂë:34,¶ÔÓ¦×Ö:¿íx¸ß=8x16,»­²¼:¿íW=8 ¸ßH=16,¹²16×Ö½Ú*/
 121          0x00,0x00,0x04,0x0C,0x0C,0x14,0x24,0x24,0x44,0x7F,0x04,0x04,0x1F,0x00,0x00,0x00,
 122          
 123          /*-- ID:21,×Ö·û:"0",ASCII±àÂë:30,¶ÔÓ¦×Ö:¿íx¸ß=8x16,»­²¼:¿íW=8 ¸ßH=16,¹²16×Ö½Ú*/
 124          0x00,0x00,0x18,0x24,0x42,0x42,0x42,0x42,0x42,0x42,0x42,0x24,0x18,0x00,0x00,0x00,
 125          
 126          /*-- ID:22,×Ö·û:"6",ASCII±àÂë:36,¶ÔÓ¦×Ö:¿íx¸ß=8x16,»­²¼:¿íW=8 ¸ßH=16,¹²16×Ö½Ú*/
 127          0x00,0x00,0x18,0x24,0x40,0x40,0x5C,0x62,0x42,0x42,0x42,0x22,0x1C,0x00,0x00,0x00,
 128          
 129          /*-- ID:23,×Ö·û:"4",ASCII±àÂë:34,¶ÔÓ¦×Ö:¿íx¸ß=8x16,»­²¼:¿íW=8 ¸ßH=16,¹²16×Ö½Ú*/
 130          0x00,0x00,0x04,0x0C,0x0C,0x14,0x24,0x24,0x44,0x7F,0x04,0x04,0x1F,0x00,0x00,0x00,
 131          
 132          /*-- ID:24,×Ö·û:"_",ASCII±àÂë:5F,¶ÔÓ¦×Ö:¿íx¸ß=8x16,»­²¼:¿íW=8 ¸ßH=16,¹²16×Ö½Ú*/
 133          0x00,0x00,0x00,0x00,0x00,0x00,0x00,0x00,0x00,0x00,0x00,0x00,0x00,0x00,0xFF,0x00,
 134          
 135          /*-- ID:25,×Ö·û:"0",ASCII±àÂë:30,¶ÔÓ¦×Ö:¿íx¸ß=8x16,»­²¼:¿íW=8 ¸ßH=16,¹²16×Ö½Ú*/
 136          0x00,0x00,0x18,0x24,0x42,0x42,0x42,0x42,0x42,0x42,0x42,0x24,0x18,0x00,0x00,0x00,
 137          
 138          /*-- ID:26,×Ö·û:"6",ASCII±àÂë:36,¶ÔÓ¦×Ö:¿íx¸ß=8x16,»­²¼:¿íW=8 ¸ßH=16,¹²16×Ö½Ú*/
 139          0x00,0x00,0x18,0x24,0x40,0x40,0x5C,0x62,0x42,0x42,0x42,0x22,0x1C,0x00,0x00,0x00
 140          
 141          };
 142          
 143          unsigned char code BMP0[]={
 144          /*-[Êý¾ÝÅÅÁÐ]:´Ó×óµ½ÓÒ´ÓÉÏµ½ÏÂ [È¡Ä£·½Ê½]:ºáÏò8µã×ó¸ßÎ» [Õý¸º·´É«]:·ñ
 145          Í¼Ïñ³ß´ç:240x64 »­²¼³ß´ç:240x64£¬¹²1920¸ö×Ö½Ú-*/
 146          0xFF,0xFF,0xFF,0xFF,0xFF,0xFF,0xFF,0xFF,0xFF,0xFF,0xFF,0xFF,0xFF,0xFF,0xFF,0xFF,
 147          0xFF,0xFF,0xFF,0xFF,0xFF,0xFF,0xFF,0xFF,0xFF,0xFF,0xFF,0xFF,0xFF,0xFF,0x80,0x00,
 148          0x00,0x00,0x00,0x00,0x00,0x00,0x00,0x00,0x00,0x00,0x00,0x00,0x00,0x00,0x00,0x00,
 149          0x00,0x00,0x00,0x00,0x00,0x00,0x00,0x00,0x00,0x00,0x00,0x01,0x80,0x00,0x00,0x00,
 150          0x00,0x00,0x00,0x00,0x00,0x00,0x00,0x00,0x00,0x00,0x00,0x00,0x00,0x00,0x00,0x00,
 151          0x00,0x00,0x00,0x00,0x00,0x00,0x00,0x00,0x00,0x01,0x80,0x00,0x00,0x00,0x00,0x00,
 152          0x00,0x00,0x00,0x00,0x00,0x00,0x00,0x00,0x00,0x00,0x00,0x00,0x00,0x00,0x00,0x00,
 153          0x00,0x00,0x00,0x00,0x00,0x00,0x00,0x01,0x80,0x00,0x00,0x00,0x00,0x00,0x00,0x00,
 154          0x00,0x00,0x00,0x00,0x00,0x00,0x00,0x00,0x00,0x00,0x00,0x00,0x00,0x00,0x00,0x00,
 155          0x00,0x00,0x00,0x00,0x00,0x01,0x80,0x00,0x00,0x00,0x00,0x00,0x00,0x00,0x00,0x00,
 156          0x00,0x00,0x00,0x00,0x00,0x00,0x00,0x00,0x00,0x00,0x00,0x00,0x00,0x00,0x00,0x00,
 157          0x00,0x00,0x00,0x01,0x80,0x00,0x00,0x00,0x00,0x00,0x00,0x00,0x00,0x00,0x00,0x00,
 158          0x00,0x00,0x00,0x00,0x00,0x00,0x00,0x00,0x00,0x00,0x00,0x00,0x00,0x00,0x00,0x00,
 159          0x00,0x01,0x80,0x00,0x00,0x00,0x00,0x00,0x00,0x00,0x00,0x00,0x00,0x00,0x00,0x00,
 160          0x00,0x00,0x00,0x00,0x00,0x00,0x00,0x00,0x00,0x00,0x00,0x00,0x00,0x00,0x00,0x01,
 161          0x80,0x00,0x00,0x00,0x00,0x00,0x00,0x00,0x00,0x00,0x00,0x00,0x00,0x00,0x00,0x00,
 162          0x00,0x00,0x00,0x00,0x00,0x00,0x00,0x00,0x00,0x00,0x00,0x00,0x00,0x01,0x80,0x00,
 163          0x00,0x00,0x00,0x00,0x00,0x00,0x00,0x00,0x00,0x00,0x00,0x00,0x00,0x00,0x00,0x00,
 164          0x00,0x00,0x00,0x00,0x00,0x00,0x00,0x00,0x00,0x00,0x00,0x01,0x80,0x00,0x00,0x00,
 165          0x00,0x00,0x00,0x00,0x00,0x00,0x00,0x00,0x00,0x00,0x00,0x00,0x00,0x00,0x00,0x00,
 166          0x00,0x00,0x00,0x00,0x00,0x00,0x00,0x00,0x00,0x01,0x80,0x00,0x00,0x00,0x00,0x00,
 167          0x00,0x00,0x00,0x00,0x00,0x00,0x00,0x00,0x00,0x00,0x00,0x00,0x00,0x00,0x00,0x00,
 168          0x00,0x00,0x00,0x00,0x00,0x00,0x00,0x01,0x80,0x00,0x00,0x00,0x00,0x00,0x00,0x00,
 169          0x00,0x00,0x00,0x00,0x00,0x00,0x00,0x00,0x00,0x00,0x00,0x00,0x00,0x00,0x00,0x00,
 170          0x00,0x00,0x00,0x00,0x00,0x01,0x80,0x00,0x00,0x00,0x00,0x00,0x00,0x00,0x00,0x00,
 171          0x00,0x00,0x00,0x00,0x00,0x00,0x00,0x00,0x00,0x00,0x00,0x00,0x00,0x00,0x00,0x00,
 172          0x00,0x00,0x00,0x01,0x80,0x00,0x00,0x00,0x00,0x00,0x00,0x00,0x00,0x00,0x00,0x00,
 173          0x00,0x00,0x00,0x00,0x00,0x00,0x00,0x00,0x00,0x00,0x00,0x00,0x00,0x00,0x00,0x00,
 174          0x00,0x01,0x80,0x00,0x00,0x00,0x00,0x00,0x00,0x00,0x00,0x00,0x00,0x00,0x00,0x00,
 175          0x00,0x00,0x00,0x00,0x00,0x00,0x00,0x00,0x00,0x00,0x00,0x00,0x00,0x00,0x00,0x01,
 176          0x80,0x00,0x00,0x00,0x00,0x00,0x00,0x00,0x00,0x00,0x00,0x00,0x00,0x00,0x00,0x00,
C51 COMPILER V9.60.7.0   PICTURE                                                           11/28/2024 16:30:00 PAGE 4   

 177          0x00,0x00,0x00,0x00,0x00,0x00,0x00,0x00,0x00,0x00,0x00,0x00,0x00,0x01,0x80,0x00,
 178          0x00,0x00,0x00,0x00,0x00,0x00,0x00,0x00,0x00,0x00,0x00,0x00,0x00,0x00,0x00,0x00,
 179          0x00,0x00,0x00,0x00,0x00,0x00,0x00,0x00,0x00,0x00,0x00,0x01,0x80,0x00,0x00,0x00,
 180          0x00,0x00,0x00,0x00,0x00,0x00,0x00,0x00,0x00,0x00,0x00,0x00,0x00,0x00,0x00,0x00,
 181          0x00,0x00,0x00,0x00,0x00,0x00,0x00,0x00,0x00,0x01,0x80,0x00,0x00,0x00,0x00,0x00,
 182          0x00,0x00,0x00,0x00,0x00,0x00,0x00,0x00,0x00,0x00,0x00,0x00,0x00,0x00,0x00,0x00,
 183          0x00,0x00,0x00,0x00,0x00,0x00,0x00,0x01,0x80,0x00,0x00,0x00,0x00,0x00,0x00,0x00,
 184          0x00,0x00,0x00,0x00,0x00,0x00,0x00,0x00,0x00,0x00,0x00,0x00,0x00,0x00,0x00,0x00,
 185          0x00,0x00,0x00,0x00,0x00,0x01,0x80,0x00,0x00,0x00,0x00,0x00,0x00,0x00,0x00,0x00,
 186          0x00,0x00,0x00,0x00,0x00,0x00,0x00,0x00,0x00,0x00,0x00,0x00,0x00,0x00,0x00,0x00,
 187          0x00,0x00,0x00,0x01,0x80,0x00,0x00,0x00,0x00,0x00,0x00,0x00,0x00,0x00,0x00,0x00,
 188          0x00,0x00,0x00,0x00,0x00,0x00,0x00,0x00,0x00,0x00,0x00,0x00,0x00,0x00,0x00,0x00,
 189          0x00,0x01,0x80,0x00,0x00,0x00,0x00,0x00,0x00,0x00,0x00,0x00,0x00,0x00,0x00,0x00,
 190          0x00,0x00,0x00,0x00,0x00,0x00,0x00,0x00,0x00,0x00,0x00,0x00,0x00,0x00,0x00,0x01,
 191          0x80,0x00,0x00,0x00,0x00,0x00,0x00,0x00,0x00,0x00,0x00,0x00,0x00,0x00,0x00,0x00,
 192          0x00,0x00,0x00,0x00,0x00,0x00,0x00,0x00,0x00,0x00,0x00,0x00,0x00,0x01,0x80,0x00,
 193          0x00,0x00,0x00,0x00,0x00,0x00,0x00,0x00,0x00,0x00,0x00,0x00,0x00,0x00,0x00,0x00,
 194          0x00,0x00,0x00,0x00,0x00,0x00,0x00,0x00,0x00,0x00,0x00,0x01,0x80,0x00,0x00,0x00,
 195          0x00,0x00,0x00,0x00,0x00,0x00,0x00,0x00,0x00,0x00,0x00,0x00,0x00,0x00,0x00,0x00,
 196          0x00,0x00,0x00,0x00,0x00,0x00,0x00,0x00,0x00,0x01,0x80,0x00,0x00,0x00,0x00,0x00,
 197          0x00,0x00,0x00,0x00,0x00,0x00,0x00,0x00,0x00,0x00,0x00,0x00,0x00,0x00,0x00,0x00,
 198          0x00,0x00,0x00,0x00,0x00,0x00,0x00,0x01,0x80,0x00,0x00,0x00,0x00,0x00,0x00,0x00,
 199          0x00,0x00,0x00,0x00,0x00,0x00,0x00,0x00,0x00,0x00,0x00,0x00,0x00,0x00,0x00,0x00,
 200          0x00,0x00,0x00,0x00,0x00,0x01,0x80,0x00,0x00,0x00,0x00,0x00,0x00,0x00,0x00,0x00,
 201          0x00,0x00,0x00,0x00,0x00,0x00,0x00,0x00,0x00,0x00,0x00,0x00,0x00,0x00,0x00,0x00,
 202          0x00,0x00,0x00,0x01,0x80,0x00,0x00,0x00,0x00,0x00,0x00,0x00,0x00,0x00,0x00,0x00,
 203          0x00,0x00,0x00,0x00,0x00,0x00,0x00,0x00,0x00,0x00,0x00,0x00,0x00,0x00,0x00,0x00,
 204          0x00,0x01,0x80,0x00,0x00,0x00,0x00,0x00,0x00,0x00,0x00,0x00,0x00,0x00,0x00,0x00,
 205          0x00,0x00,0x00,0x00,0x00,0x00,0x00,0x00,0x00,0x00,0x00,0x00,0x00,0x00,0x00,0x01,
 206          0x80,0x00,0x00,0x00,0x00,0x00,0x00,0x00,0x00,0x00,0x00,0x00,0x00,0x00,0x00,0x00,
 207          0x00,0x00,0x00,0x00,0x00,0x00,0x00,0x00,0x00,0x00,0x00,0x00,0x00,0x01,0x80,0x00,
 208          0x00,0x00,0x00,0x00,0x00,0x00,0x00,0x00,0x00,0x00,0x00,0x00,0x00,0x00,0x00,0x00,
 209          0x00,0x00,0x00,0x00,0x00,0x00,0x00,0x00,0x00,0x00,0x00,0x01,0x80,0x00,0x00,0x00,
 210          0x00,0x00,0x00,0x00,0x00,0x00,0x00,0x00,0x00,0x00,0x00,0x00,0x00,0x00,0x00,0x00,
 211          0x00,0x00,0x00,0x00,0x00,0x00,0x00,0x00,0x00,0x01,0x80,0x00,0x00,0x00,0x00,0x00,
 212          0x00,0x00,0x00,0x00,0x00,0x00,0x00,0x00,0x00,0x00,0x00,0x00,0x00,0x00,0x00,0x00,
 213          0x00,0x00,0x00,0x00,0x00,0x00,0x00,0x01,0x80,0x00,0x00,0x00,0x00,0x00,0x00,0x00,
 214          0x00,0x00,0x00,0x00,0x00,0x00,0x00,0x00,0x00,0x00,0x00,0x00,0x00,0x00,0x00,0x00,
 215          0x00,0x00,0x00,0x00,0x00,0x01,0x80,0x00,0x00,0x00,0x00,0x00,0x00,0x00,0x00,0x00,
 216          0x00,0x00,0x00,0x00,0x00,0x00,0x00,0x00,0x00,0x00,0x00,0x00,0x00,0x00,0x00,0x00,
 217          0x00,0x00,0x00,0x01,0x80,0x00,0x00,0x00,0x00,0x00,0x00,0x00,0x00,0x00,0x00,0x00,
 218          0x00,0x00,0x00,0x00,0x00,0x00,0x00,0x00,0x00,0x00,0x00,0x00,0x00,0x00,0x00,0x00,
 219          0x00,0x01,0x80,0x00,0x00,0x00,0x00,0x00,0x00,0x00,0x00,0x00,0x00,0x00,0x00,0x00,
 220          0x00,0x00,0x00,0x00,0x00,0x00,0x00,0x00,0x00,0x00,0x00,0x00,0x00,0x00,0x00,0x01,
 221          0x80,0x00,0x00,0x00,0x00,0x00,0x00,0x00,0x00,0x00,0x00,0x00,0x00,0x00,0x00,0x00,
 222          0x00,0x00,0x00,0x00,0x00,0x00,0x00,0x00,0x00,0x00,0x00,0x00,0x00,0x01,0x80,0x00,
 223          0x00,0x00,0x00,0x00,0x00,0x00,0x00,0x00,0x00,0x00,0x00,0x00,0x00,0x00,0x00,0x00,
 224          0x00,0x00,0x00,0x00,0x00,0x00,0x00,0x00,0x00,0x00,0x00,0x01,0x80,0x00,0x00,0x00,
 225          0x00,0x00,0x00,0x00,0x00,0x00,0x00,0x00,0x00,0x00,0x00,0x00,0x00,0x00,0x00,0x00,
 226          0x00,0x00,0x00,0x00,0x00,0x00,0x00,0x00,0x00,0x01,0x80,0x00,0x00,0x00,0x00,0x00,
 227          0x00,0x00,0x00,0x00,0x00,0x00,0x00,0x00,0x00,0x00,0x00,0x00,0x00,0x00,0x00,0x00,
 228          0x00,0x00,0x00,0x00,0x00,0x00,0x00,0x01,0x80,0x00,0x00,0x00,0x00,0x00,0x00,0x00,
 229          0x00,0x00,0x00,0x00,0x00,0x00,0x00,0x00,0x00,0x00,0x00,0x00,0x00,0x00,0x00,0x00,
 230          0x00,0x00,0x00,0x00,0x00,0x01,0x80,0x00,0x00,0x00,0x00,0x00,0x00,0x00,0x00,0x00,
 231          0x00,0x00,0x00,0x00,0x00,0x00,0x00,0x00,0x00,0x00,0x00,0x00,0x00,0x00,0x00,0x00,
 232          0x00,0x00,0x00,0x01,0x80,0x00,0x00,0x00,0x00,0x00,0x00,0x00,0x00,0x00,0x00,0x00,
 233          0x00,0x00,0x00,0x00,0x00,0x00,0x00,0x00,0x00,0x00,0x00,0x00,0x00,0x00,0x00,0x00,
 234          0x00,0x01,0x80,0x00,0x00,0x00,0x00,0x00,0x00,0x00,0x00,0x00,0x00,0x00,0x00,0x00,
 235          0x00,0x00,0x00,0x00,0x00,0x00,0x00,0x00,0x00,0x00,0x00,0x00,0x00,0x00,0x00,0x01,
 236          0x80,0x00,0x00,0x00,0x00,0x00,0x00,0x00,0x00,0x00,0x00,0x00,0x00,0x00,0x00,0x00,
 237          0x00,0x00,0x00,0x00,0x00,0x00,0x00,0x00,0x00,0x00,0x00,0x00,0x00,0x01,0x80,0x00,
 238          0x00,0x00,0x00,0x00,0x00,0x00,0x00,0x00,0x00,0x00,0x00,0x00,0x00,0x00,0x00,0x00,
C51 COMPILER V9.60.7.0   PICTURE                                                           11/28/2024 16:30:00 PAGE 5   

 239          0x00,0x00,0x00,0x00,0x00,0x00,0x00,0x00,0x00,0x00,0x00,0x01,0x80,0x00,0x00,0x00,
 240          0x00,0x00,0x00,0x00,0x00,0x00,0x00,0x00,0x00,0x00,0x00,0x00,0x00,0x00,0x00,0x00,
 241          0x00,0x00,0x00,0x00,0x00,0x00,0x00,0x00,0x00,0x01,0x80,0x00,0x00,0x00,0x00,0x00,
 242          0x00,0x00,0x00,0x00,0x00,0x00,0x00,0x00,0x00,0x00,0x00,0x00,0x00,0x00,0x00,0x00,
 243          0x00,0x00,0x00,0x00,0x00,0x00,0x00,0x01,0x80,0x00,0x00,0x00,0x00,0x00,0x00,0x00,
 244          0x00,0x00,0x00,0x00,0x00,0x00,0x00,0x00,0x00,0x00,0x00,0x00,0x00,0x00,0x00,0x00,
 245          0x00,0x00,0x00,0x00,0x00,0x01,0x80,0x00,0x00,0x00,0x00,0x00,0x00,0x00,0x00,0x00,
 246          0x00,0x00,0x00,0x00,0x00,0x00,0x00,0x00,0x00,0x00,0x00,0x00,0x00,0x00,0x00,0x00,
 247          0x00,0x00,0x00,0x01,0x80,0x00,0x00,0x00,0x00,0x00,0x00,0x00,0x00,0x00,0x00,0x00,
 248          0x00,0x00,0x00,0x00,0x00,0x00,0x00,0x00,0x00,0x00,0x00,0x00,0x00,0x00,0x00,0x00,
 249          0x00,0x01,0x80,0x00,0x00,0x00,0x00,0x00,0x00,0x00,0x00,0x00,0x00,0x00,0x00,0x00,
 250          0x00,0x00,0x00,0x00,0x00,0x00,0x00,0x00,0x00,0x00,0x00,0x00,0x00,0x00,0x00,0x01,
 251          0x80,0x00,0x00,0x00,0x00,0x00,0x00,0x00,0x00,0x00,0x00,0x00,0x00,0x00,0x00,0x00,
 252          0x00,0x00,0x00,0x00,0x00,0x00,0x00,0x00,0x00,0x00,0x00,0x00,0x00,0x01,0x80,0x00,
 253          0x00,0x00,0x00,0x00,0x00,0x00,0x00,0x00,0x00,0x00,0x00,0x00,0x00,0x00,0x00,0x00,
 254          0x00,0x00,0x00,0x00,0x00,0x00,0x00,0x00,0x00,0x00,0x00,0x01,0x80,0x00,0x00,0x00,
 255          0x00,0x00,0x00,0x00,0x00,0x00,0x00,0x00,0x00,0x00,0x00,0x00,0x00,0x00,0x00,0x00,
 256          0x00,0x00,0x00,0x00,0x00,0x00,0x00,0x00,0x00,0x01,0x80,0x00,0x00,0x00,0x00,0x00,
 257          0x00,0x00,0x00,0x00,0x00,0x00,0x00,0x00,0x00,0x00,0x00,0x00,0x00,0x00,0x00,0x00,
 258          0x00,0x00,0x00,0x00,0x00,0x00,0x00,0x01,0x80,0x00,0x00,0x00,0x00,0x00,0x00,0x00,
 259          0x00,0x00,0x00,0x00,0x00,0x00,0x00,0x00,0x00,0x00,0x00,0x00,0x00,0x00,0x00,0x00,
 260          0x00,0x00,0x00,0x00,0x00,0x01,0x80,0x00,0x00,0x00,0x00,0x00,0x00,0x00,0x00,0x00,
 261          0x00,0x00,0x00,0x00,0x00,0x00,0x00,0x00,0x00,0x00,0x00,0x00,0x00,0x00,0x00,0x00,
 262          0x00,0x00,0x00,0x01,0x80,0x00,0x00,0x00,0x00,0x00,0x00,0x00,0x00,0x00,0x00,0x00,
 263          0x00,0x00,0x00,0x00,0x00,0x00,0x00,0x00,0x00,0x00,0x00,0x00,0x00,0x00,0x00,0x00,
 264          0x00,0x01,0xFF,0xFF,0xFF,0xFF,0xFF,0xFF,0xFF,0xFF,0xFF,0xFF,0xFF,0xFF,0xFF,0xFF,
 265          0xFF,0xFF,0xFF,0xFF,0xFF,0xFF,0xFF,0xFF,0xFF,0xFF,0xFF,0xFF,0xFF,0xFF,0xFF,0xFF
 266          
 267          };
 268           
 269          unsigned char code BMP1[]={ 
 270          0xFF,0xFF,0xFF,0xFF,0xFF,0xFF,0xFF,0xFF,0xFF,0xFF,0xFF,0xFF,0xFF,0xFF,0xFF,0xFF,
 271          0xFF,0xFF,0xFF,0xFF,0xFF,0xFF,0xFF,0xFF,0xFF,0xFF,0xFF,0xFF,0xFF,0xFF,0x80,0x00,
 272          0x00,0x00,0x00,0x00,0x00,0x00,0x01,0x00,0x00,0x00,0x00,0x00,0x00,0x00,0x00,0x00,
 273          0x00,0x00,0x00,0x80,0x00,0x00,0x00,0x00,0x00,0x00,0x00,0x01,0x80,0x00,0x00,0x40,
 274          0x00,0x00,0x00,0x00,0x01,0x80,0x01,0x80,0xE0,0x00,0x00,0x00,0x00,0x07,0x01,0x80,
 275          0x01,0x80,0x00,0x00,0x00,0x00,0x02,0x00,0x00,0x01,0x80,0x00,0x00,0xC0,0x00,0x00,
 276          0x00,0x00,0x03,0x80,0x07,0xC1,0xFF,0xF0,0x00,0x00,0x0F,0xFF,0x83,0xE0,0x01,0xC0,
 277          0x00,0x00,0x00,0x00,0x03,0x00,0x00,0x01,0x80,0x00,0x01,0xE0,0x00,0x00,0x00,0x00,
 278          0x07,0x80,0x0F,0xE7,0xCE,0x70,0x00,0x00,0x0E,0x73,0xE7,0xF0,0x01,0xE0,0x00,0x00,
 279          0x00,0x00,0x07,0x80,0x00,0x01,0x80,0x00,0x01,0xE0,0x00,0x00,0x00,0x00,0x07,0x80,
 280          0x1F,0xFC,0x00,0x60,0x00,0x00,0x06,0x00,0x3F,0xF8,0x01,0xE0,0x00,0x00,0x00,0x00,
 281          0x07,0x80,0x00,0x01,0x80,0x00,0x03,0xE4,0x00,0x00,0x00,0x00,0x07,0xC0,0x3F,0xF8,
 282          0x00,0x30,0x00,0x00,0x0C,0x00,0x1F,0xFC,0x03,0xE0,0x00,0x00,0x00,0x00,0x27,0xC0,
 283          0x00,0x01,0x80,0x00,0x07,0xEF,0xC0,0x00,0x00,0x00,0x0F,0xC0,0x3F,0xFC,0x00,0x38,
 284          0x78,0x1E,0x1C,0x00,0x3F,0xFC,0x03,0xF0,0x00,0x00,0x00,0x03,0xF7,0xE0,0x00,0x01,
 285          0x80,0x00,0x0F,0xEF,0xFE,0x00,0x00,0x00,0x0F,0xC0,0x7F,0xF8,0x00,0x3D,0xFC,0x3F,
 286          0xBC,0x00,0x1F,0xFE,0x03,0xF0,0x00,0x00,0x00,0x7F,0xF7,0xF0,0x00,0x01,0x80,0x00,
 287          0x0F,0xE7,0xFF,0xE0,0x00,0x00,0x1D,0xC0,0x7F,0xFC,0x00,0x3F,0xFC,0x3F,0xFC,0x00,
 288          0x3F,0xFE,0x03,0xB8,0x00,0x00,0x07,0xFF,0xE7,0xF0,0x00,0x01,0x80,0x00,0x07,0xE7,
 289          0x3F,0xFE,0x00,0x00,0x16,0x40,0x7F,0xFF,0x00,0x63,0xFE,0x7F,0xC6,0x00,0xFF,0xFE,
 290          0x02,0x68,0x00,0x00,0x7F,0xFC,0xE7,0xE0,0x00,0x01,0x80,0x00,0x07,0xE7,0x07,0xFF,
 291          0xF0,0x00,0x3F,0x40,0x3F,0xE3,0x8F,0xFB,0xFE,0x7F,0xDF,0xF1,0xC7,0xFC,0x02,0xFC,
 292          0x00,0x0F,0xFF,0xE0,0xE7,0xE0,0x00,0x01,0x80,0x00,0x07,0xE7,0x00,0xFF,0xFE,0x00,
 293          0x79,0xE0,0x3F,0xFD,0xFF,0x1D,0xFE,0x7F,0xB8,0xFF,0xBF,0xFC,0x07,0x9E,0x00,0x7F,
 294          0xFF,0x00,0xE7,0xE0,0x00,0x01,0x80,0x00,0x07,0xF7,0x00,0x1F,0xFE,0x01,0xFD,0xE0,
 295          0x1D,0xFE,0xFF,0xFD,0xFE,0x7F,0xBF,0xFF,0x7F,0xB8,0x07,0xBF,0x80,0x7F,0xF8,0x00,
 296          0xEF,0xE0,0x00,0x01,0x80,0x00,0x03,0xF7,0x00,0x03,0xFE,0x01,0xFF,0xE0,0x09,0xFF,
 297          0x9F,0xFC,0xFC,0x3F,0x3F,0xF9,0xFF,0x90,0x07,0xFF,0x80,0x7F,0xC0,0x00,0xEF,0xC0,
 298          0x00,0x01,0x80,0x00,0x03,0xF7,0x00,0x00,0x7E,0x00,0x00,0x60,0x09,0xFF,0x9F,0xFC,
 299          0x7C,0x3E,0x3F,0xF9,0xFF,0x90,0x06,0x00,0x00,0x7E,0x00,0x00,0xEF,0xC0,0x00,0x01,
 300          0x80,0x00,0x03,0xF3,0x00,0x00,0x1C,0x00,0x00,0x30,0x10,0x7F,0x0F,0xFC,0x78,0x1E,
C51 COMPILER V9.60.7.0   PICTURE                                                           11/28/2024 16:30:00 PAGE 6   

 301          0x3F,0xF0,0xFE,0x08,0x0C,0x00,0x00,0x38,0x00,0x00,0xCF,0xC0,0x00,0x01,0x80,0x00,
 302          0x01,0xF3,0x00,0x00,0x1C,0x00,0x00,0x30,0x30,0x7C,0x07,0xF8,0x40,0x02,0x1F,0xE0,
 303          0x3E,0x0C,0x0C,0x00,0x00,0x38,0x00,0x00,0xCF,0x80,0x00,0x01,0x80,0xC0,0x01,0xF3,
 304          0x80,0x00,0x1C,0x00,0x00,0x10,0x21,0xF8,0x00,0xC0,0x40,0x02,0x03,0x00,0x1F,0x84,
 305          0x08,0x00,0x00,0x38,0x00,0x01,0xCF,0x80,0x03,0x01,0x80,0xF8,0x01,0xF3,0x80,0x00,
 306          0x3C,0x00,0x00,0x18,0x67,0xFC,0x07,0x00,0x60,0x06,0x00,0xE0,0x3F,0xE6,0x18,0x00,
 307          0x00,0x3C,0x00,0x01,0xCF,0x80,0x1F,0x01,0x80,0x7F,0x00,0xF3,0x80,0x00,0x3C,0x00,
 308          0x00,0x1F,0xEF,0xFC,0x1F,0xC0,0x60,0x06,0x03,0xF8,0x3F,0xF7,0xF8,0x00,0x00,0x3C,
 309          0x00,0x01,0xCF,0x00,0xFE,0x01,0x80,0x7F,0xC0,0xF3,0x80,0x00,0x38,0x00,0x00,0x18,
 310          0xDF,0x9C,0x1F,0xF0,0x60,0x06,0x0F,0xF8,0x39,0xFB,0x18,0x00,0x00,0x1C,0x00,0x01,
 311          0xCF,0x03,0xFE,0x01,0x80,0x3F,0xF8,0xF3,0x80,0x00,0x38,0x00,0x00,0x3C,0xFF,0x7C,
 312          0x3F,0xF8,0x60,0x06,0x1F,0xFC,0x3E,0xFF,0x3C,0x00,0x00,0x1C,0x00,0x01,0xCF,0x1F,
 313          0xFC,0x01,0x80,0x3F,0xFE,0xF9,0x80,0x00,0x38,0x00,0x00,0x6F,0xBF,0xD8,0x39,0xF8,
 314          0x60,0x06,0x1F,0x9C,0x1B,0xFD,0xF6,0x00,0x00,0x1C,0x00,0x01,0x9F,0x7F,0xFC,0x01,
 315          0x80,0x1D,0xFF,0x79,0x80,0x00,0x78,0x00,0x00,0x47,0xBF,0x98,0x3D,0xF8,0x40,0x02,
 316          0x1F,0xBC,0x19,0xFD,0xE2,0x00,0x00,0x1E,0x00,0x01,0x9E,0xFF,0xB8,0x01,0x80,0x1C,
 317          0x3F,0x79,0x80,0x00,0x70,0x00,0x00,0x47,0xBF,0x20,0x25,0xFC,0x60,0x06,0x3F,0xA4,
 318          0x04,0xFD,0xE2,0x00,0x00,0x0E,0x00,0x01,0x9E,0xFC,0x38,0x01,0x80,0x1C,0x07,0x79,
 319          0x80,0x00,0x70,0x00,0x00,0x63,0xBF,0xE0,0x01,0xF8,0x60,0x06,0x1F,0x80,0x07,0xFD,
 320          0xC6,0x00,0x00,0x0E,0x00,0x01,0x9E,0xE0,0x38,0x01,0x80,0x0E,0x00,0x39,0x80,0x00,
 321          0x70,0x00,0x00,0x31,0x9F,0xF8,0x1F,0xF8,0x60,0x06,0x1F,0xF8,0x1F,0xF9,0x8C,0x00,
 322          0x00,0x0E,0x00,0x01,0x9C,0x00,0x70,0x01,0x80,0x0E,0x00,0x39,0xC0,0x00,0x70,0x00,
 323          0x00,0x3B,0x8F,0xB8,0x1F,0xF8,0x60,0x06,0x1F,0xF8,0x1D,0xF1,0xDC,0x00,0x00,0x0E,
 324          0x00,0x03,0x9C,0x00,0x70,0x01,0x80,0x06,0x00,0x39,0xC0,0x00,0x60,0x00,0x00,0x1F,
 325          0x80,0x10,0x07,0xF0,0x60,0x06,0x0F,0xE0,0x08,0x01,0xF8,0x00,0x00,0x06,0x00,0x03,
 326          0x9C,0x00,0x60,0x01,0x80,0x07,0x00,0x18,0xC0,0x00,0xE0,0x00,0x00,0x03,0xC0,0x00,
 327          0x01,0xC0,0xC0,0x03,0x03,0x80,0x00,0x03,0xC0,0x00,0x00,0x07,0x00,0x03,0x18,0x00,
 328          0xE0,0x01,0x80,0x03,0x00,0x18,0xC0,0x00,0xE0,0x00,0x00,0x01,0xE0,0x00,0x00,0x01,
 329          0xC0,0x03,0x80,0x00,0x00,0x07,0x80,0x00,0x00,0x07,0x00,0x03,0x18,0x00,0xC0,0x01,
 330          0x80,0x03,0x00,0x1C,0xC0,0x00,0xE0,0x00,0x00,0x00,0xB0,0xFE,0x00,0x01,0x80,0x01,
 331          0x80,0x00,0x7F,0x0D,0x00,0x00,0x00,0x07,0x00,0x03,0x38,0x00,0xC0,0x01,0x80,0x01,
 332          0x80,0x1C,0xFF,0xFF,0xC0,0x00,0x00,0x00,0xD8,0x7C,0x00,0x03,0x00,0x00,0xC0,0x00,
 333          0x3E,0x1B,0x00,0x00,0x00,0x03,0xFF,0xFF,0x38,0x01,0x80,0x01,0x80,0x01,0x80,0x0C,
 334          0xFF,0xFF,0xC0,0x00,0x00,0x00,0xCC,0x00,0x00,0x0E,0x00,0x00,0x70,0x00,0x00,0x33,
 335          0x00,0x00,0x00,0x03,0xFF,0xFF,0x30,0x01,0x80,0x01,0x80,0x00,0x80,0x0C,0xFF,0xFF,
 336          0xC0,0x00,0x00,0x00,0x67,0x00,0x00,0x1C,0x00,0x00,0x38,0x00,0x00,0xE6,0x00,0x00,
 337          0x00,0x03,0xFF,0xFF,0x30,0x01,0x00,0x01,0x80,0x00,0x80,0x0C,0x00,0x00,0x00,0x00,
 338          0x00,0x00,0x61,0xC0,0x00,0x70,0x00,0x00,0x0E,0x00,0x03,0x86,0x00,0x00,0x00,0x00,
 339          0x00,0x00,0x30,0x01,0x00,0x01,0x80,0x00,0x00,0x04,0x00,0x00,0x00,0x00,0x00,0x00,
 340          0x31,0xFF,0x1F,0xF0,0x00,0x00,0x0F,0xF8,0xFF,0x8C,0x00,0x00,0x00,0x00,0x00,0x00,
 341          0x20,0x00,0x00,0x01,0x80,0x00,0x00,0x00,0x00,0x00,0x00,0x00,0x00,0x00,0x33,0xC7,
 342          0xFF,0xF8,0x00,0x00,0x1F,0xFF,0xE3,0xCC,0x00,0x00,0x00,0x00,0x00,0x00,0x00,0x00,
 343          0x00,0x01,0x87,0xE0,0x00,0x02,0x3F,0x0C,0x00,0xC0,0x00,0x00,0x1B,0x80,0x0E,0xF8,
 344          0x00,0x00,0x1F,0x70,0x01,0xD8,0x00,0x00,0x03,0x00,0x30,0xFC,0x40,0x00,0x07,0xE1,
 345          0x86,0x00,0x00,0x06,0x31,0x80,0x00,0x00,0x00,0x00,0x0E,0x00,0x0C,0x38,0x00,0x00,
 346          0x1C,0x30,0x00,0x70,0x00,0x00,0x00,0x00,0x01,0x8C,0x60,0x00,0x00,0x61,0x86,0x03,
 347          0xC3,0xCF,0x31,0x8C,0x78,0xCD,0x86,0xC0,0x0E,0x00,0x0C,0x18,0x00,0x00,0x18,0x30,
 348          0x00,0x70,0x03,0x61,0xB3,0x1E,0x31,0x8C,0xF3,0xC3,0xC0,0x61,0x86,0x04,0x66,0x66,
 349          0x31,0x8C,0xCC,0xCE,0xCD,0xC0,0x04,0x00,0x0E,0x08,0x00,0x00,0x10,0x70,0x00,0x20,
 350          0x03,0xB3,0x73,0x33,0x31,0x8C,0x66,0x66,0x20,0x61,0x87,0xE1,0xE7,0x06,0x3F,0x0C,
 351          0xE0,0xCC,0xCC,0xC0,0x0C,0x00,0x03,0x0C,0x00,0x00,0x30,0xC0,0x00,0x30,0x03,0x33,
 352          0x33,0x07,0x30,0xFC,0x60,0xE7,0x87,0xE1,0x86,0x03,0x63,0xC6,0x33,0x0C,0x78,0xCC,
 353          0xCC,0xC0,0x0C,0x00,0x01,0x06,0x00,0x00,0x60,0x80,0x00,0x30,0x03,0x33,0x33,0x1E,
 354          0x30,0xCC,0x63,0xC6,0xC0,0x61,0x86,0x06,0x60,0xE6,0x31,0x8C,0x1C,0xCC,0xCC,0xC0,
 355          0x0C,0x00,0x01,0x86,0x00,0x00,0x61,0x80,0x00,0x30,0x03,0x33,0x33,0x38,0x31,0x8C,
 356          0x67,0x06,0x60,0x61,0x86,0x06,0x66,0x66,0x31,0x8C,0xCC,0xCC,0xCD,0xC0,0x08,0x00,
 357          0x00,0xC3,0x00,0x00,0xC3,0x00,0x00,0x10,0x03,0xB3,0x33,0x33,0x31,0x8C,0x66,0x66,
 358          0x60,0x61,0x87,0xE3,0xE3,0xC3,0x30,0xCC,0x78,0xCC,0xC6,0xC0,0x08,0x00,0x00,0x82,
 359          0x00,0x00,0x41,0x00,0x00,0x10,0x03,0x63,0x33,0x1E,0x33,0x0C,0xC3,0xC7,0xC7,0xE1,
 360          0x80,0x00,0x00,0x00,0x00,0x00,0x00,0x00,0x08,0xC0,0x08,0x00,0x00,0x82,0x00,0x00,
 361          0x41,0x00,0x00,0x10,0x03,0x10,0x00,0x00,0x00,0x00,0x00,0x00,0x00,0x01,0x80,0x00,
 362          0x00,0x00,0x00,0x00,0x00,0x00,0x07,0x80,0x08,0x00,0x00,0xE6,0x00,0x00,0x67,0x00,
C51 COMPILER V9.60.7.0   PICTURE                                                           11/28/2024 16:30:00 PAGE 7   

 363          0x00,0x10,0x01,0xE0,0x00,0x00,0x00,0x00,0x00,0x00,0x00,0x01,0xBF,0xFF,0xFF,0xFF,
 364          0xFF,0xFF,0xFF,0xFF,0xFF,0xF0,0x08,0x00,0x00,0x7C,0x00,0x00,0x3E,0x00,0x00,0x10,
 365          0x0F,0xFF,0xFF,0xFF,0xFF,0xFF,0xFF,0xFF,0xFF,0xFD,0xBF,0xFF,0xFF,0xFF,0xFF,0xFF,
 366          0xFF,0xFF,0xFF,0xF0,0x08,0x00,0x00,0x78,0x00,0x00,0x1E,0x00,0x00,0x10,0x0F,0xFF,
 367          0xFF,0xFF,0xFF,0xFF,0xFF,0xFF,0xFF,0xFD,0x80,0x00,0x00,0x00,0x00,0x00,0x00,0x00,
 368          0x00,0x00,0x08,0x00,0x00,0x70,0x00,0x00,0x0E,0x00,0x00,0x10,0x00,0x00,0x00,0x00,
 369          0x00,0x00,0x00,0x00,0x00,0x01,0xA0,0x00,0x00,0x28,0x00,0x20,0x00,0x00,0x00,0x00,
 370          0x08,0x00,0x00,0x60,0x00,0x00,0x06,0x00,0x00,0x10,0x00,0x00,0x00,0x00,0x04,0x00,
 371          0x14,0x00,0x00,0x05,0xA0,0x00,0x00,0x20,0x00,0x20,0x00,0x00,0x00,0x00,0x0C,0x00,
 372          0x00,0xC0,0x00,0x00,0x03,0x00,0x00,0x30,0x00,0x00,0x00,0x00,0x04,0x00,0x04,0x00,
 373          0x00,0x05,0xBC,0x8A,0x21,0xE8,0xEF,0x27,0x22,0x18,0xE7,0x60,0x0C,0x00,0x00,0xC0,
 374          0x00,0x00,0x03,0x00,0x00,0x30,0x06,0xE7,0x18,0x44,0xE4,0xF7,0x17,0x84,0x51,0x3D,
 375          0xA2,0x89,0x42,0x29,0x08,0xA0,0x94,0x25,0x14,0x90,0x0C,0x00,0x00,0x80,0x00,0x00,
 376          0x01,0x00,0x00,0x30,0x09,0x28,0xA4,0x29,0x05,0x10,0x94,0x42,0x91,0x45,0xA2,0x89,
 377          0x5A,0x28,0xC8,0xA3,0x94,0x21,0x14,0x90,0x04,0x3F,0x00,0x80,0x00,0x00,0x01,0x00,
 378          0xFC,0x20,0x09,0x28,0x84,0x29,0xC5,0x13,0x14,0x5A,0x91,0x45,0xA2,0x89,0x42,0x28,
 379          0x28,0xA4,0x94,0x25,0x14,0x90,0x04,0x0F,0x01,0x80,0x00,0x00,0x01,0x80,0xF0,0x20,
 380          0x09,0x28,0xA4,0x29,0x25,0x14,0x14,0x42,0x91,0x45,0xBC,0x78,0x81,0xE9,0xCF,0x23,
 381          0x88,0x98,0xE4,0x90,0x06,0x02,0x01,0x80,0x00,0x00,0x01,0x80,0x40,0x60,0x09,0x27,
 382          0x19,0x11,0xC4,0xF3,0x97,0x81,0x1E,0x3D,0x80,0x00,0x80,0x00,0x08,0x00,0x08,0x00,
 383          0x00,0x00,0x06,0x02,0x01,0x80,0x00,0x00,0x01,0x80,0x40,0x60,0x00,0x00,0x00,0x10,
 384          0x00,0x10,0x00,0x01,0x00,0x01,0x80,0x03,0x00,0x00,0x08,0x00,0x30,0x00,0x00,0x00,
 385          0x03,0x06,0x03,0x00,0x00,0x00,0x00,0xC0,0x60,0xC0,0x00,0x00,0x00,0x0C,0x00,0x10,
 386          0x00,0x00,0xC0,0x01,0x80,0x00,0x00,0x00,0x00,0x00,0x00,0x00,0x00,0x00,0x01,0xFF,
 387          0xCF,0x00,0x00,0x00,0x00,0xF3,0xFF,0x80,0x00,0x00,0x00,0x00,0x00,0x00,0x00,0x00,
 388          0x00,0x01,0xFF,0xFF,0xFF,0xFF,0xFF,0xFF,0xFF,0xFF,0xFF,0xFF,0xFF,0xFF,0xFF,0xFF,
 389          0xFF,0xFF,0xFF,0xFF,0xFF,0xFF,0xFF,0xFF,0xFF,0xFF,0xFF,0xFF,0xFF,0xFF,0xFF,0xFF,
 390          };   
 391          
 392          unsigned char code BMP2[]={
 393          
 394          /*--240x64  --*/
 395          0xF0,0x00,0x01,0x00,0x00,0x00,0x00,0x80,0x00,0x00,0x00,0x00,0x00,0x00,0x00,0x00,
 396          0x3D,0xF0,0x00,0x00,0x00,0x00,0x00,0x00,0x00,0x00,0x00,0x00,0x00,0x0F,0x80,0x00,
 397          0x01,0x00,0x00,0x00,0x00,0xC0,0x00,0xC0,0x70,0x00,0x00,0x00,0x00,0x00,0xFF,0xBF,
 398          0x00,0x00,0x00,0x00,0x00,0x00,0x00,0x00,0x00,0x00,0x00,0x01,0x80,0x00,0x07,0xF0,
 399          0x00,0x00,0x01,0xC0,0x03,0xE0,0xFF,0xF8,0x00,0x00,0x00,0x01,0xFE,0x0F,0x80,0x00,
 400          0x00,0x7C,0x13,0xC0,0x00,0x00,0x00,0xF8,0x00,0x01,0x80,0x01,0xCD,0xF0,0xF0,0x00,
 401          0x03,0xC0,0x07,0xF3,0xE7,0x38,0x00,0x00,0x00,0x03,0xFE,0x00,0xC0,0x00,0x00,0xFE,
 402          0x7E,0xC0,0x00,0x00,0x01,0xFC,0x00,0x01,0x00,0x0F,0xF8,0x39,0xFF,0xC0,0x03,0xC0,
 403          0x0F,0xFE,0x00,0x30,0x00,0x00,0x00,0x03,0xFE,0x00,0x60,0x00,0x01,0xFE,0xC1,0x80,
 404          0x00,0x00,0x07,0xFE,0x00,0x00,0x00,0x3C,0x10,0x19,0xFF,0xC0,0x03,0xE0,0x1F,0xFC,
 405          0x00,0x18,0x00,0x00,0x00,0x03,0xFE,0x00,0x40,0x00,0x01,0xFF,0x00,0x60,0x00,0x00,
 406          0x07,0xFE,0x00,0x00,0x00,0x18,0x00,0xFF,0xFF,0xC0,0x07,0xE0,0x1F,0xFE,0x00,0x1C,
 407          0x3C,0x00,0x00,0x03,0xF7,0xFD,0xC0,0x00,0x03,0xFF,0x00,0x30,0x00,0x00,0x0F,0xFE,
 408          0x00,0x00,0x00,0x18,0x03,0xF3,0xFF,0xC0,0x07,0xE0,0x3F,0xFC,0x00,0x1E,0xFE,0x00,
 409          0x00,0x03,0xFF,0xFF,0xE0,0x00,0x03,0xFF,0xC0,0x20,0x00,0x00,0x0F,0xFE,0x04,0x00,
 410          0x00,0x1B,0xFF,0xFB,0xFF,0xE0,0x0E,0xE0,0x3F,0xFE,0x00,0x1F,0xFE,0x00,0x00,0x03,
 411          0xFF,0xF0,0xD8,0x00,0x03,0xFE,0x7F,0xF0,0x00,0x00,0x0F,0xFE,0x3E,0x00,0x00,0x1F,
 412          0xBF,0xFF,0xFF,0xF0,0x0B,0x20,0x3F,0xFF,0x80,0x31,0xFF,0x00,0x00,0x06,0x7D,0xFF,
 413          0x6C,0x00,0x01,0xFC,0x1F,0xF0,0x00,0x00,0x0F,0xFC,0x77,0x00,0x00,0x3F,0xF3,0xF9,
 414          0xFF,0xF0,0x1F,0xA0,0x1F,0xF1,0xC7,0xFD,0xFF,0x00,0x00,0x0C,0x01,0xFF,0xE6,0xF0,
 415          0x01,0xF8,0x1F,0xE8,0x00,0x00,0x0F,0xFC,0xE1,0x80,0x3E,0x7F,0xE0,0xF0,0xFF,0xF8,
 416          0x3C,0xF0,0x1F,0xFE,0xFF,0x8E,0xFF,0x00,0x00,0x0F,0xC0,0xFF,0x83,0xF8,0x03,0x00,
 417          0x1F,0xE8,0x00,0x00,0x07,0xC7,0xC0,0xE0,0x3F,0xFF,0xC0,0x3E,0x7F,0xFC,0xFE,0xF0,
 418          0x0E,0xFF,0x7F,0xFE,0xFF,0x00,0x00,0x1F,0xC0,0x7F,0x03,0xFC,0x06,0x00,0x1F,0xF8,
 419          0x00,0x00,0x06,0x07,0xF0,0x64,0xFF,0xDF,0x00,0xFF,0xBF,0xF8,0xFF,0xF0,0x04,0xFF,
 420          0xCF,0xFE,0x7E,0x00,0x00,0x38,0x40,0x7C,0x03,0xFC,0x0C,0x00,0x0F,0xF4,0x00,0x00,
 421          0x0C,0x07,0xD8,0x3E,0xFF,0xC1,0xC0,0xFF,0xFF,0xF0,0x00,0x30,0x04,0xFF,0xCF,0xFE,
 422          0x3E,0x00,0x00,0xF1,0x81,0xFC,0x03,0xFC,0x08,0x00,0x07,0xE4,0x00,0x00,0x18,0x07,
 423          0xEC,0x1E,0xFF,0x87,0xF1,0xCF,0xFF,0xF0,0x00,0x18,0x08,0x3F,0x87,0xFE,0x3C,0x00,
 424          0x01,0xB3,0x83,0x1E,0x01,0xFC,0x10,0x00,0x01,0x04,0x00,0x00,0x30,0x07,0xF6,0x1F,
C51 COMPILER V9.60.7.0   PICTURE                                                           11/28/2024 16:30:00 PAGE 8   

 425          0xFF,0x8F,0xF9,0x83,0xFF,0xE0,0x00,0x18,0x18,0x3E,0x03,0xFC,0x20,0x00,0x03,0x33,
 426          0x03,0x1E,0x01,0xFC,0x30,0x00,0x00,0x76,0x00,0x00,0x60,0x37,0xFB,0x1F,0xFF,0x1F,
 427          0x99,0x83,0xFF,0xE0,0x00,0x08,0x10,0xFC,0x00,0x60,0x20,0x00,0x06,0x37,0x07,0x1E,
 428          0x01,0xFC,0x20,0x00,0x00,0xFA,0x00,0x00,0xC0,0xFF,0xFF,0x3F,0xFF,0x1E,0x09,0x31,
 429          0xFF,0xC0,0x00,0x0C,0x33,0xFE,0x03,0x80,0x30,0x00,0x0C,0x18,0x0F,0x1E,0x01,0xF8,
 430          0x60,0x00,0x01,0xFA,0x00,0x01,0x81,0xFF,0xFF,0x7F,0x3F,0x3E,0x09,0x59,0xFF,0xC0,
 431          0x00,0x0F,0xF7,0xFE,0x0F,0xE0,0x30,0x00,0x08,0x07,0x0E,0x1E,0x01,0xF8,0x40,0x00,
 432          0x01,0xCE,0x00,0x01,0x03,0xFF,0xFB,0xFF,0x1F,0x3C,0xF0,0x41,0xFF,0xC0,0x00,0x0C,
 433          0x6F,0xCE,0x0F,0xF8,0x30,0x00,0x18,0x07,0x8C,0x3E,0x01,0xE0,0x80,0x00,0x03,0x83,
 434          0x00,0x03,0x07,0xFF,0xFD,0xFE,0x03,0x3C,0x90,0x03,0xFF,0xC0,0x00,0x1E,0x7F,0xBE,
 435          0x1F,0xFC,0x30,0x00,0x19,0x00,0x0C,0x7E,0x03,0x00,0x80,0x00,0x03,0x99,0x00,0x06,
 436          0x0F,0xE7,0x01,0xEC,0x03,0x3C,0x80,0x0F,0xEF,0xC0,0x00,0x37,0xDF,0xEC,0x1C,0xFC,
 437          0x30,0x00,0x19,0x80,0x07,0xFC,0x03,0x01,0x80,0x00,0x03,0x99,0x00,0x0C,0x0F,0xC3,
 438          0x01,0xFC,0x03,0x3C,0x10,0x0F,0xCF,0xC0,0x00,0x23,0xDF,0xCC,0x1E,0xFC,0x20,0x00,
 439          0x18,0x84,0x03,0xF8,0x03,0x01,0x00,0x00,0x01,0x99,0x80,0x08,0x0F,0x81,0x00,0xFC,
 440          0x03,0x3E,0x33,0x80,0x0F,0xC0,0x00,0x23,0xDF,0x90,0x12,0xFE,0x30,0x00,0x18,0x7E,
 441          0x00,0xE0,0x02,0x01,0x00,0x00,0x01,0xD8,0xC0,0x18,0x0F,0x87,0x00,0xF8,0x03,0x3F,
 442          0xE7,0x80,0x0F,0xC0,0x00,0x31,0xDF,0xF0,0x00,0xFC,0x30,0x02,0x08,0x32,0x00,0x00,
 443          0x02,0x03,0x00,0x00,0x01,0xE0,0xC0,0x10,0x0F,0x8E,0x01,0xF0,0x03,0x3F,0xC1,0x18,
 444          0x0F,0xC0,0x00,0x18,0xCF,0xFC,0x0F,0xFC,0x30,0x07,0x0C,0x03,0x00,0x00,0x06,0x07,
 445          0x00,0x00,0x00,0x60,0x40,0x10,0x0F,0x8E,0x03,0xE0,0x03,0x1F,0x81,0x98,0x0F,0xC0,
 446          0x00,0x1D,0xC7,0xDC,0x0F,0xFC,0x30,0x0F,0x84,0x01,0x80,0x00,0x06,0x06,0x00,0x00,
 447          0x00,0x00,0x40,0x18,0x07,0x8C,0x07,0xE0,0x03,0x00,0x0F,0xF0,0x0F,0xC0,0x00,0x0F,
 448          0xC0,0x08,0x03,0xF8,0x30,0x1F,0x86,0x00,0xC0,0x0C,0x04,0x06,0x00,0x00,0x00,0x00,
 449          0xC0,0x18,0x03,0xE0,0x0C,0xC0,0x03,0x00,0x0E,0x00,0x0F,0xC0,0x00,0x01,0xE0,0x00,
 450          0x00,0xE0,0x60,0x3F,0xF3,0x00,0x70,0x38,0x04,0x06,0x00,0x00,0x00,0x02,0x80,0x08,
 451          0x0C,0xE0,0x1C,0xC0,0x03,0x00,0x00,0x00,0x0F,0xC0,0x00,0x00,0xF0,0x00,0x00,0x00,
 452          0xE0,0x7F,0xFD,0x00,0x1F,0xE0,0x0C,0x03,0x00,0x00,0x00,0x06,0x80,0x0C,0x06,0x00,
 453          0x18,0xC0,0x03,0x00,0x00,0x00,0x1F,0xC0,0x00,0x00,0x58,0x7F,0x00,0x00,0xC0,0x7F,
 454          0xFF,0x80,0x00,0x00,0x08,0x01,0x00,0x00,0x00,0x05,0x80,0x04,0x02,0x00,0x99,0xC0,
 455          0x03,0x00,0x00,0x00,0x1F,0xC0,0x00,0x00,0x6C,0x3E,0x00,0x01,0x80,0x7E,0x7F,0xE0,
 456          0x00,0x00,0x18,0x01,0x80,0x00,0x00,0x0B,0x00,0x1E,0x01,0x00,0xC3,0x80,0x03,0x00,
 457          0x00,0x00,0x3F,0xC0,0x00,0x00,0x66,0x00,0x00,0x07,0x00,0x3F,0xBF,0xF8,0x00,0x00,
 458          0x30,0x00,0x80,0x00,0x00,0x06,0x00,0x7F,0x01,0x80,0xDF,0x80,0x01,0x80,0x00,0x00,
 459          0x7F,0x80,0x00,0x00,0x33,0x80,0x00,0x0E,0x00,0x3D,0xBF,0xFC,0x00,0x00,0xE0,0x00,
 460          0x20,0x00,0x00,0x1C,0x00,0x7F,0x00,0xC0,0x1F,0x80,0x01,0xC0,0x00,0x01,0xFF,0x80,
 461          0x00,0x00,0x30,0xE0,0x00,0x38,0x00,0x39,0xBF,0xFF,0x80,0x07,0xC0,0x00,0x30,0x00,
 462          0x00,0x30,0x01,0xFF,0x80,0x3E,0x0E,0x80,0x00,0xE0,0x00,0x03,0x3F,0x80,0x00,0x00,
 463          0x18,0xFF,0x8F,0xF8,0x00,0x79,0xBF,0xFF,0xFE,0xFE,0x00,0x00,0x0C,0x1E,0x00,0xE0,
 464          0x03,0xFF,0xE0,0x0F,0x00,0x80,0x00,0x7C,0x00,0x0C,0x0F,0x80,0x00,0x00,0x19,0xE3,
 465          0xFF,0xFC,0x00,0x71,0x7F,0xFF,0xFF,0xF0,0x00,0x00,0x07,0xBF,0x03,0x80,0x07,0xFF,
 466          0xE0,0x01,0xF1,0x00,0x00,0x0F,0xFF,0xC0,0x03,0x80,0x00,0x00,0x0D,0xC0,0x07,0x7C,
 467          0x00,0xFB,0x7F,0xFF,0xFF,0xF0,0x00,0x00,0x03,0xFF,0x1E,0x00,0x07,0xFF,0xC0,0x00,
 468          0xE3,0x00,0x00,0x00,0xFF,0x00,0x03,0x00,0x00,0x00,0x0D,0x80,0x06,0x3C,0x00,0xEE,
 469          0xFF,0xFF,0xFF,0xF0,0x00,0x00,0x07,0xFF,0x96,0x00,0x07,0xFF,0x80,0x00,0x06,0x00,
 470          0x00,0x00,0x7C,0x00,0x01,0x00,0x00,0x00,0x07,0x00,0x06,0x1C,0x03,0xF1,0xE7,0xFF,
 471          0xFF,0xF0,0x00,0x00,0x0A,0xFE,0x02,0x00,0x07,0xFF,0x81,0x80,0x3C,0x00,0x00,0x00,
 472          0xFC,0x00,0x01,0x00,0x00,0x00,0x07,0x00,0x06,0x0C,0x03,0xFF,0xC9,0xFF,0xFF,0xF0,
 473          0x00,0x00,0x1E,0xFE,0x02,0x00,0x0F,0xFF,0x00,0xFF,0xE0,0x00,0x00,0x01,0xF8,0x00,
 474          0x01,0x80,0x00,0x00,0x02,0x00,0x07,0x04,0x03,0xFF,0x81,0xFF,0xFF,0xF0,0x00,0x00,
 475          0x1D,0xFC,0x03,0x00,0x0F,0xF4,0x00,0xE0,0x00,0x00,0x00,0x01,0xF8,0x00,0x01,0x80,
 476          0x00,0x00,0x06,0x00,0x01,0x86,0x00,0xFF,0xB9,0xFF,0xFF,0xE0,0x00,0x00,0x1F,0xFC,
 477          0x01,0x80,0x0E,0xE0,0x00,0xE0,0x00,0x00,0x00,0x03,0xF8,0x00,0x01,0x80,0x00,0x00,
 478          0x06,0x00,0x00,0x83,0x00,0x7F,0x8D,0xFF,0xFF,0xE0,0x00,0x00,0x1F,0xF8,0x01,0xF0,
 479          0x0A,0xC0,0x01,0xE0,0x00,0x00,0x00,0x03,0xFC,0x00,0x00,0x80,0x00,0x00,0x06,0x00,
 480          0x00,0xC3,0x00,0x3F,0xC5,0xF9,0xFF,0xE0,0x00,0x00,0x3F,0xF8,0x01,0xF8,0x0D,0x80,
 481          0x01,0xF0,0x00,0x00,0x00,0x03,0xFC,0x00,0x00,0x80,0x00,0x00,0x04,0x00,0x00,0x61,
 482          0x80,0x0F,0xE3,0xF8,0xFF,0xE0,0x00,0x00,0x3F,0xF0,0x01,0xF8,0x07,0x00,0x01,0xF8,
 483          0x00,0x00,0x00,0x03,0xF8,0x00,0x00,0x80,0x00,0x00,0x04,0x00,0x00,0x41,0x00,0x01,
 484          0xFF,0xF0,0x7F,0xC0,0x00,0x00,0x3F,0xF0,0x01,0xF8,0x07,0x00,0x01,0xFC,0x00,0x00,
 485          0x00,0x01,0xF8,0x00,0x00,0x80,0x00,0x00,0x04,0x00,0x00,0x41,0x00,0x00,0x7F,0xF0,
 486          0x3F,0xC0,0x00,0x00,0x3F,0xE0,0x01,0xF8,0x0B,0x00,0x03,0xFE,0x00,0x00,0x00,0x01,
C51 COMPILER V9.60.7.0   PICTURE                                                           11/28/2024 16:30:00 PAGE 9   

 487          0xF8,0x00,0x00,0x80,0x00,0x00,0x04,0x00,0x00,0x73,0x00,0x00,0x7F,0xE0,0x0F,0xC0,
 488          0x00,0x00,0x3F,0xE0,0x01,0xF0,0x32,0x00,0x03,0xFF,0x00,0x00,0x00,0x00,0xF8,0x00,
 489          0x00,0xC0,0x00,0x00,0x04,0x00,0x00,0x3E,0x00,0x00,0x63,0xC0,0x07,0x80,0x00,0x00,
 490          0x3F,0xE0,0x01,0xE0,0x32,0x00,0x02,0xFE,0x00,0x00,0x00,0x00,0x70,0x00,0x00,0xC0,
 491          0x00,0x00,0x04,0x00,0x00,0x3C,0x00,0x00,0x20,0x00,0x04,0x00,0x00,0x00,0x3F,0xC0,
 492          0x01,0x00,0x32,0x00,0x06,0xFE,0x00,0x00,0x00,0x00,0x20,0x00,0x00,0xC0,0x00,0x00,
 493          0x04,0x00,0x00,0x38,0x00,0x00,0x20,0x00,0x0C,0x00,0x00,0x00,0x1F,0xC0,0x01,0x00,
 494          0x32,0x00,0x06,0xFE,0x00,0x00,0x00,0x00,0x60,0x00,0x00,0xC0,0x00,0x00,0x04,0x00,
 495          0x00,0x30,0x00,0x00,0x20,0x00,0x0C,0x00,0x00,0x00,0x0E,0x00,0x03,0x00,0x33,0x00,
 496          0x04,0xFC,0x00,0x00,0x00,0x00,0x60,0x00,0x00,0xC0,0x00,0x00,0x06,0x01,0x80,0x00,
 497          0x00,0x1B,0x00,0x01,0x80,0x00,0x00,0x00,0x00,0x00,0x03,0x00,0x33,0x00,0x4C,0x00,
 498          0x00,0x00,0x00,0x00,0x60,0x00,0x00,0x80,0x00,0x00,0x06,0x01,0x80,0x00,0x00,0x18,
 499          0x00,0x01,0x80,0x00,0x00,0x00,0x00,0x80,0x03,0x00,0x39,0x00,0x58,0x00,0x00,0x00,
 500          0x00,0x00,0x60,0x00,0x00,0x80,0x00,0x00,0x06,0x01,0xF3,0x3C,0x60,0xFB,0x3C,0xF9,
 501          0x9D,0x8C,0x38,0xF3,0xFE,0x00,0x01,0x80,0x0F,0x00,0x30,0x00,0x00,0x00,0x00,0x00,
 502          0x40,0x00,0x00,0x80,0x00,0x00,0x02,0x01,0x9B,0x36,0xC1,0x9B,0x66,0xCD,0xA6,0xD8,
 503          0x6D,0x9B,0x33,0x00,0x00,0x80,0x01,0x80,0x20,0x00,0x00,0x00,0x00,0x00,0x40,0x30,
 504          0x00,0x80,0x00,0x00,0x02,0x01,0x9B,0x36,0xC1,0x9B,0x78,0xCD,0x9E,0xD8,0x61,0x9B,
 505          0x33,0x00,0x00,0x80,0x00,0x80,0x20,0x00,0x00,0x00,0x00,0x00,0x40,0x1F,0x01,0x80,
 506          0x00,0x00,0x03,0x01,0x9B,0x36,0xDD,0x9B,0x1E,0xCD,0xB6,0xD8,0x61,0x9B,0x33,0x00,
 507          0x00,0x80,0x00,0x80,0x20,0x00,0x00,0x00,0x80,0x00,0x40,0x12,0x01,0x00,0x00,0x00,
 508          0x03,0x01,0x9B,0x33,0x81,0x9B,0x66,0xCD,0xB6,0x73,0x6D,0x9B,0x33,0x00,0x01,0x00,
 509          0x00,0x80,0x60,0x00,0x00,0x01,0x80,0x00,0x60,0x32,0x01,0x00,0x00,0x00,0x01,0x81,
 510          0xF1,0xF3,0x80,0xFB,0x3C,0xF9,0x9E,0x73,0x38,0xF3,0x33,0x00,0x03,0x00,0x00,0xC0,
 511          0xC0,0x00,0x00,0x01,0x80,0x00,0x30,0x23,0x07,0xC0,0x00,0x00,0x00,0xE0,0x00,0x03,
 512          0x00,0x00,0x00,0xC0,0x00,0x60,0x00,0x00,0x00,0x00,0x8E,0x00,0x00,0xE3,0x80,0x00,
 513          0x00,0x01,0xF0,0x00,0xFF,0xFF,0xFF,0xC0,0x00,0x00,0x00,0x00,0x00,0x0E,0x00,0x00,
 514          0x00,0xC0,0x01,0xC0,0x00,0x00,0x00,0x00,0xF8,0x00,0x00,0x7F,0x00,0x00,0x00,0x0F,
 515          };


MODULE INFORMATION:   STATIC OVERLAYABLE
   CODE SIZE        =   ----    ----
   CONSTANT SIZE    =   6512    ----
   XDATA SIZE       =   ----    ----
   PDATA SIZE       =   ----    ----
   DATA SIZE        =   ----    ----
   IDATA SIZE       =   ----    ----
   BIT SIZE         =   ----    ----
END OF MODULE INFORMATION.


C51 COMPILATION COMPLETE.  0 WARNING(S),  0 ERROR(S)
