C51 COMPILER V9.60.7.0   LCD4004                                                           12/09/2024 08:25:51 PAGE 1   


C51 COMPILER V9.60.7.0, COMPILATION OF MODULE LCD4004
OBJECT MODULE PLACED IN .\Objects\lcd4004.obj
COMPILER INVOKED BY: D:\KEIL_STM32\C51\BIN\C51.EXE lcd4004.c OPTIMIZE(8,SPEED) BROWSE DEBUG OBJECTEXTEND PRINT(.\Listing
                    -s\lcd4004.lst) OBJECT(.\Objects\lcd4004.obj)

line level    source

   1          #include "LCD4004.h"
   2          #include <REGX52.H>
   3          
   4          sbit LCD_RS = P3^0; //寄存器选择线
   5          sbit LCD_RW = P3^1; //读/写线(R/W)
   6          sbit LCD_EN = P3^2; //使能线(EN)
   7          sbit  KEY1  =P2^0;      
   8          
   9          unsigned int ReadKey1() 
  10          {
  11   1          if (KEY1 == 0) 
  12   1              {  
  13   2              Delay(1);  
  14   2              if (KEY1 == 0) 
  15   2                      {  
  16   3                  while (KEY1 == 0);  
  17   3                  return 1;  
  18   3              }
  19   2          }
  20   1          return 0;  
  21   1      }
  22          
  23          void  Delay(xms)        //@12.000MHz
  24          {
  25   1              while(xms--)
  26   1      {
  27   2              unsigned char data i, j;
  28   2      
  29   2              i = 12;
  30   2              j = 169;
  31   2              do
  32   2              {
  33   3                      while (--j);
  34   3              } while (--i);
  35   2      }
  36   1              }
  37          
  38          
  39          
  40          void Busy()
  41          {
  42   1              unsigned char temp;
  43   1              LCD_DataPort=0xff;
  44   1              LCD_RS=0;//读状态
  45   1              LCD_EN=0;
  46   1              LCD_RW=1;//读
  47   1              do
  48   1              {
  49   2                      LCD_EN=1;
  50   2                      temp=LCD_DataPort;
  51   2                      LCD_EN=0;
  52   2              }
  53   1              while(temp&0x80);
  54   1      }                                         /*对控制器每次进行读写操作之前， 
C51 COMPILER V9.60.7.0   LCD4004                                                           12/09/2024 08:25:51 PAGE 2   

  55                                                    都必须进行读写检测，确保STA7为0*/
  56          
  57          
  58          
  59          /**
  60            * @brief  LCD4004写命令
  61            * @param  Command 要写入的命令
  62            * @retval 无
  63            */
  64          void LCD_WriteCommand(unsigned char Command) 
  65          {
  66   1              Busy();
  67   1          LCD_RS = 0; // 选择为指令，1为数据，0为指令
  68   1          LCD_RW = 0; // 选择为写， 1为读，0为写
  69   1          LCD_DataPort = Command; // 写入指令的内容
  70   1          LCD_EN = 1;   // 使能脚E先上升沿写入
  71   1      
  72   1          Delay(0.1);
  73   1          LCD_EN = 0;   // 使能脚E后负跳变完成写入
  74   1      
  75   1      }
  76          
  77          /**
  78            * @brief  LCD4004写数据
  79            * @param  Data 要写入的数据,搭配LCD_SetCursor()光标使用。
  80            * @retval 无
  81            */
  82          void LCD_WriteData(unsigned char Data) 
  83          {
  84   1              Busy();
  85   1          LCD_RS = 1; // 选择为数据，1为数据，0为指令
  86   1          LCD_RW = 0; // 选择为写， 1为读，0为写
  87   1          LCD_DataPort = Data; // 写入指数据的内容
  88   1          LCD_EN = 1;   // 使能脚E先上升沿写入
  89   1      
  90   1          Delay(0.1);
  91   1          LCD_EN = 0;   // 使能脚E后负跳变完成写入
  92   1      
  93   1      }
  94          
  95          
  96          /**
  97            * @brief  LCD4004读数据
  98            * @param  Data 要写入的数据,搭配LCD_SetCursor()光标使用。
  99            * @retval 无
 100            */
 101          void LCD_ReadData(unsigned char Data) 
 102          {
 103   1              Busy();
 104   1          LCD_RS = 1; // 选择为数据，1为数据，0为指令
 105   1          LCD_RW = 1; // 选择为写， 1为读，0为写
 106   1              LCD_EN = 1;   // 使能脚E先上升沿写入
 107   1      
 108   1              Delay(0.1);
 109   1          LCD_DataPort = Data; // 写入指数据的内容
 110   1          LCD_EN = 0;   // 使能脚E后负跳变完成写入
 111   1      
 112   1      }
 113          
 114          
 115          
 116          /**
C51 COMPILER V9.60.7.0   LCD4004                                                           12/09/2024 08:25:51 PAGE 3   

 117            * @brief  LCD4004初始化函数
 118            * @param  无
 119            * @retval 无
 120            */
 121          void LCD_Init() 
 122          {
 123   1          LCD_WriteCommand(0x38); // 设置40×4显示,5X7点阵,8位数据接口 
 124   1          LCD_WriteCommand(0x0c); // 显示开,光标关,闪烁关
 125   1      //      LCD_WriteCommand(0x0f);//显示开,光标开.闪烁开
 126   1          LCD_WriteCommand(0x06); // 当读或写一个字符后地址指针加一,不移动
 127   1          LCD_WriteCommand(0x01); // 光标复位，清屏
 128   1              Delay(0.1); 
 129   1      
 130   1      
 131   1      }
 132          
 133          /**
 134            * @brief  LCD4004清屏
 135            * @param  无
 136            * @retval 无
 137            */
 138          void LCD_Clear() 
 139          {
 140   1          Busy();
 141   1          LCD_WriteCommand(0x01);
 142   1              Delay(0.1);           // 等待清屏完成
 143   1      }
 144          
 145          
 146          /**
 147            * @brief  LCD4004设置光标位置
 148            * @param  Line 行位置，范围：0~3
 149            * @param  Column 列位置，范围：1~40
 150            * @retval 无
 151            */
 152          void LCD_SetCursor(unsigned int Line, unsigned int Column) 
 153          {
 154   1          // 确保列值在0-39之间
 155   1          if (Column >= 40) Column = 0;
 156   1          // 确保行值在0-3之间
 157   1          Line &= 0x03;  // 限制 Y 位置在 0 到 3 之间 
 158   1          if (Line == 0) 
 159   1          {
 160   2              LCD_WriteCommand(0x80 | Column);  // 第一行
 161   2          } 
 162   1          else if (Line == 1) 
 163   1          {
 164   2              LCD_WriteCommand(0xC0 | Column);  // 第二行
 165   2          } 
 166   1          else if (Line == 2) 
 167   1          {
 168   2              LCD_WriteCommand(0x80 | (Column + 40));  // 第三行
 169   2          } 
 170   1          else 
 171   1          {
 172   2              LCD_WriteCommand(0xC0 | (Column + 40));  // 第四行
 173   2          }
 174   1      }
 175          
 176          
 177          unsigned char LCD_Readdata(void)               //读数据子程序
 178          {   unsigned char d;
C51 COMPILER V9.60.7.0   LCD4004                                                           12/09/2024 08:25:51 PAGE 4   

 179   1          Busy();                       //AIP31066液晶显示控制器忙检测
 180   1          LCD_DataPort=0xff;
 181   1          LCD_RS=1;                             //RS=1 RW=1 E=高电平
 182   1          LCD_RW=1;
 183   1          LCD_EN=1;
 184   1      
 185   1          Delay(0.005);
 186   1          d=LCD_DataPort;
 187   1          LCD_EN=0;
 188   1      
 189   1          return d;
 190   1      }
 191          
 192          
 193          
 194          // 
 195          /**
 196           * @brief  显示字符函数
 197           * @param  Line0-3行 Column 0-19列 i字符
 198           * @retval
 199           */
 200          void LCD_USER_ShowString(unsigned char Line, unsigned char Column, unsigned char  i) 
 201          {                       
 202   1              LCD_SetCursor(Line, Column); // 光标
 203   1              LCD_WriteData(i);
 204   1      }
 205          
 206          
 207          /**
 208           * @brief LCD4004显示字符串
 209           * @param Line 0-3行 Column 0-39列 *String 输入字符""
 210           * @retval 无
 211           */
 212          void LCD_ShowString(unsigned char Line, unsigned char Column, char *String) 
 213          {       unsigned char i;                
 214   1              LCD_SetCursor(Line, Column);
 215   1          for (i = 0; String[i] != '\0'; i++) 
 216   1              {
 217   2            LCD_WriteData(String[i]);
 218   2          }
 219   1      }
 220          
 221          
 222          void write_CGROM(unsigned char a)//LCD内部固化字模存储器，内部含有常用字符
 223          {
 224   1          unsigned char j,k=a;
 225   1          LCD_WriteCommand(0x02);  // 光标归位命令 (光标位置回到初始位置，通常是DDRAM的起始地址)
 226   1          Delay(1);                // 延时一段时间，确保命令有效
 227   1          LCD_WriteCommand(0x80);  // 设置光标到第1行的起始地址 (0x80对应DDRAM的第1行起始地址)
 228   1          
 229   1          // 向第1行写入40个字符数据
 230   1          for (j = 0; j < 40; j++) 
 231   1          {
 232   2              LCD_WriteData(a);    // 向LCD写入数据 'a'
 233   2              a += 1;              // 自增'a'，以便下一个字符是'a'的下一个值
 234   2          }
 235   1      
 236   1          LCD_WriteCommand(0xC0);  // 设置光标到第2行的起始地址 (0xC0对应DDRAM的第2行起始地址)
 237   1          
 238   1          // 向第2行写入40个字符数据
 239   1          for (j = 0; j < 40; j++) 
 240   1          {
C51 COMPILER V9.60.7.0   LCD4004                                                           12/09/2024 08:25:51 PAGE 5   

 241   2              LCD_WriteData(a);    // 向LCD写入数据 'a'
 242   2              a += 1;              // 自增'a'，同样依次写入下一个字符
 243   2          }
 244   1          
 245   1          Delay(1);                // 再次延时，确保数据全部写入
 246   1              
 247   1      }
 248          
 249          
 250          /**
 251           * @brief  全屏显示AIP31066 内置字符
 252           * @param  Line 0-3  Column 0-39  输入16进制0X...
 253           * @retval 无
 254           */
 255          void Write_DDRAM(unsigned char a)//用来寄存待显示的字符代码
 256          {
 257   1          unsigned char j;
 258   1          
 259   1          LCD_WriteCommand(0x02); // 光标归位命令(光标位置回到初始位置，通常是DDRAM的起始地址)
 260   1      
 261   1          Delay(1);               // 延时10个单位 (比之前的延时长)
 262   1      
 263   1          LCD_WriteCommand(0x80);  // 设置光标到第1行的起始地址 (0x80对应DDRAM的第1行起始地址)
 264   1          
 265   1          // 向第1行写入40个相同的字符   
 266   1          for (j = 0; j <40; j++) 
 267   1          {
 268   2              LCD_WriteData(a);    // 将字符 'a' 写入 LCD 显示数据存储器
 269   2          }
 270   1      
 271   1          LCD_WriteCommand(0xC0);  // 设置光标到第2行的起始地址 (0xC0对应DDRAM的第2行起始地址)
 272   1          
 273   1          // 向第2行写入40个相同的字符
 274   1          for (j = 0; j < 40; j++) 
 275   1          {
 276   2              LCD_WriteData(a);    // 将字符 'a' 写入 LCD 显示数据存储器
 277   2          }  
 278   1      }
 279          
 280          
 281          // 向 LCD 的 CGRAM 写入自定义字符数据
 282          void Write_CGRAM(unsigned char a[])
 283          {
 284   1          unsigned char k;
 285   1          
 286   1          // 发送命令 0x40，选择 CGRAM 地址
 287   1          LCD_WriteCommand(0x40); 
 288   1          
 289   1          // 将自定义字符数据写入 CGRAM
 290   1          for(k = 0; k < 64; k++)
 291   1          {
 292   2              LCD_WriteData(a[k]);  // 写入字符数据
 293   2          }
 294   1      
 295   1      }
 296          
 297             
 298          
 299          void displayCustomCharacter1(const unsigned char pattern[8]) 
 300          {
 301   1          unsigned char row, col;
 302   1      
C51 COMPILER V9.60.7.0   LCD4004                                                           12/09/2024 08:25:51 PAGE 6   

 303   1          // 将自定义字符数组写入CGRAM
 304   1          Write_CGRAM(pattern);
 305   1      
 306   1          // 遍历LCD的每一行和每一列，显示自定义字符
 307   1          for (row = 0; row < 4; row++) 
 308   1          {
 309   2              for (col = 0; col < 40; col++) 
 310   2              {
 311   3                  // 针对LCD2004的行起始地址做出修正
 312   3                  unsigned char position;
 313   3                  if (row == 0) 
 314   3                  {
 315   4                      position = 0x80 + col;   // 第1行地址 0x80 起始
 316   4                  } 
 317   3                  else if (row == 1)
 318   3                  {
 319   4                      position = 0xC0 + col;   // 第2行地址 0xC0 起始
 320   4                  } 
 321   3                  else if (row == 2) 
 322   3                  {
 323   4                      position = 0x94 + col;   // 第3行地址 0x94 起始
 324   4                  } 
 325   3                  else 
 326   3                  {
 327   4                      position = 0xD4 + col;   // 第4行地址 0xD4 起始
 328   4                  }
 329   3      
 330   3                  // 设置光标位置并显示自定义字符
 331   3                  LCD_WriteCommand(position);
 332   3                  LCD_WriteData(0x00);  // 显示存储在CGRAM中的第一个自定义字符
 333   3              }
 334   2          }
 335   1      }


MODULE INFORMATION:   STATIC OVERLAYABLE
   CODE SIZE        =    494    ----
   CONSTANT SIZE    =   ----    ----
   XDATA SIZE       =   ----    ----
   PDATA SIZE       =   ----    ----
   DATA SIZE        =   ----      10
   IDATA SIZE       =   ----    ----
   BIT SIZE         =   ----    ----
END OF MODULE INFORMATION.


C51 COMPILATION COMPLETE.  0 WARNING(S),  0 ERROR(S)
