C51 COMPILER V9.60.7.0   MAIN                                                              12/11/2024 16:26:19 PAGE 1   


C51 COMPILER V9.60.7.0, COMPILATION OF MODULE MAIN
OBJECT MODULE PLACED IN .\Objects\main.obj
COMPILER INVOKED BY: D:\KEIL_STM32\C51\BIN\C51.EXE main.c OPTIMIZE(8,SPEED) BROWSE DEBUG OBJECTEXTEND PRINT(.\Listings\m
                    -ain.lst) OBJECT(.\Objects\main.obj)

line level    source

   1          #include <REGX52.H>
   2          #include "LCD4004.h"
   3          
   4          //unsigned char mode;
   5          //unsigned char data pattern1[8] = {0x15, 0x0A, 0x15, 0x0A, 0x15, 0x0A, 0x15}; // CHESS
   6          //unsigned char data pattern2[8] = {0x0A, 0x15, 0x0A, 0x15, 0x0A, 0x15, 0x0A};  
   7          //unsigned char data pattern3[8] = {0x15, 0x15, 0x15, 0x15, 0x15, 0x15, 0x15, 0x15}; //COL
   8          //unsigned char data pattern4[8] = {0x0A, 0x0A, 0x0A, 0x0A, 0x0A, 0x0A, 0x0A, 0x0A}; 
   9          //unsigned char data pattern5[8] = {0x1F, 0x00, 0x1F, 0x00, 0x1F, 0x00, 0x1F, 0x00};//ROW
  10          //unsigned char data pattern6[8] = {0x00, 0x1F, 0x00, 0x1F, 0x00, 0x1F, 0x00, 0x1F};    
  11          //unsigned char data pattern7[8] = {0x00, 0x15, 0x00, 0x15, 0x00, 0x15, 0x00, 0x15}; //DOT
  12          //      
  13          //int main() 
  14          //{
  15          //      
  16          //      LCD_Init(); 
  17          //      LCD_Clear();
  18          //      displayCustomCharacter1(pattern1); 
  19          //      Delay(100); 
  20          //      displayCustomCharacter1(pattern2); 
  21          //      Delay(100); 
  22          //      displayCustomCharacter1(pattern3); 
  23          //      Delay(80); 
  24          //      displayCustomCharacter1(pattern4); 
  25          //      Delay(80); 
  26          //      displayCustomCharacter1(pattern5); 
  27          //      Delay(80); 
  28          //      displayCustomCharacter1(pattern6); 
  29          //      Delay(80); 
  30          //      displayCustomCharacter1(pattern7); 
  31          //      Delay(80); 
  32          //      write_CGROM(0x21);//ÄÚÖÃ
  33          //      Delay(80);
  34          //      write_CGROM(0xA1);//ÄÚÖÃ
  35          //      Delay(80);
  36          //      Write_DDRAM(0xCE);//ÄÚÖÃ×Ö·û
  37          //      Delay(80);
  38          //      LCD_Clear();
  39          //      LCD_ShowString(0,12,"YeHuiDisplay.com");
  40          //      LCD_ShowString(1,15,"LCM4004_02");
  41          
  42          //                      
  43          //while (1) 
  44          //{
  45          
  46          //              if (ReadKey1()) 
  47          //        {  
  48          //              LCD_Clear();
  49          //              mode++;
  50          //              mode %= 10;                     
  51          //              switch (mode) 
  52          //        {
  53          //        case 0:            
  54          //                      displayCustomCharacter1(pattern1); 
C51 COMPILER V9.60.7.0   MAIN                                                              12/11/2024 16:26:19 PAGE 2   

  55          //            break;
  56          //        case 1:
  57          //            displayCustomCharacter1(pattern2);  
  58          //            break;
  59          //        case 2:
  60          //            displayCustomCharacter1(pattern3); 
  61          //            break;
  62          //        case 3:
  63          //           displayCustomCharacter1(pattern4);  
  64          //            break;
  65          //        case 4:
  66          //            displayCustomCharacter1(pattern5);  
  67          //            break;
  68          //        case 5:
  69          //            displayCustomCharacter1(pattern6);  
  70          //            break;
  71          //              case 6:
  72          //                      displayCustomCharacter1(pattern7);
  73          //                      break;
  74          //              case 7:
  75          //                      write_CGROM(0x21); 
  76          //                 break;
  77          //              case 8:
  78          //                      write_CGROM(0xa1); 
  79          //                 break;
  80          //              case 9:
  81          //                      Write_DDRAM(0xFF); 
  82          //                 break;
  83          //    
  84          //              }
  85          //      }                       
  86          //}
  87          
  88          //      }
  89          
  90          
  91          void main(void)   
  92          {
  93   1      
  94   1              LCD_Init(); 
  95   1              LCD_Clear();
  96   1      
  97   1          while (1)  
  98   1          {
  99   2            
 100   2              if (ReadKey1()) 
 101   2              {
 102   3                  HandleKey(); 
 103   3              } 
 104   2              else 
 105   2              {
 106   3                
 107   3                  DisplayPatterns(); 
 108   3              }
 109   2          }   
 110   1      }
 111          


MODULE INFORMATION:   STATIC OVERLAYABLE
   CODE SIZE        =     23    ----
   CONSTANT SIZE    =   ----    ----
C51 COMPILER V9.60.7.0   MAIN                                                              12/11/2024 16:26:19 PAGE 3   

   XDATA SIZE       =   ----    ----
   PDATA SIZE       =   ----    ----
   DATA SIZE        =   ----    ----
   IDATA SIZE       =   ----    ----
   BIT SIZE         =   ----    ----
END OF MODULE INFORMATION.


C51 COMPILATION COMPLETE.  0 WARNING(S),  0 ERROR(S)
