2024-08-25 14:04:30,885 [INFO] Activator:176 - 


2024-08-25 14:04:30,901 [INFO] Activator:177 - !SESSION log4j initialized
2024-08-25 14:04:38,631 [INFO] LogOutputStream:77 - [STDOUT_REDIRECT] 
2024-08-25 14:04:40,138 [INFO] ApplicationProperties:184 - Using Application install path: C:\ST\STM32CubeIDE_1.14.1\STM32CubeIDE\plugins\com.st.stm32cube.common.mx_6.12.0.202406281431
2024-08-25 14:04:40,157 [INFO] DbMcusXml:78 - Set database path to: C:\ST\STM32CubeIDE_1.14.1\STM32CubeIDE\plugins\com.st.stm32cube.common.mx_6.12.0.202406281431\\db\/mcu/
2024-08-25 14:04:40,158 [INFO] ApiDb:274 - Set plugin database path to: C:\ST\STM32CubeIDE_1.14.1\STM32CubeIDE\plugins\com.st.stm32cube.common.mx_6.12.0.202406281431\\db\/plugins/boardmanager/
2024-08-25 14:04:40,158 [WARN] ApiDb:259 - Overriding images path with different value:  => C:\ST\STM32CubeIDE_1.14.1\STM32CubeIDE\plugins\com.st.stm32cube.common.mx_6.12.0.202406281431\\db\/plugins/mcufinder/images/
2024-08-25 14:04:40,175 [INFO] ApiDb:250 - Set database path to: C:\Users\LPC6\.stmcufinder\plugins\mcufinder//mcu/
2024-08-25 14:04:40,176 [INFO] DbMcusAds:125 - Set database path to: C:\Users\LPC6\.stmcufinder\plugins\mcufinder//mcu/
2024-08-25 14:04:40,179 [INFO] CrossReferenceDbSqlite:203 - Set database path to: C:\Users\LPC6\.stmcufinder\plugins\mcufinder//mcu/cs/
2024-08-25 14:04:40,299 [INFO] RulesReader:64 - Compatibility file has been processed (297 Rules)
2024-08-25 14:04:40,382 [INFO] DbMcusXml:78 - Set database path to: C:\ST\STM32CubeIDE_1.14.1\STM32CubeIDE\plugins\com.st.stm32cube.common.mx_6.12.0.202406281431\\db\/mcu/
2024-08-25 14:04:40,382 [INFO] ApiDb:274 - Set plugin database path to: C:\ST\STM32CubeIDE_1.14.1\STM32CubeIDE\plugins\com.st.stm32cube.common.mx_6.12.0.202406281431\\db\/plugins/boardmanager/
2024-08-25 14:04:40,382 [INFO] ApiDb:261 - Set plugin images path to: C:\ST\STM32CubeIDE_1.14.1\STM32CubeIDE\plugins\com.st.stm32cube.common.mx_6.12.0.202406281431\\db\/plugins/mcufinder/images/
2024-08-25 14:04:40,382 [WARN] DbFile:41 - Overriding database path with different value: C:\Users\LPC6\.stmcufinder\plugins\mcufinder/ => C:\Users\LPC6\.stmcufinder\plugins\mcufinder
2024-08-25 14:04:40,382 [INFO] ApiDb:250 - Set database path to: C:\Users\LPC6\.stmcufinder\plugins\mcufinder//mcu/
2024-08-25 14:04:40,382 [WARN] DbFile:41 - Overriding database path with different value: C:\Users\LPC6\.stmcufinder\plugins\mcufinder/ => C:\Users\LPC6\.stmcufinder\plugins\mcufinder
2024-08-25 14:04:40,383 [INFO] DbMcusAds:125 - Set database path to: C:\Users\LPC6\.stmcufinder\plugins\mcufinder//mcu/
2024-08-25 14:04:40,383 [WARN] DbFile:41 - Overriding database path with different value: C:\Users\LPC6\.stmcufinder\plugins\mcufinder/ => C:\Users\LPC6\.stmcufinder\plugins\mcufinder
2024-08-25 14:04:40,383 [WARN] DbFile:41 - Overriding database path with different value: C:\Users\LPC6\.stmcufinder\plugins\mcufinder/ => C:\Users\LPC6\.stmcufinder\plugins\mcufinder
2024-08-25 14:04:40,383 [INFO] CrossReferenceDbSqlite:203 - Set database path to: C:\Users\LPC6\.stmcufinder\plugins\mcufinder//mcu/cs/
2024-08-25 14:04:40,480 [INFO] MainPanel:268 - HeapMemory: 268435456
2024-08-25 14:04:40,602 [INFO] DbMcusXml:78 - Set database path to: C:\ST\STM32CubeIDE_1.14.1\STM32CubeIDE\plugins\com.st.stm32cube.common.mx_6.12.0.202406281431\\db\/mcu/
2024-08-25 14:04:40,603 [INFO] ApiDb:274 - Set plugin database path to: C:\ST\STM32CubeIDE_1.14.1\STM32CubeIDE\plugins\com.st.stm32cube.common.mx_6.12.0.202406281431\\db\/plugins/boardmanager/
2024-08-25 14:04:40,603 [INFO] ApiDb:261 - Set plugin images path to: C:\ST\STM32CubeIDE_1.14.1\STM32CubeIDE\plugins\com.st.stm32cube.common.mx_6.12.0.202406281431\\db\/plugins/mcufinder/images/
2024-08-25 14:04:40,603 [WARN] DbFile:41 - Overriding database path with different value: C:\Users\LPC6\.stmcufinder\plugins\mcufinder/ => C:\Users\LPC6\.stmcufinder\plugins\mcufinder
2024-08-25 14:04:40,603 [INFO] ApiDb:250 - Set database path to: C:\Users\LPC6\.stmcufinder\plugins\mcufinder//mcu/
2024-08-25 14:04:40,603 [WARN] DbFile:41 - Overriding database path with different value: C:\Users\LPC6\.stmcufinder\plugins\mcufinder/ => C:\Users\LPC6\.stmcufinder\plugins\mcufinder
2024-08-25 14:04:40,603 [INFO] DbMcusAds:125 - Set database path to: C:\Users\LPC6\.stmcufinder\plugins\mcufinder//mcu/
2024-08-25 14:04:40,604 [WARN] DbFile:41 - Overriding database path with different value: C:\Users\LPC6\.stmcufinder\plugins\mcufinder/ => C:\Users\LPC6\.stmcufinder\plugins\mcufinder
2024-08-25 14:04:40,604 [WARN] DbFile:41 - Overriding database path with different value: C:\Users\LPC6\.stmcufinder\plugins\mcufinder/ => C:\Users\LPC6\.stmcufinder\plugins\mcufinder
2024-08-25 14:04:40,604 [INFO] CrossReferenceDbSqlite:203 - Set database path to: C:\Users\LPC6\.stmcufinder\plugins\mcufinder//mcu/cs/
2024-08-25 14:04:40,623 [INFO] ApplicationProperties:184 - Using Application install path: C:\ST\STM32CubeIDE_1.14.1\STM32CubeIDE\plugins\com.st.stm32cube.common.mx_6.12.0.202406281431
2024-08-25 14:04:40,624 [INFO] PluginManage:196 - Search for loadable plugins [exclusion list=, ]
2024-08-25 14:04:40,626 [INFO] PluginManage:310 - Check plugin analytics
2024-08-25 14:04:40,779 [INFO] AnalyticsPlugin:253 - Accepted Software Licenses: 
2024-08-25 14:04:40,779 [INFO] AnalyticsPlugin:255 - Accepted CMSIS Pack Licenses: STMicroelectronics.X-CUBE-NFC4.3.0.0
2024-08-25 14:04:40,780 [INFO] AnalyticsPlugin:257 - Accepted Firmware Licenses: FW.F4.1.28.0,FW.L4.1.18.0,FW.G0.1.6.0
2024-08-25 14:04:40,782 [INFO] PluginManage:359 - Loaded plugin analytics (category:tool,tabindex:-1)
2024-08-25 14:04:40,782 [INFO] PluginManage:310 - Check plugin cadmodel
2024-08-25 14:04:40,798 [INFO] CADModel:105 - Init CAD model plugin
2024-08-25 14:04:40,798 [INFO] PluginManage:359 - Loaded plugin cadmodel (category:power,tabindex:5)
2024-08-25 14:04:40,798 [INFO] PluginManage:310 - Check plugin clock
2024-08-25 14:04:40,817 [INFO] PluginManage:359 - Loaded plugin clock (category:base,tabindex:2)
2024-08-25 14:04:40,817 [INFO] PluginManage:310 - Check plugin ddr
2024-08-25 14:04:40,820 [INFO] PluginManage:359 - Loaded plugin ddr (category:tool,tabindex:6)
2024-08-25 14:04:40,820 [INFO] PluginManage:310 - Check plugin filemanager
2024-08-25 14:04:40,988 [INFO] PluginManage:359 - Loaded plugin filemanager (category:base,tabindex:10)
2024-08-25 14:04:40,988 [INFO] PluginManage:310 - Check plugin ipmanager
2024-08-25 14:04:40,996 [INFO] PluginManage:359 - Loaded plugin ipmanager (category:base,tabindex:5)
2024-08-25 14:04:40,996 [INFO] PluginManage:310 - Check plugin lpbam
2024-08-25 14:04:41,017 [INFO] PluginManage:359 - Loaded plugin lpbam (category:base,tabindex:0)
2024-08-25 14:04:41,017 [INFO] PluginManage:310 - Check plugin memorymap
2024-08-25 14:04:41,044 [INFO] PluginManage:359 - Loaded plugin memorymap (category:base,tabindex:4)
2024-08-25 14:04:41,044 [INFO] PluginManage:310 - Check plugin pinoutandconfiguration
2024-08-25 14:04:41,062 [INFO] PluginManage:359 - Loaded plugin pinoutandconfiguration (category:base,tabindex:1)
2024-08-25 14:04:41,063 [INFO] PluginManage:310 - Check plugin pinoutconfig
2024-08-25 14:04:41,174 [WARN] SupportedApi:132 - Cannot load RTOS API schema: s4s-elt-must-match.1: The content of 'definitions' must match (annotation?, (simpleType | complexType)?, (unique | key | keyref)*)). A problem was found starting at: attribute.
2024-08-25 14:04:41,312 [INFO] PluginManage:359 - Loaded plugin pinoutconfig (category:base,tabindex:0)
2024-08-25 14:04:41,312 [INFO] PluginManage:310 - Check plugin power
2024-08-25 14:04:41,334 [INFO] PluginManage:359 - Loaded plugin power (category:power,tabindex:4)
2024-08-25 14:04:41,334 [INFO] PluginManage:310 - Check plugin projectmanager
2024-08-25 14:04:41,350 [INFO] PluginManage:359 - Loaded plugin projectmanager (category:projectmanager,tabindex:4)
2024-08-25 14:04:41,351 [INFO] PluginManage:310 - Check plugin rif
2024-08-25 14:04:41,367 [INFO] PluginManage:359 - Loaded plugin rif (category:base,tabindex:3)
2024-08-25 14:04:41,368 [INFO] PluginManage:310 - Check plugin thirdparty
2024-08-25 14:04:41,645 [INFO] PluginManage:359 - Loaded plugin thirdparty (category:base,tabindex:-1)
2024-08-25 14:04:41,646 [INFO] PluginManage:310 - Check plugin tools
2024-08-25 14:04:41,645 [WARN] IntegrityCheckThread:84 - waiting for thirdparty lock release [integrity check]
2024-08-25 14:04:41,646 [INFO] IntegrityCheckThread:86 - entering critical section [integrity check]
2024-08-25 14:04:41,647 [INFO] ThirdPartyUpdaterWithRetryManager:70 - Updater plugin not ready yet. [1/15]
2024-08-25 14:04:41,684 [INFO] PluginManage:359 - Loaded plugin tools (category:base,tabindex:7)
2024-08-25 14:04:41,684 [INFO] PluginManage:310 - Check plugin tutovideos
2024-08-25 14:04:41,886 [INFO] PluginManage:359 - Loaded plugin tutovideos (category:base,tabindex:-1)
2024-08-25 14:04:41,886 [INFO] PluginManage:310 - Check plugin updater
2024-08-25 14:04:41,907 [INFO] PluginManage:359 - Loaded plugin updater (category:base,tabindex:12)
2024-08-25 14:04:41,907 [INFO] PluginManage:310 - Check plugin userauth
2024-08-25 14:04:41,913 [INFO] UserAuth:113 - Init User Auth plugin
2024-08-25 14:04:41,913 [INFO] PluginManage:359 - Loaded plugin userauth (category:base,tabindex:14)
2024-08-25 14:04:41,914 [INFO] PluginManage:283 - PluginManage : Loaded plugins [18]
2024-08-25 14:04:42,131 [INFO] PinOutPanel:1561 - setPackage(No Configuration,No Configuration)
2024-08-25 14:04:42,223 [INFO] CADModel:165 - CPN selected for project level
2024-08-25 14:04:42,223 [INFO] CADModel:114 - Register for checkConnection events
2024-08-25 14:04:42,251 [INFO] IPUIPlugin:80 - create IPUIPlugin
2024-08-25 14:04:42,251 [INFO] PluginManager:220 - loadIPPluginJar : add adc
2024-08-25 14:04:42,289 [INFO] IPUIPlugin:80 - create IPUIPlugin
2024-08-25 14:04:42,289 [INFO] PluginManager:220 - loadIPPluginJar : add aes
2024-08-25 14:04:42,332 [INFO] IPUIPlugin:80 - create IPUIPlugin
2024-08-25 14:04:42,332 [INFO] PluginManager:220 - loadIPPluginJar : add can
2024-08-25 14:04:42,356 [INFO] IPUIPlugin:80 - create IPUIPlugin
2024-08-25 14:04:42,356 [INFO] PluginManager:220 - loadIPPluginJar : add comp
2024-08-25 14:04:42,390 [INFO] IPUIPlugin:80 - create IPUIPlugin
2024-08-25 14:04:42,390 [INFO] PluginManager:220 - loadIPPluginJar : add cryp
2024-08-25 14:04:42,402 [INFO] IPUIPlugin:80 - create IPUIPlugin
2024-08-25 14:04:42,402 [INFO] PluginManager:220 - loadIPPluginJar : add ddr_ctrl_phy
2024-08-25 14:04:42,432 [INFO] IPUIPlugin:80 - create IPUIPlugin
2024-08-25 14:04:42,432 [INFO] PluginManager:220 - loadIPPluginJar : add dfsdm
2024-08-25 14:04:42,446 [INFO] IPUIPlugin:80 - create IPUIPlugin
2024-08-25 14:04:42,446 [INFO] PluginManager:220 - loadIPPluginJar : add dma
2024-08-25 14:04:42,490 [INFO] IPUIPlugin:80 - create IPUIPlugin
2024-08-25 14:04:42,490 [INFO] PluginManager:220 - loadIPPluginJar : add dma3
2024-08-25 14:04:42,535 [INFO] IPUIPlugin:80 - create IPUIPlugin
2024-08-25 14:04:42,535 [INFO] PluginManager:220 - loadIPPluginJar : add extmemmanager
2024-08-25 14:04:42,555 [INFO] IPUIPlugin:80 - create IPUIPlugin
2024-08-25 14:04:42,555 [INFO] PluginManager:220 - loadIPPluginJar : add fatfs
2024-08-25 14:04:42,602 [INFO] IPUIPlugin:80 - create IPUIPlugin
2024-08-25 14:04:42,603 [INFO] PluginManager:220 - loadIPPluginJar : add fmc
2024-08-25 14:04:42,618 [INFO] IPUIPlugin:80 - create IPUIPlugin
2024-08-25 14:04:42,618 [INFO] PluginManager:220 - loadIPPluginJar : add freertos
2024-08-25 14:04:42,639 [INFO] IPUIPlugin:80 - create IPUIPlugin
2024-08-25 14:04:42,639 [INFO] PluginManager:220 - loadIPPluginJar : add genericplugin
2024-08-25 14:04:42,734 [INFO] IPUIPlugin:80 - create IPUIPlugin
2024-08-25 14:04:42,734 [INFO] PluginManager:220 - loadIPPluginJar : add gfxmmu
2024-08-25 14:04:42,879 [INFO] IPUIPlugin:80 - create IPUIPlugin
2024-08-25 14:04:42,879 [INFO] PluginManager:220 - loadIPPluginJar : add gic
2024-08-25 14:04:42,895 [INFO] IPUIPlugin:80 - create IPUIPlugin
2024-08-25 14:04:42,896 [INFO] PluginManager:220 - loadIPPluginJar : add gpio
2024-08-25 14:04:42,987 [INFO] IPUIPlugin:80 - create IPUIPlugin
2024-08-25 14:04:42,987 [INFO] PluginManager:220 - loadIPPluginJar : add gtzc
2024-08-25 14:04:43,019 [INFO] IPUIPlugin:80 - create IPUIPlugin
2024-08-25 14:04:43,019 [INFO] PluginManager:220 - loadIPPluginJar : add hash
2024-08-25 14:04:43,072 [INFO] IPUIPlugin:80 - create IPUIPlugin
2024-08-25 14:04:43,073 [INFO] PluginManager:220 - loadIPPluginJar : add i2c
2024-08-25 14:04:43,111 [INFO] IPUIPlugin:80 - create IPUIPlugin
2024-08-25 14:04:43,111 [INFO] PluginManager:220 - loadIPPluginJar : add i2s
2024-08-25 14:04:43,153 [INFO] IPUIPlugin:80 - create IPUIPlugin
2024-08-25 14:04:43,153 [INFO] PluginManager:220 - loadIPPluginJar : add i3c
2024-08-25 14:04:43,257 [INFO] IPUIPlugin:80 - create IPUIPlugin
2024-08-25 14:04:43,258 [INFO] PluginManager:220 - loadIPPluginJar : add ipddr
2024-08-25 14:04:43,351 [INFO] IPUIPlugin:80 - create IPUIPlugin
2024-08-25 14:04:43,351 [INFO] PluginManager:220 - loadIPPluginJar : add linkedlist
2024-08-25 14:04:43,386 [INFO] IPUIPlugin:80 - create IPUIPlugin
2024-08-25 14:04:43,386 [INFO] PluginManager:220 - loadIPPluginJar : add lorawan
2024-08-25 14:04:43,423 [INFO] IPUIPlugin:80 - create IPUIPlugin
2024-08-25 14:04:43,423 [INFO] PluginManager:220 - loadIPPluginJar : add ltdc
2024-08-25 14:04:43,439 [INFO] IPUIPlugin:80 - create IPUIPlugin
2024-08-25 14:04:43,439 [INFO] PluginManager:220 - loadIPPluginJar : add mdma
2024-08-25 14:04:43,451 [INFO] IPUIPlugin:80 - create IPUIPlugin
2024-08-25 14:04:43,451 [INFO] PluginManager:220 - loadIPPluginJar : add nvic
2024-08-25 14:04:43,488 [INFO] IPUIPlugin:80 - create IPUIPlugin
2024-08-25 14:04:43,488 [INFO] PluginManager:220 - loadIPPluginJar : add opamp
2024-08-25 14:04:43,552 [INFO] IPUIPlugin:80 - create IPUIPlugin
2024-08-25 14:04:43,553 [INFO] PluginManager:220 - loadIPPluginJar : add openamp
2024-08-25 14:04:43,598 [INFO] IPUIPlugin:80 - create IPUIPlugin
2024-08-25 14:04:43,598 [INFO] PluginManager:220 - loadIPPluginJar : add pdm2pcm
2024-08-25 14:04:43,613 [INFO] IPUIPlugin:80 - create IPUIPlugin
2024-08-25 14:04:43,615 [INFO] PluginManager:220 - loadIPPluginJar : add plateformsettings
2024-08-25 14:04:43,637 [INFO] IPUIPlugin:80 - create IPUIPlugin
2024-08-25 14:04:43,637 [INFO] PluginManager:220 - loadIPPluginJar : add quadspi
2024-08-25 14:04:43,665 [INFO] IPUIPlugin:80 - create IPUIPlugin
2024-08-25 14:04:43,666 [INFO] PluginManager:220 - loadIPPluginJar : add radio
2024-08-25 14:04:43,678 [INFO] IPUIPlugin:80 - create IPUIPlugin
2024-08-25 14:04:43,678 [INFO] PluginManager:220 - loadIPPluginJar : add resmgrutility
2024-08-25 14:04:43,726 [INFO] IPUIPlugin:80 - create IPUIPlugin
2024-08-25 14:04:43,727 [INFO] PluginManager:220 - loadIPPluginJar : add sai
2024-08-25 14:04:43,764 [INFO] IPUIPlugin:80 - create IPUIPlugin
2024-08-25 14:04:43,764 [INFO] PluginManager:220 - loadIPPluginJar : add spi
2024-08-25 14:04:43,835 [INFO] IPUIPlugin:80 - create IPUIPlugin
2024-08-25 14:04:43,835 [INFO] PluginManager:220 - loadIPPluginJar : add stm32_wpan
2024-08-25 14:04:43,858 [INFO] IPUIPlugin:80 - create IPUIPlugin
2024-08-25 14:04:43,859 [INFO] PluginManager:220 - loadIPPluginJar : add tim
2024-08-25 14:04:43,918 [INFO] IPUIPlugin:80 - create IPUIPlugin
2024-08-25 14:04:43,919 [INFO] PluginManager:220 - loadIPPluginJar : add touchsensing
2024-08-25 14:04:43,941 [INFO] IPUIPlugin:80 - create IPUIPlugin
2024-08-25 14:04:43,941 [INFO] PluginManager:220 - loadIPPluginJar : add tracer_emb
2024-08-25 14:04:43,964 [INFO] IPUIPlugin:80 - create IPUIPlugin
2024-08-25 14:04:43,965 [INFO] PluginManager:220 - loadIPPluginJar : add ts
2024-08-25 14:04:43,986 [INFO] IPUIPlugin:80 - create IPUIPlugin
2024-08-25 14:04:43,986 [INFO] PluginManager:220 - loadIPPluginJar : add tsc
2024-08-25 14:04:44,008 [INFO] IPUIPlugin:80 - create IPUIPlugin
2024-08-25 14:04:44,009 [INFO] PluginManager:220 - loadIPPluginJar : add ucpd
2024-08-25 14:04:44,056 [INFO] IPUIPlugin:80 - create IPUIPlugin
2024-08-25 14:04:44,056 [INFO] PluginManager:220 - loadIPPluginJar : add usart
2024-08-25 14:04:44,105 [INFO] IPUIPlugin:80 - create IPUIPlugin
2024-08-25 14:04:44,105 [INFO] PluginManager:220 - loadIPPluginJar : add usbx
2024-08-25 14:04:44,233 [INFO] CADModel:165 - CPN selected for project level
2024-08-25 14:04:44,233 [INFO] CADModel:114 - Register for checkConnection events
2024-08-25 14:04:44,234 [FATAL] Updater:334 - Updater called before beeing initialized
2024-08-25 14:04:44,234 [ERROR] CADModel:125 - Updater not yet initialized, retry later 
2024-08-25 14:04:44,350 [INFO] CADModel:165 - CPN selected for project level
2024-08-25 14:04:44,350 [INFO] CADModel:114 - Register for checkConnection events
2024-08-25 14:04:44,350 [FATAL] Updater:334 - Updater called before beeing initialized
2024-08-25 14:04:44,350 [ERROR] CADModel:125 - Updater not yet initialized, retry later 
2024-08-25 14:04:44,353 [FATAL] Updater:334 - Updater called before beeing initialized
2024-08-25 14:04:44,455 [FATAL] Updater:334 - Updater called before beeing initialized
2024-08-25 14:04:44,466 [INFO] DbMcusAds:53 - JSON generation date=Thu May 16 14:52:00 IST 2024 (1715851320667)
2024-08-25 14:04:44,466 [FATAL] Updater:334 - Updater called before beeing initialized
2024-08-25 14:04:44,513 [WARN] DetailPanel:346 - Failed to get advertising image, set to default
2024-08-25 14:04:44,604 [FATAL] Updater:334 - Updater called before beeing initialized
2024-08-25 14:04:44,606 [FATAL] Updater:334 - Updater called before beeing initialized
2024-08-25 14:04:44,606 [FATAL] Updater:334 - Updater called before beeing initialized
2024-08-25 14:04:44,606 [WARN] DetailPanel:346 - Failed to get advertising image, set to default
2024-08-25 14:04:44,607 [FATAL] Updater:334 - Updater called before beeing initialized
2024-08-25 14:04:44,647 [INFO] ThirdPartyUpdaterWithRetryManager:70 - Updater plugin not ready yet. [2/15]
2024-08-25 14:04:44,671 [ERROR] Updater:1164 - MainUpdater not yet initialized. External WinMGr cannot be set.
2024-08-25 14:04:44,683 [INFO] Updater:1100 - Updater Version found : 6.12.0
2024-08-25 14:04:44,703 [INFO] ApplicationProperties:184 - Using Application install path: C:\ST\STM32CubeIDE_1.14.1\STM32CubeIDE\plugins\com.st.stm32cube.common.mx_6.12.0.202406281431
2024-08-25 14:04:45,879 [INFO] MainUpdater:2873 - connection check result : 10
2024-08-25 14:04:45,880 [INFO] MainUpdater:290 - Updater Check For Update Now.
2024-08-25 14:04:45,881 [INFO] MicroXplorer:498 - Change Database Version : DB.6.0.120
2024-08-25 14:04:45,910 [INFO] McuFinderGlobals:63 - Set McuFinder mode to 2 (CubeIDE integrated)
2024-08-25 14:04:45,918 [INFO] UserAuth:417 - Internet connection configuration mode: 1
2024-08-25 14:04:45,958 [INFO] JxBrowserEngine:152 - Initiate JxBrowser Engine with user profile folder
2024-08-25 14:04:46,094 [INFO] CheckServerUpdateThread:120 - End of CheckServer Thread
2024-08-25 14:04:47,901 [WARN] PackLoader:240 - Cannot read IP mode file for STMicroelectronics.FP-SNS-MOTENVWB1.1.4.0
2024-08-25 14:04:47,918 [WARN] PackLoader:240 - Cannot read IP mode file for STMicroelectronics.X-CUBE-SMBUS.2.1.0
2024-08-25 14:04:47,931 [WARN] PackLoader:240 - Cannot read IP mode file for STMicroelectronics.X-CUBE-TOUCHGFX.4.23.0
2024-08-25 14:04:47,942 [WARN] PackLoader:240 - Cannot read IP mode file for STMicroelectronics.X-CUBE-TOUCHGFX.4.23.2
2024-08-25 14:04:47,987 [WARN] PackLoader:240 - Cannot read IP mode file for STMicroelectronics.X-CUBE-AZRTOS-F7.1.1.0
2024-08-25 14:04:48,004 [ERROR] RealEvaluatedCondition:428 - Found unsupported composite condition: CLASS='Data Exchange' GROUP='STM32_MetaDataManager'
2024-08-25 14:04:48,005 [ERROR] RealEvaluatedCondition:428 - Found unsupported composite condition: CLASS='Data Exchange' GROUP='STM32_MetaDataManager'
2024-08-25 14:04:48,006 [WARN] PackLoader:240 - Cannot read IP mode file for STMicroelectronics.FP-SNS-MOTENV1.4.3.0
2024-08-25 14:04:48,022 [WARN] PackLoader:240 - Cannot read IP mode file for STMicroelectronics.FP-SNS-MOTENV1.4.3.2
2024-08-25 14:04:48,036 [WARN] PackLoader:240 - Cannot read IP mode file for STMicroelectronics.FP-SNS-FLIGHT1.5.0.0
2024-08-25 14:04:48,049 [WARN] PackLoader:240 - Cannot read IP mode file for STMicroelectronics.FP-SNS-FLIGHT1.5.0.1
2024-08-25 14:04:48,068 [WARN] PackLoader:240 - Cannot read IP mode file for STMicroelectronics.X-CUBE-BLE1.6.2.3
2024-08-25 14:04:48,148 [WARN] PackLoader:240 - Cannot read IP mode file for STMicroelectronics.X-CUBE-MEMS1.11.0.0
2024-08-25 14:04:48,298 [WARN] PackLoader:240 - Cannot read IP mode file for STMicroelectronics.X-CUBE-BLE1.6.2.4
2024-08-25 14:04:48,311 [WARN] PackLoader:240 - Cannot read IP mode file for STMicroelectronics.FP-SNS-FLIGHT1.5.0.2
2024-08-25 14:04:48,333 [WARN] PackLoader:240 - Cannot read IP mode file for STMicroelectronics.X-CUBE-TOF1.3.1.0
2024-08-25 14:04:48,353 [WARN] PackLoader:240 - Cannot read IP mode file for STMicroelectronics.X-CUBE-DISPLAY.3.0.0
2024-08-25 14:04:48,369 [WARN] PackLoader:240 - Cannot read IP mode file for STMicroelectronics.X-CUBE-BLE1.7.0.0
2024-08-25 14:04:48,382 [WARN] PackLoader:240 - Cannot read IP mode file for STMicroelectronics.X-CUBE-TOUCHGFX.4.22.0
2024-08-25 14:04:48,393 [WARN] PackLoader:240 - Cannot read IP mode file for STMicroelectronics.X-CUBE-TOUCHGFX.4.22.1
2024-08-25 14:04:48,484 [WARN] PackLoader:240 - Cannot read IP mode file for STMicroelectronics.X-CUBE-MEMS1.9.3.0
2024-08-25 14:04:48,672 [WARN] PackLoader:240 - Cannot read IP mode file for STMicroelectronics.X-CUBE-AI.7.2.0
2024-08-25 14:04:48,689 [WARN] PackLoader:240 - Cannot read IP mode file for STMicroelectronics.X-CUBE-BLEMGR.3.1.0
2024-08-25 14:04:48,713 [WARN] PackLoader:240 - Cannot read IP mode file for STMicroelectronics.FP-SNS-SMARTAG2.1.2.0
2024-08-25 14:04:48,735 [INFO] LogOutputStream:77 - [STDOUT_REDIRECT] 1 : Invalid condition id : UX_CORESTACK_Condition cause : null
2024-08-25 14:04:48,736 [INFO] LogOutputStream:77 - [STDOUT_REDIRECT] 1 : Invalid condition id : UX_CORESTACK_Condition cause : null
2024-08-25 14:04:48,737 [INFO] LogOutputStream:77 - [STDOUT_REDIRECT] 1 : Invalid condition id : UX_CORESTACK_Condition cause : null
2024-08-25 14:04:48,739 [INFO] LogOutputStream:77 - [STDOUT_REDIRECT] 1 : Invalid condition id : UX_CORESTACK_Condition cause : null
2024-08-25 14:04:48,741 [INFO] LogOutputStream:77 - [STDOUT_REDIRECT] 1 : Invalid condition id : UX_CORESTACK_Condition cause : null
2024-08-25 14:04:48,749 [WARN] PackLoader:240 - Cannot read IP mode file for STMicroelectronics.X-CUBE-AZRTOS-WL.2.0.0
2024-08-25 14:04:48,763 [WARN] PackLoader:240 - Cannot read IP mode file for STMicroelectronics.FP-SNS-MOTENV1.5.0.0
2024-08-25 14:04:48,776 [WARN] PackLoader:240 - Cannot read IP mode file for wolfSSL.I-CUBE-wolfMQTT.1.19.0
2024-08-25 14:04:48,792 [WARN] PackLoader:240 - Cannot read IP mode file for WES.I-CUBE-Cesium.1.3.0
2024-08-25 14:04:48,816 [WARN] PackLoader:240 - Cannot read IP mode file for STMicroelectronics.X-CUBE-BLE2.3.3.0
2024-08-25 14:04:49,234 [WARN] PackLoader:240 - Cannot read IP mode file for STMicroelectronics.X-CUBE-DISPLAY.2.2.0
2024-08-25 14:04:49,262 [WARN] PackLoader:240 - Cannot read IP mode file for STMicroelectronics.X-CUBE-TOF1.3.2.0
2024-08-25 14:04:49,278 [WARN] PackLoader:240 - Cannot read IP mode file for STMicroelectronics.X-CUBE-ISPU.1.0.0
2024-08-25 14:04:50,269 [WARN] PackLoader:240 - Cannot read IP mode file for STMicroelectronics.X-CUBE-AZRTOS-H7.2.1.0
2024-08-25 14:04:50,289 [WARN] PackLoader:240 - Cannot read IP mode file for STMicroelectronics.X-CUBE-TCPP.4.1.0
2024-08-25 14:04:50,304 [WARN] PackLoader:240 - Cannot read IP mode file for STMicroelectronics.X-CUBE-TOUCHGFX.4.21.1
2024-08-25 14:04:50,315 [WARN] PackLoader:240 - Cannot read IP mode file for STMicroelectronics.X-CUBE-TOUCHGFX.4.21.3
2024-08-25 14:04:50,335 [WARN] PackLoader:240 - Cannot read IP mode file for STMicroelectronics.X-CUBE-TOUCHGFX.4.21.4
2024-08-25 14:04:50,419 [WARN] PackLoader:240 - Cannot read IP mode file for STMicroelectronics.X-CUBE-MEMS1.9.4.0
2024-08-25 14:04:50,695 [WARN] PackLoader:240 - Cannot read IP mode file for STMicroelectronics.X-CUBE-AI.7.3.0
2024-08-25 14:04:50,734 [WARN] PackLoader:240 - Cannot read IP mode file for STMicroelectronics.X-CUBE-ALGOBUILD.1.3.0
2024-08-25 14:04:50,796 [INFO] WebApp:167 - Instantiating new browser for Auth
2024-08-25 14:04:50,855 [WARN] PackLoader:240 - Cannot read IP mode file for STMicroelectronics.X-CUBE-AZRTOS-G0.1.1.0
2024-08-25 14:04:50,909 [WARN] PackLoader:240 - Cannot read IP mode file for STMicroelectronics.X-CUBE-SAFEA1.1.2.2
2024-08-25 14:04:50,980 [WARN] PackLoader:240 - Cannot read IP mode file for STMicroelectronics.X-CUBE-NFC4.3.0.0
2024-08-25 14:04:51,206 [WARN] PackLoader:240 - Cannot read IP mode file for SEGGER.I-CUBE-embOS.1.2.0
2024-08-25 14:04:51,285 [WARN] PackLoader:240 - Cannot read IP mode file for wolfSSL.I-CUBE-wolfMQTT.1.18.0
2024-08-25 14:04:51,355 [WARN] PackLoader:240 - Cannot read IP mode file for EmbeddedOffice.I-CUBE-FS-RTOS.1.0.1
2024-08-25 14:04:51,356 [ERROR] ConditionMgr:805 - Attr not supported : Dmpu
2024-08-25 14:04:51,356 [ERROR] ConditionMgr:805 - Attr not supported : Dmpu
2024-08-25 14:04:51,356 [ERROR] ConditionMgr:805 - Attr not supported : Dmpu
2024-08-25 14:04:51,356 [ERROR] ConditionMgr:805 - Attr not supported : Dmpu
2024-08-25 14:04:51,357 [ERROR] ConditionMgr:805 - Attr not supported : Dmpu
2024-08-25 14:04:51,357 [ERROR] ConditionMgr:805 - Attr not supported : Dmpu
2024-08-25 14:04:51,357 [ERROR] ConditionMgr:805 - Attr not supported : Dmpu
2024-08-25 14:04:51,357 [ERROR] ConditionMgr:805 - Attr not supported : Dmpu
2024-08-25 14:04:51,358 [ERROR] ConditionMgr:805 - Attr not supported : Dmpu
2024-08-25 14:04:51,358 [ERROR] ConditionMgr:805 - Attr not supported : Dmpu
2024-08-25 14:04:51,358 [ERROR] ConditionMgr:805 - Attr not supported : Dmpu
2024-08-25 14:04:51,358 [ERROR] ConditionMgr:805 - Attr not supported : Dmpu
2024-08-25 14:04:51,358 [ERROR] ConditionMgr:805 - Attr not supported : Dmpu
2024-08-25 14:04:51,358 [ERROR] ConditionMgr:805 - Attr not supported : Dmpu
2024-08-25 14:04:51,358 [ERROR] ConditionMgr:805 - Attr not supported : Dmpu
2024-08-25 14:04:51,358 [ERROR] ConditionMgr:805 - Attr not supported : Dmpu
2024-08-25 14:04:51,358 [ERROR] ConditionMgr:805 - Attr not supported : Dmpu
2024-08-25 14:04:51,358 [ERROR] ConditionMgr:805 - Attr not supported : Dmpu
2024-08-25 14:04:51,358 [ERROR] ConditionMgr:805 - Attr not supported : Dmpu
2024-08-25 14:04:51,358 [ERROR] ConditionMgr:805 - Attr not supported : Dmpu
2024-08-25 14:04:51,358 [ERROR] ConditionMgr:805 - Attr not supported : Dmpu
2024-08-25 14:04:51,358 [ERROR] ConditionMgr:805 - Attr not supported : Dmpu
2024-08-25 14:04:51,358 [ERROR] ConditionMgr:805 - Attr not supported : Dmpu
2024-08-25 14:04:51,358 [ERROR] ConditionMgr:805 - Attr not supported : Dmpu
2024-08-25 14:04:51,358 [ERROR] ConditionMgr:805 - Attr not supported : Dmpu
2024-08-25 14:04:51,359 [ERROR] ConditionMgr:805 - Attr not supported : Dmpu
2024-08-25 14:04:51,359 [ERROR] ConditionMgr:805 - Attr not supported : Dmpu
2024-08-25 14:04:51,359 [ERROR] ConditionMgr:805 - Attr not supported : Dmpu
2024-08-25 14:04:51,359 [ERROR] ConditionMgr:805 - Attr not supported : Dmpu
2024-08-25 14:04:51,359 [ERROR] ConditionMgr:805 - Attr not supported : Dmpu
2024-08-25 14:04:51,359 [ERROR] ConditionMgr:805 - Attr not supported : Dmpu
2024-08-25 14:04:51,359 [ERROR] ConditionMgr:805 - Attr not supported : Dmpu
2024-08-25 14:04:51,359 [ERROR] ConditionMgr:805 - Attr not supported : Dmpu
2024-08-25 14:04:51,359 [ERROR] ConditionMgr:805 - Attr not supported : Dmpu
2024-08-25 14:04:51,359 [ERROR] ConditionMgr:805 - Attr not supported : Dmpu
2024-08-25 14:04:51,359 [ERROR] ConditionMgr:805 - Attr not supported : Dmpu
2024-08-25 14:04:51,359 [ERROR] ConditionMgr:805 - Attr not supported : Dmpu
2024-08-25 14:04:51,360 [ERROR] ConditionMgr:805 - Attr not supported : Dmpu
2024-08-25 14:04:51,360 [ERROR] ConditionMgr:805 - Attr not supported : Dmpu
2024-08-25 14:04:51,360 [ERROR] ConditionMgr:805 - Attr not supported : Dmpu
2024-08-25 14:04:51,360 [ERROR] ConditionMgr:805 - Attr not supported : Dmpu
2024-08-25 14:04:51,360 [ERROR] ConditionMgr:805 - Attr not supported : Dmpu
2024-08-25 14:04:51,360 [ERROR] ConditionMgr:805 - Attr not supported : Dmpu
2024-08-25 14:04:51,360 [ERROR] ConditionMgr:805 - Attr not supported : Dmpu
2024-08-25 14:04:51,360 [ERROR] ConditionMgr:805 - Attr not supported : Dmpu
2024-08-25 14:04:51,360 [ERROR] ConditionMgr:805 - Attr not supported : Dmpu
2024-08-25 14:04:51,360 [ERROR] ConditionMgr:805 - Attr not supported : Dmpu
2024-08-25 14:04:51,361 [ERROR] ConditionMgr:805 - Attr not supported : Dmpu
2024-08-25 14:04:51,361 [ERROR] ConditionMgr:805 - Attr not supported : Dmpu
2024-08-25 14:04:51,361 [ERROR] ConditionMgr:805 - Attr not supported : Dmpu
2024-08-25 14:04:51,361 [ERROR] ConditionMgr:805 - Attr not supported : Dmpu
2024-08-25 14:04:51,361 [ERROR] ConditionMgr:805 - Attr not supported : Dmpu
2024-08-25 14:04:51,361 [ERROR] ConditionMgr:805 - Attr not supported : Dmpu
2024-08-25 14:04:51,361 [ERROR] ConditionMgr:805 - Attr not supported : Dmpu
2024-08-25 14:04:51,361 [ERROR] ConditionMgr:805 - Attr not supported : Dmpu
2024-08-25 14:04:51,361 [ERROR] ConditionMgr:805 - Attr not supported : Dmpu
2024-08-25 14:04:51,361 [ERROR] ConditionMgr:805 - Attr not supported : Dmpu
2024-08-25 14:04:51,361 [ERROR] ConditionMgr:805 - Attr not supported : Dmpu
2024-08-25 14:04:51,361 [ERROR] ConditionMgr:805 - Attr not supported : Dmpu
2024-08-25 14:04:51,361 [ERROR] ConditionMgr:805 - Attr not supported : Dmpu
2024-08-25 14:04:51,361 [ERROR] ConditionMgr:805 - Attr not supported : Dmpu
2024-08-25 14:04:51,361 [ERROR] ConditionMgr:805 - Attr not supported : Dmpu
2024-08-25 14:04:51,361 [ERROR] ConditionMgr:805 - Attr not supported : Dmpu
2024-08-25 14:04:51,362 [ERROR] ConditionMgr:805 - Attr not supported : Dmpu
2024-08-25 14:04:51,383 [WARN] PackLoader:240 - Cannot read IP mode file for STMicroelectronics.X-CUBE-BLEMGR.3.0.0
2024-08-25 14:04:51,426 [WARN] PackLoader:240 - Cannot read IP mode file for STMicroelectronics.X-CUBE-BLEMGR.1.3.0
2024-08-25 14:04:51,439 [WARN] PackLoader:240 - Cannot read IP mode file for RealThread.X-CUBE-RT-Thread_Nano.4.1.1
2024-08-25 14:04:51,485 [WARN] PackLoader:240 - Cannot read IP mode file for STMicroelectronics.FP-ATR-SIGFOX1.3.2.0
2024-08-25 14:04:51,520 [WARN] PackLoader:240 - Cannot read IP mode file for STMicroelectronics.X-CUBE-EEPRMA1.5.1.0
2024-08-25 14:04:51,598 [WARN] PackLoader:240 - Cannot read IP mode file for STMicroelectronics.X-CUBE-TOUCHGFX.4.20.0
2024-08-25 14:04:51,667 [WARN] PackLoader:240 - Cannot read IP mode file for STMicroelectronics.X-CUBE-MEMS1.9.5.0
2024-08-25 14:04:51,846 [WARN] PackLoader:240 - Cannot read IP mode file for SEGGER.I-CUBE-embOS.1.3.1
2024-08-25 14:04:51,886 [WARN] PackLoader:240 - Cannot read IP mode file for STMicroelectronics.X-CUBE-ALGOBUILD.1.4.0
2024-08-25 14:04:51,906 [WARN] PackLoader:240 - Cannot read IP mode file for STMicroelectronics.X-CUBE-GNSS1.6.0.0
2024-08-25 14:04:51,936 [WARN] PackLoader:240 - Cannot read IP mode file for STMicroelectronics.X-CUBE-AZRTOS-F4.1.1.0
2024-08-25 14:04:51,970 [WARN] PackLoader:240 - Cannot read IP mode file for STMicroelectronics.X-CUBE-FREERTOS.1.2.0
2024-08-25 14:04:51,990 [WARN] PackLoader:240 - Cannot read IP mode file for STMicroelectronics.X-CUBE-BLEMGR.1.2.0
2024-08-25 14:04:52,113 [WARN] PackLoader:240 - Cannot read IP mode file for STMicroelectronics.X-CUBE-AZRTOS-L5.2.0.0
2024-08-25 14:04:52,214 [WARN] PackLoader:240 - Cannot read IP mode file for STMicroelectronics.X-CUBE-MEMS1.9.6.0
2024-08-25 14:04:52,348 [WARN] PackLoader:240 - Cannot read IP mode file for STMicroelectronics.X-CUBE-EEPRMA1.4.2.0
2024-08-25 14:04:52,369 [WARN] PackLoader:240 - Cannot read IP mode file for STMicroelectronics.X-CUBE-NFC6.3.1.0
2024-08-25 14:04:52,408 [INFO] WebApp:448 - Apply proxy settings
2024-08-25 14:04:52,408 [INFO] WebApp:533 - Chromium requires no authentication
2024-08-25 14:04:52,415 [WARN] PackLoader:240 - Cannot read IP mode file for ITTIA_DB.I-CUBE-ITTIADB.8.8.0
2024-08-25 14:04:52,420 [INFO] WebApp:476 - Direct internet connection detected
2024-08-25 14:04:52,437 [WARN] PackLoader:240 - Cannot read IP mode file for emotas.I-CUBE-CANOPEN.1.1.3
2024-08-25 14:04:52,455 [WARN] PackLoader:240 - Cannot read IP mode file for STMicroelectronics.X-CUBE-BLEMGR.2.0.0
2024-08-25 14:04:52,462 [INFO] WebApp:869 - Register for checkConnection events
2024-08-25 14:04:52,462 [INFO] WebApp:448 - Apply proxy settings
2024-08-25 14:04:52,462 [INFO] WebApp:533 - Chromium requires no authentication
2024-08-25 14:04:52,463 [INFO] WebApp:476 - Direct internet connection detected
2024-08-25 14:04:52,468 [WARN] PackLoader:240 - Cannot read IP mode file for STMicroelectronics.X-CUBE-DPower.1.2.0
2024-08-25 14:04:52,478 [WARN] PackLoader:240 - Cannot read IP mode file for STMicroelectronics.X-CUBE-NFC4.2.0.5
2024-08-25 14:04:52,501 [WARN] PackLoader:240 - Cannot read IP mode file for STMicroelectronics.X-CUBE-NFC4.2.0.4
2024-08-25 14:04:52,515 [WARN] PackLoader:240 - Cannot read IP mode file for STMicroelectronics.X-CUBE-AI.9.0.0
2024-08-25 14:04:52,569 [WARN] ConditionMgr:438 - getConditionDescription Invalid condition id : UX DEVICE CLASS RTOS Condition cause : null
2024-08-25 14:04:52,569 [WARN] ConditionMgr:438 - getConditionDescription Invalid condition id : UX DEVICE CLASS RTOS Condition cause : null
2024-08-25 14:04:52,572 [WARN] PackLoader:240 - Cannot read IP mode file for STMicroelectronics.X-CUBE-AZRTOS-H7.3.1.0
2024-08-25 14:04:52,573 [WARN] ConditionMgr:1039 - genDependencies : Invalid condition id : UX DEVICE CLASS RTOS Condition cause : null
2024-08-25 14:04:52,573 [WARN] ConditionMgr:1039 - genDependencies : Invalid condition id : UX DEVICE CLASS RTOS Condition cause : null
2024-08-25 14:04:52,575 [WARN] ConditionMgr:1039 - genDependencies : Invalid condition id : UX DEVICE CLASS RTOS Condition cause : null
2024-08-25 14:04:52,597 [WARN] ConditionMgr:1039 - genDependencies : Invalid condition id : UX DEVICE CLASS RTOS Condition cause : null
2024-08-25 14:04:52,597 [WARN] ConditionMgr:1039 - genDependencies : Invalid condition id : UX DEVICE CLASS RTOS Condition cause : null
2024-08-25 14:04:52,625 [WARN] PackLoader:240 - Cannot read IP mode file for wolfSSL.I-CUBE-wolfSSL.5.5.0
2024-08-25 14:04:52,638 [WARN] PackLoader:240 - Cannot read IP mode file for STMicroelectronics.X-CUBE-NFC7.1.0.1
2024-08-25 14:04:52,649 [WARN] PackLoader:240 - Cannot read IP mode file for STMicroelectronics.X-CUBE-NFC7.1.0.0
2024-08-25 14:04:52,661 [WARN] PackLoader:240 - Cannot read IP mode file for wolfSSL.I-CUBE-wolfTPM.3.2.0
2024-08-25 14:04:52,673 [WARN] PackLoader:240 - Cannot read IP mode file for STMicroelectronics.X-CUBE-NFC6.3.0.0
2024-08-25 14:04:52,687 [WARN] PackLoader:240 - Cannot read IP mode file for STMicroelectronics.X-CUBE-EEPRMA1.4.1.0
2024-08-25 14:04:52,719 [WARN] PackLoader:240 - Cannot read IP mode file for STMicroelectronics.X-CUBE-AI.8.1.0
2024-08-25 14:04:52,755 [WARN] ConditionMgr:438 - getConditionDescription Invalid condition id : LAN8742 Phy interface Condition cause : null
2024-08-25 14:04:52,756 [WARN] PackLoader:240 - Cannot read IP mode file for STMicroelectronics.X-CUBE-AZRTOS-L4.2.0.0
2024-08-25 14:04:52,757 [WARN] ConditionMgr:1039 - genDependencies : Invalid condition id : LAN8742 Phy interface Condition cause : null
2024-08-25 14:04:52,757 [WARN] ConditionMgr:1039 - genDependencies : Invalid condition id : LAN8742 Phy interface Condition cause : null
2024-08-25 14:04:52,757 [WARN] ConditionMgr:1039 - genDependencies : Invalid condition id : LAN8742 Phy interface Condition cause : null
2024-08-25 14:04:52,768 [INFO] WebApp:220 - Starting web application
2024-08-25 14:04:52,768 [INFO] WebApp:578 - Web application path used C:\ST\STM32CubeIDE_1.14.1\STM32CubeIDE\plugins\com.st.stm32cube.common.mx_6.12.0.202406281431\db\plugins\mcufinder\reactClient1\index.html
2024-08-25 14:04:52,796 [WARN] PackLoader:240 - Cannot read IP mode file for STMicroelectronics.X-CUBE-SFXS2LP1.4.0.0
2024-08-25 14:04:52,829 [WARN] PackLoader:240 - Cannot read IP mode file for STMicroelectronics.X-CUBE-AZRTOS-H7.3.0.0
2024-08-25 14:04:52,861 [WARN] PackLoader:240 - Cannot read IP mode file for STMicroelectronics.X-CUBE-ISPU.1.1.0
2024-08-25 14:04:52,925 [WARN] PackLoader:240 - Cannot read IP mode file for STMicroelectronics.X-CUBE-AZRTOS-H7.3.3.0
2024-08-25 14:04:52,956 [INFO] UserAuth:417 - Internet connection configuration mode: 1
2024-08-25 14:04:53,017 [WARN] PackLoader:240 - Cannot read IP mode file for RoweBots.I-CUBE-UNISONRTOS.5.5.0-4
2024-08-25 14:04:53,059 [WARN] PackLoader:240 - Cannot read IP mode file for STMicroelectronics.X-CUBE-AI.8.0.0
2024-08-25 14:04:53,098 [WARN] ConditionMgr:438 - getConditionDescription Invalid condition id : UX DEVICE CLASS RTOS Condition cause : null
2024-08-25 14:04:53,098 [WARN] ConditionMgr:438 - getConditionDescription Invalid condition id : UX DEVICE CLASS RTOS Condition cause : null
2024-08-25 14:04:53,101 [WARN] PackLoader:240 - Cannot read IP mode file for STMicroelectronics.X-CUBE-AZRTOS-WB.2.0.0
2024-08-25 14:04:53,102 [WARN] ConditionMgr:1039 - genDependencies : Invalid condition id : UX DEVICE CLASS RTOS Condition cause : null
2024-08-25 14:04:53,102 [WARN] ConditionMgr:1039 - genDependencies : Invalid condition id : UX DEVICE CLASS RTOS Condition cause : null
2024-08-25 14:04:53,102 [WARN] ConditionMgr:1039 - genDependencies : Invalid condition id : UX DEVICE CLASS RTOS Condition cause : null
2024-08-25 14:04:53,102 [WARN] ConditionMgr:1039 - genDependencies : Invalid condition id : UX DEVICE CLASS RTOS Condition cause : null
2024-08-25 14:04:53,102 [WARN] ConditionMgr:1039 - genDependencies : Invalid condition id : UX DEVICE CLASS RTOS Condition cause : null
2024-08-25 14:04:53,150 [INFO] WebApp:186 - Connection restablished
2024-08-25 14:04:53,156 [WARN] PackLoader:240 - Cannot read IP mode file for STMicroelectronics.X-CUBE-FREERTOS.1.0.0
2024-08-25 14:04:53,168 [WARN] PackLoader:240 - Cannot read IP mode file for STMicroelectronics.X-CUBE-FREERTOS.1.0.1
2024-08-25 14:04:53,194 [WARN] PackLoader:240 - Cannot read IP mode file for STMicroelectronics.X-CUBE-BLEMGR.1.0.0
2024-08-25 14:04:53,311 [WARN] PackLoader:240 - Cannot read IP mode file for STMicroelectronics.FP-SNS-STBOX1.2.0.0
2024-08-25 14:04:53,420 [WARN] PackLoader:240 - Cannot read IP mode file for STMicroelectronics.X-CUBE-AZRTOS-L5.1.1.0
2024-08-25 14:04:53,466 [WARN] PackLoader:240 - Cannot read IP mode file for STMicroelectronics.X-CUBE-AI.8.0.1
2024-08-25 14:04:53,496 [WARN] PackLoader:240 - Cannot read IP mode file for STMicroelectronics.X-CUBE-SUBG2.5.0.0
2024-08-25 14:04:53,547 [WARN] PackLoader:240 - Cannot read IP mode file for STMicroelectronics.X-CUBE-TOF1.3.3.1
2024-08-25 14:04:53,590 [WARN] PackLoader:240 - Cannot read IP mode file for STMicroelectronics.X-CUBE-AZRTOS-G4.2.0.0
2024-08-25 14:04:53,639 [WARN] PackLoader:240 - Cannot read IP mode file for STMicroelectronics.X-CUBE-TOF1.3.3.0
2024-08-25 14:04:53,656 [WARN] PackLoader:240 - Cannot read IP mode file for STMicroelectronics.FP-ATR-ASTRA1.1.1.1
2024-08-25 14:04:53,667 [WARN] PackLoader:240 - Cannot read IP mode file for STMicroelectronics.FP-SNS-MOTENVWB1.1.3.0
2024-08-25 14:04:53,679 [WARN] PackLoader:240 - Cannot read IP mode file for STMicroelectronics.FP-SNS-MOTENVWB1.1.3.1
2024-08-25 14:04:53,704 [WARN] PackLoader:240 - Cannot read IP mode file for STMicroelectronics.X-CUBE-AZRTOS-G4.1.0.0
2024-08-25 14:04:53,731 [WARN] PackLoader:240 - Cannot read IP mode file for STMicroelectronics.X-CUBE-AZRTOS-L4.1.0.0
2024-08-25 14:04:53,744 [WARN] PackLoader:240 - Cannot read IP mode file for STMicroelectronics.X-CUBE-ISPU.2.0.0
2024-08-25 14:04:53,757 [WARN] PackLoader:240 - Cannot read IP mode file for STMicroelectronics.X-CUBE-ALS.1.0.2
2024-08-25 14:04:53,798 [WARN] PackLoader:240 - Cannot read IP mode file for STMicroelectronics.X-CUBE-MEMS1.10.0.0
2024-08-25 14:04:53,900 [WARN] PackLoader:240 - Cannot read IP mode file for STMicroelectronics.X-CUBE-FREERTOS.1.1.0
2024-08-25 14:04:53,913 [WARN] PackLoader:240 - Cannot read IP mode file for STMicroelectronics.X-CUBE-TOUCHGFX.4.24.0
2024-08-25 14:04:53,952 [WARN] PackLoader:240 - Cannot read IP mode file for STMicroelectronics.X-CUBE-AZRTOS-WL.1.0.0
2024-08-25 14:04:53,966 [WARN] PackLoader:240 - Cannot read IP mode file for portGmbH.I-Cube-SoM-uGOAL.1.1.0
2024-08-25 14:04:53,978 [WARN] PackLoader:240 - Cannot read IP mode file for STMicroelectronics.X-CUBE-ALS.1.0.1
2024-08-25 14:04:54,002 [WARN] PackLoader:240 - Cannot read IP mode file for STMicroelectronics.X-CUBE-AZRTOS-WB.1.1.0
2024-08-25 14:04:54,035 [WARN] PackLoader:240 - Cannot read IP mode file for STMicroelectronics.X-CUBE-AZRTOS-L5.1.0.0
2024-08-25 14:04:54,049 [WARN] PackLoader:240 - Cannot read IP mode file for STMicroelectronics.X-CUBE-EEPRMA1.3.1.1
2024-08-25 14:04:54,076 [WARN] PackLoader:240 - Cannot read IP mode file for STMicroelectronics.X-CUBE-AZRTOS-H7RS.1.0.0
2024-08-25 14:04:54,091 [WARN] PackLoader:240 - Cannot read IP mode file for STMicroelectronics.FP-ATR-ASTRA1.2.0.0
2024-08-25 14:04:54,108 [WARN] PackLoader:240 - Cannot read IP mode file for STMicroelectronics.X-CUBE-TOF1.3.4.2
2024-08-25 14:04:54,140 [WARN] PackLoader:240 - Cannot read IP mode file for STMicroelectronics.X-CUBE-TOF1.3.4.0
2024-08-25 14:04:54,163 [WARN] PackLoader:240 - Cannot read IP mode file for STMicroelectronics.X-CUBE-TOF1.3.4.1
2024-08-25 14:04:54,197 [WARN] PackLoader:240 - Cannot read IP mode file for STMicroelectronics.X-CUBE-AZRTOS-H7.3.2.0
2024-08-25 14:04:54,210 [WARN] PackLoader:240 - Cannot read IP mode file for wolfSSL.I-CUBE-wolfSSH.1.4.17
2024-08-25 14:04:54,210 [INFO] ThirdParty:978 - Integrity check success = true
2024-08-25 14:04:54,210 [INFO] IntegrityCheckThread:100 - exiting critical section [integrity check]
2024-08-25 14:04:54,210 [INFO] IntegrityCheckThread:103 - End integrity checks thread
2024-08-25 14:05:17,530 [ERROR] LogOutputStream:75 - [STDERR_REDIRECT] 
