C51 COMPILER V9.60.7.0   MIAN                                                              11/23/2024 09:47:47 PAGE 1   


C51 COMPILER V9.60.7.0, COMPILATION OF MODULE MIAN
OBJECT MODULE PLACED IN .\Objects\mian.obj
COMPILER INVOKED BY: D:\KEIL_STM32\C51\BIN\C51.EXE mian.c OPTIMIZE(8,SPEED) BROWSE DEBUG OBJECTEXTEND PRINT(.\Listings\m
                    -ian.lst) OBJECT(.\Objects\mian.obj)

line level    source

   1          #include <REGX52.H>
   2          #include "lcd12864.h"
   3          #include "picture.h"
   4          
   5          unsigned char mode;
   6          
   7          void main(void)
   8          {
   9   1              
  10   1      
  11   1              Lcd12864spi_init();            // 初始化LCD
  12   1              Display_Clear();
  13   1              charlcdfill(' ');
  14   1              
  15   1              FillScreenWithPattern(0xff); 
  16   1              
  17   1              FillCheckerboardPattern();
  18   1              ReverseFillCheckerboardPattern();
  19   1              
  20   1              FillVerticalStripePattern();
  21   1              ReverseFillVerticalStripePattern();
  22   1              
  23   1              ReverseFillHorizontalStripePattern();
  24   1              FillHorizontalStripePattern();
  25   1              
  26   1              FillDiagonalLinePattern();              
  27   1              FillScreenWithPattern(0x00);
  28   1      
  29   1              drawimge(Img_SUNMAN_128x64);
  30   1              
  31   1              
  32   1              DisplaystringAtposition(0,1,"烨辉科技有限公司");
  33   1              DisplaystringAtposition(2,2,"YT-LCD12864");
  34   1      
  35   1      
  36   1      while (1)
  37   1      {
  38   2                      if(ReadKey1())
  39   2                      mode++;
  40   2                      mode%=8;
  41   2                  Display_Clear();
  42   2                  charlcdfill(' ');
  43   2                      switch(mode){
  44   3                              case 0:FillCheckerboardPattern();
  45   3                              break;
  46   3                              case 1:ReverseFillCheckerboardPattern();
  47   3                              break;
  48   3                              case 2:ReverseFillVerticalStripePattern();
  49   3                              break;
  50   3                              case 3:FillVerticalStripePattern();
  51   3                              break;
  52   3                              case 4:ReverseFillHorizontalStripePattern();
  53   3                              break;
  54   3                              case 5:FillHorizontalStripePattern();
C51 COMPILER V9.60.7.0   MIAN                                                              11/23/2024 09:47:47 PAGE 2   

  55   3                              break;
  56   3                              case 6:FillDiagonalLinePattern();
  57   3                              break;
  58   3                              case 7:FillScreenWithPattern(0xff);
  59   3      
  60   3      }               
  61   2              
  62   2              }
  63   1      
  64   1      
  65   1      } 
  66          


MODULE INFORMATION:   STATIC OVERLAYABLE
   CODE SIZE        =    175    ----
   CONSTANT SIZE    =     29    ----
   XDATA SIZE       =   ----    ----
   PDATA SIZE       =   ----    ----
   DATA SIZE        =      1    ----
   IDATA SIZE       =   ----    ----
   BIT SIZE         =   ----    ----
END OF MODULE INFORMATION.


C51 COMPILATION COMPLETE.  0 WARNING(S),  0 ERROR(S)
