C51 COMPILER V9.60.7.0   MIAN                                                              12/13/2024 08:47:02 PAGE 1   


C51 COMPILER V9.60.7.0, COMPILATION OF MODULE MIAN
OBJECT MODULE PLACED IN .\Objects\mian.obj
COMPILER INVOKED BY: D:\KEIL_STM32\C51\BIN\C51.EXE mian.c OPTIMIZE(8,SPEED) BROWSE DEBUG OBJECTEXTEND PRINT(.\Listings\m
                    -ian.lst) OBJECT(.\Objects\mian.obj)

line level    source

   1          #include <REGX52.H>
   2          #include "lcd12864.h"
   3          #include "picture.h"
   4          
   5          //unsigned char mode;
   6          
   7          //void main(void)
   8          //{
   9          //      
  10          
  11          //      Lcd12864spi_init();            // 初始化LCD
  12          //      Display_Clear();
  13          //      charlcdfill(' ');
  14          //      
  15          //      FillScreenWithPattern(0xff);    
  16          //      FillCheckerboardPattern();
  17          //      ReverseFillCheckerboardPattern();       
  18          //      FillVerticalStripePattern();
  19          //      ReverseFillVerticalStripePattern();     
  20          //      ReverseFillHorizontalStripePattern();
  21          //      FillHorizontalStripePattern();  
  22          //      FillDiagonalLinePattern();              
  23          //      FillScreenWithPattern(0x00);
  24          //      drawimge(Img_SUNMAN_128x64);
  25          //      
  26          //      
  27          //      DisplaystringAtposition(0,1,"烨辉科技有限公司");
  28          //      DisplaystringAtposition(2,2,"YT-LCD12864");
  29          
  30          
  31          //while (1)
  32          //{
  33          //              if(ReadKey1())
  34          //              mode++;
  35          //              mode%=8;
  36          //          Display_Clear();
  37          //          charlcdfill(' ');
  38          //              switch(mode){
  39          //                      case 0:FillCheckerboardPattern();
  40          //                      break;
  41          //                      case 1:ReverseFillCheckerboardPattern();
  42          //                      break;
  43          //                      case 2:ReverseFillVerticalStripePattern();
  44          //                      break;
  45          //                      case 3:FillVerticalStripePattern();
  46          //                      break;
  47          //                      case 4:ReverseFillHorizontalStripePattern();
  48          //                      break;
  49          //                      case 5:FillHorizontalStripePattern();
  50          //                      break;
  51          //                      case 6:FillDiagonalLinePattern();
  52          //                      break;
  53          //                      case 7:FillScreenWithPattern(0xff);
  54          //}             
C51 COMPILER V9.60.7.0   MIAN                                                              12/13/2024 08:47:02 PAGE 2   

  55          //      
  56          //      }
  57          //} 
  58          
  59          
  60          void main(void)   
  61          {
  62   1      
  63   1              Lcd12864spi_init();           
  64   1              Display_Clear();
  65   1              charlcdfill(' ');
  66   1          while (1)  
  67   1          {   
  68   2              if (ReadKey1()) 
  69   2              {
  70   3                  HandleKey(); 
  71   3              } 
  72   2              else 
  73   2              {
  74   3                
  75   3                  DisplayPatterns(); 
  76   3              }
  77   2          }   
  78   1      }


MODULE INFORMATION:   STATIC OVERLAYABLE
   CODE SIZE        =     30    ----
   CONSTANT SIZE    =   ----    ----
   XDATA SIZE       =   ----    ----
   PDATA SIZE       =   ----    ----
   DATA SIZE        =   ----    ----
   IDATA SIZE       =   ----    ----
   BIT SIZE         =   ----    ----
END OF MODULE INFORMATION.


C51 COMPILATION COMPLETE.  0 WARNING(S),  0 ERROR(S)
