C51 COMPILER V9.60.7.0   PICTURE                                                           11/30/2024 10:00:23 PAGE 1   


C51 COMPILER V9.60.7.0, COMPILATION OF MODULE PICTURE
OBJECT MODULE PLACED IN .\Objects\picture.obj
COMPILER INVOKED BY: D:\KEIL_STM32\C51\BIN\C51.EXE picture.c OPTIMIZE(8,SPEED) BROWSE DEBUG OBJECTEXTEND PRINT(.\Listing
                    -s\picture.lst) OBJECT(.\Objects\picture.obj)

line level    source

   1          unsigned char code EnglishCode[]=
   2          {
   3          /* [×Ö¿â]£º[ASC8x16E×Ö¿â] [Êý¾ÝÅÅÁÐ]:´Ó×óµ½ÓÒ´ÓÉÏµ½ÏÂ [È¡Ä£·½Ê½]:ºáÏò8µã×ó¸ßÎ» [Õý¸º·´É«]:·ñ [È¥µôÖØ¸´ºó]¹
             -²44¸ö×Ö·û
   4          [×Ü×Ö·û¿â]£º"YeHuiDisplay.comYBG16080B-SeriesSize:144*104"*/
   5          
   6          /*-- ID:0,×Ö·û:"Y",ASCII±àÂë:59,¶ÔÓ¦×Ö:¿íx¸ß=8x16,»­²¼:¿íW=8 ¸ßH=16,¹²16×Ö½Ú*/
   7          0x00,0x00,0xEE,0x44,0x44,0x28,0x28,0x10,0x10,0x10,0x10,0x10,0x38,0x00,0x00,0x00,
   8          
   9          /*-- ID:1,×Ö·û:"e",ASCII±àÂë:65,¶ÔÓ¦×Ö:¿íx¸ß=8x16,»­²¼:¿íW=8 ¸ßH=16,¹²16×Ö½Ú*/
  10          0x00,0x00,0x00,0x00,0x00,0x00,0x3C,0x42,0x42,0x7E,0x40,0x42,0x3C,0x00,0x00,0x00,
  11          
  12          /*-- ID:2,×Ö·û:"H",ASCII±àÂë:48,¶ÔÓ¦×Ö:¿íx¸ß=8x16,»­²¼:¿íW=8 ¸ßH=16,¹²16×Ö½Ú*/
  13          0x00,0x00,0xE7,0x42,0x42,0x42,0x42,0x7E,0x42,0x42,0x42,0x42,0xE7,0x00,0x00,0x00,
  14          
  15          /*-- ID:3,×Ö·û:"u",ASCII±àÂë:75,¶ÔÓ¦×Ö:¿íx¸ß=8x16,»­²¼:¿íW=8 ¸ßH=16,¹²16×Ö½Ú*/
  16          0x00,0x00,0x00,0x00,0x00,0x00,0xC6,0x42,0x42,0x42,0x42,0x46,0x3B,0x00,0x00,0x00,
  17          
  18          /*-- ID:4,×Ö·û:"i",ASCII±àÂë:69,¶ÔÓ¦×Ö:¿íx¸ß=8x16,»­²¼:¿íW=8 ¸ßH=16,¹²16×Ö½Ú*/
  19          0x00,0x00,0x30,0x30,0x00,0x00,0x70,0x10,0x10,0x10,0x10,0x10,0x7C,0x00,0x00,0x00,
  20          
  21          /*-- ID:5,×Ö·û:"D",ASCII±àÂë:44,¶ÔÓ¦×Ö:¿íx¸ß=8x16,»­²¼:¿íW=8 ¸ßH=16,¹²16×Ö½Ú*/
  22          0x00,0x00,0xF8,0x44,0x42,0x42,0x42,0x42,0x42,0x42,0x42,0x44,0xF8,0x00,0x00,0x00,
  23          
  24          /*-- ID:6,×Ö·û:"i",ASCII±àÂë:69,¶ÔÓ¦×Ö:¿íx¸ß=8x16,»­²¼:¿íW=8 ¸ßH=16,¹²16×Ö½Ú*/
  25          0x00,0x00,0x30,0x30,0x00,0x00,0x70,0x10,0x10,0x10,0x10,0x10,0x7C,0x00,0x00,0x00,
  26          
  27          /*-- ID:7,×Ö·û:"s",ASCII±àÂë:73,¶ÔÓ¦×Ö:¿íx¸ß=8x16,»­²¼:¿íW=8 ¸ßH=16,¹²16×Ö½Ú*/
  28          0x00,0x00,0x00,0x00,0x00,0x00,0x3E,0x42,0x40,0x3C,0x02,0x42,0x7C,0x00,0x00,0x00,
  29          
  30          /*-- ID:8,×Ö·û:"p",ASCII±àÂë:70,¶ÔÓ¦×Ö:¿íx¸ß=8x16,»­²¼:¿íW=8 ¸ßH=16,¹²16×Ö½Ú*/
  31          0x00,0x00,0x00,0x00,0x00,0x00,0xD8,0x64,0x42,0x42,0x42,0x64,0x58,0x40,0xE0,0x00,
  32          
  33          /*-- ID:9,×Ö·û:"l",ASCII±àÂë:6C,¶ÔÓ¦×Ö:¿íx¸ß=8x16,»­²¼:¿íW=8 ¸ßH=16,¹²16×Ö½Ú*/
  34          0x00,0x00,0x10,0x70,0x10,0x10,0x10,0x10,0x10,0x10,0x10,0x10,0x7C,0x00,0x00,0x00,
  35          
  36          /*-- ID:10,×Ö·û:"a",ASCII±àÂë:61,¶ÔÓ¦×Ö:¿íx¸ß=8x16,»­²¼:¿íW=8 ¸ßH=16,¹²16×Ö½Ú*/
  37          0x00,0x00,0x00,0x00,0x00,0x00,0x38,0x44,0x0C,0x34,0x44,0x4C,0x36,0x00,0x00,0x00,
  38          
  39          /*-- ID:11,×Ö·û:"y",ASCII±àÂë:79,¶ÔÓ¦×Ö:¿íx¸ß=8x16,»­²¼:¿íW=8 ¸ßH=16,¹²16×Ö½Ú*/
  40          0x00,0x00,0x00,0x00,0x00,0x00,0xE7,0x42,0x24,0x24,0x18,0x18,0x10,0x10,0x60,0x00,
  41          
  42          /*-- ID:12,×Ö·û:".",ASCII±àÂë:2E,¶ÔÓ¦×Ö:¿íx¸ß=8x16,»­²¼:¿íW=8 ¸ßH=16,¹²16×Ö½Ú*/
  43          0x00,0x00,0x00,0x00,0x00,0x00,0x00,0x00,0x00,0x00,0x00,0x60,0x60,0x00,0x00,0x00,
  44          
  45          /*-- ID:13,×Ö·û:"c",ASCII±àÂë:63,¶ÔÓ¦×Ö:¿íx¸ß=8x16,»­²¼:¿íW=8 ¸ßH=16,¹²16×Ö½Ú*/
  46          0x00,0x00,0x00,0x00,0x00,0x00,0x1C,0x22,0x40,0x40,0x40,0x22,0x1C,0x00,0x00,0x00,
  47          
  48          /*-- ID:14,×Ö·û:"o",ASCII±àÂë:6F,¶ÔÓ¦×Ö:¿íx¸ß=8x16,»­²¼:¿íW=8 ¸ßH=16,¹²16×Ö½Ú*/
  49          0x00,0x00,0x00,0x00,0x00,0x00,0x3C,0x42,0x42,0x42,0x42,0x42,0x3C,0x00,0x00,0x00,
  50          
  51          /*-- ID:15,×Ö·û:"m",ASCII±àÂë:6D,¶ÔÓ¦×Ö:¿íx¸ß=8x16,»­²¼:¿íW=8 ¸ßH=16,¹²16×Ö½Ú*/
  52          0x00,0x00,0x00,0x00,0x00,0x00,0xFE,0x49,0x49,0x49,0x49,0x49,0xED,0x00,0x00,0x00,
  53          
C51 COMPILER V9.60.7.0   PICTURE                                                           11/30/2024 10:00:23 PAGE 2   

  54          /*-- ID:0,×Ö·û:"L",ASCII±àÂë:4C,¶ÔÓ¦×Ö:¿íx¸ß=8x16,»­²¼:¿íW=8 ¸ßH=16,¹²16×Ö½Ú*/
  55          0x00,0x00,0xE0,0x40,0x40,0x40,0x40,0x40,0x40,0x40,0x40,0x42,0xFE,0x00,0x00,0x00,
  56          
  57          /*-- ID:1,×Ö·û:"C",ASCII±àÂë:43,¶ÔÓ¦×Ö:¿íx¸ß=8x16,»­²¼:¿íW=8 ¸ßH=16,¹²16×Ö½Ú*/
  58          0x00,0x00,0x3E,0x42,0x42,0x80,0x80,0x80,0x80,0x80,0x42,0x44,0x38,0x00,0x00,0x00,
  59          
  60          /*-- ID:2,×Ö·û:"M",ASCII±àÂë:4D,¶ÔÓ¦×Ö:¿íx¸ß=8x16,»­²¼:¿íW=8 ¸ßH=16,¹²16×Ö½Ú*/
  61          0x00,0x00,0xEE,0x6C,0x6C,0x6C,0x6C,0x6C,0x54,0x54,0x54,0x54,0xD6,0x00,0x00,0x00,
  62          
  63          /*-- ID:19,×Ö·û:"1",ASCII±àÂë:31,¶ÔÓ¦×Ö:¿íx¸ß=8x16,»­²¼:¿íW=8 ¸ßH=16,¹²16×Ö½Ú*/
  64          0x00,0x00,0x08,0x38,0x08,0x08,0x08,0x08,0x08,0x08,0x08,0x08,0x3E,0x00,0x00,0x00,
  65          
  66          /*-- ID:20,×Ö·û:"6",ASCII±àÂë:36,¶ÔÓ¦×Ö:¿íx¸ß=8x16,»­²¼:¿íW=8 ¸ßH=16,¹²16×Ö½Ú*/
  67          0x00,0x00,0x18,0x24,0x40,0x40,0x5C,0x62,0x42,0x42,0x42,0x22,0x1C,0x00,0x00,0x00,
  68          
  69          /*-- ID:21,×Ö·û:"0",ASCII±àÂë:30,¶ÔÓ¦×Ö:¿íx¸ß=8x16,»­²¼:¿íW=8 ¸ßH=16,¹²16×Ö½Ú*/
  70          0x00,0x00,0x18,0x24,0x42,0x42,0x42,0x42,0x42,0x42,0x42,0x24,0x18,0x00,0x00,0x00,
  71          
  72          /*-- ID:22,×Ö·û:"8",ASCII±àÂë:38,¶ÔÓ¦×Ö:¿íx¸ß=8x16,»­²¼:¿íW=8 ¸ßH=16,¹²16×Ö½Ú*/
  73          0x00,0x00,0x3C,0x42,0x42,0x42,0x24,0x18,0x24,0x42,0x42,0x42,0x3C,0x00,0x00,0x00,
  74          
  75          /*-- ID:23,×Ö·û:"0",ASCII±àÂë:30,¶ÔÓ¦×Ö:¿íx¸ß=8x16,»­²¼:¿íW=8 ¸ßH=16,¹²16×Ö½Ú*/
  76          0x00,0x00,0x18,0x24,0x42,0x42,0x42,0x42,0x42,0x42,0x42,0x24,0x18,0x00,0x00,0x00,
  77          
  78          /*-- ID:24,×Ö·û:"B",ASCII±àÂë:42,¶ÔÓ¦×Ö:¿íx¸ß=8x16,»­²¼:¿íW=8 ¸ßH=16,¹²16×Ö½Ú*/
  79          0x00,0x00,0xF8,0x44,0x44,0x44,0x78,0x44,0x42,0x42,0x42,0x44,0xF8,0x00,0x00,0x00,
  80          
  81          /*-- ID:25,×Ö·û:"-",ASCII±àÂë:2D,¶ÔÓ¦×Ö:¿íx¸ß=8x16,»­²¼:¿íW=8 ¸ßH=16,¹²16×Ö½Ú*/
  82          0x00,0x00,0x00,0x00,0x00,0x00,0x00,0x7E,0x00,0x00,0x00,0x00,0x00,0x00,0x00,0x00,
  83          
  84          /*-- ID:26,×Ö·û:"S",ASCII±àÂë:53,¶ÔÓ¦×Ö:¿íx¸ß=8x16,»­²¼:¿íW=8 ¸ßH=16,¹²16×Ö½Ú*/
  85          0x00,0x00,0x3E,0x42,0x42,0x40,0x20,0x18,0x04,0x02,0x42,0x42,0x7C,0x00,0x00,0x00,
  86          
  87          /*-- ID:27,×Ö·û:"e",ASCII±àÂë:65,¶ÔÓ¦×Ö:¿íx¸ß=8x16,»­²¼:¿íW=8 ¸ßH=16,¹²16×Ö½Ú*/
  88          0x00,0x00,0x00,0x00,0x00,0x00,0x3C,0x42,0x42,0x7E,0x40,0x42,0x3C,0x00,0x00,0x00,
  89          
  90          /*-- ID:28,×Ö·û:"r",ASCII±àÂë:72,¶ÔÓ¦×Ö:¿íx¸ß=8x16,»­²¼:¿íW=8 ¸ßH=16,¹²16×Ö½Ú*/
  91          0x00,0x00,0x00,0x00,0x00,0x00,0xEE,0x32,0x20,0x20,0x20,0x20,0xF8,0x00,0x00,0x00,
  92          
  93          /*-- ID:29,×Ö·û:"i",ASCII±àÂë:69,¶ÔÓ¦×Ö:¿íx¸ß=8x16,»­²¼:¿íW=8 ¸ßH=16,¹²16×Ö½Ú*/
  94          0x00,0x00,0x30,0x30,0x00,0x00,0x70,0x10,0x10,0x10,0x10,0x10,0x7C,0x00,0x00,0x00,
  95          
  96          /*-- ID:30,×Ö·û:"e",ASCII±àÂë:65,¶ÔÓ¦×Ö:¿íx¸ß=8x16,»­²¼:¿íW=8 ¸ßH=16,¹²16×Ö½Ú*/
  97          0x00,0x00,0x00,0x00,0x00,0x00,0x3C,0x42,0x42,0x7E,0x40,0x42,0x3C,0x00,0x00,0x00,
  98          
  99          /*-- ID:31,×Ö·û:"s",ASCII±àÂë:73,¶ÔÓ¦×Ö:¿íx¸ß=8x16,»­²¼:¿íW=8 ¸ßH=16,¹²16×Ö½Ú*/
 100          0x00,0x00,0x00,0x00,0x00,0x00,0x3E,0x42,0x40,0x3C,0x02,0x42,0x7C,0x00,0x00,0x00,
 101          
 102          /*-- ID:32,×Ö·û:"S",ASCII±àÂë:53,¶ÔÓ¦×Ö:¿íx¸ß=8x16,»­²¼:¿íW=8 ¸ßH=16,¹²16×Ö½Ú*/
 103          0x00,0x00,0x3E,0x42,0x42,0x40,0x20,0x18,0x04,0x02,0x42,0x42,0x7C,0x00,0x00,0x00,
 104          
 105          /*-- ID:33,×Ö·û:"i",ASCII±àÂë:69,¶ÔÓ¦×Ö:¿íx¸ß=8x16,»­²¼:¿íW=8 ¸ßH=16,¹²16×Ö½Ú*/
 106          0x00,0x00,0x30,0x30,0x00,0x00,0x70,0x10,0x10,0x10,0x10,0x10,0x7C,0x00,0x00,0x00,
 107          
 108          /*-- ID:34,×Ö·û:"z",ASCII±àÂë:7A,¶ÔÓ¦×Ö:¿íx¸ß=8x16,»­²¼:¿íW=8 ¸ßH=16,¹²16×Ö½Ú*/
 109          0x00,0x00,0x00,0x00,0x00,0x00,0x7E,0x44,0x08,0x10,0x10,0x22,0x7E,0x00,0x00,0x00,
 110          
 111          /*-- ID:35,×Ö·û:"e",ASCII±àÂë:65,¶ÔÓ¦×Ö:¿íx¸ß=8x16,»­²¼:¿íW=8 ¸ßH=16,¹²16×Ö½Ú*/
 112          0x00,0x00,0x00,0x00,0x00,0x00,0x3C,0x42,0x42,0x7E,0x40,0x42,0x3C,0x00,0x00,0x00,
 113          
 114          /*-- ID:36,×Ö·û:":",ASCII±àÂë:3A,¶ÔÓ¦×Ö:¿íx¸ß=8x16,»­²¼:¿íW=8 ¸ßH=16,¹²16×Ö½Ú*/
 115          0x00,0x00,0x00,0x00,0x00,0x18,0x18,0x00,0x00,0x00,0x00,0x18,0x18,0x00,0x00,0x00,
C51 COMPILER V9.60.7.0   PICTURE                                                           11/30/2024 10:00:23 PAGE 3   

 116          
 117          /*-- ID:37,×Ö·û:"1",ASCII±àÂë:31,¶ÔÓ¦×Ö:¿íx¸ß=8x16,»­²¼:¿íW=8 ¸ßH=16,¹²16×Ö½Ú*/
 118          0x00,0x00,0x08,0x38,0x08,0x08,0x08,0x08,0x08,0x08,0x08,0x08,0x3E,0x00,0x00,0x00,
 119          
 120          /*-- ID:38,×Ö·û:"4",ASCII±àÂë:34,¶ÔÓ¦×Ö:¿íx¸ß=8x16,»­²¼:¿íW=8 ¸ßH=16,¹²16×Ö½Ú*/
 121          0x00,0x00,0x04,0x0C,0x0C,0x14,0x24,0x24,0x44,0x7F,0x04,0x04,0x1F,0x00,0x00,0x00,
 122          
 123          /*-- ID:39,×Ö·û:"4",ASCII±àÂë:34,¶ÔÓ¦×Ö:¿íx¸ß=8x16,»­²¼:¿íW=8 ¸ßH=16,¹²16×Ö½Ú*/
 124          0x00,0x00,0x04,0x0C,0x0C,0x14,0x24,0x24,0x44,0x7F,0x04,0x04,0x1F,0x00,0x00,0x00,
 125          
 126          /*-- ID:40,×Ö·û:"*",ASCII±àÂë:2A,¶ÔÓ¦×Ö:¿íx¸ß=8x16,»­²¼:¿íW=8 ¸ßH=16,¹²16×Ö½Ú*/
 127          0x00,0x00,0x00,0x10,0x10,0xD6,0x38,0x38,0xD6,0x10,0x10,0x00,0x00,0x00,0x00,0x00,
 128          
 129          /*-- ID:41,×Ö·û:"1",ASCII±àÂë:31,¶ÔÓ¦×Ö:¿íx¸ß=8x16,»­²¼:¿íW=8 ¸ßH=16,¹²16×Ö½Ú*/
 130          0x00,0x00,0x08,0x38,0x08,0x08,0x08,0x08,0x08,0x08,0x08,0x08,0x3E,0x00,0x00,0x00,
 131          
 132          /*-- ID:42,×Ö·û:"0",ASCII±àÂë:30,¶ÔÓ¦×Ö:¿íx¸ß=8x16,»­²¼:¿íW=8 ¸ßH=16,¹²16×Ö½Ú*/
 133          0x00,0x00,0x18,0x24,0x42,0x42,0x42,0x42,0x42,0x42,0x42,0x24,0x18,0x00,0x00,0x00,
 134          
 135          /*-- ID:43,×Ö·û:"4",ASCII±àÂë:34,¶ÔÓ¦×Ö:¿íx¸ß=8x16,»­²¼:¿íW=8 ¸ßH=16,¹²16×Ö½Ú*/
 136          0x00,0x00,0x04,0x0C,0x0C,0x14,0x24,0x24,0x44,0x7F,0x04,0x04,0x1F,0x00,0x00,0x00
 137          
 138          };
 139          
 140          
 141          unsigned char code BMP0[]={
 142          
 143          /*-[Êý¾ÝÅÅÁÐ]:´Ó×óµ½ÓÒ´ÓÉÏµ½ÏÂ [È¡Ä£·½Ê½]:ºáÏò8µã×ó¸ßÎ» [Õý¸º·´É«]:·ñ
 144          Í¼Ïñ³ß´ç:160x80 »­²¼³ß´ç:160x80£¬¹²1600¸ö×Ö½Ú-*/
 145          0xFF,0xFF,0xFF,0xFF,0xFF,0xFF,0xFF,0xFF,0xFF,0xFF,0xFF,0xFF,0xFF,0xFF,0xFF,0xFF,
 146          0xFF,0xFF,0xFF,0xFF,0xFF,0xFF,0xFF,0xFF,0xFF,0xFF,0xFF,0xFF,0xFF,0xFF,0xFF,0xFF,
 147          0xFF,0xFF,0xFF,0xFF,0xFF,0xFF,0xFF,0xFF,0xC0,0x00,0x00,0x00,0x00,0x00,0x00,0x00,
 148          0x00,0x00,0x00,0x00,0x00,0x00,0x00,0x00,0x00,0x00,0x00,0x03,0xC0,0x00,0x00,0x00,
 149          0x00,0x00,0x00,0x00,0x00,0x00,0x00,0x00,0x00,0x00,0x00,0x00,0x00,0x00,0x00,0x03,
 150          0xC0,0x00,0x00,0x00,0x00,0x00,0x00,0x00,0x00,0x00,0x00,0x00,0x00,0x00,0x00,0x00,
 151          0x00,0x00,0x00,0x03,0xC0,0x00,0x00,0x00,0x00,0x00,0x00,0x00,0x00,0x00,0x00,0x00,
 152          0x00,0x00,0x00,0x00,0x00,0x00,0x00,0x03,0xC0,0x00,0x00,0x00,0x00,0x00,0x00,0x00,
 153          0x00,0x00,0x00,0x00,0x00,0x00,0x00,0x00,0x00,0x00,0x00,0x03,0xC0,0x00,0x00,0x00,
 154          0x00,0x00,0x00,0x00,0x00,0x00,0x00,0x00,0x00,0x00,0x00,0x00,0x00,0x00,0x00,0x03,
 155          0xC0,0x00,0x00,0x00,0x00,0x00,0x00,0x00,0x00,0x00,0x00,0x00,0x00,0x00,0x00,0x00,
 156          0x00,0x00,0x00,0x03,0xC0,0x00,0x00,0x00,0x00,0x00,0x00,0x00,0x00,0x00,0x00,0x00,
 157          0x00,0x00,0x00,0x00,0x00,0x00,0x00,0x03,0xC0,0x00,0x00,0x00,0x00,0x00,0x00,0x00,
 158          0x00,0x00,0x00,0x00,0x00,0x00,0x00,0x00,0x00,0x00,0x00,0x03,0xC0,0x00,0x00,0x00,
 159          0x00,0x00,0x00,0x00,0x00,0x00,0x00,0x00,0x00,0x00,0x00,0x00,0x00,0x00,0x00,0x03,
 160          0xC0,0x00,0x00,0x00,0x00,0x00,0x00,0x00,0x00,0x00,0x00,0x00,0x00,0x00,0x00,0x00,
 161          0x00,0x00,0x00,0x03,0xC0,0x00,0x00,0x00,0x00,0x00,0x00,0x00,0x00,0x00,0x00,0x00,
 162          0x00,0x00,0x00,0x00,0x00,0x00,0x00,0x03,0xC0,0x00,0x00,0x00,0x00,0x00,0x00,0x00,
 163          0x00,0x00,0x00,0x00,0x00,0x00,0x00,0x00,0x00,0x00,0x00,0x03,0xC0,0x00,0x00,0x00,
 164          0x00,0x00,0x00,0x00,0x00,0x00,0x00,0x00,0x00,0x00,0x00,0x00,0x00,0x00,0x00,0x03,
 165          0xC0,0x00,0x00,0x00,0x00,0x00,0x00,0x00,0x00,0x00,0x00,0x00,0x00,0x00,0x00,0x00,
 166          0x00,0x00,0x00,0x03,0xC0,0x00,0x00,0x00,0x00,0x00,0x00,0x00,0x00,0x00,0x00,0x00,
 167          0x00,0x00,0x00,0x00,0x00,0x00,0x00,0x03,0xC0,0x00,0x00,0x00,0x00,0x00,0x00,0x00,
 168          0x00,0x00,0x00,0x00,0x00,0x00,0x00,0x00,0x00,0x00,0x00,0x03,0xC0,0x00,0x00,0x00,
 169          0x00,0x00,0x00,0x00,0x00,0x00,0x00,0x00,0x00,0x00,0x00,0x00,0x00,0x00,0x00,0x03,
 170          0xC0,0x00,0x00,0x00,0x00,0x00,0x00,0x00,0x00,0x00,0x00,0x00,0x00,0x00,0x00,0x00,
 171          0x00,0x00,0x00,0x03,0xC0,0x00,0x00,0x00,0x00,0x00,0x00,0x00,0x00,0x00,0x00,0x00,
 172          0x00,0x00,0x00,0x00,0x00,0x00,0x00,0x03,0xC0,0x00,0x00,0x00,0x00,0x00,0x00,0x00,
 173          0x00,0x00,0x00,0x00,0x00,0x00,0x00,0x00,0x00,0x00,0x00,0x03,0xC0,0x00,0x00,0x00,
 174          0x00,0x00,0x00,0x00,0x00,0x00,0x00,0x00,0x00,0x00,0x00,0x00,0x00,0x00,0x00,0x03,
 175          0xC0,0x00,0x00,0x00,0x00,0x00,0x00,0x00,0x00,0x00,0x00,0x00,0x00,0x00,0x00,0x00,
 176          0x00,0x00,0x00,0x03,0xC0,0x00,0x00,0x00,0x00,0x00,0x00,0x00,0x00,0x00,0x00,0x00,
 177          0x00,0x00,0x00,0x00,0x00,0x00,0x00,0x03,0xC0,0x00,0x00,0x00,0x00,0x00,0x00,0x00,
C51 COMPILER V9.60.7.0   PICTURE                                                           11/30/2024 10:00:23 PAGE 4   

 178          0x00,0x00,0x00,0x00,0x00,0x00,0x00,0x00,0x00,0x00,0x00,0x03,0xC0,0x00,0x00,0x00,
 179          0x00,0x00,0x00,0x00,0x00,0x00,0x00,0x00,0x00,0x00,0x00,0x00,0x00,0x00,0x00,0x03,
 180          0xC0,0x00,0x00,0x00,0x00,0x00,0x00,0x00,0x00,0x00,0x00,0x00,0x00,0x00,0x00,0x00,
 181          0x00,0x00,0x00,0x03,0xC0,0x00,0x00,0x00,0x00,0x00,0x00,0x00,0x00,0x00,0x00,0x00,
 182          0x00,0x00,0x00,0x00,0x00,0x00,0x00,0x03,0xC0,0x00,0x00,0x00,0x00,0x00,0x00,0x00,
 183          0x00,0x00,0x00,0x00,0x00,0x00,0x00,0x00,0x00,0x00,0x00,0x03,0xC0,0x00,0x00,0x00,
 184          0x00,0x00,0x00,0x00,0x00,0x00,0x00,0x00,0x00,0x00,0x00,0x00,0x00,0x00,0x00,0x03,
 185          0xC0,0x00,0x00,0x00,0x00,0x00,0x00,0x00,0x00,0x00,0x00,0x00,0x00,0x00,0x00,0x00,
 186          0x00,0x00,0x00,0x03,0xC0,0x00,0x00,0x00,0x00,0x00,0x00,0x00,0x00,0x00,0x00,0x00,
 187          0x00,0x00,0x00,0x00,0x00,0x00,0x00,0x03,0xC0,0x00,0x00,0x00,0x00,0x00,0x00,0x00,
 188          0x00,0x00,0x00,0x00,0x00,0x00,0x00,0x00,0x00,0x00,0x00,0x03,0xC0,0x00,0x00,0x00,
 189          0x00,0x00,0x00,0x00,0x00,0x00,0x00,0x00,0x00,0x00,0x00,0x00,0x00,0x00,0x00,0x03,
 190          0xC0,0x00,0x00,0x00,0x00,0x00,0x00,0x00,0x00,0x00,0x00,0x00,0x00,0x00,0x00,0x00,
 191          0x00,0x00,0x00,0x03,0xC0,0x00,0x00,0x00,0x00,0x00,0x00,0x00,0x00,0x00,0x00,0x00,
 192          0x00,0x00,0x00,0x00,0x00,0x00,0x00,0x03,0xC0,0x00,0x00,0x00,0x00,0x00,0x00,0x00,
 193          0x00,0x00,0x00,0x00,0x00,0x00,0x00,0x00,0x00,0x00,0x00,0x03,0xC0,0x00,0x00,0x00,
 194          0x00,0x00,0x00,0x00,0x00,0x00,0x00,0x00,0x00,0x00,0x00,0x00,0x00,0x00,0x00,0x03,
 195          0xC0,0x00,0x00,0x00,0x00,0x00,0x00,0x00,0x00,0x00,0x00,0x00,0x00,0x00,0x00,0x00,
 196          0x00,0x00,0x00,0x03,0xC0,0x00,0x00,0x00,0x00,0x00,0x00,0x00,0x00,0x00,0x00,0x00,
 197          0x00,0x00,0x00,0x00,0x00,0x00,0x00,0x03,0xC0,0x00,0x00,0x00,0x00,0x00,0x00,0x00,
 198          0x00,0x00,0x00,0x00,0x00,0x00,0x00,0x00,0x00,0x00,0x00,0x03,0xC0,0x00,0x00,0x00,
 199          0x00,0x00,0x00,0x00,0x00,0x00,0x00,0x00,0x00,0x00,0x00,0x00,0x00,0x00,0x00,0x03,
 200          0xC0,0x00,0x00,0x00,0x00,0x00,0x00,0x00,0x00,0x00,0x00,0x00,0x00,0x00,0x00,0x00,
 201          0x00,0x00,0x00,0x03,0xC0,0x00,0x00,0x00,0x00,0x00,0x00,0x00,0x00,0x00,0x00,0x00,
 202          0x00,0x00,0x00,0x00,0x00,0x00,0x00,0x03,0xC0,0x00,0x00,0x00,0x00,0x00,0x00,0x00,
 203          0x00,0x00,0x00,0x00,0x00,0x00,0x00,0x00,0x00,0x00,0x00,0x03,0xC0,0x00,0x00,0x00,
 204          0x00,0x00,0x00,0x00,0x00,0x00,0x00,0x00,0x00,0x00,0x00,0x00,0x00,0x00,0x00,0x03,
 205          0xC0,0x00,0x00,0x00,0x00,0x00,0x00,0x00,0x00,0x00,0x00,0x00,0x00,0x00,0x00,0x00,
 206          0x00,0x00,0x00,0x03,0xC0,0x00,0x00,0x00,0x00,0x00,0x00,0x00,0x00,0x00,0x00,0x00,
 207          0x00,0x00,0x00,0x00,0x00,0x00,0x00,0x03,0xC0,0x00,0x00,0x00,0x00,0x00,0x00,0x00,
 208          0x00,0x00,0x00,0x00,0x00,0x00,0x00,0x00,0x00,0x00,0x00,0x03,0xC0,0x00,0x00,0x00,
 209          0x00,0x00,0x00,0x00,0x00,0x00,0x00,0x00,0x00,0x00,0x00,0x00,0x00,0x00,0x00,0x03,
 210          0xC0,0x00,0x00,0x00,0x00,0x00,0x00,0x00,0x00,0x00,0x00,0x00,0x00,0x00,0x00,0x00,
 211          0x00,0x00,0x00,0x03,0xC0,0x00,0x00,0x00,0x00,0x00,0x00,0x00,0x00,0x00,0x00,0x00,
 212          0x00,0x00,0x00,0x00,0x00,0x00,0x00,0x03,0xC0,0x00,0x00,0x00,0x00,0x00,0x00,0x00,
 213          0x00,0x00,0x00,0x00,0x00,0x00,0x00,0x00,0x00,0x00,0x00,0x03,0xC0,0x00,0x00,0x00,
 214          0x00,0x00,0x00,0x00,0x00,0x00,0x00,0x00,0x00,0x00,0x00,0x00,0x00,0x00,0x00,0x03,
 215          0xC0,0x00,0x00,0x00,0x00,0x00,0x00,0x00,0x00,0x00,0x00,0x00,0x00,0x00,0x00,0x00,
 216          0x00,0x00,0x00,0x03,0xC0,0x00,0x00,0x00,0x00,0x00,0x00,0x00,0x00,0x00,0x00,0x00,
 217          0x00,0x00,0x00,0x00,0x00,0x00,0x00,0x03,0xC0,0x00,0x00,0x00,0x00,0x00,0x00,0x00,
 218          0x00,0x00,0x00,0x00,0x00,0x00,0x00,0x00,0x00,0x00,0x00,0x03,0xC0,0x00,0x00,0x00,
 219          0x00,0x00,0x00,0x00,0x00,0x00,0x00,0x00,0x00,0x00,0x00,0x00,0x00,0x00,0x00,0x03,
 220          0xC0,0x00,0x00,0x00,0x00,0x00,0x00,0x00,0x00,0x00,0x00,0x00,0x00,0x00,0x00,0x00,
 221          0x00,0x00,0x00,0x03,0xC0,0x00,0x00,0x00,0x00,0x00,0x00,0x00,0x00,0x00,0x00,0x00,
 222          0x00,0x00,0x00,0x00,0x00,0x00,0x00,0x03,0xC0,0x00,0x00,0x00,0x00,0x00,0x00,0x00,
 223          0x00,0x00,0x00,0x00,0x00,0x00,0x00,0x00,0x00,0x00,0x00,0x03,0xC0,0x00,0x00,0x00,
 224          0x00,0x00,0x00,0x00,0x00,0x00,0x00,0x00,0x00,0x00,0x00,0x00,0x00,0x00,0x00,0x03,
 225          0xC0,0x00,0x00,0x00,0x00,0x00,0x00,0x00,0x00,0x00,0x00,0x00,0x00,0x00,0x00,0x00,
 226          0x00,0x00,0x00,0x03,0xC0,0x00,0x00,0x00,0x00,0x00,0x00,0x00,0x00,0x00,0x00,0x00,
 227          0x00,0x00,0x00,0x00,0x00,0x00,0x00,0x03,0xC0,0x00,0x00,0x00,0x00,0x00,0x00,0x00,
 228          0x00,0x00,0x00,0x00,0x00,0x00,0x00,0x00,0x00,0x00,0x00,0x03,0xC0,0x00,0x00,0x00,
 229          0x00,0x00,0x00,0x00,0x00,0x00,0x00,0x00,0x00,0x00,0x00,0x00,0x00,0x00,0x00,0x03,
 230          0xC0,0x00,0x00,0x00,0x00,0x00,0x00,0x00,0x00,0x00,0x00,0x00,0x00,0x00,0x00,0x00,
 231          0x00,0x00,0x00,0x03,0xC0,0x00,0x00,0x00,0x00,0x00,0x00,0x00,0x00,0x00,0x00,0x00,
 232          0x00,0x00,0x00,0x00,0x00,0x00,0x00,0x03,0xC0,0x00,0x00,0x00,0x00,0x00,0x00,0x00,
 233          0x00,0x00,0x00,0x00,0x00,0x00,0x00,0x00,0x00,0x00,0x00,0x03,0xC0,0x00,0x00,0x00,
 234          0x00,0x00,0x00,0x00,0x00,0x00,0x00,0x00,0x00,0x00,0x00,0x00,0x00,0x00,0x00,0x03,
 235          0xC0,0x00,0x00,0x00,0x00,0x00,0x00,0x00,0x00,0x00,0x00,0x00,0x00,0x00,0x00,0x00,
 236          0x00,0x00,0x00,0x03,0xC0,0x00,0x00,0x00,0x00,0x00,0x00,0x00,0x00,0x00,0x00,0x00,
 237          0x00,0x00,0x00,0x00,0x00,0x00,0x00,0x03,0xC0,0x00,0x00,0x00,0x00,0x00,0x00,0x00,
 238          0x00,0x00,0x00,0x00,0x00,0x00,0x00,0x00,0x00,0x00,0x00,0x03,0xC0,0x00,0x00,0x00,
 239          0x00,0x00,0x00,0x00,0x00,0x00,0x00,0x00,0x00,0x00,0x00,0x00,0x00,0x00,0x00,0x03,
C51 COMPILER V9.60.7.0   PICTURE                                                           11/30/2024 10:00:23 PAGE 5   

 240          0xC0,0x00,0x00,0x00,0x00,0x00,0x00,0x00,0x00,0x00,0x00,0x00,0x00,0x00,0x00,0x00,
 241          0x00,0x00,0x00,0x03,0xC0,0x00,0x00,0x00,0x00,0x00,0x00,0x00,0x00,0x00,0x00,0x00,
 242          0x00,0x00,0x00,0x00,0x00,0x00,0x00,0x03,0xFF,0xFF,0xFF,0xFF,0xFF,0xFF,0xFF,0xFF,
 243          0xFF,0xFF,0xFF,0xFF,0xFF,0xFF,0xFF,0xFF,0xFF,0xFF,0xFF,0xFF,0xFF,0xFF,0xFF,0xFF,
 244          0xFF,0xFF,0xFF,0xFF,0xFF,0xFF,0xFF,0xFF,0xFF,0xFF,0xFF,0xFF,0xFF,0xFF,0xFF,0xFF
 245          
 246          };


MODULE INFORMATION:   STATIC OVERLAYABLE
   CODE SIZE        =   ----    ----
   CONSTANT SIZE    =   2304    ----
   XDATA SIZE       =   ----    ----
   PDATA SIZE       =   ----    ----
   DATA SIZE        =   ----    ----
   IDATA SIZE       =   ----    ----
   BIT SIZE         =   ----    ----
END OF MODULE INFORMATION.


C51 COMPILATION COMPLETE.  0 WARNING(S),  0 ERROR(S)
