C51 COMPILER V9.60.7.0   MAIN                                                              11/01/2024 15:18:30 PAGE 1   


C51 COMPILER V9.60.7.0, COMPILATION OF MODULE MAIN
OBJECT MODULE PLACED IN .\Objects\main.obj
COMPILER INVOKED BY: D:\KEIL_STM32\C51\BIN\C51.EXE main.c OPTIMIZE(8,SPEED) BROWSE DEBUG OBJECTEXTEND PRINT(.\Listings\m
                    -ain.lst) OBJECT(.\Objects\main.obj)

line level    source

   1          #include <REGX52.H>
   2          #include "lcd16080.h"
   3          #include "picture.h"
   4          
   5          
   6          sbit LCD_FS=P3^5;
   7          sbit LCD_EN=P3^3;
   8          unsigned char mode;
   9          extern  unsigned char  Y; 
  10          extern  unsigned char  X; 
  11          
  12          
  13          
  14          void Main( void )   
  15          {
  16   1              LCD_EN=0;  
  17   1              LCD_FS=0; 
  18   1              LcmInit(); 
  19   1              LcmClear();
  20   1              Delay(100);
  21   1          DisplayDots(0x55,0xaa);
  22   1          Delay(500); 
  23   1              
  24   1          DisplayDots(0xaa,0x55);
  25   1          Delay(500);  
  26   1          DisplayDots(0x55,0x55);
  27   1          Delay(500);         
  28   1          DisplayDots(0xaa,0xaa);
  29   1          Delay(500); 
  30   1          DisplayDots(0xff,0x00);
  31   1          Delay(500); 
  32   1          DisplayDots(0x00,0xff);
  33   1          Delay(500); 
  34   1              DisplayDots(0xff,0xff);
  35   1          Delay(500);         
  36   1              LcmClear();
  37   1              
  38   1      //    DisplayBMP(0,0,160,80,BMP1);   
  39   1      //    Delay(500);    
  40   1      //    ReverseDisplayBMP(0,0,160,80,BMP1);   
  41   1      //    Delay(500);
  42   1              
  43   1              LcmClear();
  44   1              Display_FullCGROM();
  45   1              Delay(500);
  46   1              
  47   1              LcmClear();
  48   1              picture();
  49   1              
  50   1      
  51   1       while(1)  
  52   1      {
  53   2      
  54   2                      if(ReadKey1())
C51 COMPILER V9.60.7.0   MAIN                                                              11/01/2024 15:18:30 PAGE 2   

  55   2                      mode++;
  56   2                      mode%=9;
  57   2                      LcmClear();
  58   2                      switch(mode){   
  59   3                      case 0:DisplayDots(0xff,0x00);
  60   3                      break;
  61   3                      case 1:DisplayDots(0x55,0xaa);
  62   3                      break;
  63   3                      case 2:DisplayDots(0x55,0x55);
  64   3                      break;
  65   3                      case 3:DisplayDots(0x00,0xff);
  66   3                      break;
  67   3                      case 4:DisplayDots(0xaa,0xaa);
  68   3                      break;
  69   3                      case 5:picture();       
  70   3                      break;
  71   3                      case 6:Display_FullCGROM();     
  72   3                      break;
  73   3                      case 7:DisplayBMP(0,0,160,80,BMP1);     
  74   3                      break;
  75   3                      case 8:ReverseDisplayBMP(0,0,160,80,BMP1);      
  76   3                      break;
  77   3      
  78   3      }
  79   2       }   
  80   1      }


MODULE INFORMATION:   STATIC OVERLAYABLE
   CODE SIZE        =    280    ----
   CONSTANT SIZE    =   ----    ----
   XDATA SIZE       =   ----    ----
   PDATA SIZE       =   ----    ----
   DATA SIZE        =      1    ----
   IDATA SIZE       =   ----    ----
   BIT SIZE         =   ----    ----
END OF MODULE INFORMATION.


C51 COMPILATION COMPLETE.  0 WARNING(S),  0 ERROR(S)
