C51 COMPILER V9.60.7.0   PICTURE                                                           11/01/2024 15:25:39 PAGE 1   


C51 COMPILER V9.60.7.0, COMPILATION OF MODULE PICTURE
OBJECT MODULE PLACED IN .\Objects\picture.obj
COMPILER INVOKED BY: D:\KEIL_STM32\C51\BIN\C51.EXE picture.c OPTIMIZE(8,SPEED) BROWSE DEBUG OBJECTEXTEND PRINT(.\Listing
                    -s\picture.lst) OBJECT(.\Objects\picture.obj)

line level    source

   1          unsigned char code Chinese_character[]=
   2          {
   3          
   4          
   5          /*-- ID:17,字符:"y",ASCII编码:79,对应字:宽x高=8x16,画布:宽W=8 高H=16,共16字节*/
   6          0x00,0x00,0x00,0x00,0x00,0x00,0xE7,0x42,0x24,0x24,0x18,0x18,0x10,0x10,0x60,0x00,
   7          
   8          
   9          /*-- ID:8,字符:"e",ASCII编码:65,对应字:宽x高=8x16,画布:宽W=8 高H=16,共16字节*/
  10          0x00,0x00,0x00,0x00,0x00,0x00,0x3C,0x42,0x42,0x7E,0x40,0x42,0x3C,0x00,0x00,0x00,
  11          
  12          
  13          /*-- ID:0,字符:"h",ASCII编码:68,对应字:宽x高=8x16,画布:宽W=8 高H=16,共16字节*/
  14          0x00,0x00,0x00,0xC0,0x40,0x40,0x5C,0x62,0x42,0x42,0x42,0x42,0xE7,0x00,0x00,0x00,
  15          
  16          
  17          /*-- ID:1,字符:"u",ASCII编码:75,对应字:宽x高=8x16,画布:宽W=8 高H=16,共16字节*/
  18          0x00,0x00,0x00,0x00,0x00,0x00,0xC6,0x42,0x42,0x42,0x42,0x46,0x3B,0x00,0x00,0x00,
  19          
  20          
  21          
  22          /*-- ID:10,字符:"i",ASCII编码:69,对应字:宽x高=8x16,画布:宽W=8 高H=16,共16字节*/
  23          0x00,0x00,0x30,0x30,0x00,0x00,0x70,0x10,0x10,0x10,0x10,0x10,0x7C,0x00,0x00,0x00,
  24          
  25          
  26          
  27          /*-- ID:7,字符:"d",ASCII编码:64,对应字:宽x高=8x16,画布:宽W=8 高H=16,共16字节*/
  28          0x00,0x00,0x00,0x06,0x02,0x02,0x3E,0x42,0x42,0x42,0x42,0x46,0x3B,0x00,0x00,0x00,
  29          
  30          
  31          /*-- ID:10,字符:"i",ASCII编码:69,对应字:宽x高=8x16,画布:宽W=8 高H=16,共16字节*/
  32          0x00,0x00,0x30,0x30,0x00,0x00,0x70,0x10,0x10,0x10,0x10,0x10,0x7C,0x00,0x00,0x00,
  33          
  34          
  35          
  36          /*-- ID:16,字符:"s",ASCII编码:73,对应字:宽x高=8x16,画布:宽W=8 高H=16,共16字节*/
  37          0x00,0x00,0x00,0x00,0x00,0x00,0x3E,0x42,0x40,0x3C,0x02,0x42,0x7C,0x00,0x00,0x00,
  38          
  39          
  40          
  41          /*-- ID:14,字符:"p",ASCII编码:70,对应字:宽x高=8x16,画布:宽W=8 高H=16,共16字节*/
  42          0x00,0x00,0x00,0x00,0x00,0x00,0xD8,0x64,0x42,0x42,0x42,0x64,0x58,0x40,0xE0,0x00,
  43          
  44          
  45          
  46          /*-- ID:11,字符:"l",ASCII编码:6C,对应字:宽x高=8x16,画布:宽W=8 高H=16,共16字节*/
  47          0x00,0x00,0x10,0x70,0x10,0x10,0x10,0x10,0x10,0x10,0x10,0x10,0x7C,0x00,0x00,0x00,
  48          
  49          
  50          
  51          /*-- ID:5,字符:"a",ASCII编码:61,对应字:宽x高=8x16,画布:宽W=8 高H=16,共16字节*/
  52          0x00,0x00,0x00,0x00,0x00,0x00,0x38,0x44,0x0C,0x34,0x44,0x4C,0x36,0x00,0x00,0x00,
  53          
  54          
C51 COMPILER V9.60.7.0   PICTURE                                                           11/01/2024 15:25:39 PAGE 2   

  55          
  56          /*-- ID:17,字符:"y",ASCII编码:79,对应字:宽x高=8x16,画布:宽W=8 高H=16,共16字节*/
  57          0x00,0x00,0x00,0x00,0x00,0x00,0xE7,0x42,0x24,0x24,0x18,0x18,0x10,0x10,0x60,0x00,
  58          
  59          
  60          
  61          /*-- ID:0,字符:".",ASCII编码:2E,对应字:宽x高=8x16,画布:宽W=8 高H=16,共16字节*/
  62          0x00,0x00,0x00,0x00,0x00,0x00,0x00,0x00,0x00,0x00,0x00,0x60,0x60,0x00,0x00,0x00,
  63          
  64          
  65          
  66          /*-- ID:6,字符:"c",ASCII编码:63,对应字:宽x高=8x16,画布:宽W=8 高H=16,共16字节*/
  67          0x00,0x00,0x00,0x00,0x00,0x00,0x1C,0x22,0x40,0x40,0x40,0x22,0x1C,0x00,0x00,0x00,
  68          
  69          
  70          /*-- ID:13,字符:"o",ASCII编码:6F,对应字:宽x高=8x16,画布:宽W=8 高H=16,共16字节*/
  71          0x00,0x00,0x00,0x00,0x00,0x00,0x3C,0x42,0x42,0x42,0x42,0x42,0x3C,0x00,0x00,0x00,
  72          
  73          
  74          /*-- ID:12,字符:"m",ASCII编码:6D,对应字:宽x高=8x16,画布:宽W=8 高H=16,共16字节*/
  75          0x00,0x00,0x00,0x00,0x00,0x00,0xFE,0x49,0x49,0x49,0x49,0x49,0xED,0x00,0x00,0x00,
  76          
  77          
  78          /*-- ID:4,字符:"Y",ASCII编码:59,对应字:宽x高=8x16,画布:宽W=8 高H=16,共16字节*/
  79          0x00,0x00,0xEE,0x44,0x44,0x28,0x28,0x10,0x10,0x10,0x10,0x10,0x38,0x00,0x00,0x00,
  80          
  81          
  82          
  83          /*-- ID:2,字符:"H",ASCII编码:48,对应字:宽x高=8x16,画布:宽W=8 高H=16,共16字节*/
  84          0x00,0x00,0xE7,0x42,0x42,0x42,0x42,0x7E,0x42,0x42,0x42,0x42,0xE7,0x00,0x00,0x00,
  85          
  86          
  87          
  88          /*-- ID:0,字符:"B",ASCII编码:42,对应字:宽x高=8x16,画布:宽W=8 高H=16,共16字节*/
  89          0x00,0x00,0xF8,0x44,0x44,0x44,0x78,0x44,0x42,0x42,0x42,0x44,0xF8,0x00,0x00,0x00,
  90          
  91          /*-- ID:0,字符:"G",ASCII编码:47,对应字:宽x高=8x16,画布:宽W=8 高H=16,共16字节*/
  92          0x00,0x00,0x3C,0x44,0x44,0x80,0x80,0x80,0x8E,0x84,0x44,0x44,0x38,0x00,0x00,0x00,
  93          
  94          
  95          /*-- ID:0,字符:"1",ASCII编码:31,对应字:宽x高=8x16,画布:宽W=8 高H=16,共16字节*/
  96          0x00,0x00,0x08,0x38,0x08,0x08,0x08,0x08,0x08,0x08,0x08,0x08,0x3E,0x00,0x00,0x00,
  97          
  98          /*-- ID:1,字符:"6",ASCII编码:36,对应字:宽x高=8x16,画布:宽W=8 高H=16,共16字节*/
  99          0x00,0x00,0x18,0x24,0x40,0x40,0x5C,0x62,0x42,0x42,0x42,0x22,0x1C,0x00,0x00,0x00,
 100          
 101          /*-- ID:2,字符:"0",ASCII编码:30,对应字:宽x高=8x16,画布:宽W=8 高H=16,共16字节*/
 102          0x00,0x00,0x18,0x24,0x42,0x42,0x42,0x42,0x42,0x42,0x42,0x24,0x18,0x00,0x00,0x00,
 103          
 104          /*-- ID:3,字符:"8",ASCII编码:38,对应字:宽x高=8x16,画布:宽W=8 高H=16,共16字节*/
 105          0x00,0x00,0x3C,0x42,0x42,0x42,0x24,0x18,0x24,0x42,0x42,0x42,0x3C,0x00,0x00,0x00,
 106          
 107          /*-- ID:4,字符:"0",ASCII编码:30,对应字:宽x高=8x16,画布:宽W=8 高H=16,共16字节*/
 108          0x00,0x00,0x18,0x24,0x42,0x42,0x42,0x42,0x42,0x42,0x42,0x24,0x18,0x00,0x00,0x00,
 109          
 110          
 111          /*-- ID:0,字符:"B",ASCII编码:42,对应字:宽x高=8x16,画布:宽W=8 高H=16,共16字节*/
 112          0x00,0x00,0xF8,0x44,0x44,0x44,0x78,0x44,0x42,0x42,0x42,0x44,0xF8,0x00,0x00,0x00,
 113          
 114          
 115          
 116          
C51 COMPILER V9.60.7.0   PICTURE                                                           11/01/2024 15:25:39 PAGE 3   

 117          
 118          /*-- ID:0,字符:"-",ASCII编码:2D,对应字:宽x高=8x16,画布:宽W=8 高H=16,共16字节*/
 119          0x00,0x00,0x00,0x00,0x00,0x00,0x00,0x7E,0x00,0x00,0x00,0x00,0x00,0x00,0x00,0x00,
 120          
 121          
 122          
 123          /*-- ID:3,字符:"S",ASCII编码:53,对应字:宽x高=8x16,画布:宽W=8 高H=16,共16字节*/
 124          0x00,0x00,0x3E,0x42,0x42,0x40,0x20,0x18,0x04,0x02,0x42,0x42,0x7C,0x00,0x00,0x00,
 125          
 126          
 127          /*-- ID:8,字符:"e",ASCII编码:65,对应字:宽x高=8x16,画布:宽W=8 高H=16,共16字节*/
 128          0x00,0x00,0x00,0x00,0x00,0x00,0x3C,0x42,0x42,0x7E,0x40,0x42,0x3C,0x00,0x00,0x00,
 129          
 130          
 131          /*-- ID:15,字符:"r",ASCII编码:72,对应字:宽x高=8x16,画布:宽W=8 高H=16,共16字节*/
 132          0x00,0x00,0x00,0x00,0x00,0x00,0xEE,0x32,0x20,0x20,0x20,0x20,0xF8,0x00,0x00,0x00,
 133          
 134          
 135          
 136          /*-- ID:10,字符:"i",ASCII编码:69,对应字:宽x高=8x16,画布:宽W=8 高H=16,共16字节*/
 137          0x00,0x00,0x30,0x30,0x00,0x00,0x70,0x10,0x10,0x10,0x10,0x10,0x7C,0x00,0x00,0x00,
 138          
 139          
 140          
 141          /*-- ID:8,字符:"e",ASCII编码:65,对应字:宽x高=8x16,画布:宽W=8 高H=16,共16字节*/
 142          0x00,0x00,0x00,0x00,0x00,0x00,0x3C,0x42,0x42,0x7E,0x40,0x42,0x3C,0x00,0x00,0x00,
 143          
 144          
 145          
 146          /*-- ID:16,字符:"s",ASCII编码:73,对应字:宽x高=8x16,画布:宽W=8 高H=16,共16字节*/
 147          0x00,0x00,0x00,0x00,0x00,0x00,0x3E,0x42,0x40,0x3C,0x02,0x42,0x7C,0x00,0x00,0x00,
 148          
 149          
 150          /*-- ID:3,字符:"S",ASCII编码:53,对应字:宽x高=8x16,画布:宽W=8 高H=16,共16字节*/
 151          0x00,0x00,0x3E,0x42,0x42,0x40,0x20,0x18,0x04,0x02,0x42,0x42,0x7C,0x00,0x00,0x00,
 152          
 153          
 154          /*-- ID:10,字符:"i",ASCII编码:69,对应字:宽x高=8x16,画布:宽W=8 高H=16,共16字节*/
 155          0x00,0x00,0x30,0x30,0x00,0x00,0x70,0x10,0x10,0x10,0x10,0x10,0x7C,0x00,0x00,0x00,
 156          
 157          
 158          
 159          /*-- ID:0,字符:"z",ASCII编码:7A,对应字:宽x高=8x16,画布:宽W=8 高H=16,共16字节*/
 160          0x00,0x00,0x00,0x00,0x00,0x00,0x7E,0x44,0x08,0x10,0x10,0x22,0x7E,0x00,0x00,0x00,
 161          
 162          
 163          /*-- ID:8,字符:"e",ASCII编码:65,对应字:宽x高=8x16,画布:宽W=8 高H=16,共16字节*/
 164          0x00,0x00,0x00,0x00,0x00,0x00,0x3C,0x42,0x42,0x7E,0x40,0x42,0x3C,0x00,0x00,0x00,
 165          
 166          
 167          /*-- ID:0,字符:":",ASCII编码:3A,对应字:宽x高=8x16,画布:宽W=8 高H=16,共16字节*/
 168          0x00,0x00,0x00,0x00,0x00,0x18,0x18,0x00,0x00,0x00,0x00,0x18,0x18,0x00,0x00,0x00,
 169          
 170          
 171          /*-- ID:1,字符:"1",ASCII编码:31,对应字:宽x高=8x16,画布:宽W=8 高H=16,共16字节*/
 172          0x00,0x00,0x08,0x38,0x08,0x08,0x08,0x08,0x08,0x08,0x08,0x08,0x3E,0x00,0x00,0x00,
 173          
 174          
 175          /*-- ID:3,字符:"4",ASCII编码:34,对应字:宽x高=8x16,画布:宽W=8 高H=16,共16字节*/
 176          0x00,0x00,0x04,0x0C,0x0C,0x14,0x24,0x24,0x44,0x7F,0x04,0x04,0x1F,0x00,0x00,0x00,
 177          
 178          /*-- ID:3,字符:"4",ASCII编码:34,对应字:宽x高=8x16,画布:宽W=8 高H=16,共16字节*/
C51 COMPILER V9.60.7.0   PICTURE                                                           11/01/2024 15:25:39 PAGE 4   

 179          0x00,0x00,0x04,0x0C,0x0C,0x14,0x24,0x24,0x44,0x7F,0x04,0x04,0x1F,0x00,0x00,0x00,
 180          
 181          
 182          
 183          /*-- ID:43,字符:"*",ASCII编码:2A,对应字:宽x高=8x16,画布:宽W=8 高H=16,共16字节*/
 184          0x00,0x00,0x00,0x10,0x10,0xD6,0x38,0x38,0xD6,0x10,0x10,0x00,0x00,0x00,0x00,0x00,
 185          
 186          
 187          /*-- ID:1,字符:"1",ASCII编码:31,对应字:宽x高=8x16,画布:宽W=8 高H=16,共16字节*/
 188          0x00,0x00,0x08,0x38,0x08,0x08,0x08,0x08,0x08,0x08,0x08,0x08,0x3E,0x00,0x00,0x00,
 189          
 190          
 191          
 192          
 193          
 194          /*-- ID:0,字符:"0",ASCII编码:30,对应字:宽x高=8x16,画布:宽W=8 高H=16,共16字节*/
 195          0x00,0x00,0x18,0x24,0x42,0x42,0x42,0x42,0x42,0x42,0x42,0x24,0x18,0x00,0x00,0x00,
 196          
 197          
 198          
 199          /*-- ID:3,字符:"4",ASCII编码:34,对应字:宽x高=8x16,画布:宽W=8 高H=16,共16字节*/
 200          0x00,0x00,0x04,0x0C,0x0C,0x14,0x24,0x24,0x44,0x7F,0x04,0x04,0x1F,0x00,0x00,0x00,
 201          
 202          
 203          
 204          
 205          };
 206          
 207          
 208          unsigned char code BMP0[]={
 209          
 210          /*-[数据排列]:从左到右从上到下 [取模方式]:横向8点左高位 [正负反色]:否
 211          图像尺寸:160x80 画布尺寸:160x80，共1600个字节-*/
 212          0x80,0x00,0x00,0x00,0x00,0x00,0x00,0x00,0x00,0x00,0x00,0x00,0x00,0x00,0x00,0x00,
 213          0x00,0x00,0x00,0x01,0x00,0x00,0x00,0x00,0x00,0x00,0x00,0x00,0x00,0x00,0x00,0x00,
 214          0x00,0x00,0x00,0x00,0x00,0x00,0x00,0x00,0x00,0x00,0x00,0x00,0x00,0x00,0x00,0x00,
 215          0x00,0x00,0x00,0x00,0x00,0x00,0x00,0x00,0x00,0x00,0x00,0x00,0x00,0x00,0x00,0x00,
 216          0x00,0x00,0x00,0x00,0x00,0x00,0x00,0x00,0x00,0x00,0x00,0x00,0x00,0x00,0x00,0x00,
 217          0x00,0x00,0x00,0x00,0x00,0x00,0x00,0x00,0x00,0x00,0x00,0x00,0x00,0x00,0x00,0x00,
 218          0x00,0x00,0x00,0x00,0x00,0x00,0x00,0x00,0x00,0x00,0x00,0x00,0x00,0x00,0x00,0x00,
 219          0x00,0x00,0x00,0x00,0x00,0x00,0x00,0x00,0x00,0x00,0x00,0x00,0x00,0x00,0x00,0x00,
 220          0x00,0x00,0x00,0x00,0x00,0x00,0x00,0x00,0x00,0x00,0x00,0x00,0x00,0x00,0x00,0x00,
 221          0x00,0x00,0x00,0x00,0x00,0x00,0x00,0x00,0x00,0x00,0x00,0x00,0x00,0x00,0x00,0x00,
 222          0x00,0x00,0x00,0x00,0x00,0x00,0x00,0x00,0x00,0x00,0x00,0x00,0x00,0x00,0x00,0x00,
 223          0x00,0x00,0x00,0x00,0x00,0x00,0x00,0x00,0x00,0x00,0x00,0x00,0x00,0x00,0x00,0x00,
 224          0x00,0x00,0x00,0x00,0x00,0x00,0x00,0x00,0x00,0x00,0x00,0x00,0x00,0x00,0x00,0x00,
 225          0x00,0x00,0x00,0x00,0x00,0x00,0x00,0x00,0x00,0x00,0x00,0x00,0x00,0x00,0x00,0x00,
 226          0x00,0x00,0x00,0x00,0x00,0x00,0x00,0x00,0x00,0x00,0x00,0x00,0x00,0x00,0x00,0x00,
 227          0x00,0x00,0x00,0x00,0x00,0x00,0x00,0x00,0x00,0x00,0x00,0x00,0x00,0x00,0x00,0x00,
 228          0x00,0x00,0x00,0x00,0x00,0x00,0x00,0x00,0x00,0x00,0x00,0x00,0x00,0x00,0x00,0x00,
 229          0x00,0x00,0x00,0x00,0x00,0x00,0x00,0x00,0x00,0x00,0x00,0x00,0x00,0x00,0x00,0x00,
 230          0x00,0x00,0x00,0x00,0x00,0x00,0x00,0x00,0x00,0x00,0x00,0x00,0x00,0x00,0x00,0x00,
 231          0x00,0x00,0x00,0x00,0x00,0x00,0x00,0x00,0x00,0x00,0x00,0x00,0x00,0x00,0x00,0x00,
 232          0x00,0x00,0x00,0x00,0x00,0x00,0x00,0x00,0x00,0x00,0x00,0x00,0x00,0x00,0x00,0x00,
 233          0x00,0x00,0x00,0x00,0x00,0x00,0x00,0x00,0x00,0x00,0x00,0x00,0x00,0x00,0x00,0x00,
 234          0x00,0x00,0x00,0x00,0x00,0x00,0x00,0x00,0x00,0x00,0x00,0x00,0x00,0x00,0x00,0x00,
 235          0x00,0x00,0x00,0x00,0x00,0x00,0x00,0x00,0x00,0x00,0x00,0x00,0x00,0x00,0x00,0x00,
 236          0x00,0x00,0x00,0x00,0x00,0x00,0x00,0x00,0x00,0x00,0x00,0x00,0x00,0x00,0x00,0x00,
 237          0x00,0x00,0x00,0x00,0xF0,0x00,0x00,0x00,0x00,0x00,0x00,0x00,0x00,0x00,0x00,0x00,
 238          0x00,0x00,0x00,0x00,0x00,0x00,0x00,0x1E,0xFC,0x80,0x00,0x00,0x00,0x00,0x00,0x00,
 239          0x00,0x00,0x00,0x00,0x00,0x00,0x00,0x00,0x00,0x00,0x00,0xD8,0x14,0xF0,0x00,0x00,
 240          0x00,0x00,0x00,0x00,0x00,0x00,0x00,0x00,0x00,0x00,0x00,0x00,0x00,0x00,0x03,0x90,
C51 COMPILER V9.60.7.0   PICTURE                                                           11/01/2024 15:25:39 PAGE 5   

 241          0x94,0xBC,0x00,0x00,0x00,0x00,0x00,0x00,0x00,0x00,0x00,0x00,0x00,0x00,0x00,0x00,
 242          0x00,0x00,0x07,0x90,0x94,0x8E,0x00,0x00,0x00,0x00,0x00,0x00,0x00,0x00,0x00,0x00,
 243          0x00,0x00,0x00,0x00,0x00,0x00,0x05,0x90,0x94,0x83,0x00,0x00,0x00,0x00,0x00,0x00,
 244          0x00,0x00,0x00,0x00,0x00,0x00,0x00,0x00,0x00,0x00,0x35,0x94,0x94,0x81,0xC0,0x00,
 245          0x00,0x00,0x00,0x00,0x00,0x00,0x00,0x00,0x00,0x00,0x00,0x00,0x00,0x00,0x35,0x9C,
 246          0x95,0x90,0xC0,0x00,0x00,0x00,0x00,0x00,0x00,0x00,0x00,0x00,0x00,0x00,0x00,0x00,
 247          0x00,0x00,0xB5,0x98,0x90,0x90,0x60,0x00,0x00,0x00,0x00,0x00,0x00,0x00,0x00,0x00,
 248          0x00,0x00,0x00,0x00,0x00,0x00,0xB5,0x90,0x10,0x10,0xF0,0x00,0x00,0x00,0x00,0x00,
 249          0x00,0x00,0x00,0x00,0x00,0x00,0x00,0x00,0x00,0x01,0xB5,0x90,0x10,0x10,0x00,0x00,
 250          0x00,0x00,0x00,0x00,0x00,0x00,0x00,0x00,0x00,0x00,0x00,0x00,0x00,0x01,0x34,0x90,
 251          0x30,0x30,0x00,0x00,0x00,0x00,0x00,0x00,0x00,0x00,0x00,0x00,0x00,0x00,0x00,0x00,
 252          0x00,0x03,0x34,0x1E,0xFE,0xFF,0xF8,0x00,0x00,0x00,0x00,0x00,0x00,0x00,0x00,0x00,
 253          0x00,0x00,0x00,0x00,0x00,0x03,0x30,0x0C,0x58,0x30,0x08,0x00,0x00,0x00,0x00,0x00,
 254          0x00,0x00,0x00,0x00,0x00,0x00,0x00,0x00,0x00,0x03,0x30,0x60,0x48,0x10,0x08,0x00,
 255          0x00,0x00,0x00,0x00,0x00,0x00,0x00,0x00,0x00,0x00,0x00,0x00,0x00,0x03,0x39,0xFC,
 256          0x48,0x12,0x08,0x00,0x00,0x00,0x00,0x00,0x00,0x00,0x00,0x00,0x00,0x00,0x00,0x00,
 257          0x00,0x03,0x3F,0xFE,0x48,0x13,0x08,0x00,0x00,0x00,0x00,0x00,0x00,0x00,0x00,0x00,
 258          0x00,0x00,0x00,0x00,0x00,0x03,0x34,0x60,0x48,0x1F,0xF8,0x00,0x00,0x00,0x00,0x00,
 259          0x00,0x00,0x00,0x00,0x00,0x00,0x00,0x00,0x00,0x00,0x24,0x60,0x48,0x03,0x18,0x00,
 260          0x00,0x00,0x00,0x00,0x00,0x00,0x00,0x00,0x00,0x00,0x00,0x00,0x00,0x00,0x34,0x60,
 261          0x48,0x02,0x18,0x00,0x00,0x00,0x00,0x00,0x00,0x00,0x00,0x00,0x00,0x00,0x00,0x00,
 262          0x00,0x01,0xB4,0x60,0x48,0x03,0x30,0x00,0x00,0x00,0x00,0x00,0x00,0x00,0x00,0x00,
 263          0x00,0x00,0x00,0x00,0x00,0x00,0xF4,0x60,0x48,0xFF,0xF0,0x00,0x00,0x00,0x00,0x00,
 264          0x00,0x00,0x00,0x00,0x00,0x00,0x00,0x00,0x00,0x00,0xE4,0x60,0x48,0x03,0x60,0x00,
 265          0x00,0x00,0x00,0x00,0x00,0x00,0x00,0x00,0x00,0x00,0x00,0x00,0x00,0x00,0x64,0x60,
 266          0x48,0x02,0xC0,0x00,0x00,0x00,0x00,0x00,0x00,0x00,0x00,0x00,0x00,0x00,0x00,0x00,
 267          0x00,0x00,0x34,0x60,0x48,0x03,0x80,0x00,0x00,0x00,0x00,0x00,0x00,0x00,0x00,0x00,
 268          0x00,0x00,0x00,0x00,0x00,0x00,0x04,0x60,0x48,0x03,0x00,0x00,0x00,0x00,0x00,0x00,
 269          0x00,0x00,0x00,0x00,0x00,0x00,0x00,0x00,0x00,0x00,0x07,0x60,0x48,0x0A,0x00,0x00,
 270          0x00,0x00,0x00,0x00,0x00,0x00,0x00,0x00,0x00,0x00,0x00,0x00,0x00,0x00,0x03,0xE0,
 271          0xC8,0x78,0x00,0x00,0x00,0x00,0x00,0x00,0x00,0x00,0x00,0x00,0x00,0x00,0x00,0x00,
 272          0x00,0x00,0x00,0xFC,0xDF,0xE0,0x00,0x00,0x00,0x00,0x00,0x00,0x00,0x00,0x00,0x00,
 273          0x00,0x00,0x00,0x00,0x00,0x00,0x00,0x1E,0xFF,0x00,0x00,0x00,0x00,0x00,0x00,0x00,
 274          0x00,0x00,0x00,0x00,0x00,0x00,0x00,0x00,0x00,0x00,0x00,0x00,0x00,0x00,0x00,0x00,
 275          0x00,0x00,0x00,0x00,0x00,0x00,0x00,0x00,0x00,0x00,0x00,0x00,0x00,0x00,0x00,0x00,
 276          0x00,0x00,0x00,0x00,0x00,0x00,0x00,0x00,0x00,0x00,0x00,0x00,0x00,0x00,0x00,0x00,
 277          0x00,0x00,0x00,0x00,0x00,0x00,0x00,0x00,0x00,0x00,0x00,0x00,0x00,0x00,0x00,0x00,
 278          0x00,0x00,0x00,0x00,0x00,0x00,0x00,0x00,0x00,0x00,0x00,0x00,0x00,0x00,0x00,0x00,
 279          0x00,0x00,0x00,0x00,0x00,0x00,0x00,0x00,0x00,0x07,0xDF,0x06,0x9E,0x45,0x9A,0x00,
 280          0x00,0x00,0x00,0x00,0x00,0x00,0x00,0x00,0x00,0x00,0x00,0x00,0x00,0x0C,0x01,0x03,
 281          0x80,0x45,0x18,0x00,0x00,0x00,0x00,0x00,0x00,0x00,0x00,0x00,0x00,0x00,0x00,0x00,
 282          0x00,0x0C,0xD1,0x33,0x1E,0x7D,0x1A,0x00,0x00,0x00,0x00,0x00,0x00,0x00,0x00,0x00,
 283          0x00,0x00,0x00,0x00,0x00,0x0C,0xD1,0x01,0x10,0x45,0x9A,0x00,0x00,0x00,0x00,0x00,
 284          0x00,0x00,0x00,0x00,0x00,0x00,0x00,0x00,0x00,0x07,0xDF,0x01,0x1E,0x44,0xFA,0x00,
 285          0x00,0x00,0x00,0x00,0x00,0x00,0x00,0x00,0x00,0x00,0x00,0x00,0x00,0x03,0x8E,0x00,
 286          0x0E,0x00,0x60,0x00,0x00,0x00,0x00,0x00,0x00,0x00,0x00,0x00,0x00,0x00,0x00,0x00,
 287          0x00,0x00,0x00,0x00,0x00,0x00,0x00,0x00,0x00,0x00,0x00,0x00,0x00,0x00,0x00,0x00,
 288          0x00,0x00,0x00,0x00,0x00,0x00,0x00,0x00,0x00,0x00,0x00,0x00,0x00,0x00,0x00,0x00,
 289          0x00,0x00,0x00,0x00,0x00,0x00,0x00,0x00,0x00,0x00,0x00,0x00,0x00,0x00,0x00,0x00,
 290          0x00,0x00,0x00,0x00,0x00,0x00,0x00,0x00,0x00,0x00,0x00,0x00,0x00,0x00,0x00,0x00,
 291          0x00,0x00,0x00,0x00,0x00,0x00,0x00,0x00,0x00,0x00,0x00,0x00,0x00,0x00,0x00,0x00,
 292          0x00,0x00,0x00,0x00,0x00,0x00,0x00,0x00,0x00,0x00,0x00,0x00,0x00,0x00,0x00,0x00,
 293          0x00,0x00,0x00,0x00,0x00,0x00,0x00,0x00,0x00,0x00,0x00,0x00,0x00,0x00,0x00,0x00,
 294          0x00,0x00,0x00,0x00,0x00,0x00,0x00,0x00,0x00,0x00,0x00,0x00,0x00,0x00,0x00,0x00,
 295          0x00,0x00,0x00,0x00,0x00,0x00,0x00,0x00,0x00,0x00,0x00,0x00,0x00,0x00,0x00,0x00,
 296          0x00,0x00,0x00,0x00,0x00,0x00,0x00,0x00,0x00,0x00,0x00,0x00,0x00,0x00,0x00,0x00,
 297          0x00,0x00,0x00,0x00,0x00,0x00,0x00,0x00,0x00,0x00,0x00,0x00,0x00,0x00,0x00,0x00,
 298          0x00,0x00,0x00,0x00,0x00,0x00,0x00,0x00,0x00,0x00,0x00,0x00,0x00,0x00,0x00,0x00,
 299          0x00,0x00,0x00,0x00,0x00,0x00,0x00,0x00,0x00,0x00,0x00,0x00,0x00,0x00,0x00,0x00,
 300          0x00,0x00,0x00,0x00,0x00,0x00,0x00,0x00,0x00,0x00,0x00,0x00,0x00,0x00,0x00,0x00,
 301          0x00,0x00,0x00,0x00,0x00,0x00,0x00,0x00,0x00,0x00,0x00,0x00,0x00,0x00,0x00,0x00,
 302          0x00,0x00,0x00,0x00,0x00,0x00,0x00,0x00,0x00,0x00,0x00,0x00,0x00,0x00,0x00,0x00,
C51 COMPILER V9.60.7.0   PICTURE                                                           11/01/2024 15:25:39 PAGE 6   

 303          0x00,0x00,0x00,0x00,0x00,0x00,0x00,0x00,0x00,0x00,0x00,0x00,0x00,0x00,0x00,0x00,
 304          0x00,0x00,0x00,0x00,0x00,0x00,0x00,0x00,0x00,0x00,0x00,0x00,0x00,0x00,0x00,0x00,
 305          0x00,0x00,0x00,0x00,0x00,0x00,0x00,0x00,0x00,0x00,0x00,0x00,0x00,0x00,0x00,0x00,
 306          0x00,0x00,0x00,0x00,0x00,0x00,0x00,0x00,0x00,0x00,0x00,0x00,0x00,0x00,0x00,0x00,
 307          0x00,0x00,0x00,0x00,0x00,0x00,0x00,0x00,0x00,0x00,0x00,0x00,0x00,0x00,0x00,0x00,
 308          0x00,0x00,0x00,0x00,0x00,0x00,0x00,0x00,0x00,0x00,0x00,0x00,0x00,0x00,0x00,0x00,
 309          0x00,0x00,0x00,0x00,0x00,0x00,0x00,0x00,0x00,0x00,0x00,0x00,0x00,0x00,0x00,0x00,
 310          0x00,0x00,0x00,0x00,0x00,0x00,0x00,0x00,0x00,0x00,0x00,0x00,0x80,0x00,0x00,0x00,
 311          0x00,0x00,0x00,0x00,0x00,0x00,0x00,0x00,0x00,0x00,0x00,0x00,0x00,0x00,0x00,0x01
 312          
 313          };
 314           
 315          unsigned char code BMP1[]={ 
 316          /*--  调入了一幅图像：d:\My Documents\My Pictures\240128.bmp  --*/
 317          /*--  宽度x高度=240x128  --*/
 318          0x00,0x00,0x00,0x00,0x00,0x00,0x00,0x00,0x00,0x00,0x00,0x00,0x00,0x00,0x00,0x00,
 319          0x00,0x00,0x00,0x00,0x00,0x00,0x00,0x00,0x00,0x00,0x00,0x00,0x00,0x00,0x00,0x00,
 320          0x00,0x00,0x00,0x00,0x00,0x00,0x00,0x00,0x00,0x00,0x00,0x00,0x00,0x00,0x00,0x00,
 321          0x00,0x00,0x00,0x00,0x00,0x00,0x00,0x00,0x00,0x00,0x00,0x00,0x00,0x3F,0xff,0xFF,
 322          0xFF,0xFF,0xFE,0x00,0x00,0x00,0x00,0x00,0x00,0x00,0x00,0x00,0x00,0x00,0x00,0x00,
 323          0x00,0x00,0x00,0xFF,0xFF,0xFF,0xFF,0xFF,0xFE,0x00,0x00,0xC0,0x00,0x00,0x00,0x00,
 324          0x01,0x80,0x00,0x00,0x00,0x00,0x00,0x00,0x00,0x00,0x00,0x00,0x00,0x00,0x00,0x00,
 325          0x03,0x00,0x00,0x00,0x00,0x00,0x01,0x80,0x01,0x00,0x00,0x00,0x00,0x00,0x00,0x40,
 326          0x00,0x00,0x00,0x00,0x00,0x00,0x00,0x00,0x00,0x00,0x00,0x00,0x00,0x00,0x04,0x00,
 327          0x00,0x00,0x00,0x00,0x00,0x40,0x02,0x00,0x00,0x00,0x00,0x00,0x00,0x20,0x00,0x00,
 328          0x00,0x00,0x00,0x00,0x00,0x00,0x00,0x00,0x00,0x00,0x00,0x00,0x08,0x00,0x00,0x00,
 329          0x00,0x00,0x00,0x20,0x04,0x00,0x00,0x00,0x00,0x00,0x00,0x10,0x00,0x00,0x00,0x00,
 330          0x00,0x00,0x00,0x00,0x00,0x00,0x00,0x00,0x00,0x00,0x10,0x00,0x00,0x00,0x00,0x00,
 331          0x00,0x10,0x04,0x00,0x00,0x00,0x00,0x00,0x00,0x10,0x00,0x7F,0xFF,0xFF,0xFF,0xFF,
 332          0xFF,0xFF,0xFF,0xFF,0xFF,0xFF,0xFE,0x00,0x10,0x00,0x00,0x00,0x00,0x00,0x00,0x10,
 333          0x08,0x00,0x00,0x00,0x00,0x00,0x00,0x08,0x01,0x80,0x00,0x00,0x00,0x00,0x00,0x00,
 334          0x00,0x00,0x00,0x00,0x01,0x80,0x20,0x00,0x00,0x00,0x00,0x00,0x00,0x08,0x08,0x00,
 335          0x00,0x00,0x00,0x00,0x00,0x08,0x02,0x00,0x00,0x00,0x00,0x00,0x00,0x00,0x00,0x00,
 336          0x00,0x00,0x00,0x40,0x20,0x00,0x00,0x00,0x00,0x00,0x00,0x08,0x08,0x00,0x00,0x00,
 337          0x00,0x00,0x00,0x08,0x04,0x00,0x00,0x00,0x00,0x00,0x00,0x00,0x00,0x00,0x00,0x00,
 338          0x00,0x20,0x20,0x00,0x00,0x00,0x00,0x00,0x00,0x08,0x08,0x00,0x00,0x00,0x00,0x00,
 339          0x00,0x08,0x08,0x00,0x00,0x00,0x00,0x00,0x00,0x00,0x00,0x00,0x00,0x00,0x00,0x10,
 340          0x20,0x00,0x00,0x00,0x00,0x00,0x00,0x08,0x08,0x00,0x84,0x01,0x00,0x80,0x40,0x08,
 341          0x08,0x00,0x00,0x00,0x12,0x00,0x40,0x00,0x20,0x80,0x00,0x00,0x00,0x10,0x22,0x08,
 342          0x04,0x00,0x40,0x02,0x10,0x08,0x08,0x00,0x48,0x01,0x00,0x5F,0xE0,0x08,0x10,0x00,
 343          0x00,0x00,0x12,0x00,0x20,0x00,0x20,0x5F,0x80,0x00,0x00,0x08,0x21,0x7F,0x84,0x00,
 344          0x4F,0xE2,0x14,0x08,0x08,0x00,0x10,0x1F,0xF0,0x11,0x00,0x08,0x10,0x00,0x00,0x00,
 345          0x12,0x0F,0xFF,0x3C,0x21,0x00,0x80,0x00,0x00,0x08,0x20,0x08,0x07,0xF8,0x41,0x02,
 346          0x12,0x08,0x08,0x01,0xFE,0x11,0x11,0x17,0xC0,0x08,0x10,0x00,0x00,0x00,0x12,0x40,
 347          0x00,0x25,0xF9,0x3C,0x80,0x00,0x00,0x08,0x20,0x3F,0x09,0x49,0xF1,0x0F,0x90,0x08,
 348          0x08,0x01,0x02,0x11,0x10,0x94,0x40,0x08,0x10,0x00,0x00,0x01,0xF2,0x81,0xFC,0x24,
 349          0x21,0x24,0x80,0x00,0x00,0x08,0x27,0x08,0x11,0x48,0x41,0x02,0x7F,0x08,0x08,0x01,
 350          0x02,0x1F,0xF0,0x17,0xC0,0x08,0x10,0x00,0x00,0x00,0x13,0x01,0x04,0x3D,0x21,0x24,
 351          0x80,0x00,0x00,0x08,0x21,0x7F,0xA2,0x48,0x51,0x03,0x10,0x08,0x08,0x01,0xFE,0x11,
 352          0x10,0x54,0x40,0x08,0x10,0x00,0x00,0x00,0x12,0x01,0x04,0x24,0xA1,0x3C,0x80,0x00,
 353          0x00,0x08,0x21,0x21,0x04,0x48,0x61,0x06,0x10,0x08,0x08,0x00,0x00,0x11,0x10,0x97,
 354          0xC0,0x08,0x10,0x00,0x00,0x00,0x12,0x01,0xFC,0x24,0x21,0x24,0x80,0x00,0x00,0x08,
 355          0x21,0x3F,0x08,0x89,0xC1,0x0A,0x28,0x08,0x08,0x02,0xA2,0x1F,0xF1,0x91,0x00,0x08,
 356          0x10,0x00,0x00,0x00,0x32,0x01,0x28,0x24,0x21,0x3C,0x80,0x00,0x00,0x08,0x21,0x21,
 357          0x11,0x08,0x41,0x02,0x28,0x08,0x08,0x02,0x95,0x01,0x04,0x95,0x40,0x08,0x10,0x00,
 358          0x00,0x00,0x52,0x22,0x24,0x3C,0x21,0x24,0x80,0x00,0x00,0x08,0x21,0xBF,0x02,0x08,
 359          0x41,0x02,0x49,0x08,0x08,0x04,0x84,0x81,0x04,0xA9,0x20,0x08,0x10,0x00,0x00,0x01,
 360          0x92,0x24,0x22,0x20,0x21,0x00,0x80,0x00,0x00,0x08,0x21,0x21,0x0C,0x90,0x41,0x02,
 361          0x89,0x08,0x08,0x00,0x7C,0x00,0xFC,0xC3,0x00,0x08,0x10,0x00,0x00,0x00,0x11,0xE0,
 362          0x60,0x00,0x61,0x01,0x80,0x00,0x00,0x08,0x20,0x23,0x00,0x60,0xC3,0x07,0x07,0x08,
 363          0x08,0x00,0x00,0x00,0x00,0x00,0x00,0x08,0x10,0x00,0x00,0x00,0x00,0x00,0x00,0x00,
 364          0x00,0x00,0x00,0x00,0x00,0x08,0x20,0x00,0x00,0x00,0x00,0x00,0x00,0x08,0x08,0x00,
C51 COMPILER V9.60.7.0   PICTURE                                                           11/01/2024 15:25:39 PAGE 7   

 365          0x00,0x00,0x00,0x00,0x00,0x08,0x10,0x00,0x00,0x00,0x00,0x00,0x00,0x00,0x00,0x00,
 366          0x00,0x00,0x00,0x08,0x20,0x00,0x00,0x00,0x00,0x00,0x00,0x08,0x08,0x00,0x00,0x00,
 367          0x00,0x00,0x00,0x08,0x10,0x00,0x00,0x00,0x00,0x00,0x00,0x00,0x00,0x00,0x00,0x00,
 368          0x00,0x08,0x20,0x00,0x00,0x00,0x00,0x00,0x00,0x08,0x08,0x00,0x00,0x00,0x00,0x00,
 369          0x00,0x08,0x10,0x00,0x00,0x00,0x00,0x00,0x00,0x00,0x00,0x00,0x00,0x00,0x00,0x08,
 370          0x20,0x00,0x00,0x00,0x00,0x00,0x00,0x08,0x08,0x00,0x00,0x00,0x00,0x00,0x00,0x08,
 371          0x10,0x00,0x00,0x00,0x00,0x00,0x00,0x00,0x00,0x00,0x00,0x00,0x00,0x08,0x20,0x00,
 372          0x00,0x00,0x00,0x00,0x00,0x08,0x08,0x00,0x00,0x00,0x00,0x00,0x00,0x08,0x10,0x00,
 373          0x00,0x00,0x00,0x00,0x00,0x00,0x00,0x00,0x00,0x00,0x00,0x08,0x20,0x00,0x00,0x00,
 374          0x00,0x00,0x00,0x08,0x08,0x00,0x00,0x00,0x00,0x00,0x00,0x08,0x10,0x00,0x00,0x00,
 375          0x00,0x00,0x00,0x00,0x00,0x00,0x00,0x00,0x00,0x08,0x20,0x00,0x00,0x00,0x00,0x00,
 376          0x00,0x08,0x08,0x00,0x00,0x00,0x00,0x00,0x00,0x08,0x10,0x00,0x00,0x00,0x00,0x00,
 377          0x00,0x00,0x00,0x00,0x00,0x00,0x00,0x08,0x20,0x00,0x00,0x00,0x00,0x00,0x00,0x08,
 378          0x08,0x00,0x00,0x00,0x00,0x00,0x00,0x08,0x10,0x00,0x00,0x00,0x00,0x00,0x00,0x00,
 379          0x00,0x00,0x00,0x00,0x00,0x08,0x20,0x00,0x00,0x00,0x00,0x00,0x00,0x08,0x08,0x0E,
 380          0xE2,0x0F,0x3E,0xFD,0xF0,0x08,0x10,0x00,0x00,0x00,0x03,0x87,0x00,0x00,0x70,0xE0,
 381          0x00,0x00,0x00,0x08,0x20,0x00,0xF0,0x03,0xB8,0x0F,0x00,0x08,0x08,0x06,0xC2,0x11,
 382          0x2A,0x44,0x88,0x08,0x10,0x00,0x00,0x00,0x04,0x48,0x80,0x00,0x89,0x10,0x00,0x00,
 383          0x00,0x08,0x20,0x00,0x48,0x01,0x90,0x04,0x80,0x08,0x08,0x06,0xC5,0x10,0x08,0x40,
 384          0x88,0x08,0x10,0x00,0x00,0x00,0x04,0x48,0x81,0x80,0x89,0x10,0x00,0x00,0x00,0x08,
 385          0x20,0x00,0x44,0x01,0x90,0x04,0x40,0x08,0x08,0x06,0xC5,0x08,0x08,0x48,0xF0,0x08,
 386          0x10,0x00,0x00,0x00,0x04,0x48,0x81,0x80,0x89,0x10,0x00,0x00,0x00,0x08,0x20,0x00,
 387          0x44,0x01,0x50,0x04,0x40,0x08,0x08,0x05,0x45,0x06,0x08,0x78,0xA0,0x08,0x10,0x00,
 388          0x00,0x00,0x04,0x48,0x80,0x00,0x89,0x10,0x00,0x00,0x00,0x08,0x20,0x00,0x44,0x01,
 389          0x50,0x04,0x40,0x08,0x08,0x05,0x47,0x01,0x08,0x48,0x90,0x08,0x10,0x00,0x00,0x00,
 390          0x04,0x48,0x80,0x00,0x89,0x10,0x00,0x00,0x00,0x08,0x20,0x00,0x44,0x01,0x50,0x04,
 391          0x40,0x08,0x08,0x05,0x48,0x81,0x08,0x40,0x90,0x08,0x10,0x00,0x00,0x00,0x04,0x48,
 392          0x81,0x80,0x89,0x10,0x00,0x00,0x00,0x08,0x20,0x00,0x44,0x01,0x30,0x04,0x40,0x08,
 393          0x08,0x05,0x48,0x91,0x08,0x44,0x88,0x08,0x10,0x00,0x00,0x00,0x04,0x48,0x81,0x80,
 394          0x89,0x10,0x00,0x00,0x00,0x08,0x20,0x00,0x48,0xC1,0x33,0x04,0x80,0x08,0x08,0x0D,
 395          0x7D,0xDE,0x1C,0xFD,0xCC,0x08,0x10,0x00,0x00,0x00,0x03,0x87,0x00,0x00,0x70,0xE0,
 396          0x00,0x00,0x00,0x08,0x20,0x00,0xF0,0xC3,0x93,0x0F,0x00,0x08,0x08,0x00,0x00,0x00,
 397          0x00,0x00,0x00,0x08,0x10,0x00,0x00,0x00,0x00,0x00,0x00,0x00,0x00,0x00,0x00,0x00,
 398          0x00,0x08,0x20,0x00,0x00,0x00,0x00,0x00,0x00,0x08,0x08,0x00,0x00,0x00,0x00,0x00,
 399          0x00,0x08,0x10,0x00,0x00,0x00,0x00,0x00,0x00,0x00,0x00,0x00,0x00,0x00,0x00,0x08,
 400          0x20,0x00,0x00,0x00,0x00,0x00,0x00,0x08,0x08,0x00,0x00,0x00,0x00,0x00,0x00,0x08,
 401          0x10,0x00,0x00,0x00,0x00,0x00,0x00,0x00,0x00,0x00,0x00,0x00,0x00,0x08,0x20,0x00,
 402          0x00,0x00,0x00,0x00,0x00,0x08,0x08,0x00,0x00,0x00,0x00,0x00,0x00,0x08,0x10,0x00,
 403          0x00,0x00,0x00,0x00,0x00,0x00,0x00,0x00,0x00,0x00,0x00,0x08,0x20,0x00,0x00,0x00,
 404          0x00,0x00,0x00,0x08,0x08,0x00,0x00,0x00,0x00,0x00,0x00,0x08,0x08,0x00,0x00,0x00,
 405          0x00,0x00,0x00,0x00,0x00,0x00,0x00,0x00,0x00,0x10,0x20,0x00,0x00,0x00,0x00,0x00,
 406          0x00,0x08,0x08,0x00,0x00,0x00,0x00,0x00,0x00,0x08,0x08,0x00,0x00,0x00,0x00,0x00,
 407          0x00,0x00,0x00,0x00,0x00,0x00,0x00,0x10,0x20,0x00,0x00,0x00,0x00,0x00,0x00,0x08,
 408          0x08,0x00,0x00,0x00,0x00,0x00,0x00,0x08,0x04,0x00,0x00,0x00,0x00,0x00,0x00,0x00,
 409          0x00,0x00,0x00,0x00,0x00,0x20,0x20,0x00,0x00,0x00,0x00,0x00,0x00,0x08,0x08,0x00,
 410          0x00,0x00,0x00,0x00,0x00,0x08,0x02,0x00,0x00,0x00,0x00,0x00,0x00,0x00,0x00,0x00,
 411          0x00,0x00,0x00,0x40,0x20,0x00,0x00,0x00,0x00,0x00,0x00,0x08,0x08,0x00,0x00,0x00,
 412          0x00,0x00,0x00,0x08,0x01,0x80,0x00,0x00,0x00,0x00,0x00,0x00,0x00,0x00,0x00,0x00,
 413          0x01,0x80,0x20,0x00,0x00,0x00,0x00,0x00,0x00,0x08,0x04,0x00,0x00,0x00,0x00,0x00,
 414          0x00,0x10,0x00,0x7F,0xFF,0xFF,0xFF,0xFF,0xFF,0xFF,0xFF,0xFF,0xFF,0xFF,0xFE,0x00,
 415          0x10,0x00,0x00,0x00,0x00,0x00,0x00,0x10,0x02,0x00,0x00,0x00,0x00,0x00,0x00,0x20,
 416          0x00,0x00,0x00,0x00,0x00,0x00,0x00,0x00,0x00,0x00,0x00,0x00,0x00,0x00,0x10,0x00,
 417          0x00,0x00,0x00,0x00,0x00,0x10,0x01,0x00,0x00,0x00,0x00,0x00,0x00,0x40,0x00,0x00,
 418          0x00,0x00,0x00,0x00,0x00,0x00,0x00,0x00,0x00,0x00,0x00,0x00,0x08,0x00,0x00,0x00,
 419          0x00,0x00,0x00,0x20,0x00,0xC0,0x00,0x00,0x00,0x00,0x01,0x80,0x00,0x00,0x00,0x00,
 420          0x00,0x00,0x00,0x00,0x00,0x00,0x00,0x00,0x00,0x00,0x04,0x00,0x00,0x00,0x00,0x00,
 421          0x00,0x40,0x00,0x3F,0xFF,0xFF,0xFF,0xFF,0xFE,0x00,0x00,0x00,0x00,0x00,0x00,0x00,
 422          0x00,0x00,0x00,0x00,0x00,0x00,0x00,0x00,0x03,0x00,0x00,0x00,0x00,0x00,0x01,0x80,
 423          0x00,0x00,0x00,0x00,0x00,0x00,0x00,0x00,0x00,0x00,0x00,0x00,0x00,0x00,0x00,0x00,
 424          0x00,0x00,0x00,0x00,0x00,0x00,0x00,0xFF,0xFF,0xFF,0xFF,0xFF,0xFE,0x00,0x00,0x00,
 425          0x00,0x00,0x00,0x00,0x00,0x00,0x00,0x00,0x00,0x00,0x00,0x00,0x00,0x00,0x00,0x00,
 426          0x00,0x00,0x00,0x00,0x00,0x00,0x00,0x00,0x00,0x00,0x00,0x00,0x00,0x00,0x00,0x00,
C51 COMPILER V9.60.7.0   PICTURE                                                           11/01/2024 15:25:39 PAGE 8   

 427          0x00,0x00,0x00,0x00,0x00,0x00,0x00,0x00,0x00,0x00,0x00,0x00,0x00,0x00,0x00,0x00,
 428          0x00,0x00,0x00,0x00,0x00,0x00,0x00,0x00,0x00,0x00,0x00,0x00,0x00,0x00,0x00,0x00,
 429          0x00,0x00,0x00,0x00,0x00,0x00,0x00,0x00,0x00,0x00,0x00,0x00,0x00,0x00,0x00,0x00,
 430          0x00,0x00,0x00,0x00,0x00,0x00,0x00,0x00,0x00,0x00,0x00,0x00,0x00,0x00,0x00,0x00,
 431          0x00,0x00,0x00,0x00,0x00,0x00,0x00,0x00,0x00,0x00,0x00,0x00,0x00,0x00,0x00,0x00,
 432          0x00,0x00,0x00,0x00,0x00,0x00,0x00,0x00,0x00,0x00,0x00,0x00,0x00,0x00,0x00,0x00,
 433          0x00,0x00,0x00,0x00,0x00,0x00,0x00,0x00,0x00,0x00,0x00,0x00,0x00,0x00,0x00,0x00,
 434          0x00,0x00,0x00,0x00,0x00,0x00,0x00,0x00,0x00,0x00,0x00,0x00,0x00,0x00,0x00,0x00,
 435          0x00,0x00,0x00,0x00,0x00,0x00,0x00,0x00,0x00,0x00,0x00,0x00,0x00,0x00,0x00,0x00,
 436          0x00,0x00,0x00,0x00,0x00,0x00,0x00,0x00,0x00,0x00,0x00,0x00,0x00,0x00,0x00,0x00,
 437          0x00,0x00,0x00,0x00,0x00,0x00,0x00,0x00,0x00,0x00,0x00,0x00,0x00,0x00,0x00,0x00,
 438          0x00,0x00,0x00,0x00,0x00,0x00,0x00,0x00,0x00,0x00,0x00,0x00,0x00,0x00,0x00,0x03,
 439          0xFF,0xFF,0xFF,0xFF,0xFF,0x80,0x00,0x00,0x00,0x00,0x00,0x00,0x00,0x00,0x00,0x1F,
 440          0xFF,0xFF,0xFF,0xFF,0xFC,0x00,0x00,0xFF,0xFF,0xFF,0xFF,0xFE,0x00,0x0C,0x00,0x00,
 441          0x00,0x00,0x00,0x60,0x00,0x1F,0xFF,0xFF,0xFF,0xFF,0xFC,0x00,0x00,0x60,0x00,0x00,
 442          0x00,0x00,0x03,0x00,0x03,0x00,0x00,0x00,0x00,0x01,0x80,0x10,0x00,0x00,0x00,0x00,
 443          0x00,0x10,0x00,0x60,0x00,0x00,0x00,0x00,0x03,0x00,0x00,0x80,0x00,0x00,0x00,0x00,
 444          0x00,0x80,0x04,0x00,0x04,0x02,0x01,0x00,0x40,0x20,0x00,0x42,0x02,0x00,0x00,0x08,
 445          0x00,0x80,0x00,0x00,0x00,0x00,0x00,0x80,0x01,0x00,0x00,0x01,0x00,0x00,0x00,0x40,
 446          0x08,0x00,0x04,0x01,0x3F,0x80,0x20,0x40,0x00,0x4F,0xC2,0x7F,0x00,0x04,0x01,0x00,
 447          0x00,0x01,0x00,0x00,0x00,0x40,0x02,0x00,0x00,0x03,0x80,0x00,0x00,0x20,0x10,0x00,
 448          0x7F,0xC7,0xA1,0x00,0x10,0x40,0x00,0x68,0x82,0x08,0x00,0x04,0x02,0x00,0x00,0x03,
 449          0x80,0x00,0x00,0x20,0x02,0x00,0x00,0x07,0xC0,0x00,0x00,0x20,0x10,0x00,0x44,0x40,
 450          0xA5,0x00,0x10,0x80,0x00,0x85,0x0A,0x88,0x00,0x02,0x02,0x00,0x00,0x07,0xC0,0x00,
 451          0x00,0x20,0x04,0x00,0x00,0x0F,0xE0,0x00,0x00,0x10,0x20,0x00,0x44,0x41,0x25,0x00,
 452          0x08,0x80,0x01,0xFF,0xEB,0x08,0x00,0x02,0x04,0x00,0x00,0x0F,0xE0,0x00,0x00,0x10,
 453          0x04,0x00,0x00,0x1F,0xF0,0x00,0x00,0x10,0x20,0x00,0x7F,0xC3,0xA5,0x00,0x08,0x80,
 454          0x00,0x48,0x4A,0x08,0x00,0x02,0x04,0x00,0x00,0x1F,0xF0,0x00,0x00,0x10,0x04,0x00,
 455          0x00,0x3F,0xF8,0x00,0x00,0x10,0x20,0x00,0x44,0x45,0x65,0x00,0x08,0x80,0x00,0x4F,
 456          0xC2,0x08,0x00,0x02,0x04,0x00,0x00,0x3F,0xF8,0x00,0x00,0x10,0x04,0x00,0x00,0x7F,
 457          0xFC,0x00,0x00,0x10,0x20,0x00,0x44,0x41,0x25,0x00,0x08,0x80,0x01,0xE8,0x42,0x08,
 458          0x00,0x02,0x04,0x00,0x00,0x7F,0xFC,0x00,0x00,0x10,0x04,0x00,0x00,0xFF,0xFE,0x00,
 459          0x00,0x10,0x20,0x00,0x7F,0xC1,0x0C,0x00,0x08,0x80,0x00,0x4F,0xC3,0x08,0x00,0x02,
 460          0x04,0x00,0x00,0xFF,0xFE,0x00,0x00,0x10,0x04,0x00,0x01,0xFF,0xFF,0x00,0x00,0x10,
 461          0x20,0x00,0x04,0x11,0x14,0x80,0x08,0x80,0x00,0x45,0x04,0x88,0x00,0x02,0x04,0x00,
 462          0x01,0xFF,0xFF,0x00,0x00,0x10,0x04,0x00,0x03,0xFF,0xFF,0x80,0x00,0x10,0x20,0x00,
 463          0x04,0x11,0x24,0x80,0x08,0x80,0x00,0x69,0x24,0x48,0x00,0x02,0x04,0x00,0x03,0xFF,
 464          0xFF,0x80,0x00,0x10,0x04,0x00,0x07,0xFF,0xFF,0xC0,0x00,0x10,0x20,0x00,0x03,0xF1,
 465          0x43,0x80,0x08,0x80,0x00,0x50,0xE8,0x18,0x00,0x02,0x04,0x00,0x07,0xFF,0xFF,0xC0,
 466          0x00,0x10,0x04,0x00,0x0F,0xFF,0xFF,0xE0,0x00,0x10,0x20,0x00,0x00,0x00,0x00,0x00,
 467          0x08,0x80,0x00,0x00,0x00,0x00,0x00,0x02,0x04,0x00,0x0F,0xFF,0xFF,0xE0,0x00,0x10,
 468          0x04,0x00,0x00,0x00,0x00,0x00,0x00,0x10,0x20,0x00,0x00,0x00,0x00,0x00,0x08,0x80,
 469          0x00,0x00,0x00,0x00,0x00,0x02,0x04,0x00,0x00,0x00,0x00,0x00,0x00,0x10,0x04,0x00,
 470          0x00,0x00,0x00,0x00,0x00,0x10,0x20,0x00,0x00,0x00,0x00,0x00,0x08,0x80,0x00,0x00,
 471          0x00,0x00,0x00,0x02,0x04,0x00,0x00,0x00,0x00,0x00,0x00,0x10,0x04,0x00,0x08,0x00,
 472          0x40,0x20,0x00,0x10,0x20,0x00,0x00,0x00,0x00,0x00,0x08,0x80,0x00,0x00,0x00,0x00,
 473          0x00,0x02,0x04,0x00,0x08,0x00,0x40,0x20,0x00,0x10,0x04,0x01,0xFF,0xC2,0x40,0x27,
 474          0xF0,0x10,0x20,0x00,0x01,0xF7,0x70,0x00,0x08,0x81,0xDD,0xF7,0xCF,0x86,0x3E,0x02,
 475          0x04,0x01,0xFF,0xC2,0x40,0x27,0xF0,0x10,0x04,0x01,0x00,0x01,0x40,0x20,0x80,0x10,
 476          0x20,0x00,0x01,0x52,0x20,0x00,0x08,0x80,0xD8,0x42,0x24,0x49,0x11,0x02,0x04,0x01,
 477          0x00,0x01,0x40,0x20,0x80,0x10,0x04,0x01,0x08,0x08,0x40,0xA8,0x80,0x10,0x20,0x00,
 478          0x00,0x42,0x20,0x00,0x08,0x80,0xD8,0x42,0x24,0x50,0x91,0x02,0x04,0x01,0x08,0x08,
 479          0x40,0xA8,0x80,0x10,0x04,0x01,0x08,0x04,0x40,0xB0,0x80,0x10,0x20,0x00,0x00,0x41,
 480          0x40,0x00,0x08,0x80,0xD8,0x43,0xC7,0x90,0x9E,0x02,0x04,0x01,0x08,0x04,0x40,0xB0,
 481          0x80,0x10,0x04,0x01,0xFF,0xC0,0x40,0xA0,0x80,0x10,0x20,0x00,0x00,0x41,0x40,0x00,
 482          0x08,0x80,0xA8,0x42,0x85,0x10,0x94,0x02,0x04,0x01,0xFF,0xC0,0x40,0xA0,0x80,0x10,
 483          0x04,0x01,0x0C,0x1F,0xFE,0x20,0x80,0x10,0x10,0x00,0x00,0x41,0x40,0x00,0x10,0x40,
 484          0xA8,0x42,0x44,0x90,0x92,0x04,0x04,0x01,0x0C,0x1F,0xFE,0x20,0x80,0x10,0x04,0x01,
 485          0x1A,0x00,0x40,0x20,0x80,0x10,0x10,0x00,0x00,0x41,0x40,0x00,0x10,0x40,0xA8,0x42,
 486          0x44,0x90,0x92,0x04,0x04,0x01,0x1A,0x00,0x40,0x20,0x80,0x10,0x04,0x01,0x29,0x00,
 487          0xA0,0x30,0x80,0x10,0x08,0x00,0x00,0x40,0x80,0x00,0x20,0x20,0xA8,0x42,0x24,0x49,
 488          0x11,0x08,0x04,0x01,0x29,0x00,0xA0,0x30,0x80,0x10,0x04,0x01,0x48,0x81,0x10,0x48,
C51 COMPILER V9.60.7.0   PICTURE                                                           11/01/2024 15:25:39 PAGE 9   

 489          0x80,0x10,0x04,0x00,0x00,0xE0,0x80,0x00,0x40,0x11,0xAD,0xF7,0x3E,0x66,0x39,0x90,
 490          0x04,0x01,0x48,0x81,0x10,0x48,0x80,0x10,0x04,0x02,0x88,0x42,0x0C,0x44,0x80,0x10,
 491          0x03,0x00,0x00,0x00,0x00,0x01,0x80,0x0C,0x00,0x00,0x00,0x00,0x00,0x60,0x04,0x02,
 492          0x88,0x42,0x0C,0x44,0x80,0x10,0x04,0x02,0x08,0x0C,0x04,0x81,0x80,0x10,0x00,0xFF,
 493          0xFF,0xFF,0xFF,0xFE,0x00,0x03,0xFF,0xFF,0xFF,0xFF,0xFF,0x80,0x04,0x02,0x08,0x0C,
 494          0x04,0x81,0x80,0x10,0x04,0x00,0x00,0x00,0x00,0x00,0x00,0x10,0x00,0x00,0x00,0x00,
 495          0x00,0x00,0x00,0x00,0x00,0x00,0x00,0x00,0x00,0x00,0x04,0x00,0x00,0x00,0x00,0x00,
 496          0x00,0x10,0x04,0x00,0x00,0x00,0x00,0x00,0x00,0x10,0x00,0x00,0x00,0x00,0x00,0x00,
 497          0x00,0x00,0x00,0x00,0x00,0x00,0x00,0x00,0x04,0x00,0x00,0x00,0x00,0x00,0x00,0x10,
 498          0x04,0x00,0x00,0x00,0x00,0x00,0x00,0x10,0x00,0xFF,0xFF,0xFF,0xFF,0xFE,0x00,0x00,
 499          0xFF,0xFF,0xFF,0xFF,0xFF,0x80,0x04,0x00,0x00,0x00,0x00,0x00,0x00,0x10,0x04,0x00,
 500          0x00,0x00,0x00,0x00,0x00,0x10,0x03,0x00,0x00,0x80,0x40,0x01,0x80,0x03,0x00,0x00,
 501          0x00,0x00,0x00,0x60,0x04,0x00,0x00,0x00,0x00,0x00,0x00,0x10,0x04,0x00,0x00,0x00,
 502          0x00,0x00,0x00,0x10,0x04,0x00,0x1F,0xFC,0x4F,0xE0,0x40,0x04,0x02,0x20,0x21,0x01,
 503          0x00,0x10,0x04,0x00,0x00,0x00,0x00,0x00,0x00,0x10,0x04,0x00,0x00,0x00,0x00,0x00,
 504          0x00,0x10,0x08,0x00,0x12,0x00,0x41,0x00,0x20,0x08,0x1F,0xFE,0x21,0x01,0x3F,0x88,
 505          0x04,0x00,0x00,0x00,0x00,0x00,0x00,0x10,0x04,0x00,0x00,0x00,0x00,0x00,0x00,0x10,
 506          0x10,0x00,0x17,0xBD,0x51,0x00,0x10,0x10,0x02,0x20,0x25,0x01,0x04,0x04,0x04,0x00,
 507          0x00,0x00,0x00,0x00,0x00,0x10,0x04,0x00,0x03,0xE7,0xEF,0x00,0x00,0x10,0x10,0x00,
 508          0x14,0xA5,0x61,0x00,0x10,0x10,0x08,0x80,0x25,0x65,0x44,0x04,0x04,0x00,0x03,0xE7,
 509          0xEF,0x00,0x00,0x10,0x04,0x00,0x01,0x12,0x24,0x80,0x00,0x10,0x20,0x00,0x17,0xA9,
 510          0x41,0x00,0x08,0x20,0x04,0xF8,0xF5,0xA5,0x84,0x02,0x04,0x00,0x01,0x12,0x24,0x80,
 511          0x00,0x10,0x04,0x00,0x01,0x12,0x04,0x40,0x00,0x10,0x20,0x00,0x14,0xB0,0x41,0x00,
 512          0x08,0x20,0x11,0x48,0x27,0x25,0x04,0x02,0x04,0x00,0x01,0x12,0x04,0x40,0x00,0x10,
 513          0x04,0x00,0x01,0xE2,0x44,0x40,0x00,0x10,0x20,0x00,0x17,0xA8,0x41,0x00,0x08,0x20,
 514          0x08,0x30,0x2D,0x21,0x04,0x02,0x04,0x00,0x01,0xE2,0x44,0x40,0x00,0x10,0x04,0x00,
 515          0x01,0x13,0xC4,0x40,0x00,0x10,0x20,0x00,0x14,0x24,0x61,0x00,0x08,0x20,0x04,0xC8,
 516          0x25,0x21,0x04,0x02,0x04,0x00,0x01,0x13,0xC4,0x40,0x00,0x10,0x04,0x00,0x01,0x12,
 517          0x44,0x40,0x00,0x10,0x20,0x00,0x15,0xB4,0x91,0x00,0x08,0x20,0x1B,0xFE,0x25,0xC1,
 518          0x84,0x02,0x04,0x00,0x01,0x12,0x44,0x40,0x00,0x10,0x04,0x00,0x01,0x12,0x04,0x40,
 519          0x00,0x10,0x20,0x00,0x26,0xA8,0x89,0x00,0x08,0x20,0x08,0x88,0x35,0x12,0x44,0x02,
 520          0x04,0x00,0x01,0x12,0x04,0x40,0x00,0x10,0x04,0x00,0x01,0x12,0x24,0x80,0x00,0x10,
 521          0x20,0x00,0x20,0x21,0x03,0x00,0x08,0x20,0x08,0x88,0xC4,0x12,0x24,0x02,0x04,0x00,
 522          0x01,0x12,0x24,0x80,0x00,0x10,0x04,0x00,0x03,0xE7,0xEF,0x00,0x00,0x10,0x20,0x00,
 523          0x00,0x00,0x00,0x00,0x08,0x20,0x08,0xF8,0x03,0xF4,0x0C,0x02,0x04,0x00,0x03,0xE7,
 524          0xEF,0x00,0x00,0x10,0x04,0x00,0x00,0x00,0x00,0x00,0x00,0x10,0x20,0x00,0x00,0x00,
 525          0x00,0x00,0x08,0x20,0x00,0x00,0x00,0x00,0x00,0x02,0x04,0x00,0x00,0x00,0x00,0x00,
 526          0x00,0x10,0x04,0x00,0x00,0x00,0x00,0x00,0x00,0x10,0x20,0x00,0x00,0x00,0x00,0x00,
 527          0x08,0x20,0x00,0x00,0x00,0x00,0x00,0x02,0x04,0x00,0x00,0x00,0x00,0x00,0x00,0x10,
 528          0x04,0x00,0x0F,0xFF,0xFF,0xE0,0x00,0x10,0x20,0x07,0xEF,0x86,0x3B,0xBE,0x08,0x20,
 529          0x00,0x00,0x00,0x00,0x00,0x02,0x04,0x00,0x0F,0xFF,0xFF,0xE0,0x00,0x10,0x04,0x00,
 530          0x07,0xFF,0xFF,0xC0,0x00,0x10,0x20,0x02,0x24,0x49,0x19,0x2A,0x08,0x20,0x0F,0xDC,
 531          0x0C,0x18,0xF8,0x02,0x04,0x00,0x07,0xFF,0xFF,0xC0,0x00,0x10,0x04,0x00,0x03,0xFF,
 532          0xFF,0x80,0x00,0x10,0x20,0x02,0x04,0x50,0x99,0x08,0x08,0x20,0x04,0x48,0x12,0x24,
 533          0x44,0x02,0x04,0x00,0x03,0xFF,0xFF,0x80,0x00,0x10,0x04,0x00,0x01,0xFF,0xFF,0x00,
 534          0x00,0x10,0x20,0x02,0x47,0x90,0x95,0x08,0x08,0x20,0x04,0x08,0x21,0x42,0x44,0x02,
 535          0x04,0x00,0x01,0xFF,0xFF,0x00,0x00,0x10,0x04,0x00,0x00,0xFF,0xFE,0x00,0x00,0x10,
 536          0x20,0x03,0xC5,0x10,0x95,0x08,0x08,0x20,0x04,0x88,0x21,0x42,0x78,0x02,0x04,0x00,
 537          0x00,0xFF,0xFE,0x00,0x00,0x10,0x04,0x00,0x00,0x7F,0xFC,0x00,0x00,0x10,0x20,0x02,
 538          0x44,0x90,0x95,0x08,0x08,0x20,0x07,0x88,0x21,0x42,0x50,0x02,0x04,0x00,0x00,0x7F,
 539          0xFC,0x00,0x00,0x10,0x04,0x00,0x00,0x3F,0xF8,0x00,0x00,0x10,0x10,0x02,0x04,0x90,
 540          0x93,0x08,0x10,0x10,0x04,0x88,0x21,0x42,0x48,0x04,0x04,0x00,0x00,0x3F,0xF8,0x00,
 541          0x00,0x10,0x04,0x00,0x00,0x1F,0xF0,0x00,0x00,0x10,0x10,0x02,0x04,0x49,0x13,0x08,
 542          0x10,0x10,0x04,0x08,0x21,0x42,0x48,0x04,0x04,0x00,0x00,0x1F,0xF0,0x00,0x00,0x10,
 543          0x02,0x00,0x00,0x0F,0xE0,0x00,0x00,0x20,0x08,0x07,0x0E,0x66,0x39,0x1C,0x20,0x08,
 544          0x04,0x08,0x92,0x24,0x44,0x08,0x02,0x00,0x00,0x0F,0xE0,0x00,0x00,0x20,0x02,0x00,
 545          0x00,0x07,0xC0,0x00,0x00,0x20,0x04,0x00,0x00,0x00,0x00,0x00,0x40,0x04,0x0E,0x1F,
 546          0x8C,0x18,0xE6,0x10,0x02,0x00,0x00,0x07,0xC0,0x00,0x00,0x20,0x01,0x00,0x00,0x03,
 547          0x80,0x00,0x00,0x40,0x03,0x00,0x00,0x00,0x00,0x01,0x80,0x03,0x00,0x00,0x00,0x00,
 548          0x00,0x60,0x01,0x00,0x00,0x03,0x80,0x00,0x00,0x40,0x00,0x80,0x00,0x01,0x00,0x00,
 549          0x00,0x80,0x00,0xFF,0xFF,0xFF,0xFF,0xFE,0x00,0x00,0xFF,0xFF,0xFF,0xFF,0xFF,0x80,
 550          0x00,0x80,0x00,0x01,0x00,0x00,0x00,0x80,0x00,0x60,0x00,0x00,0x00,0x00,0x03,0x00,
C51 COMPILER V9.60.7.0   PICTURE                                                           11/01/2024 15:25:39 PAGE 10  

 551          0x00,0x00,0x00,0x00,0x00,0x00,0x00,0x00,0x00,0x00,0x00,0x00,0x00,0x00,0x00,0x60,
 552          0x00,0x00,0x00,0x00,0x03,0x00,0x00,0x1F,0xFF,0xFF,0xFF,0xFF,0xFC,0x00,0x00,0x00,
 553          0x00,0x00,0x00,0x00,0x00,0x00,0x00,0x00,0x00,0x00,0x00,0x00,0x00,0x1F,0xFF,0xFF,
 554          0xFF,0xFF,0xFC,0x00,0x00,0x00,0x00,0x00,0x00,0x00,0x00,0x00,0x00,0x00,0x00,0x00,
 555          0x00,0x00,0x00,0x00,0x00,0x00,0x00,0x00,0x00,0x00,0x00,0x00,0x00,0x00,0x00,0x00,
 556          0x00,0x00,0x00,0x00,0x00,0x00,0x00,0x00,0x00,0x00,0x00,0x00,0x00,0x00,0x00,0x00,
 557          0x00,0x00,0x00,0x00,0x00,0x00,0x00,0x00,0x00,0x00,0x00,0x00,0x00,0x00,0x00,0x00
 558          
 559          };  
 560          
 561          
 562          
 563          unsigned char code EnglishCode[]={
 564          
 565          
 566          0x20, // 字符001: [ ] (空格)
 567          0x2A, // 字符002: [*]
 568          0x2D, // 字符003: [-]
 569          0x2E, // 字符004: [.]
 570          0x30, // 字符005: [0]
 571          0x31, // 字符006: [1]
 572          0x32, // 字符007: [2]
 573          0x34, // 字符008: [4]
 574          0x38, // 字符009: [8]
 575          0x3A, // 字符010: [:]
 576          0x42, // 字符011: [B]
 577          0x47, // 字符012: [G]
 578          0x48, // 字符013: [H]
 579          0x53, // 字符014: [S]
 580          0x59, // 字符015: [Y]
 581          0x61, // 字符016: [a]
 582          0x63, // 字符017: [c]
 583          0x64, // 字符018: [d]
 584          0x65, // 字符019: [e]
 585          0x67, // 字符020: [g]
 586          0x68, // 字符021：[h]
 587          0x69, // 字符022: [i]
 588          0x6C, // 字符023: [l]
 589          0x6D, // 字符024: [m]
 590          0x6F, // 字符025: [o]
 591          0x70, // 字符026: [p]
 592          0x72, // 字符027: [r]
 593          0x73, // 字符028: [s]
 594          0x75, // 字符029: [u]
 595          0x79, // 字符030: [y]
 596          0x7a  // 字符031: [z]
 597          
 598          
 599          };
 600          
 601          unsigned char code EnglishCharDot[]={
 602          
 603          
 604          /*-- ID:0,字符:" ",ASCII编码:20,对应字:宽x高=8x16,画布:宽W=8 高H=16,共16字节*/
 605          0x00,0x00,0x00,0x00,0x00,0x00,0x00,0x00,0x00,0x00,0x00,0x00,0x00,0x00,0x00,0x00,
 606          
 607          /*-- ID:43,字符:"*",ASCII编码:2A,对应字:宽x高=8x16,画布:宽W=8 高H=16,共16字节*/
 608          0x00,0x00,0x00,0x10,0x10,0xD6,0x38,0x38,0xD6,0x10,0x10,0x00,0x00,0x00,0x00,0x00,
 609          
 610          /*-- ID:0,字符:"-",ASCII编码:2D,对应字:宽x高=8x16,画布:宽W=8 高H=16,共16字节*/
 611          0x00,0x00,0x00,0x00,0x00,0x00,0x00,0x7E,0x00,0x00,0x00,0x00,0x00,0x00,0x00,0x00,
 612          
C51 COMPILER V9.60.7.0   PICTURE                                                           11/01/2024 15:25:39 PAGE 11  

 613          /*-- ID:0,字符:".",ASCII编码:2E,对应字:宽x高=8x16,画布:宽W=8 高H=16,共16字节*/
 614          0x00,0x00,0x00,0x00,0x00,0x00,0x00,0x00,0x00,0x00,0x00,0x60,0x60,0x00,0x00,0x00,
 615          
 616          /*-- ID:0,字符:"0",ASCII编码:30,对应字:宽x高=8x16,画布:宽W=8 高H=16,共16字节*/
 617          0x00,0x00,0x18,0x24,0x42,0x42,0x42,0x42,0x42,0x42,0x42,0x24,0x18,0x00,0x00,0x00,
 618          
 619          /*-- ID:1,字符:"1",ASCII编码:31,对应字:宽x高=8x16,画布:宽W=8 高H=16,共16字节*/
 620          0x00,0x00,0x08,0x38,0x08,0x08,0x08,0x08,0x08,0x08,0x08,0x08,0x3E,0x00,0x00,0x00,
 621          
 622          /*-- ID:2,字符:"2",ASCII编码:32,对应字:宽x高=8x16,画布:宽W=8 高H=16,共16字节*/
 623          0x00,0x00,0x3C,0x42,0x42,0x42,0x02,0x04,0x08,0x10,0x20,0x42,0x7E,0x00,0x00,0x00,
 624          
 625          /*-- ID:3,字符:"4",ASCII编码:34,对应字:宽x高=8x16,画布:宽W=8 高H=16,共16字节*/
 626          0x00,0x00,0x04,0x0C,0x0C,0x14,0x24,0x24,0x44,0x7F,0x04,0x04,0x1F,0x00,0x00,0x00,
 627          
 628          /*-- ID:4,字符:"8",ASCII编码:38,对应字:宽x高=8x16,画布:宽W=8 高H=16,共16字节*/
 629          0x00,0x00,0x3C,0x42,0x42,0x42,0x24,0x18,0x24,0x42,0x42,0x42,0x3C,0x00,0x00,0x00,
 630          
 631          /*-- ID:0,字符:":",ASCII编码:3A,对应字:宽x高=8x16,画布:宽W=8 高H=16,共16字节*/
 632          0x00,0x00,0x00,0x00,0x00,0x18,0x18,0x00,0x00,0x00,0x00,0x18,0x18,0x00,0x00,0x00,
 633          
 634          /*-- ID:0,字符:"B",ASCII编码:42,对应字:宽x高=8x16,画布:宽W=8 高H=16,共16字节*/
 635          0x00,0x00,0xF8,0x44,0x44,0x44,0x78,0x44,0x42,0x42,0x42,0x44,0xF8,0x00,0x00,0x00,
 636          
 637          /*-- ID:1,字符:"G",ASCII编码:47,对应字:宽x高=8x16,画布:宽W=8 高H=16,共16字节*/
 638          0x00,0x00,0x3C,0x44,0x44,0x80,0x80,0x80,0x8E,0x84,0x44,0x44,0x38,0x00,0x00,0x00,
 639          
 640          /*-- ID:2,字符:"H",ASCII编码:48,对应字:宽x高=8x16,画布:宽W=8 高H=16,共16字节*/
 641          0x00,0x00,0xE7,0x42,0x42,0x42,0x42,0x7E,0x42,0x42,0x42,0x42,0xE7,0x00,0x00,0x00,
 642          
 643          /*-- ID:3,字符:"S",ASCII编码:53,对应字:宽x高=8x16,画布:宽W=8 高H=16,共16字节*/
 644          0x00,0x00,0x3E,0x42,0x42,0x40,0x20,0x18,0x04,0x02,0x42,0x42,0x7C,0x00,0x00,0x00,
 645          
 646          
 647          /*-- ID:4,字符:"Y",ASCII编码:59,对应字:宽x高=8x16,画布:宽W=8 高H=16,共16字节*/
 648          0x00,0x00,0xEE,0x44,0x44,0x28,0x28,0x10,0x10,0x10,0x10,0x10,0x38,0x00,0x00,0x00,
 649          
 650          /*-- ID:5,字符:"a",ASCII编码:61,对应字:宽x高=8x16,画布:宽W=8 高H=16,共16字节*/
 651          0x00,0x00,0x00,0x00,0x00,0x00,0x38,0x44,0x0C,0x34,0x44,0x4C,0x36,0x00,0x00,0x00,
 652          
 653          /*-- ID:6,字符:"c",ASCII编码:63,对应字:宽x高=8x16,画布:宽W=8 高H=16,共16字节*/
 654          0x00,0x00,0x00,0x00,0x00,0x00,0x1C,0x22,0x40,0x40,0x40,0x22,0x1C,0x00,0x00,0x00,
 655          
 656          /*-- ID:7,字符:"d",ASCII编码:64,对应字:宽x高=8x16,画布:宽W=8 高H=16,共16字节*/
 657          0x00,0x00,0x00,0x06,0x02,0x02,0x3E,0x42,0x42,0x42,0x42,0x46,0x3B,0x00,0x00,0x00,
 658          
 659          /*-- ID:8,字符:"e",ASCII编码:65,对应字:宽x高=8x16,画布:宽W=8 高H=16,共16字节*/
 660          0x00,0x00,0x00,0x00,0x00,0x00,0x3C,0x42,0x42,0x7E,0x40,0x42,0x3C,0x00,0x00,0x00,
 661          
 662          /*-- ID:9,字符:"g",ASCII编码:67,对应字:宽x高=8x16,画布:宽W=8 高H=16,共16字节*/
 663          0x00,0x00,0x00,0x00,0x00,0x00,0x3E,0x44,0x44,0x38,0x40,0x3C,0x42,0x42,0x3C,0x00,
 664          
 665          /*-- ID:0,字符:"h",ASCII编码:68,对应字:宽x高=8x16,画布:宽W=8 高H=16,共16字节*/
 666          0x00,0x00,0x00,0xC0,0x40,0x40,0x5C,0x62,0x42,0x42,0x42,0x42,0xE7,0x00,0x00,0x00,
 667          
 668          /*-- ID:10,字符:"i",ASCII编码:69,对应字:宽x高=8x16,画布:宽W=8 高H=16,共16字节*/
 669          0x00,0x00,0x30,0x30,0x00,0x00,0x70,0x10,0x10,0x10,0x10,0x10,0x7C,0x00,0x00,0x00,
 670          
 671          /*-- ID:11,字符:"l",ASCII编码:6C,对应字:宽x高=8x16,画布:宽W=8 高H=16,共16字节*/
 672          0x00,0x00,0x10,0x70,0x10,0x10,0x10,0x10,0x10,0x10,0x10,0x10,0x7C,0x00,0x00,0x00,
 673          
 674          /*-- ID:12,字符:"m",ASCII编码:6D,对应字:宽x高=8x16,画布:宽W=8 高H=16,共16字节*/
C51 COMPILER V9.60.7.0   PICTURE                                                           11/01/2024 15:25:39 PAGE 12  

 675          0x00,0x00,0x00,0x00,0x00,0x00,0xFE,0x49,0x49,0x49,0x49,0x49,0xED,0x00,0x00,0x00,
 676          
 677          /*-- ID:13,字符:"o",ASCII编码:6F,对应字:宽x高=8x16,画布:宽W=8 高H=16,共16字节*/
 678          0x00,0x00,0x00,0x00,0x00,0x00,0x3C,0x42,0x42,0x42,0x42,0x42,0x3C,0x00,0x00,0x00,
 679          
 680          /*-- ID:14,字符:"p",ASCII编码:70,对应字:宽x高=8x16,画布:宽W=8 高H=16,共16字节*/
 681          0x00,0x00,0x00,0x00,0x00,0x00,0xD8,0x64,0x42,0x42,0x42,0x64,0x58,0x40,0xE0,0x00,
 682          
 683          /*-- ID:15,字符:"r",ASCII编码:72,对应字:宽x高=8x16,画布:宽W=8 高H=16,共16字节*/
 684          0x00,0x00,0x00,0x00,0x00,0x00,0xEE,0x32,0x20,0x20,0x20,0x20,0xF8,0x00,0x00,0x00,
 685          
 686          /*-- ID:16,字符:"s",ASCII编码:73,对应字:宽x高=8x16,画布:宽W=8 高H=16,共16字节*/
 687          0x00,0x00,0x00,0x00,0x00,0x00,0x3E,0x42,0x40,0x3C,0x02,0x42,0x7C,0x00,0x00,0x00,
 688          
 689          /*-- ID:1,字符:"u",ASCII编码:75,对应字:宽x高=8x16,画布:宽W=8 高H=16,共16字节*/
 690          0x00,0x00,0x00,0x00,0x00,0x00,0xC6,0x42,0x42,0x42,0x42,0x46,0x3B,0x00,0x00,0x00,
 691          
 692          /*-- ID:17,字符:"y",ASCII编码:79,对应字:宽x高=8x16,画布:宽W=8 高H=16,共16字节*/
 693          0x00,0x00,0x00,0x00,0x00,0x00,0xE7,0x42,0x24,0x24,0x18,0x18,0x10,0x10,0x60,0x00,
 694          
 695          /*-- ID:0,字符:"z",ASCII编码:7A,对应字:宽x高=8x16,画布:宽W=8 高H=16,共16字节*/
 696          0x00,0x00,0x00,0x00,0x00,0x00,0x7E,0x44,0x08,0x10,0x10,0x22,0x7E,0x00,0x00,0x00,
 697          
 698          
 699                  
 700          };
 701          
 702          
 703          


MODULE INFORMATION:   STATIC OVERLAYABLE
   CODE SIZE        =   ----    ----
   CONSTANT SIZE    =   6687    ----
   XDATA SIZE       =   ----    ----
   PDATA SIZE       =   ----    ----
   DATA SIZE        =   ----    ----
   IDATA SIZE       =   ----    ----
   BIT SIZE         =   ----    ----
END OF MODULE INFORMATION.


C51 COMPILATION COMPLETE.  0 WARNING(S),  0 ERROR(S)
