C51 COMPILER V9.60.7.0   LCM9832A                                                          02/18/2025 18:51:14 PAGE 1   


C51 COMPILER V9.60.7.0, COMPILATION OF MODULE LCM9832A
OBJECT MODULE PLACED IN .\Objects\lcm9832A.obj
COMPILER INVOKED BY: D:\KEIL_STM32\C51\BIN\C51.EXE lcm9832A.c OPTIMIZE(8,SPEED) BROWSE DEBUG OBJECTEXTEND PRINT(.\Listin
                    -gs\lcm9832A.lst) OBJECT(.\Objects\lcm9832A.obj)

line level    source

   1          #include <REGX52.H>
   2          #include "lcm9832a.h"
   3          #include <intrins.h>
   4          #include "pic.h"
   5          sbit int0=P2^2;         //external interrup input
   6          bit  log=0;                     //display stop mark
   7          
   8          void Step(void) interrupt 0 using 0
   9          {
  10   1              Delay1(3000);
  11   1              if(int0==0)     log=!log;
  12   1          while(!int0) Delay1(3000);
  13   1          return;
  14   1      }
  15          
  16          
  17          void Delay1(uint n)
  18          {
  19   1              while(n--);  
  20   1      }
  21          
  22          void Delay2(uint x)
  23          {
  24   1              while(x)
  25   1              {   
  26   2                x--;   
  27   2              
  28   2                      for(;log==1;);
  29   2              }
  30   1      }
  31          
  32          void Delay(uint MS)
  33          {       unsigned char j;
  34   1              while(MS--)
  35   1              {
  36   2             for(j=0;j<5;j++)
  37   2                 Delay2(10);
  38   2      
  39   2              }
  40   1      }
  41          
  42          ////////////////////////Timer interrupt   Produce 2 KHZ clock signal
  43          void clock_timer(void) interrupt 1 using 1  //
  44          {
  45   1              TH0=0xff;   //(65536-250)/256;  Timer high byte   1s=1000000us  1000000/4000=250    250us H  250us L   A 
             -cycle for 500 us
  46   1              TL0=0x83;   //(65536-250)%256;  Timer low  byte
  47   1              CL=~CL;
  48   1        return;
  49   1      }
  50           
  51          
  52           /*
  53           ////////////////////////Timer interrupt   Produce 10 KHZ clock signal
C51 COMPILER V9.60.7.0   LCM9832A                                                          02/18/2025 18:51:14 PAGE 2   

  54          void clock_timer(void) interrupt 1 using 1  //
  55          {
  56                  TH0=0xff;   //(65536-50)/256;   Timer high byte   1s=1000000us  1000000/10000=100    50us H  50us L   A cy
             -cle for 100 us
  57                  TL0=0xCE;   //(65536-50)%256;   Timer low  byte
  58                  CL=~CL;
  59            return;
  60          }
  61          
  62           */
  63          
  64          #if (TIMING==6800)
  65          //6800 interface  //check left half screen busy  
  66          void Busy_L() //7.9
  67          {
  68   1          unsigned char flag=0xff;
  69   1          A0_RS=0;  //command
  70   1              CS1=0;    //Left 
  71   1              E_RD=0;   
  72   1              RW_WR=1;        
  73   1              while ((flag&0x80)==0x80)
  74   1              {
  75   2                      E_RD=1;
  76   2                      _nop_();
  77   2                  flag=DATA_BUS;
  78   2              E_RD=0;
  79   2              }
  80   1              CS1=1;
  81   1      }
  82          
  83          #else
              //8080 interface  //check left half screen busy  
              void Busy_L()
              {
                  unsigned char flag=0xff;
                  A0_RS=0;CS1=0;E_RD=1;RW_WR=1;
                      while ((flag&0x80)==0x80)
                      {
                              E_RD=0;
                              _nop_();
                          flag=DATA_BUS;
                      E_RD=1;
                      }
                      CS1=1;
              }
              
              #endif
 100          
 101          #if (TIMING==6800)
 102          //6800 interface  //check right half screen busy  
 103          void Busy_R()
 104          {
 105   1          unsigned char flag=0xff;
 106   1          A0_RS=0; //Command
 107   1              CS2=0;   //Right
 108   1              E_RD=0;
 109   1              RW_WR=1;
 110   1              while ((flag&0x80)==0x80)
 111   1              {
 112   2                      E_RD=1;
 113   2                      _nop_();
 114   2                  flag=DATA_BUS;
C51 COMPILER V9.60.7.0   LCM9832A                                                          02/18/2025 18:51:14 PAGE 3   

 115   2              E_RD=0;
 116   2              }
 117   1              CS2=1;
 118   1      }
 119          
 120          #else
              //8080 interface  //check right half screen busy 
              void Busy_R()
              {
                  unsigned char flag=0xff;
                  A0_RS=0;CS2=0;E_RD=1;RW_WR=1;
                      while ((flag&0x80)==0x80)
                      {
                              E_RD=0;
                              _nop_();
                          flag=DATA_BUS;
                      E_RD=1;
                      }
                      CS2=1;
              }
              
              #endif
 137          
 138          #if (TIMING==6800)
 139          //6800 interface  //write data to left half screen 
 140          void Write_Data_L(unsigned char dat) //8.1
 141          {
 142   1          Busy_L();
 143   1          A0_RS=1; //Data
 144   1              CS1=0;   //light
 145   1          RW_WR=0;
 146   1              DATA_BUS=dat;
 147   1          E_RD=1;
 148   1          _nop_();
 149   1          E_RD=0;
 150   1          RW_WR=1;
 151   1              CS1=1;
 152   1              return;
 153   1      }
 154          
 155          #else
              //8080 interface  //write data to left half screen 
              void Write_Data_L(unsigned char dat)
              {
                  Busy_L();
                  A0_RS=1;
                      CS1=0;
                  E_RD=1;
                  RW_WR=0;
                      DATA_BUS=dat;
                  _nop_();
                  RW_WR=1;
                      CS1=1;
                      return;
              }
              
              #endif
 172          
 173          
 174          #if (TIMING==6800)
 175          //6800 interface  //write data to right half screen 
 176          void Write_Data_R(unsigned char dat) 
C51 COMPILER V9.60.7.0   LCM9832A                                                          02/18/2025 18:51:14 PAGE 4   

 177          {
 178   1         Busy_R();
 179   1          A0_RS=1;
 180   1              CS2=0;
 181   1          RW_WR=0;
 182   1              DATA_BUS=dat;
 183   1          E_RD=1;
 184   1          _nop_();
 185   1          E_RD=0;
 186   1          RW_WR=1;
 187   1              CS2=1;
 188   1              return;
 189   1      }
 190          
 191          #else
              //8080 interface  //write data to right half screen
              void Write_Data_R(unsigned char dat)
              {
                  Busy_L();
                  A0_RS=1;
                      CS2=0;
                  E_RD=1;
                  RW_WR=0;
                      DATA_BUS=dat;
                  _nop_();
                  RW_WR=1;
                      CS2=1;
                      return;
              }
              
              #endif
 208          
 209          
 210          #if (TIMING==6800)
 211          //6800 interface  //write command to left half screen
 212          void Write_Instruction_L(unsigned char cmd)
 213          {
 214   1          Busy_L();
 215   1          A0_RS=0;
 216   1              CS1=0;
 217   1          RW_WR=0;
 218   1              DATA_BUS=cmd;
 219   1          E_RD=1;
 220   1              _nop_();
 221   1          E_RD=0;
 222   1          RW_WR=1;
 223   1              CS1=1;
 224   1              return;
 225   1      }
 226          
 227          #else
              //8080 interface  //write command to left half screen
              void Write_Instruction_L(unsigned char cmd)
              {
                  Busy_L();
                  A0_RS=0;
                      CS1=0;
                  E_RD=1;
                  RW_WR=0;
                      DATA_BUS=cmd;
                      _nop_();
                  RW_WR=1;
C51 COMPILER V9.60.7.0   LCM9832A                                                          02/18/2025 18:51:14 PAGE 5   

                      CS1=1;
                      return;
              }
              
              #endif
 244          
 245          #if (TIMING==6800)
 246          //6800 interface  //write command to right half screen
 247          void Write_Instruction_R(unsigned char cmd)
 248          {
 249   1      //    Busy_R();
 250   1          A0_RS=0;
 251   1              CS2=0;
 252   1          RW_WR=0;
 253   1              DATA_BUS=cmd;
 254   1          E_RD=1;
 255   1              _nop_();
 256   1          E_RD=0;
 257   1          RW_WR=1;
 258   1              CS2=1;
 259   1              return;
 260   1      }
 261          
 262          #else
              //8080 interface  //write command to right half screen
              void Write_Instruction_R(unsigned char cmd)
              {
                  Busy_R();
                  A0_RS=0;
                      CS2=0;
                  E_RD=1;
                  RW_WR=0;
                      DATA_BUS=cmd;
                      _nop_();
                  RW_WR=1;
                      CS2=1;
                      return;
              }
              
              #endif
 279          
 280          
 281          
 282          
 283          // Set page address 0~4
 284          void Set_Page_Address(unsigned char add)
 285          {
 286   1          add=0xb8|add;
 287   1          Write_Instruction_L(add);
 288   1          Write_Instruction_R(add);
 289   1              return;
 290   1      }
 291          
 292          
 293          //Set left half screen column address
 294          void Set_Column_Address_L(unsigned char address)
 295          {
 296   1          Write_Instruction_L(address&0x7F);
 297   1      }
 298          
 299          //Set right half screen column address
 300          void Set_Column_Address_R(unsigned char address)
C51 COMPILER V9.60.7.0   LCM9832A                                                          02/18/2025 18:51:14 PAGE 6   

 301          {
 302   1          Write_Instruction_R(address&0x7F);
 303   1      }
 304          
 305          
 306          // Initial LCM
 307          void Initial(void)
 308          {       //RESET///////////////
 309   1              RST=0;
 310   1              Delay(2);
 311   1              RST=1;
 312   1              Delay(10);
 313   1              //////////////////////
 314   1         /* RST rising edge edge 6800 interface  
 315   1              /* ///////////////////////////////////////////////
 316   1              The hardware RESET is edge-sensitive. It is not level-sensitive. That is, either a
 317   1              falling edge or a rising edge on this pin can reset the chip. The voltage level after
 318   1              the reset pulse selects the type of interface timing. If the voltage level after the reset
 319   1              pulse stays at HIGH, interface timing for the 68-type microcontroller is selected. If
 320   1              the voltage level after the reset pulse stays at LOW, then interface timing for the
 321   1              80-type microcontroller is selected.
 322   1              Therefore, a positive RESET pulse selects the 80-type microcontroller for interface
 323   1              and a negative RESET pulse selects the 68-type microcontroller for interface.
 324   1              */////////////////////////////////////////////////
 325   1      
 326   1              Write_Instruction_L(0xE2);              //Software RESET left half screen
 327   1              Write_Instruction_R(0xE2);              //Software RESET right half screen
 328   1      
 329   1              Write_Instruction_L(0xA4);              //Static Drive OFF 
 330   1              Write_Instruction_R(0xA4);              //Static Drive OFF 
 331   1      
 332   1              Write_Instruction_L(0xA9);              //Select Duty Register 1/32
 333   1              Write_Instruction_R(0xA9);              //Select Duty Register 1/32
 334   1      
 335   1              Write_Instruction_L(0xA0);              //Memory/Segment Mapping Register  Normal Mapping
 336   1              Write_Instruction_R(0xA0);              //Memory/Segment Mapping Register  Normal Mapping
 337   1      
 338   1              Write_Instruction_L(0xC0);              //Start line
 339   1              Write_Instruction_R(0xC0);              //Start line
 340   1      
 341   1      
 342   1              Write_Instruction_L(0xAF);              //Turn on display
 343   1              Write_Instruction_R(0xAF);              //Turn on display
 344   1      
 345   1      }
 346          
 347          void Display_dot(unsigned char value,unsigned char value1)
 348          {
 349   1          unsigned char i,j;
 350   1          for(i=0;i<0x04;i++)
 351   1              {
 352   2                      Set_Page_Address(i);
 353   2              Set_Column_Address_L(0x00);
 354   2              Set_Column_Address_R(0x00);
 355   2      
 356   2                      for(j=0;j<32;j++)
 357   2                      {
 358   3                              Write_Data_L(value);
 359   3                              Write_Data_L(value1);
 360   3                              Write_Data_R(value1);
 361   3                              Write_Data_R(value);
 362   3                      }
C51 COMPILER V9.60.7.0   LCM9832A                                                          02/18/2025 18:51:14 PAGE 7   

 363   2              }
 364   1          return;
 365   1      }
 366          //Show some Chinese characters
 367          void Show_chinese(void) 
 368          {
 369   1          unsigned char page, col, index;
 370   1              Display_Picture(pic1);
 371   1              
 372   1              //Display_One_Chinese_16x16(0,16,1,ft); 
 373   1          // 显示第一页的汉字
 374   1          page = 0;
 375   1          for (index = 0, col = 10; index < 5; index++, col += 16) {
 376   2              Display_One_Chinese_16x16(page, col, index, ft);
 377   2          }
 378   1      
 379   1          // 显示第二页的汉字
 380   1          page = 2;
 381   1          for (index = 5, col = 10; index < 10; index++, col += 16) {
 382   2              Display_One_Chinese_16x16(page, col, index, ft);
 383   2          }
 384   1      }
 385          
 386          
 387          //display one 16*16 dot character
 388          void Display_One_Chinese_16x16(unsigned char page, unsigned char col, unsigned char Character_coding,  uns
             -igned char ft[]) 
 389          {
 390   1          unsigned char i,columnaddress=col;
 391   1      
 392   1              Set_Page_Address(page);
 393   1              if(col<61) 
 394   1              {                      
 395   2                      for(i=0;i<16;i++)
 396   2                      {
 397   3                       if(columnaddress<61)            
 398   3                              {Set_Column_Address_L(columnaddress);
 399   4                              Write_Data_L(ft[Character_coding*32+i]);
 400   4                              }
 401   3                      else
 402   3                              {Set_Column_Address_R(columnaddress-61);
 403   4                              Write_Data_R(ft[Character_coding*32+i]);
 404   4                              }
 405   3                       columnaddress+=1;
 406   3                      }
 407   2      
 408   2                      columnaddress=col;
 409   2                      Set_Page_Address(page+1);       
 410   2                      for(i=16;i<32;i++)
 411   2                      {
 412   3                       if(columnaddress<61)            
 413   3                              {Set_Column_Address_L(columnaddress);
 414   4                              Write_Data_L(ft[Character_coding*32+i]);
 415   4                              }
 416   3                      else
 417   3                              {Set_Column_Address_R(columnaddress-61);
 418   4                              Write_Data_R(ft[Character_coding*32+i]);
 419   4                              }
 420   3                       columnaddress+=1;
 421   3                      }
 422   2              }
 423   1      
C51 COMPILER V9.60.7.0   LCM9832A                                                          02/18/2025 18:51:14 PAGE 8   

 424   1      
 425   1              else  
 426   1              {                      
 427   2                      for(i=0;i<16;i++)
 428   2                      {
 429   3                              if(columnaddress<122)            
 430   3                              {Set_Column_Address_R(columnaddress-61);
 431   4                              Write_Data_R(ft[Character_coding*32+i]);
 432   4                              }
 433   3                              else
 434   3                              {if(page<=1)
 435   4                                              {Set_Page_Address(page+2);
 436   5                                              Set_Column_Address_L(columnaddress-122);
 437   5                                              Write_Data_L(ft[Character_coding*32+i]);
 438   5                                              }
 439   4                              }       
 440   3                       columnaddress+=1;
 441   3                      }
 442   2      
 443   2                      columnaddress=col;
 444   2                      Set_Page_Address(page+1);       
 445   2                      for(i=16;i<32;i++)
 446   2                      {
 447   3                               if(columnaddress<122)           
 448   3                              {Set_Column_Address_R(columnaddress-61);
 449   4                              Write_Data_R(ft[Character_coding*32+i]);
 450   4                              }
 451   3                              else
 452   3                              {if(page<=1){Set_Page_Address(page+3);
 453   5                                                      Set_Column_Address_L(columnaddress-122);
 454   5                                                      Write_Data_L(ft[Character_coding*32+i]);
 455   5                                                      }
 456   4                              }
 457   3                       columnaddress+=1;
 458   3                      }
 459   2              }
 460   1      
 461   1      }
 462          
 463          
 464          
 465          void Display_One_Chinese_8x16(unsigned char page, unsigned char col, unsigned char Character_coding, unsig
             -ned char ft[]) 
 466          {
 467   1          unsigned char i, columnaddress = col;
 468   1      
 469   1          Set_Page_Address(page);
 470   1          if (col < 61) 
 471   1          {                  
 472   2              for (i = 0; i < 8; i++)  // 每次写入 8 列
 473   2              {
 474   3                  if (columnaddress < 61)              
 475   3                  {
 476   4                      Set_Column_Address_L(columnaddress);
 477   4                      Write_Data_L(ft[Character_coding * 16 + i]);
 478   4                  }
 479   3                  else
 480   3                  {
 481   4                      Set_Column_Address_R(columnaddress - 61);
 482   4                      Write_Data_R(ft[Character_coding * 16 + i]);
 483   4                  }
 484   3                  columnaddress += 1;
C51 COMPILER V9.60.7.0   LCM9832A                                                          02/18/2025 18:51:14 PAGE 9   

 485   3              }
 486   2      
 487   2              columnaddress = col;
 488   2              Set_Page_Address(page + 1);     
 489   2              for (i = 8; i < 16; i++)  // 第二部分数据（第 8 到 16 行）
 490   2              {
 491   3                  if (columnaddress < 61)              
 492   3                  {
 493   4                      Set_Column_Address_L(columnaddress);
 494   4                      Write_Data_L(ft[Character_coding * 16 + i]);
 495   4                  }
 496   3                  else
 497   3                  {
 498   4                      Set_Column_Address_R(columnaddress - 61);
 499   4                      Write_Data_R(ft[Character_coding * 16 + i]);
 500   4                  }
 501   3                  columnaddress += 1;
 502   3              }
 503   2          }
 504   1          else  
 505   1          {                  
 506   2              for (i = 0; i < 8; i++)  // 每次写入 8 列
 507   2              {
 508   3                  if (columnaddress < 122)             
 509   3                  {
 510   4                      Set_Column_Address_R(columnaddress - 61);
 511   4                      Write_Data_R(ft[Character_coding * 16 + i]);
 512   4                  }
 513   3                  else
 514   3                  {
 515   4                      if (page <= 1)
 516   4                      {
 517   5                          Set_Page_Address(page + 2);
 518   5                          Set_Column_Address_L(columnaddress - 122);
 519   5                          Write_Data_L(ft[Character_coding * 16 + i]);
 520   5                      }
 521   4                  }   
 522   3                  columnaddress += 1;
 523   3              }
 524   2      
 525   2              columnaddress = col;
 526   2              Set_Page_Address(page + 1);     
 527   2              for (i = 8; i < 16; i++)  // 第二部分数据（第 8 到 16 行）
 528   2              {
 529   3                  if (columnaddress < 122)             
 530   3                  {
 531   4                      Set_Column_Address_R(columnaddress - 61);
 532   4                      Write_Data_R(ft[Character_coding * 16 + i]);
 533   4                  }
 534   3                  else
 535   3                  {
 536   4                      if (page <= 1)
 537   4                      {
 538   5                          Set_Page_Address(page + 3);
 539   5                          Set_Column_Address_L(columnaddress - 122);
 540   5                          Write_Data_L(ft[Character_coding * 16 + i]);
 541   5                      }
 542   4                  }
 543   3                  columnaddress += 1;
 544   3              }
 545   2          }
 546   1      }
C51 COMPILER V9.60.7.0   LCM9832A                                                          02/18/2025 18:51:14 PAGE 10  

 547          
 548          //display Picture
 549          void Display_Picture(unsigned char pic[])
 550          {
 551   1          unsigned char i,j;
 552   1      
 553   1              for(i=0;i<0x04;i++)
 554   1              {
 555   2              Set_Page_Address(i);
 556   2          Set_Column_Address_L(0x00);
 557   2          Set_Column_Address_R(0x00);
 558   2      
 559   2              for(j=0;j<61;j++)                               //display left half screen
 560   2                      {
 561   3                          Write_Data_L(pic[i*98+j]);
 562   3                      }
 563   2              for(j=61;j<98;j++)                              //display right half screen
 564   2                      {
 565   3                          Write_Data_R(pic[i*98+j]);
 566   3                      }
 567   2              }
 568   1          return;
 569   1      }
 570          
 571          
 572          void Display_One_Emglish(void)
 573          {       
 574   1          unsigned char col, index;
 575   1      
 576   1              Display_Picture(pic2);
 577   1              
 578   1          for (index = 0, col = 15; index < 8; index++, col += 8) {
 579   2              Display_One_Chinese_8x16(1, col, index, ft0);
 580   2          }
 581   1      
 582   1      }
 583          //unsigned char Key()
 584          //{
 585          //      if(KEY==0)
 586          //      {
 587          //              Delay(1000);
 588          //              while(KEY==0);  
 589          //              return 1;
 590          //      }
 591          //      return 1;
 592          //}
 593          
 594          
 595          void Display_pic(void)
 596          {
 597   1                      Display_dot(0xAA,0x55);
 598   1                      Delay(400);
 599   1                      Display_dot(0x55,0xAA);
 600   1                      Delay(400);
 601   1                      Display_dot(0x55,0x55);
 602   1                      Delay(400);
 603   1                      Display_dot(0xAA,0xAA);
 604   1                      Delay(400);
 605   1                      Display_dot(0xFF,0x00);
 606   1                      Delay(400);
 607   1                      Display_dot(0x00,0xFF);
 608   1                      Delay(400);
C51 COMPILER V9.60.7.0   LCM9832A                                                          02/18/2025 18:51:14 PAGE 11  

 609   1      }
 610          
 611          
 612          void MAPPING(unsigned char bit_value) // bit_value: 1 or 0
 613          {
 614   1          unsigned char flag = 0xff;
 615   1          A0_RS = 0;  // command
 616   1          CS1 = 0;    // Left
 617   1          E_RD = 0;
 618   1          RW_WR = 1;
 619   1      
 620   1          if (bit_value == 1) {
 621   2              // Set the 6th bit to 1
 622   2              while ((flag & 0x40) == 0x40) { // Check the 6th bit (0x40)
 623   3                  E_RD = 1;
 624   3                  _nop_();
 625   3                  flag = DATA_BUS;
 626   3                  E_RD = 0;
 627   3              }
 628   2          } else {
 629   2              // Set the 6th bit to 0
 630   2              while ((flag & 0x40) != 0x40) { // Check the 6th bit (0x40)
 631   3                  E_RD = 1;
 632   3                  _nop_();
 633   3                  flag = DATA_BUS;
 634   3                  E_RD = 0;
 635   3              }
 636   2          }
 637   1      
 638   1          CS1 = 1;
 639   1      }


MODULE INFORMATION:   STATIC OVERLAYABLE
   CODE SIZE        =   1218    ----
   CONSTANT SIZE    =   ----    ----
   XDATA SIZE       =   ----    ----
   PDATA SIZE       =   ----    ----
   DATA SIZE        =   ----      22
   IDATA SIZE       =   ----    ----
   BIT SIZE         =      1    ----
END OF MODULE INFORMATION.


C51 COMPILATION COMPLETE.  0 WARNING(S),  0 ERROR(S)
