C51 COMPILER V9.60.7.0   PIC                                                               01/17/2025 10:45:55 PAGE 1   


C51 COMPILER V9.60.7.0, COMPILATION OF MODULE PIC
OBJECT MODULE PLACED IN .\Objects\pic.obj
COMPILER INVOKED BY: D:\KEIL_STM32\C51\BIN\C51.EXE pic.c OPTIMIZE(8,SPEED) BROWSE DEBUG OBJECTEXTEND PRINT(.\Listings\pi
                    -c.lst) OBJECT(.\Objects\pic.obj)

line level    source

   1          unsigned char code ft[]=
   2          {
   3          /* [×Ö¿â]£º[HZK1616ËÎÌå] [Êý¾ÝÅÅÁÐ]:´Ó×óµ½ÓÒ´ÓÉÏµ½ÏÂ [È¡Ä£·½Ê½]:×ÝÏò8µãÏÂ¸ßÎ» [Õý¸º·´É«]:·ñ [È¥µôÖØ¸´ºó]¹²
             -19¸ö×Ö·û
   4          [×Ü×Ö·û¿â]£º"¹ã¶«ìÇ»Ô¿Æ¼¼ÓÐÏÞ¹«Ë¾"*/
   5          
   6          /*-- ID:0,×Ö·û:"¹ã",ASCII±àÂë:B9E3,¶ÔÓ¦×Ö:¿íx¸ß=16x16,»­²¼:¿íW=16 ¸ßH=16,¹²32×Ö½Ú*/
   7          0x00,0x00,0xfc,0x04,0x04,0x04,0x04,0x05,0x06,0x04,0x04,0x04,0x04,0x06,0x04,0x00,
   8          0x40,0x30,0x0f,0x00,0x00,0x00,0x00,0x00,0x00,0x00,0x00,0x00,0x00,0x00,0x00,0x00,
   9          
  10          /*-- ID:1,×Ö·û:"¶«",ASCII±àÂë:B6AB,¶ÔÓ¦×Ö:¿íx¸ß=16x16,»­²¼:¿íW=16 ¸ßH=16,¹²32×Ö½Ú*/
  11          0x08,0x08,0x08,0x88,0x68,0x18,0x0f,0xe8,0x08,0x08,0x08,0x88,0x08,0x0c,0x08,0x00,
  12          0x00,0x40,0x21,0x11,0x0d,0x41,0x81,0x7f,0x01,0x05,0x09,0x31,0x61,0x00,0x00,0x00,
  13          
  14          /*-- ID:2,×Ö·û:"ìÇ",ASCII±àÂë:ECC7,¶ÔÓ¦×Ö:¿íx¸ß=16x16,»­²¼:¿íW=16 ¸ßH=16,¹²32×Ö½Ú*/
  15          0x80,0x70,0x00,0xff,0x20,0x98,0x40,0xf8,0x07,0x40,0x7f,0xa0,0x90,0xc8,0x00,0x00,
  16          0x80,0x60,0x18,0x07,0x08,0x34,0x04,0x05,0x04,0xff,0x04,0x04,0x04,0x06,0x04,0x00,
  17          
  18          /*-- ID:3,×Ö·û:"»Ô",ASCII±àÂë:BBD4,¶ÔÓ¦×Ö:¿íx¸ß=16x16,»­²¼:¿íW=16 ¸ßH=16,¹²32×Ö½Ú*/
  19          0x44,0x48,0xd0,0x7f,0xd0,0x4c,0x48,0xa6,0x62,0x3a,0xa2,0x22,0x32,0x26,0x02,0x00,
  20          0x40,0x30,0x0f,0x00,0x3f,0x10,0x08,0x09,0x09,0x09,0xff,0x09,0x09,0x0d,0x08,0x00,
  21          
  22          /*-- ID:4,×Ö·û:"¿Æ",ASCII±àÂë:BFC6,¶ÔÓ¦×Ö:¿íx¸ß=16x16,»­²¼:¿íW=16 ¸ßH=16,¹²32×Ö½Ú*/
  23          0x24,0x24,0x24,0xa4,0xfe,0xa3,0x22,0x00,0x24,0x48,0x00,0xff,0x00,0x80,0x00,0x00,
  24          0x10,0x08,0x06,0x01,0xff,0x00,0x01,0x02,0x02,0x02,0x02,0xff,0x01,0x01,0x01,0x00,
  25          
  26          /*-- ID:5,×Ö·û:"¼¼",ASCII±àÂë:BCBC,¶ÔÓ¦×Ö:¿íx¸ß=16x16,»­²¼:¿íW=16 ¸ßH=16,¹²32×Ö½Ú*/
  27          0x10,0x10,0x10,0xff,0x10,0x10,0x88,0x88,0x88,0xff,0x88,0x88,0x8c,0x08,0x00,0x00,
  28          0x04,0x44,0x82,0x7f,0x01,0x80,0x81,0x46,0x28,0x10,0x28,0x26,0x41,0xc0,0x40,0x00,
  29          
  30          /*-- ID:6,×Ö·û:"ÓÐ",ASCII±àÂë:D3D0,¶ÔÓ¦×Ö:¿íx¸ß=16x16,»­²¼:¿íW=16 ¸ßH=16,¹²32×Ö½Ú*/
  31          0x04,0x04,0x04,0x84,0xe4,0x3c,0x27,0x24,0x24,0x24,0x24,0xf4,0x24,0x06,0x04,0x00,
  32          0x04,0x02,0x01,0x00,0xff,0x09,0x09,0x09,0x09,0x49,0x89,0x7f,0x00,0x00,0x00,0x00,
  33          
  34          /*-- ID:7,×Ö·û:"ÏÞ",ASCII±àÂë:CFDE,¶ÔÓ¦×Ö:¿íx¸ß=16x16,»­²¼:¿íW=16 ¸ßH=16,¹²32×Ö½Ú*/
  35          0x00,0xfe,0x02,0x22,0xda,0x06,0x00,0xfe,0x92,0x92,0x92,0x92,0xff,0x02,0x00,0x00,
  36          0x00,0xff,0x08,0x10,0x08,0x07,0x00,0xff,0x42,0x24,0x08,0x14,0x22,0x61,0x20,0x00,
  37          
  38          /*-- ID:8,×Ö·û:"¹«",ASCII±àÂë:B9AB,¶ÔÓ¦×Ö:¿íx¸ß=16x16,»­²¼:¿íW=16 ¸ßH=16,¹²32×Ö½Ú*/
  39          0x00,0x00,0x80,0x40,0x30,0x0c,0x00,0xc0,0x06,0x18,0x20,0x40,0x80,0x80,0x80,0x00,
  40          0x01,0x01,0x00,0x30,0x28,0x24,0x23,0x20,0x20,0x28,0x30,0x60,0x00,0x01,0x00,0x00,
  41          
  42          /*-- ID:9,×Ö·û:"Ë¾",ASCII±àÂë:CBBE,¶ÔÓ¦×Ö:¿íx¸ß=16x16,»­²¼:¿íW=16 ¸ßH=16,¹²32×Ö½Ú*/
  43          0x10,0x10,0x92,0x92,0x92,0x92,0x92,0x92,0xd2,0x9a,0x12,0x02,0xff,0x02,0x00,0x00,
  44          0x00,0x00,0x3f,0x10,0x10,0x10,0x10,0x10,0x3f,0x00,0x40,0x80,0x7f,0x00,0x00,0x00,
  45          
  46          };
  47          
  48          
  49          unsigned char code ft0[]=
  50          {
  51          /* [×Ö¿â]£º[ASC8x16E×Ö¿â] [Êý¾ÝÅÅÁÐ]:´Ó×óµ½ÓÒ´ÓÉÏµ½ÏÂ [È¡Ä£·½Ê½]:×ÝÏò8µãÏÂ¸ßÎ» [Õý¸º·´É«]:·ñ [È¥µôÖØ¸´ºó]¹
             -²8¸ö×Ö·û
  52          [×Ü×Ö·û¿â]£º"LCM9832A"*/
C51 COMPILER V9.60.7.0   PIC                                                               01/17/2025 10:45:55 PAGE 2   

  53          
  54          /*-- ID:0,×Ö·û:"L",ASCII±àÂë:4C,¶ÔÓ¦×Ö:¿íx¸ß=8x16,»­²¼:¿íW=8 ¸ßH=16,¹²16×Ö½Ú*/
  55          0x04,0xfc,0x04,0x00,0x00,0x00,0x00,0x00,0x10,0x1f,0x10,0x10,0x10,0x10,0x18,0x00,
  56          
  57          /*-- ID:1,×Ö·û:"C",ASCII±àÂë:43,¶ÔÓ¦×Ö:¿íx¸ß=8x16,»­²¼:¿íW=8 ¸ßH=16,¹²16×Ö½Ú*/
  58          0xe0,0x18,0x04,0x04,0x04,0x04,0x1c,0x00,0x03,0x0c,0x10,0x10,0x10,0x08,0x04,0x00,
  59          
  60          /*-- ID:2,×Ö·û:"M",ASCII±àÂë:4D,¶ÔÓ¦×Ö:¿íx¸ß=8x16,»­²¼:¿íW=8 ¸ßH=16,¹²16×Ö½Ú*/
  61          0x04,0xfc,0xfc,0x00,0xfc,0xfc,0x04,0x00,0x10,0x1f,0x00,0x1f,0x00,0x1f,0x10,0x00,
  62          
  63          /*-- ID:3,×Ö·û:"9",ASCII±àÂë:39,¶ÔÓ¦×Ö:¿íx¸ß=8x16,»­²¼:¿íW=8 ¸ßH=16,¹²16×Ö½Ú*/
  64          0x00,0xf8,0x04,0x04,0x04,0x88,0xf0,0x00,0x00,0x00,0x09,0x11,0x11,0x08,0x07,0x00,
  65          
  66          /*-- ID:4,×Ö·û:"8",ASCII±àÂë:38,¶ÔÓ¦×Ö:¿íx¸ß=8x16,»­²¼:¿íW=8 ¸ßH=16,¹²16×Ö½Ú*/
  67          0x00,0x38,0x44,0x84,0x84,0x44,0x38,0x00,0x00,0x0e,0x11,0x10,0x10,0x11,0x0e,0x00,
  68          
  69          /*-- ID:5,×Ö·û:"3",ASCII±àÂë:33,¶ÔÓ¦×Ö:¿íx¸ß=8x16,»­²¼:¿íW=8 ¸ßH=16,¹²16×Ö½Ú*/
  70          0x00,0x18,0x04,0x84,0x84,0x44,0x38,0x00,0x00,0x0c,0x10,0x10,0x10,0x11,0x0e,0x00,
  71          
  72          /*-- ID:6,×Ö·û:"2",ASCII±àÂë:32,¶ÔÓ¦×Ö:¿íx¸ß=8x16,»­²¼:¿íW=8 ¸ßH=16,¹²16×Ö½Ú*/
  73          0x00,0x38,0x04,0x04,0x04,0x84,0x78,0x00,0x00,0x18,0x14,0x12,0x11,0x10,0x18,0x00,
  74          
  75          /*-- ID:7,×Ö·û:"A",ASCII±àÂë:41,¶ÔÓ¦×Ö:¿íx¸ß=8x16,»­²¼:¿íW=8 ¸ßH=16,¹²16×Ö½Ú*/
  76          0x00,0x00,0xe0,0x1c,0x70,0x80,0x00,0x00,0x10,0x1e,0x11,0x01,0x01,0x13,0x1c,0x10
  77          
  78          
  79          };
  80          
  81          unsigned char code pic1[]=
  82          {
  83          /*-[Êý¾ÝÅÅÁÐ]:´Ó×óµ½ÓÒ´ÓÉÏµ½ÏÂ [È¡Ä£·½Ê½]:×ÝÏò8µãÏÂ¸ßÎ» [Õý¸º·´É«]:·ñ
  84          Í¼Ïñ³ß´ç:98x32 »­²¼³ß´ç:98x32£¬¹²392¸ö×Ö½Ú-*/
  85          0x3f,0x3f,0x03,0x03,0x03,0x03,0x00,0x00,0x00,0x00,0x00,0x00,0x00,0x00,0x00,0x00,
  86          0x00,0x00,0x00,0x00,0x00,0x00,0x00,0x00,0x00,0x00,0x00,0x00,0x00,0x00,0x00,0x00,
  87          0x00,0x00,0x00,0x00,0x00,0x00,0x00,0x00,0x00,0x00,0x00,0x00,0x00,0x00,0x00,0x00,
  88          0x00,0x00,0x00,0x00,0x00,0x00,0x00,0x00,0x00,0x00,0x00,0x00,0x00,0x00,0x00,0x00,
  89          0x00,0x00,0x00,0x00,0x00,0x00,0x00,0x00,0x00,0x00,0x00,0x00,0x00,0x00,0x00,0x00,
  90          0x00,0x00,0x00,0x00,0x00,0x00,0x00,0x00,0x00,0x00,0x00,0x00,0x03,0x03,0x03,0x03,
  91          0x3f,0x3f,0x00,0x00,0x00,0x00,0x00,0x00,0x00,0x00,0x00,0x00,0x00,0x00,0x00,0x00,
  92          0x00,0x00,0x00,0x00,0x00,0x00,0x00,0x00,0x00,0x00,0x00,0x00,0x00,0x00,0x00,0x00,
  93          0x00,0x00,0x00,0x00,0x00,0x00,0x00,0x00,0x00,0x00,0x00,0x00,0x00,0x00,0x00,0x00,
  94          0x00,0x00,0x00,0x00,0x00,0x00,0x00,0x00,0x00,0x00,0x00,0x00,0x00,0x00,0x00,0x00,
  95          0x00,0x00,0x00,0x00,0x00,0x00,0x00,0x00,0x00,0x00,0x00,0x00,0x00,0x00,0x00,0x00,
  96          0x00,0x00,0x00,0x00,0x00,0x00,0x00,0x00,0x00,0x00,0x00,0x00,0x00,0x00,0x00,0x00,
  97          0x00,0x00,0x00,0x00,0x00,0x00,0x00,0x00,0x00,0x00,0x00,0x00,0x00,0x00,0x00,0x00,
  98          0x00,0x00,0x00,0x00,0x00,0x00,0x00,0x00,0x00,0x00,0x00,0x00,0x00,0x00,0x00,0x00,
  99          0x00,0x00,0x00,0x00,0x00,0x00,0x00,0x00,0x00,0x00,0x00,0x00,0x00,0x00,0x00,0x00,
 100          0x00,0x00,0x00,0x00,0x00,0x00,0x00,0x00,0x00,0x00,0x00,0x00,0x00,0x00,0x00,0x00,
 101          0x00,0x00,0x00,0x00,0x00,0x00,0x00,0x00,0x00,0x00,0x00,0x00,0x00,0x00,0x00,0x00,
 102          0x00,0x00,0x00,0x00,0x00,0x00,0x00,0x00,0x00,0x00,0x00,0x00,0x00,0x00,0x00,0x00,
 103          0x00,0x00,0x00,0x00,0x00,0x00,0xfc,0xfc,0xc0,0xc0,0xc0,0xc0,0x00,0x00,0x00,0x00,
 104          0x00,0x00,0x00,0x00,0x00,0x00,0x00,0x00,0x00,0x00,0x00,0x00,0x00,0x00,0x00,0x00,
 105          0x00,0x00,0x00,0x00,0x00,0x00,0x00,0x00,0x00,0x00,0x00,0x00,0x00,0x00,0x00,0x00,
 106          0x00,0x00,0x00,0x00,0x00,0x00,0x00,0x00,0x00,0x00,0x00,0x00,0x00,0x00,0x00,0x00,
 107          0x00,0x00,0x00,0x00,0x00,0x00,0x00,0x00,0x00,0x00,0x00,0x00,0x00,0x00,0x00,0x00,
 108          0x00,0x00,0x00,0x00,0x00,0x00,0x00,0x00,0x00,0x00,0x00,0x00,0x00,0x00,0x00,0x00,
 109          0x00,0x00,0xc0,0xc0,0xc0,0xc0,0xfc,0xfc
 110          };
 111          
 112          
 113          
 114          unsigned char code pic2[]=
C51 COMPILER V9.60.7.0   PIC                                                               01/17/2025 10:45:55 PAGE 3   

 115          {
 116          /*-[Êý¾ÝÅÅÁÐ]:´Ó×óµ½ÓÒ´ÓÉÏµ½ÏÂ [È¡Ä£·½Ê½]:×ÝÏò8µãÏÂ¸ßÎ» [Õý¸º·´É«]:·ñ
 117          Í¼Ïñ³ß´ç:98x32 »­²¼³ß´ç:98x32£¬¹²392¸ö×Ö½Ú-*/
 118          0xff,0xff,0x03,0x03,0x03,0x03,0x03,0x03,0x03,0x03,0x03,0x03,0x03,0x03,0x03,0x03,
 119          0x03,0x03,0x03,0x03,0x03,0x03,0x03,0x03,0x03,0x03,0x03,0x03,0x03,0x03,0x03,0x03,
 120          0x03,0x03,0x03,0x03,0x03,0x03,0x03,0x03,0x03,0x03,0x03,0x03,0x03,0x03,0x03,0x03,
 121          0x03,0x03,0x03,0x03,0x03,0x03,0x03,0x03,0x03,0x03,0x03,0x03,0x03,0x03,0x03,0x03,
 122          0x03,0x03,0x03,0x03,0x03,0x03,0x03,0x03,0x03,0x03,0x03,0x03,0x03,0x03,0x03,0x03,
 123          0x03,0x03,0x03,0x03,0x03,0x03,0x03,0x03,0x03,0x03,0x03,0x03,0x03,0x03,0x03,0x03,
 124          0xff,0xff,0xff,0xff,0x00,0x00,0x00,0x00,0x00,0x00,0x00,0x00,0x00,0x00,0x00,0x00,
 125          0x00,0x00,0x00,0x00,0x00,0x00,0x00,0x00,0x00,0x00,0x00,0x00,0x00,0x00,0x00,0x00,
 126          0x00,0x00,0x00,0x00,0x00,0x00,0x00,0x00,0x00,0x00,0x00,0x00,0x00,0x00,0x00,0x00,
 127          0x00,0x00,0x00,0x00,0x00,0x00,0x00,0x00,0x00,0x00,0x00,0x00,0x00,0x00,0x00,0x00,
 128          0x00,0x00,0x00,0x00,0x00,0x00,0x00,0x00,0x00,0x00,0x00,0x00,0x00,0x00,0x00,0x00,
 129          0x00,0x00,0x00,0x00,0x00,0x00,0x00,0x00,0x00,0x00,0x00,0x00,0x00,0x00,0x00,0x00,
 130          0x00,0x00,0xff,0xff,0xff,0xff,0x00,0x00,0x00,0x00,0x00,0x00,0x00,0x00,0x00,0x00,
 131          0x00,0x00,0x00,0x00,0x00,0x00,0x00,0x00,0x00,0x00,0x00,0x00,0x00,0x00,0x00,0x00,
 132          0x00,0x00,0x00,0x00,0x00,0x00,0x00,0x00,0x00,0x00,0x00,0x00,0x00,0x00,0x00,0x00,
 133          0x00,0x00,0x00,0x00,0x00,0x00,0x00,0x00,0x00,0x00,0x00,0x00,0x00,0x00,0x00,0x00,
 134          0x00,0x00,0x00,0x00,0x00,0x00,0x00,0x00,0x00,0x00,0x00,0x00,0x00,0x00,0x00,0x00,
 135          0x00,0x00,0x00,0x00,0x00,0x00,0x00,0x00,0x00,0x00,0x00,0x00,0x00,0x00,0x00,0x00,
 136          0x00,0x00,0x00,0x00,0xff,0xff,0xff,0xff,0xc0,0xc0,0xc0,0xc0,0xc0,0xc0,0xc0,0xc0,
 137          0xc0,0xc0,0xc0,0xc0,0xc0,0xc0,0xc0,0xc0,0xc0,0xc0,0xc0,0xc0,0xc0,0xc0,0xc0,0xc0,
 138          0xc0,0xc0,0xc0,0xc0,0xc0,0xc0,0xc0,0xc0,0xc0,0xc0,0xc0,0xc0,0xc0,0xc0,0xc0,0xc0,
 139          0xc0,0xc0,0xc0,0xc0,0xc0,0xc0,0xc0,0xc0,0xc0,0xc0,0xc0,0xc0,0xc0,0xc0,0xc0,0xc0,
 140          0xc0,0xc0,0xc0,0xc0,0xc0,0xc0,0xc0,0xc0,0xc0,0xc0,0xc0,0xc0,0xc0,0xc0,0xc0,0xc0,
 141          0xc0,0xc0,0xc0,0xc0,0xc0,0xc0,0xc0,0xc0,0xc0,0xc0,0xc0,0xc0,0xc0,0xc0,0xc0,0xc0,
 142          0xc0,0xc0,0xc0,0xc0,0xc0,0xc0,0xff,0xff
 143          };


MODULE INFORMATION:   STATIC OVERLAYABLE
   CODE SIZE        =   ----    ----
   CONSTANT SIZE    =   1232    ----
   XDATA SIZE       =   ----    ----
   PDATA SIZE       =   ----    ----
   DATA SIZE        =   ----    ----
   IDATA SIZE       =   ----    ----
   BIT SIZE         =   ----    ----
END OF MODULE INFORMATION.


C51 COMPILATION COMPLETE.  0 WARNING(S),  0 ERROR(S)
