C51 COMPILER V9.60.7.0   MAIN                                                              12/11/2024 09:36:23 PAGE 1   


C51 COMPILER V9.60.7.0, COMPILATION OF MODULE MAIN
OBJECT MODULE PLACED IN .\Objects\main.obj
COMPILER INVOKED BY: D:\KEIL_STM32\C51\BIN\C51.EXE main.c OPTIMIZE(8,SPEED) BROWSE DEBUG OBJECTEXTEND PRINT(.\Listings\m
                    -ain.lst) OBJECT(.\Objects\main.obj)

line level    source

   1          #include <REGX52.H>
   2          #include "LCD0801a.h"
   3          //      unsigned char mode;
   4          //      unsigned char data pattern1[8] = {0x15, 0x0A, 0x15, 0x0A, 0x15, 0x0A, 0x15}; // 棋盘
   5          //      unsigned char data pattern2[8] = {0x0A, 0x15, 0x0A, 0x15, 0x0A, 0x15, 0x0A};    
   6          //      unsigned char data pattern3[8] = {0x15, 0x15, 0x15, 0x15, 0x15, 0x15, 0x15, 0x15}; //竖线
   7          //    unsigned char data pattern4[8] = {0x0A, 0x0A, 0x0A, 0x0A, 0x0A, 0x0A, 0x0A, 0x0A}; 
   8          //    unsigned char data pattern5[8] = {0x1F, 0x00, 0x1F, 0x00, 0x1F, 0x00, 0x1F, 0x00};//横线 
   9          //      unsigned char data pattern6[8] = {0x00, 0x1F, 0x00, 0x1F, 0x00, 0x1F, 0x00, 0x1F};      
  10          //      unsigned char data pattern7[8] = {0x00, 0x15, 0x00, 0x15, 0x00, 0x15, 0x00, 0x15}; //麻点
  11          //int main() 
  12          //{
  13          //      LCD_Init(); 
  14          //      LCD_Clear();
  15          //      displayCustomCharacter1(pattern1); // 显示棋盘
  16          //      Delay(80); 
  17          //      displayCustomCharacter1(pattern2); 
  18          //      Delay(80); 
  19          //      displayCustomCharacter1(pattern3); // 显示竖线
  20          //      Delay(80); 
  21          //      displayCustomCharacter1(pattern4); 
  22          //      Delay(80); 
  23          //      displayCustomCharacter1(pattern5); // 显示横线
  24          //      Delay(80); 
  25          //      displayCustomCharacter1(pattern6); 
  26          //      Delay(80); 
  27          //      displayCustomCharacter1(pattern7); // 显示麻点
  28          //      Delay(80); 
  29          //      write_CGROM(0x21);//内置
  30          //      Delay(80);
  31          //      write_CGROM(0xA1);//内置
  32          //      Delay(80);
  33          //      Write_DDRAM(0xCE);//内置字符
  34          //      Delay(80);
  35          //      LCD_Clear();
  36          //      LCD_ShowString(0,0,"LCM0801A");
  37          //      Delay(80);
  38          //      LCD_ShowString(0,0,"YeHuiDis");
  39          //                      
  40          //while (1) 
  41          //{
  42          
  43          //              if (ReadKey1()) 
  44          //        {  
  45          //              LCD_Clear();
  46          //              mode++;
  47          //              mode %= 10;                     
  48          //              switch (mode) 
  49          //        {
  50          //        case 0:            
  51          //                      displayCustomCharacter1(pattern1); 
  52          //            break;
  53          //        case 1:
  54          //            displayCustomCharacter1(pattern2);  
C51 COMPILER V9.60.7.0   MAIN                                                              12/11/2024 09:36:23 PAGE 2   

  55          //            break;
  56          //        case 2:
  57          //            displayCustomCharacter1(pattern3); 
  58          //            break;
  59          //        case 3:
  60          //           displayCustomCharacter1(pattern4);  
  61          //            break;
  62          //        case 4:
  63          //            displayCustomCharacter1(pattern5);  
  64          //            break;
  65          //        case 5:
  66          //            displayCustomCharacter1(pattern6);  
  67          //            break;
  68          //              case 6:
  69          //                      displayCustomCharacter1(pattern7);
  70          //                      break;
  71          //              case 7:
  72          //                      write_CGROM(0x21); 
  73          //                 break;
  74          //              case 8:
  75          //                      write_CGROM(0xA1); 
  76          //                 break;
  77          //              case 9:
  78          //                      Write_DDRAM(0xFF); 
  79          //                 break;
  80          
  81          //    
  82          //              }
  83          //      }                       
  84          //}
  85          
  86          //      }
  87          
  88          void main(void)   
  89          {
  90   1      
  91   1              LCD_Init(); 
  92   1              LCD_Clear();
  93   1      
  94   1          while (1)  
  95   1          {
  96   2            
  97   2              if (ReadKey1()) 
  98   2              {
  99   3                  HandleKey(); 
 100   3              } 
 101   2              else 
 102   2              {
 103   3                
 104   3                  DisplayPatterns(); 
 105   3              }
 106   2          }   
 107   1      }


MODULE INFORMATION:   STATIC OVERLAYABLE
   CODE SIZE        =     23    ----
   CONSTANT SIZE    =   ----    ----
   XDATA SIZE       =   ----    ----
   PDATA SIZE       =   ----    ----
   DATA SIZE        =   ----    ----
   IDATA SIZE       =   ----    ----
C51 COMPILER V9.60.7.0   MAIN                                                              12/11/2024 09:36:23 PAGE 3   

   BIT SIZE         =   ----    ----
END OF MODULE INFORMATION.


C51 COMPILATION COMPLETE.  0 WARNING(S),  0 ERROR(S)
