C51 COMPILER V9.60.7.0   MAIN                                                              12/11/2024 16:23:33 PAGE 1   


C51 COMPILER V9.60.7.0, COMPILATION OF MODULE MAIN
OBJECT MODULE PLACED IN .\Objects\main.obj
COMPILER INVOKED BY: D:\KEIL_STM32\C51\BIN\C51.EXE main.c OPTIMIZE(8,SPEED) BROWSE DEBUG OBJECTEXTEND PRINT(.\Listings\m
                    -ain.lst) OBJECT(.\Objects\main.obj)

line level    source

   1          #include <REGX52.H>
   2          #include "LCD2004B.h"
   3          //unsigned char mode;
   4          //unsigned char data pattern1[8] = {0x15, 0x0A, 0x15, 0x0A, 0x15, 0x0A, 0x15};
   5          //unsigned char data pattern2[8] = {0x0A, 0x15, 0x0A, 0x15, 0x0A, 0x15, 0x0A};  
   6          //unsigned char data pattern3[8] = {0x15, 0x15, 0x15, 0x15, 0x15, 0x15, 0x15, 0x15}; 
   7          //unsigned char data pattern4[8] = {0x0A, 0x0A, 0x0A, 0x0A, 0x0A, 0x0A, 0x0A, 0x0A}; 
   8          //unsigned char data pattern5[8] = {0x1F, 0x00, 0x1F, 0x00, 0x1F, 0x00, 0x1F, 0x00};
   9          //unsigned char data pattern6[8] = {0x00, 0x1F, 0x00, 0x1F, 0x00, 0x1F, 0x00, 0x1F};    
  10          //unsigned char data pattern7[8] = {0x00, 0x15, 0x00, 0x15, 0x00, 0x15, 0x00, 0x15}; 
  11          //int main() 
  12          //{
  13          //      LCD_Init(); 
  14          //      LCD_Clear();
  15          //      displayCustomCharacter1(pattern1);
  16          //      Delay(80); 
  17          //      displayCustomCharacter1(pattern2); 
  18          //      Delay(80); 
  19          //      displayCustomCharacter1(pattern3);
  20          //      Delay(80); 
  21          //      displayCustomCharacter1(pattern4); 
  22          //      Delay(80); 
  23          //      displayCustomCharacter1(pattern5); 
  24          //      Delay(80); 
  25          //      displayCustomCharacter1(pattern6); 
  26          //      Delay(80); 
  27          //      displayCustomCharacter1(pattern7); 
  28          //      Delay(80); 
  29          //      write_CGROM(0x10);
  30          //      Delay(80);
  31          //      write_CGROM(0x60);
  32          //      Delay(80);
  33          //      write_CGROM(0xB0);
  34          //      Delay(80);
  35          //      Write_DDRAM(0xCE);
  36          //      Delay(80);
  37          //      LCD_Clear();
  38          //      LCD_ShowString(2,6,"LCM2004B");
  39          //      LCD_ShowString(1,2,"YeHuiDisplay.com");
  40          //                      
  41          //while (1) 
  42          //{
  43          
  44          //              if (ReadKey1()) 
  45          //        {  
  46          //              LCD_Clear();
  47          //              mode++;
  48          //              mode %= 10;                     
  49          //              switch (mode) 
  50          //        {
  51          //        case 1:            
  52          //                      displayCustomCharacter1(pattern1); 
  53          //            break;
  54          //        case 2:
C51 COMPILER V9.60.7.0   MAIN                                                              12/11/2024 16:23:33 PAGE 2   

  55          //            displayCustomCharacter1(pattern2);  
  56          //            break;
  57          //        case 3:
  58          //            displayCustomCharacter1(pattern3); 
  59          //            break;
  60          //        case 4:
  61          //           displayCustomCharacter1(pattern4);  
  62          //            break;
  63          //        case 5:
  64          //            displayCustomCharacter1(pattern5);  
  65          //            break;
  66          //        case 6:
  67          //            displayCustomCharacter1(pattern6);  
  68          //            break;
  69          //              case 7:
  70          //                      displayCustomCharacter1(pattern7);
  71          //                      break;
  72          //              case 8:
  73          //                      write_CGROM(0x10); 
  74          //                 break;
  75          //              case 9:
  76          //                      write_CGROM(0x60); 
  77          //                 break;
  78          //        default:
  79          //                      write_CGROM(0xB0);
  80          //            break;
  81          //    
  82          //              }
  83          //      }                       
  84          //}
  85          
  86          //      }
  87          
  88          void main(void)   
  89          {
  90   1      
  91   1              LCD_Init(); 
  92   1              LCD_Clear();
  93   1      
  94   1          while (1)  
  95   1          {
  96   2            
  97   2              if (ReadKey1()) 
  98   2              {
  99   3                  HandleKey(); 
 100   3              } 
 101   2              else 
 102   2              {
 103   3                
 104   3                  DisplayPatterns(); 
 105   3              }
 106   2          }   
 107   1      }


MODULE INFORMATION:   STATIC OVERLAYABLE
   CODE SIZE        =     23    ----
   CONSTANT SIZE    =   ----    ----
   XDATA SIZE       =   ----    ----
   PDATA SIZE       =   ----    ----
   DATA SIZE        =   ----    ----
   IDATA SIZE       =   ----    ----
C51 COMPILER V9.60.7.0   MAIN                                                              12/11/2024 16:23:33 PAGE 3   

   BIT SIZE         =   ----    ----
END OF MODULE INFORMATION.


C51 COMPILATION COMPLETE.  0 WARNING(S),  0 ERROR(S)
