C51 COMPILER V9.60.7.0   MAIN                                                              12/11/2024 17:01:25 PAGE 1   


C51 COMPILER V9.60.7.0, COMPILATION OF MODULE MAIN
OBJECT MODULE PLACED IN .\Objects\main.obj
COMPILER INVOKED BY: D:\KEIL_STM32\C51\BIN\C51.EXE main.c LARGE OPTIMIZE(8,SPEED) BROWSE DEBUG OBJECTEXTEND PRINT(.\List
                    -ings\main.lst) OBJECT(.\Objects\main.obj)

line level    source

   1          #include <reg52.h>
   2          #include "lcd12832.h"
   3          #include "picture.h"
   4          
   5          //unsigned char mode;
   6          
   7          //void main(void)
   8          //{   
   9          //     lcdreset();              
  10          //     charlcdfill(' ');              
  11          //      
  12          //       glcdfill_with_params(0xff,0x00) ;
  13          //       exdelay(); 
  14          //       glcdfill_with_params(0x00,0xff) ;
  15          //       exdelay();
  16          //       glcdfill_with_params(0xaa,0x55) ;
  17          //       exdelay(); 
  18          //       glcdfill_with_params(0x55,0xaa) ;
  19          //       exdelay();
  20          //       glcdfill_with_params(0xaa,0xaa) ;
  21          //       exdelay(); 
  22          //       glcdfill_with_params(0x55,0x55) ;
  23          //       exdelay();
  24          //       glcdfill_with_params(0xaa,0x00) ;
  25          //       exdelay(); 
  26          //       glcdfill_with_params(0x00,0x55) ;
  27          //       exdelay(); 
  28          //       lcdreset(); 
  29          //       charlcdfill(' ');
  30          //     putstrxy(0,0,"烨辉科技有限公司");   
  31          //       putstrxy(2,1,"LCM12832_02 ");                             
  32          //       exdelay();     
  33          //      while(1)
  34          //    {  
  35          //              
  36          //              if(key())
  37          //              {
  38          //                      lcdreset(); 
  39          //                      charlcdfill(' ');
  40          //                      mode++;
  41          //                      mode%=8;
  42          //                      switch(mode)
  43          //                      {
  44          //                              case 0:glcdfill_with_params(0xff,0x00) ;
  45          //                              break;
  46          //                              case 1:glcdfill_with_params(0x00,0xff) ;
  47          //                              break;
  48          //                              case 2:glcdfill_with_params(0x55,0x55) ;
  49          //                              break;
  50          //                              case 3:glcdfill_with_params(0xaa,0xaa) ;
  51          //                              break;
  52          //                              case 4:glcdfill_with_params(0xaa,0x55) ;
  53          //                              break;
  54          //                              case 5:glcdfill_with_params(0x55,0xaa) ;
C51 COMPILER V9.60.7.0   MAIN                                                              12/11/2024 17:01:25 PAGE 2   

  55          //                              break;
  56          //                              case 6:glcdfill_with_params(0xff,0xff) ;
  57          //                              break;
  58          //                              case 7:putstrxy(0,0,"烨辉科技有限公司"); 
  59          //                                         putstrxy(2,1,"LCM12832_02 ");   
  60          //                              break;                          
  61          //                      }
  62          //              }
  63          //    }
  64          //}
  65          
  66          void main(void)   
  67          {
  68   1      
  69   1           lcdreset();              
  70   1           charlcdfill(' ');  
  71   1      
  72   1          while (1)  
  73   1          {
  74   2              if (key()) 
  75   2              {
  76   3                  HandleKey(); 
  77   3              } 
  78   2              else 
  79   2              {
  80   3                
  81   3                  DisplayPatterns(); 
  82   3              }
  83   2          }   
  84   1      }


MODULE INFORMATION:   STATIC OVERLAYABLE
   CODE SIZE        =     26    ----
   CONSTANT SIZE    =   ----    ----
   XDATA SIZE       =   ----    ----
   PDATA SIZE       =   ----    ----
   DATA SIZE        =   ----    ----
   IDATA SIZE       =   ----    ----
   BIT SIZE         =   ----    ----
END OF MODULE INFORMATION.


C51 COMPILATION COMPLETE.  0 WARNING(S),  0 ERROR(S)
