C51 COMPILER V9.60.7.0   MAIN                                                              12/13/2024 09:11:41 PAGE 1   


C51 COMPILER V9.60.7.0, COMPILATION OF MODULE MAIN
OBJECT MODULE PLACED IN .\Objects\main.obj
COMPILER INVOKED BY: D:\KEIL_STM32\C51\BIN\C51.EXE main.c OPTIMIZE(8,SPEED) BROWSE DEBUG OBJECTEXTEND PRINT(.\Listings\m
                    -ain.lst) OBJECT(.\Objects\main.obj)

line level    source

   1          #include <REGX52.H>
   2          #include "lcd240128.h"
   3          #include "picture.h"
   4          
   5          
   6          sbit LCD_FS=P3^5;
   7          sbit LCD_EN=P3^3;
   8          //unsigned char mode;
   9          //void Main( void )   
  10          //{
  11          //      LCD_EN=0;  
  12          //      LCD_FS=0; 
  13          //      LcmInit(); 
  14          //      LcmClear();
  15          //    DisplayDots(0x55,0xaa);
  16          //    Delay(500);       
  17          //    DisplayDots(0xaa,0x55);
  18          //    Delay(500);  
  19          //    DisplayDots(0x55,0x55);
  20          //    Delay(500);       
  21          //    DisplayDots(0xaa,0xaa);
  22          //    Delay(500); 
  23          //    DisplayDots(0xff,0x00);
  24          //    Delay(500); 
  25          //    DisplayDots(0x00,0xff);
  26          //    Delay(500); 
  27          //      DisplayDots(0xff,0xff);
  28          //    Delay(500);       
  29          //      LcmClear();
  30          //      
  31          //    DisplayBMP(0,0,240,128,BMP1);   
  32          //    Delay(500);    
  33          //    ReverseDisplayBMP(0,0,240,128,BMP1);   
  34          //    Delay(500);
  35          //      
  36          //      LcmClear();
  37          //      Display_FullCGROM();
  38          //      Delay(500);
  39          //      
  40          //      LcmClear();
  41          //      picture();
  42          //      
  43          
  44          // while(1)  
  45          //{
  46          
  47          //              if(ReadKey1())
  48          //              mode++;
  49          //              mode%=10;
  50          //              LcmClear();
  51          //              switch(mode){   
  52          //              case 0:DisplayDots(0xff,0x00);
  53          //              break;
  54          //              case 1:DisplayDots(0x55,0xaa);
C51 COMPILER V9.60.7.0   MAIN                                                              12/13/2024 09:11:41 PAGE 2   

  55          //              break;
  56          //              case 2:DisplayDots(0x55,0x55);
  57          //              break;
  58          //              case 3:DisplayDots(0x00,0xff);
  59          //              break;
  60          //              case 4:DisplayDots(0xaa,0xaa);
  61          //              break;
  62          //              case 5:picture();       
  63          //              break;
  64          //              case 6:Display_FullCGROM();     
  65          //              break;
  66          //              case 7:DisplayBMP(0,0,240,128,BMP1);    
  67          //              break;
  68          //              case 8:ReverseDisplayBMP(0,0,240,128,BMP1);
  69          //              break;
  70          //              case 9:ReverseDisplayBMP(0,0,240,128,BMP0); 
  71          //              break;
  72          
  73          //}
  74          // }   
  75          //}
  76          
  77          
  78          
  79          void main(void)   
  80          {
  81   1          LCD_EN = 0;  
  82   1          LCD_FS = 0; 
  83   1          LcmInit(); 
  84   1          LcmClear();
  85   1      
  86   1          while (1)  
  87   1          {
  88   2            
  89   2              if (ReadKey1()) 
  90   2              {
  91   3                  HandleKey(); 
  92   3              } 
  93   2              else 
  94   2              {
  95   3                
  96   3                  DisplayPatterns(); 
  97   3              }
  98   2          }   
  99   1      }
 100          


MODULE INFORMATION:   STATIC OVERLAYABLE
   CODE SIZE        =     27    ----
   CONSTANT SIZE    =   ----    ----
   XDATA SIZE       =   ----    ----
   PDATA SIZE       =   ----    ----
   DATA SIZE        =   ----    ----
   IDATA SIZE       =   ----    ----
   BIT SIZE         =   ----    ----
END OF MODULE INFORMATION.


C51 COMPILATION COMPLETE.  0 WARNING(S),  0 ERROR(S)
