C51 COMPILER V9.60.7.0   MAIN                                                              12/07/2024 17:09:32 PAGE 1   


C51 COMPILER V9.60.7.0, COMPILATION OF MODULE MAIN
OBJECT MODULE PLACED IN .\Objects\main.obj
COMPILER INVOKED BY: D:\KEIL_STM32\C51\BIN\C51.EXE main.c OPTIMIZE(8,SPEED) BROWSE DEBUG OBJECTEXTEND PRINT(.\Listings\m
                    -ain.lst) OBJECT(.\Objects\main.obj)

line level    source

   1          #include <REGX52.H>
   2          #include "LCD2004.h"
   3                  unsigned char mode;
   4                  unsigned char data pattern1[8] = {0x15, 0x0A, 0x15, 0x0A, 0x15, 0x0A, 0x15}; // 棋盘
   5                  unsigned char data pattern2[8] = {0x0A, 0x15, 0x0A, 0x15, 0x0A, 0x15, 0x0A};    
   6                  unsigned char data pattern3[8] = {0x15, 0x15, 0x15, 0x15, 0x15, 0x15, 0x15, 0x15}; //竖线
   7              unsigned char data pattern4[8] = {0x0A, 0x0A, 0x0A, 0x0A, 0x0A, 0x0A, 0x0A, 0x0A}; 
   8              unsigned char data pattern5[8] = {0x1F, 0x00, 0x1F, 0x00, 0x1F, 0x00, 0x1F, 0x00};//横线 
   9                  unsigned char data pattern6[8] = {0x00, 0x1F, 0x00, 0x1F, 0x00, 0x1F, 0x00, 0x1F};      
  10                  unsigned char data pattern7[8] = {0x00, 0x15, 0x00, 0x15, 0x00, 0x15, 0x00, 0x15}; //麻点
  11          int main() 
  12          {
  13   1              LCD_Init(); 
  14   1              LCD_Clear();
  15   1              displayCustomCharacter1(pattern1); // 显示棋盘
  16   1              Delay(80); 
  17   1              displayCustomCharacter1(pattern2); 
  18   1              Delay(80); 
  19   1              displayCustomCharacter1(pattern3); // 显示竖线
  20   1              Delay(80); 
  21   1              displayCustomCharacter1(pattern4); 
  22   1              Delay(80); 
  23   1              displayCustomCharacter1(pattern5); // 显示横线
  24   1              Delay(80); 
  25   1              displayCustomCharacter1(pattern6); 
  26   1              Delay(80); 
  27   1              displayCustomCharacter1(pattern7); // 显示麻点
  28   1              Delay(80);
  29   1              write_CGROM(0x30);//内置
  30   1              Delay(80);
  31   1              Write_DDRAM(0xCE);//内置字符
  32   1              Delay(80);
  33   1              LCD_Clear();
  34   1              LCD_ShowString(2,5,"LCM2004_01");
  35   1              LCD_ShowString(1,2,"YeHuiDisplay.com");
  36   1                              
  37   1      while (1) 
  38   1      {
  39   2      
  40   2                      if (ReadKey1()) 
  41   2                {  
  42   3                      LCD_Clear();
  43   3                      mode++;
  44   3                      mode %= 8;                      
  45   3                      switch (mode) 
  46   3                {
  47   4              case 0:            
  48   4                              displayCustomCharacter1(pattern1); 
  49   4                  break;
  50   4              case 1:
  51   4                  displayCustomCharacter1(pattern2);  
  52   4                  break;
  53   4              case 2:
  54   4                  displayCustomCharacter1(pattern3); 
C51 COMPILER V9.60.7.0   MAIN                                                              12/07/2024 17:09:32 PAGE 2   

  55   4                  break;
  56   4              case 3:
  57   4                 displayCustomCharacter1(pattern4);  
  58   4                  break;
  59   4              case 4:
  60   4                  displayCustomCharacter1(pattern5);  
  61   4                  break;
  62   4              case 5:
  63   4                  displayCustomCharacter1(pattern6);  
  64   4                  break;
  65   4                      case 6:
  66   4                              displayCustomCharacter1(pattern7);
  67   4                              break;
  68   4                      case 7:
  69   4                              write_CGROM(0xb0); 
  70   4                         break;
  71   4          
  72   4                      }
  73   3              }                       
  74   2      }
  75   1      
  76   1              }
  77          


MODULE INFORMATION:   STATIC OVERLAYABLE
   CODE SIZE        =    290    ----
   CONSTANT SIZE    =     28    ----
   XDATA SIZE       =   ----    ----
   PDATA SIZE       =   ----    ----
   DATA SIZE        =     57    ----
   IDATA SIZE       =   ----    ----
   BIT SIZE         =   ----    ----
END OF MODULE INFORMATION.


C51 COMPILATION COMPLETE.  0 WARNING(S),  0 ERROR(S)
