C51 COMPILER V9.60.7.0   MAIN                                                              09/24/2024 20:49:34 PAGE 1   


C51 COMPILER V9.60.7.0, COMPILATION OF MODULE MAIN
OBJECT MODULE PLACED IN .\Objects\main.obj
COMPILER INVOKED BY: D:\KEIL_STM32\C51\BIN\C51.EXE main.c OPTIMIZE(8,SPEED) BROWSE DEBUG OBJECTEXTEND PRINT(.\Listings\m
                    -ain.lst) OBJECT(.\Objects\main.obj)

line level    source

   1          #include <REGX52.H>
   2          #include "LCD2002.h"
   3          
   4          
   5          unsigned char mode=0;
   6          
   7          int main() 
   8          {
   9   1                              LCD_Init(); 
  10   1                              LCD_Clear();
  11   1              
  12   1              
  13   1              
  14   1                              Write_DDRAM(0xd0); 
  15   1                              Delay(30); 
  16   1                  Write_DDRAM(0xd2);  
  17   1                              Delay(30);
  18   1                  Write_DDRAM(0xc2);  
  19   1                              Delay(30);
  20   1                  Write_DDRAM(0xcf);  
  21   1                              Delay(30);
  22   1                  Write_DDRAM(0xf2);  
  23   1                              Delay(30);
  24   1                  Write_DDRAM(0x8f);  
  25   1                              Delay(30);
  26   1                          Write_DDRAM(0x2a); 
  27   1                              Delay(30);
  28   1                  Write_DDRAM(0xfa);  
  29   1      while (1) 
  30   1      {
  31   2      
  32   2                      if (ReadKey1()) {
  33   3                      mode++;
  34   3                      mode %= 8;
  35   3                      switch (mode) {
  36   4              case 1:
  37   4                  
  38   4                              displayCustomCharacter1(); 
  39   4                  break;
  40   4              case 2:
  41   4                  Write_DDRAM(0x26);  
  42   4                  break;
  43   4              case 3:
  44   4                  Write_DDRAM(0xf4);  
  45   4                  break;
  46   4              case 4:
  47   4                  Write_DDRAM(0xcf);  
  48   4                  break;
  49   4              case 5:
  50   4                  Write_DDRAM(0xf2);  
  51   4                  break;
  52   4              case 6:
  53   4                  Write_DDRAM(0xaa);  
  54   4                  break;
C51 COMPILER V9.60.7.0   MAIN                                                              09/24/2024 20:49:34 PAGE 2   

  55   4                      case 7:
  56   4                          Write_DDRAM(0x2a); 
  57   4                                break;
  58   4              default:
  59   4                  Write_DDRAM(0xfa);  
  60   4                  break;
  61   4          
  62   4                      }
  63   3              }                       
  64   2      }
  65   1      
  66   1              }
  67          


MODULE INFORMATION:   STATIC OVERLAYABLE
   CODE SIZE        =    188    ----
   CONSTANT SIZE    =   ----    ----
   XDATA SIZE       =   ----    ----
   PDATA SIZE       =   ----    ----
   DATA SIZE        =      1    ----
   IDATA SIZE       =   ----    ----
   BIT SIZE         =   ----    ----
END OF MODULE INFORMATION.


C51 COMPILATION COMPLETE.  0 WARNING(S),  0 ERROR(S)
