C51 COMPILER V9.60.7.0   PICTURE                                                           11/21/2024 16:55:08 PAGE 1   


C51 COMPILER V9.60.7.0, COMPILATION OF MODULE PICTURE
OBJECT MODULE PLACED IN .\Objects\picture.obj
COMPILER INVOKED BY: D:\KEIL_STM32\C51\BIN\C51.EXE picture.c OPTIMIZE(8,SPEED) BROWSE DEBUG OBJECTEXTEND PRINT(.\Listing
                    -s\picture.lst) OBJECT(.\Objects\picture.obj)

line level    source

   1          unsigned char code Chinese_character[]=
   2          {
   3          
   4          
   5          /*-- ID:17,字符:"y",ASCII编码:79,对应字:宽x高=8x16,画布:宽W=8 高H=16,共16字节*/
   6          0x00,0x00,0x00,0x00,0x00,0x00,0xE7,0x42,0x24,0x24,0x18,0x18,0x10,0x10,0x60,0x00,
   7          
   8          
   9          /*-- ID:8,字符:"e",ASCII编码:65,对应字:宽x高=8x16,画布:宽W=8 高H=16,共16字节*/
  10          0x00,0x00,0x00,0x00,0x00,0x00,0x3C,0x42,0x42,0x7E,0x40,0x42,0x3C,0x00,0x00,0x00,
  11          
  12          
  13          /*-- ID:0,字符:"h",ASCII编码:68,对应字:宽x高=8x16,画布:宽W=8 高H=16,共16字节*/
  14          0x00,0x00,0x00,0xC0,0x40,0x40,0x5C,0x62,0x42,0x42,0x42,0x42,0xE7,0x00,0x00,0x00,
  15          
  16          
  17          /*-- ID:1,字符:"u",ASCII编码:75,对应字:宽x高=8x16,画布:宽W=8 高H=16,共16字节*/
  18          0x00,0x00,0x00,0x00,0x00,0x00,0xC6,0x42,0x42,0x42,0x42,0x46,0x3B,0x00,0x00,0x00,
  19          
  20          
  21          
  22          /*-- ID:10,字符:"i",ASCII编码:69,对应字:宽x高=8x16,画布:宽W=8 高H=16,共16字节*/
  23          0x00,0x00,0x30,0x30,0x00,0x00,0x70,0x10,0x10,0x10,0x10,0x10,0x7C,0x00,0x00,0x00,
  24          
  25          
  26          
  27          /*-- ID:7,字符:"d",ASCII编码:64,对应字:宽x高=8x16,画布:宽W=8 高H=16,共16字节*/
  28          0x00,0x00,0x00,0x06,0x02,0x02,0x3E,0x42,0x42,0x42,0x42,0x46,0x3B,0x00,0x00,0x00,
  29          
  30          
  31          /*-- ID:10,字符:"i",ASCII编码:69,对应字:宽x高=8x16,画布:宽W=8 高H=16,共16字节*/
  32          0x00,0x00,0x30,0x30,0x00,0x00,0x70,0x10,0x10,0x10,0x10,0x10,0x7C,0x00,0x00,0x00,
  33          
  34          
  35          
  36          /*-- ID:16,字符:"s",ASCII编码:73,对应字:宽x高=8x16,画布:宽W=8 高H=16,共16字节*/
  37          0x00,0x00,0x00,0x00,0x00,0x00,0x3E,0x42,0x40,0x3C,0x02,0x42,0x7C,0x00,0x00,0x00,
  38          
  39          
  40          
  41          /*-- ID:14,字符:"p",ASCII编码:70,对应字:宽x高=8x16,画布:宽W=8 高H=16,共16字节*/
  42          0x00,0x00,0x00,0x00,0x00,0x00,0xD8,0x64,0x42,0x42,0x42,0x64,0x58,0x40,0xE0,0x00,
  43          
  44          
  45          
  46          /*-- ID:11,字符:"l",ASCII编码:6C,对应字:宽x高=8x16,画布:宽W=8 高H=16,共16字节*/
  47          0x00,0x00,0x10,0x70,0x10,0x10,0x10,0x10,0x10,0x10,0x10,0x10,0x7C,0x00,0x00,0x00,
  48          
  49          
  50          
  51          /*-- ID:5,字符:"a",ASCII编码:61,对应字:宽x高=8x16,画布:宽W=8 高H=16,共16字节*/
  52          0x00,0x00,0x00,0x00,0x00,0x00,0x38,0x44,0x0C,0x34,0x44,0x4C,0x36,0x00,0x00,0x00,
  53          
  54          
C51 COMPILER V9.60.7.0   PICTURE                                                           11/21/2024 16:55:08 PAGE 2   

  55          
  56          /*-- ID:17,字符:"y",ASCII编码:79,对应字:宽x高=8x16,画布:宽W=8 高H=16,共16字节*/
  57          0x00,0x00,0x00,0x00,0x00,0x00,0xE7,0x42,0x24,0x24,0x18,0x18,0x10,0x10,0x60,0x00,
  58          
  59          
  60          
  61          /*-- ID:0,字符:".",ASCII编码:2E,对应字:宽x高=8x16,画布:宽W=8 高H=16,共16字节*/
  62          0x00,0x00,0x00,0x00,0x00,0x00,0x00,0x00,0x00,0x00,0x00,0x60,0x60,0x00,0x00,0x00,
  63          
  64          
  65          
  66          /*-- ID:6,字符:"c",ASCII编码:63,对应字:宽x高=8x16,画布:宽W=8 高H=16,共16字节*/
  67          0x00,0x00,0x00,0x00,0x00,0x00,0x1C,0x22,0x40,0x40,0x40,0x22,0x1C,0x00,0x00,0x00,
  68          
  69          
  70          /*-- ID:13,字符:"o",ASCII编码:6F,对应字:宽x高=8x16,画布:宽W=8 高H=16,共16字节*/
  71          0x00,0x00,0x00,0x00,0x00,0x00,0x3C,0x42,0x42,0x42,0x42,0x42,0x3C,0x00,0x00,0x00,
  72          
  73          
  74          /*-- ID:12,字符:"m",ASCII编码:6D,对应字:宽x高=8x16,画布:宽W=8 高H=16,共16字节*/
  75          0x00,0x00,0x00,0x00,0x00,0x00,0xFE,0x49,0x49,0x49,0x49,0x49,0xED,0x00,0x00,0x00,
  76          
  77          
  78          /*-- ID:4,字符:"Y",ASCII编码:59,对应字:宽x高=8x16,画布:宽W=8 高H=16,共16字节*/
  79          0x00,0x00,0xEE,0x44,0x44,0x28,0x28,0x10,0x10,0x10,0x10,0x10,0x38,0x00,0x00,0x00,
  80          
  81          
  82          
  83          /*-- ID:2,字符:"H",ASCII编码:48,对应字:宽x高=8x16,画布:宽W=8 高H=16,共16字节*/
  84          0x00,0x00,0xE7,0x42,0x42,0x42,0x42,0x7E,0x42,0x42,0x42,0x42,0xE7,0x00,0x00,0x00,
  85          
  86          
  87          
  88          /*-- ID:0,字符:"B",ASCII编码:42,对应字:宽x高=8x16,画布:宽W=8 高H=16,共16字节*/
  89          0x00,0x00,0xF8,0x44,0x44,0x44,0x78,0x44,0x42,0x42,0x42,0x44,0xF8,0x00,0x00,0x00,
  90          
  91          /*-- ID:0,字符:"G",ASCII编码:47,对应字:宽x高=8x16,画布:宽W=8 高H=16,共16字节*/
  92          0x00,0x00,0x3C,0x44,0x44,0x80,0x80,0x80,0x8E,0x84,0x44,0x44,0x38,0x00,0x00,0x00,
  93          
  94          /*-- ID:2,字符:"2",ASCII编码:32,对应字:宽x高=8x16,画布:宽W=8 高H=16,共16字节*/
  95          0x00,0x00,0x3C,0x42,0x42,0x42,0x02,0x04,0x08,0x10,0x20,0x42,0x7E,0x00,0x00,0x00,
  96          
  97          
  98          
  99          /*-- ID:3,字符:"4",ASCII编码:34,对应字:宽x高=8x16,画布:宽W=8 高H=16,共16字节*/
 100          0x00,0x00,0x04,0x0C,0x0C,0x14,0x24,0x24,0x44,0x7F,0x04,0x04,0x1F,0x00,0x00,0x00,
 101          
 102          
 103          
 104          /*-- ID:0,字符:"0",ASCII编码:30,对应字:宽x高=8x16,画布:宽W=8 高H=16,共16字节*/
 105          0x00,0x00,0x18,0x24,0x42,0x42,0x42,0x42,0x42,0x42,0x42,0x24,0x18,0x00,0x00,0x00,
 106          
 107          
 108          /*-- ID:1,字符:"1",ASCII编码:31,对应字:宽x高=8x16,画布:宽W=8 高H=16,共16字节*/
 109          0x00,0x00,0x08,0x38,0x08,0x08,0x08,0x08,0x08,0x08,0x08,0x08,0x3E,0x00,0x00,0x00,
 110          
 111          
 112          /*-- ID:2,字符:"2",ASCII编码:32,对应字:宽x高=8x16,画布:宽W=8 高H=16,共16字节*/
 113          0x00,0x00,0x3C,0x42,0x42,0x42,0x02,0x04,0x08,0x10,0x20,0x42,0x7E,0x00,0x00,0x00,
 114          
 115          
 116          
C51 COMPILER V9.60.7.0   PICTURE                                                           11/21/2024 16:55:08 PAGE 3   

 117          /*-- ID:4,字符:"8",ASCII编码:38,对应字:宽x高=8x16,画布:宽W=8 高H=16,共16字节*/
 118          0x00,0x00,0x3C,0x42,0x42,0x42,0x24,0x18,0x24,0x42,0x42,0x42,0x3C,0x00,0x00,0x00,
 119          
 120          
 121          /*-- ID:0,字符:"B",ASCII编码:42,对应字:宽x高=8x16,画布:宽W=8 高H=16,共16字节*/
 122          //0x00,0x00,0xF8,0x44,0x44,0x44,0x78,0x44,0x42,0x42,0x42,0x44,0xF8,0x00,0x00,0x00,
 123          
 124          
 125          
 126          /*-- ID:0,字符:"-",ASCII编码:2D,对应字:宽x高=8x16,画布:宽W=8 高H=16,共16字节*/
 127          0x00,0x00,0x00,0x00,0x00,0x00,0x00,0x7E,0x00,0x00,0x00,0x00,0x00,0x00,0x00,0x00,
 128          
 129          
 130          
 131          /*-- ID:3,字符:"S",ASCII编码:53,对应字:宽x高=8x16,画布:宽W=8 高H=16,共16字节*/
 132          0x00,0x00,0x3E,0x42,0x42,0x40,0x20,0x18,0x04,0x02,0x42,0x42,0x7C,0x00,0x00,0x00,
 133          
 134          
 135          /*-- ID:8,字符:"e",ASCII编码:65,对应字:宽x高=8x16,画布:宽W=8 高H=16,共16字节*/
 136          0x00,0x00,0x00,0x00,0x00,0x00,0x3C,0x42,0x42,0x7E,0x40,0x42,0x3C,0x00,0x00,0x00,
 137          
 138          
 139          /*-- ID:15,字符:"r",ASCII编码:72,对应字:宽x高=8x16,画布:宽W=8 高H=16,共16字节*/
 140          0x00,0x00,0x00,0x00,0x00,0x00,0xEE,0x32,0x20,0x20,0x20,0x20,0xF8,0x00,0x00,0x00,
 141          
 142          
 143          
 144          /*-- ID:10,字符:"i",ASCII编码:69,对应字:宽x高=8x16,画布:宽W=8 高H=16,共16字节*/
 145          0x00,0x00,0x30,0x30,0x00,0x00,0x70,0x10,0x10,0x10,0x10,0x10,0x7C,0x00,0x00,0x00,
 146          
 147          
 148          
 149          /*-- ID:8,字符:"e",ASCII编码:65,对应字:宽x高=8x16,画布:宽W=8 高H=16,共16字节*/
 150          0x00,0x00,0x00,0x00,0x00,0x00,0x3C,0x42,0x42,0x7E,0x40,0x42,0x3C,0x00,0x00,0x00,
 151          
 152          
 153          
 154          /*-- ID:16,字符:"s",ASCII编码:73,对应字:宽x高=8x16,画布:宽W=8 高H=16,共16字节*/
 155          0x00,0x00,0x00,0x00,0x00,0x00,0x3E,0x42,0x40,0x3C,0x02,0x42,0x7C,0x00,0x00,0x00,
 156          
 157          
 158          /*-- ID:3,字符:"S",ASCII编码:53,对应字:宽x高=8x16,画布:宽W=8 高H=16,共16字节*/
 159          0x00,0x00,0x3E,0x42,0x42,0x40,0x20,0x18,0x04,0x02,0x42,0x42,0x7C,0x00,0x00,0x00,
 160          
 161          
 162          /*-- ID:10,字符:"i",ASCII编码:69,对应字:宽x高=8x16,画布:宽W=8 高H=16,共16字节*/
 163          0x00,0x00,0x30,0x30,0x00,0x00,0x70,0x10,0x10,0x10,0x10,0x10,0x7C,0x00,0x00,0x00,
 164          
 165          
 166          
 167          /*-- ID:0,字符:"z",ASCII编码:7A,对应字:宽x高=8x16,画布:宽W=8 高H=16,共16字节*/
 168          0x00,0x00,0x00,0x00,0x00,0x00,0x7E,0x44,0x08,0x10,0x10,0x22,0x7E,0x00,0x00,0x00,
 169          
 170          
 171          /*-- ID:8,字符:"e",ASCII编码:65,对应字:宽x高=8x16,画布:宽W=8 高H=16,共16字节*/
 172          0x00,0x00,0x00,0x00,0x00,0x00,0x3C,0x42,0x42,0x7E,0x40,0x42,0x3C,0x00,0x00,0x00,
 173          
 174          
 175          /*-- ID:0,字符:":",ASCII编码:3A,对应字:宽x高=8x16,画布:宽W=8 高H=16,共16字节*/
 176          0x00,0x00,0x00,0x00,0x00,0x18,0x18,0x00,0x00,0x00,0x00,0x18,0x18,0x00,0x00,0x00,
 177          
 178          
C51 COMPILER V9.60.7.0   PICTURE                                                           11/21/2024 16:55:08 PAGE 4   

 179          /*-- ID:1,字符:"1",ASCII编码:31,对应字:宽x高=8x16,画布:宽W=8 高H=16,共16字节*/
 180          0x00,0x00,0x08,0x38,0x08,0x08,0x08,0x08,0x08,0x08,0x08,0x08,0x3E,0x00,0x00,0x00,
 181          
 182          
 183          /*-- ID:3,字符:"4",ASCII编码:34,对应字:宽x高=8x16,画布:宽W=8 高H=16,共16字节*/
 184          0x00,0x00,0x04,0x0C,0x0C,0x14,0x24,0x24,0x44,0x7F,0x04,0x04,0x1F,0x00,0x00,0x00,
 185          
 186          /*-- ID:3,字符:"4",ASCII编码:34,对应字:宽x高=8x16,画布:宽W=8 高H=16,共16字节*/
 187          0x00,0x00,0x04,0x0C,0x0C,0x14,0x24,0x24,0x44,0x7F,0x04,0x04,0x1F,0x00,0x00,0x00,
 188          
 189          
 190          
 191          /*-- ID:43,字符:"*",ASCII编码:2A,对应字:宽x高=8x16,画布:宽W=8 高H=16,共16字节*/
 192          0x00,0x00,0x00,0x10,0x10,0xD6,0x38,0x38,0xD6,0x10,0x10,0x00,0x00,0x00,0x00,0x00,
 193          
 194          
 195          /*-- ID:1,字符:"1",ASCII编码:31,对应字:宽x高=8x16,画布:宽W=8 高H=16,共16字节*/
 196          0x00,0x00,0x08,0x38,0x08,0x08,0x08,0x08,0x08,0x08,0x08,0x08,0x3E,0x00,0x00,0x00,
 197          
 198          
 199          
 200          
 201          
 202          /*-- ID:0,字符:"0",ASCII编码:30,对应字:宽x高=8x16,画布:宽W=8 高H=16,共16字节*/
 203          0x00,0x00,0x18,0x24,0x42,0x42,0x42,0x42,0x42,0x42,0x42,0x24,0x18,0x00,0x00,0x00,
 204          
 205          
 206          
 207          /*-- ID:3,字符:"4",ASCII编码:34,对应字:宽x高=8x16,画布:宽W=8 高H=16,共16字节*/
 208          0x00,0x00,0x04,0x0C,0x0C,0x14,0x24,0x24,0x44,0x7F,0x04,0x04,0x1F,0x00,0x00,0x00,
 209          
 210          
 211          
 212          
 213          };
 214          
 215          
 216          unsigned char code BMP0[]={
 217          
 218          /*-[数据排列]:从左到右从上到下 [取模方式]:横向8点左高位 [正负反色]:否
 219          图像尺寸:240x128 画布尺寸:240x128，共3840个字节-*/
 220          0xFF,0xFF,0xFF,0xFF,0xFF,0xFF,0xFF,0xFF,0xFF,0xFF,0xFF,0xFF,0xFF,0xFF,0xFF,0xFF,
 221          0xFF,0xFF,0xFF,0xFF,0xFF,0xFF,0xFF,0xFF,0xFF,0xFF,0xFF,0xFF,0xFF,0xFF,0x80,0x00,
 222          0x00,0x00,0x00,0x00,0x00,0x00,0x00,0x00,0x00,0x00,0x00,0x00,0x00,0x00,0x00,0x00,
 223          0x00,0x00,0x00,0x00,0x00,0x00,0x00,0x00,0x00,0x00,0x00,0x01,0x80,0x00,0x00,0x00,
 224          0x00,0x00,0x00,0x00,0x00,0x00,0x00,0x00,0x00,0x00,0x00,0x00,0x00,0x00,0x00,0x00,
 225          0x00,0x00,0x00,0x00,0x00,0x00,0x00,0x00,0x00,0x01,0x80,0x00,0x00,0x00,0x00,0x00,
 226          0x00,0x00,0x00,0x00,0x00,0x00,0x00,0x00,0x00,0x00,0x00,0x00,0x00,0x00,0x00,0x00,
 227          0x00,0x00,0x00,0x00,0x00,0x00,0x00,0x01,0x80,0x00,0x00,0x00,0x00,0x00,0x00,0x00,
 228          0x00,0x00,0x00,0x00,0x00,0x00,0x00,0x00,0x00,0x00,0x00,0x00,0x00,0x00,0x00,0x00,
 229          0x00,0x00,0x00,0x00,0x00,0x01,0x80,0x00,0x00,0x00,0x00,0x00,0x00,0x00,0x00,0x00,
 230          0x00,0x00,0x00,0x00,0x00,0x00,0x00,0x00,0x00,0x00,0x00,0x00,0x00,0x00,0x00,0x00,
 231          0x00,0x00,0x00,0x01,0x80,0x00,0x00,0x00,0x00,0x00,0x00,0x00,0x00,0x00,0x00,0x00,
 232          0x00,0x00,0x00,0x00,0x00,0x00,0x00,0x00,0x00,0x00,0x00,0x00,0x00,0x00,0x00,0x00,
 233          0x00,0x01,0x80,0x00,0x00,0x00,0x00,0x00,0x00,0x00,0x00,0x00,0x00,0x00,0x00,0x00,
 234          0x00,0x00,0x00,0x00,0x00,0x00,0x00,0x00,0x00,0x00,0x00,0x00,0x00,0x00,0x00,0x01,
 235          0x80,0x00,0x00,0x00,0x00,0x00,0x00,0x00,0x00,0x00,0x00,0x00,0x00,0x00,0x00,0x00,
 236          0x00,0x00,0x00,0x00,0x00,0x00,0x00,0x00,0x00,0x00,0x00,0x00,0x00,0x01,0x80,0x00,
 237          0x00,0x00,0x00,0x00,0x00,0x00,0x00,0x00,0x00,0x00,0x00,0x00,0x00,0x00,0x00,0x00,
 238          0x00,0x00,0x00,0x00,0x00,0x00,0x00,0x00,0x00,0x00,0x00,0x01,0x80,0x00,0x00,0x00,
 239          0x00,0x00,0x00,0x00,0x00,0x00,0x00,0x00,0x00,0x00,0x00,0x00,0x00,0x00,0x00,0x00,
 240          0x00,0x00,0x00,0x00,0x00,0x00,0x00,0x00,0x00,0x01,0x80,0x00,0x00,0x00,0x00,0x00,
C51 COMPILER V9.60.7.0   PICTURE                                                           11/21/2024 16:55:08 PAGE 5   

 241          0x00,0x00,0x00,0x00,0x00,0x00,0x00,0x00,0x00,0x00,0x00,0x00,0x00,0x00,0x00,0x00,
 242          0x00,0x00,0x00,0x00,0x00,0x00,0x00,0x01,0x80,0x00,0x00,0x00,0x00,0x00,0x00,0x00,
 243          0x00,0x00,0x00,0x00,0x00,0x00,0x00,0x00,0x00,0x00,0x00,0x00,0x00,0x00,0x00,0x00,
 244          0x00,0x00,0x00,0x00,0x00,0x01,0x80,0x00,0x00,0x00,0x00,0x00,0x00,0x00,0x00,0x00,
 245          0x00,0x00,0x00,0x00,0x00,0x00,0x00,0x00,0x00,0x00,0x00,0x00,0x00,0x00,0x00,0x00,
 246          0x00,0x00,0x00,0x01,0x80,0x00,0x00,0x00,0x00,0x00,0x00,0x00,0x00,0x00,0x00,0x00,
 247          0x00,0x00,0x00,0x00,0x00,0x00,0x00,0x00,0x00,0x00,0x00,0x00,0x00,0x00,0x00,0x00,
 248          0x00,0x01,0x80,0x00,0x00,0x00,0x00,0x00,0x00,0x00,0x00,0x00,0x00,0x00,0x00,0x00,
 249          0x00,0x00,0x00,0x00,0x00,0x00,0x00,0x00,0x00,0x00,0x00,0x00,0x00,0x00,0x00,0x01,
 250          0x80,0x00,0x00,0x00,0x00,0x00,0x00,0x00,0x00,0x00,0x00,0x00,0x00,0x00,0x00,0x00,
 251          0x00,0x00,0x00,0x00,0x00,0x00,0x00,0x00,0x00,0x00,0x00,0x00,0x00,0x01,0x80,0x00,
 252          0x00,0x00,0x00,0x00,0x00,0x00,0x00,0x00,0x00,0x00,0x00,0x00,0x00,0x00,0x00,0x00,
 253          0x00,0x00,0x00,0x00,0x00,0x00,0x00,0x00,0x00,0x00,0x00,0x01,0x80,0x00,0x00,0x00,
 254          0x00,0x00,0x00,0x00,0x00,0x00,0x00,0x00,0x00,0x00,0x00,0x00,0x00,0x00,0x00,0x00,
 255          0x00,0x00,0x00,0x00,0x00,0x00,0x00,0x00,0x00,0x01,0x80,0x00,0x00,0x00,0x00,0x00,
 256          0x00,0x00,0x00,0x00,0x00,0x00,0x00,0x00,0x00,0x00,0x00,0x00,0x00,0x00,0x00,0x00,
 257          0x00,0x00,0x00,0x00,0x00,0x00,0x00,0x01,0x80,0x00,0x00,0x00,0x00,0x00,0x00,0x00,
 258          0x00,0x00,0x00,0x00,0x00,0x00,0x00,0x00,0x00,0x00,0x00,0x00,0x00,0x00,0x00,0x00,
 259          0x00,0x00,0x00,0x00,0x00,0x01,0x80,0x00,0x00,0x00,0x00,0x00,0x00,0x00,0x00,0x00,
 260          0x00,0x00,0x00,0x00,0x00,0x00,0x00,0x00,0x00,0x00,0x00,0x00,0x00,0x00,0x00,0x00,
 261          0x00,0x00,0x00,0x01,0x80,0x00,0x00,0x00,0x00,0x00,0x00,0x00,0x00,0x00,0x00,0x00,
 262          0x00,0x00,0x00,0x00,0x00,0x00,0x00,0x00,0x00,0x00,0x00,0x00,0x00,0x00,0x00,0x00,
 263          0x00,0x01,0x80,0x00,0x00,0x00,0x00,0x00,0x00,0x00,0x00,0x00,0x00,0x00,0x00,0x00,
 264          0x00,0x00,0x00,0x00,0x00,0x00,0x00,0x00,0x00,0x00,0x00,0x00,0x00,0x00,0x00,0x01,
 265          0x80,0x00,0x00,0x00,0x00,0x00,0x00,0x00,0x00,0x00,0x00,0x00,0x00,0x00,0x00,0x00,
 266          0x00,0x00,0x00,0x00,0x00,0x00,0x00,0x00,0x00,0x00,0x00,0x00,0x00,0x01,0x80,0x00,
 267          0x00,0x00,0x00,0x00,0x00,0x00,0x00,0x00,0x00,0x00,0x00,0x00,0x00,0x00,0x00,0x00,
 268          0x00,0x00,0x00,0x00,0x00,0x00,0x00,0x00,0x00,0x00,0x00,0x01,0x80,0x00,0x00,0x00,
 269          0x00,0x00,0x00,0x00,0x00,0x00,0x00,0x00,0x00,0x00,0x00,0x00,0x00,0x00,0x00,0x00,
 270          0x00,0x00,0x00,0x00,0x00,0x00,0x00,0x00,0x00,0x01,0x80,0x00,0x00,0x00,0x00,0x00,
 271          0x00,0x00,0x00,0x00,0x00,0x00,0x00,0x00,0x00,0x00,0x00,0x00,0x00,0x00,0x00,0x00,
 272          0x00,0x00,0x00,0x00,0x00,0x00,0x00,0x01,0x80,0x00,0x00,0x00,0x00,0x00,0x00,0x00,
 273          0x00,0x00,0x00,0x00,0x00,0x00,0x00,0x00,0x00,0x00,0x00,0x00,0x00,0x00,0x00,0x00,
 274          0x00,0x00,0x00,0x00,0x00,0x01,0x80,0x00,0x00,0x00,0x00,0x00,0x00,0x00,0x00,0x00,
 275          0x00,0x00,0x00,0x00,0x00,0x00,0x00,0x00,0x00,0x00,0x00,0x00,0x00,0x00,0x00,0x00,
 276          0x00,0x00,0x00,0x01,0x80,0x00,0x00,0x00,0x00,0x00,0x00,0x00,0x00,0x00,0x00,0x00,
 277          0x00,0x00,0x00,0x00,0x00,0x00,0x00,0x00,0x00,0x00,0x00,0x00,0x00,0x00,0x00,0x00,
 278          0x00,0x01,0x80,0x00,0x00,0x00,0x00,0x00,0x00,0x00,0x00,0x00,0x00,0x00,0x00,0x00,
 279          0x00,0x00,0x00,0x00,0x00,0x00,0x00,0x00,0x00,0x00,0x00,0x00,0x00,0x00,0x00,0x01,
 280          0x80,0x00,0x00,0x00,0x00,0x0C,0xFF,0xE0,0x00,0x00,0x00,0x00,0x00,0x00,0x00,0x00,
 281          0x00,0x00,0x00,0x00,0x00,0x00,0x00,0x00,0x00,0x00,0x00,0x00,0x00,0x01,0x80,0x00,
 282          0x00,0x00,0x00,0xFC,0xFF,0xE6,0x00,0x00,0x00,0x00,0x00,0x00,0x00,0x00,0x00,0x00,
 283          0x00,0x00,0x00,0x00,0x00,0x00,0x00,0x00,0x00,0x00,0x00,0x01,0x80,0x00,0x00,0x00,
 284          0x04,0xFC,0xFF,0xE7,0xC0,0x00,0x00,0x00,0x00,0x00,0x00,0x00,0x00,0x00,0x00,0x00,
 285          0x00,0x00,0x00,0x00,0x00,0x00,0x00,0x00,0x00,0x01,0x80,0x00,0x00,0x00,0x1C,0xE0,
 286          0x06,0x67,0xF0,0x00,0x00,0x00,0x00,0x00,0x00,0x00,0x00,0x00,0x00,0x00,0x00,0x00,
 287          0x00,0x00,0x00,0x00,0x00,0x00,0x00,0x01,0x80,0x00,0x00,0x00,0x7C,0xC0,0x06,0x67,
 288          0xFC,0x00,0x00,0x00,0x00,0x00,0x00,0x00,0x00,0x00,0x00,0x00,0x00,0x00,0x00,0x00,
 289          0x00,0x00,0x00,0x00,0x00,0x01,0x80,0x00,0x00,0x01,0xF8,0xC0,0xE6,0x66,0x3F,0x00,
 290          0x00,0x00,0x00,0x00,0x00,0x00,0x00,0x00,0x00,0x00,0x00,0x00,0x00,0x00,0x00,0x00,
 291          0x00,0x00,0x00,0x01,0x80,0x00,0x00,0x03,0xF8,0xC0,0xE6,0x66,0x0F,0x80,0x00,0x00,
 292          0x00,0x00,0x00,0x00,0x00,0x00,0x00,0x00,0x00,0x00,0x00,0x00,0x00,0x00,0x00,0x00,
 293          0x00,0x01,0x80,0x00,0x00,0x03,0x98,0xC0,0xE6,0x66,0x03,0xC0,0x00,0x00,0x00,0x00,
 294          0x00,0x00,0x00,0x00,0x00,0x00,0x00,0x00,0x00,0x00,0x00,0x00,0x00,0x00,0x00,0x01,
 295          0x80,0x00,0x00,0x13,0x18,0xC0,0xE6,0x66,0x00,0xF0,0x00,0x00,0x00,0x00,0x00,0x00,
 296          0x00,0x00,0x00,0x00,0x00,0x00,0x00,0x00,0x00,0x00,0x00,0x00,0x00,0x01,0x80,0x00,
 297          0x00,0x33,0x18,0xC0,0xE6,0x66,0x00,0x78,0x00,0x00,0x00,0x00,0x00,0x00,0x00,0x00,
 298          0x00,0x00,0x00,0x00,0x00,0x00,0x00,0x00,0x00,0x00,0x00,0x01,0x80,0x00,0x00,0x33,
 299          0x18,0xC8,0xE6,0x66,0x00,0x3C,0x00,0x00,0x00,0x00,0x00,0x00,0x00,0x00,0x00,0x00,
 300          0x00,0x00,0x00,0x00,0x00,0x00,0x00,0x00,0x00,0x01,0x80,0x00,0x00,0x33,0x18,0xFC,
 301          0xE6,0x66,0x30,0x1C,0x00,0x00,0x00,0x00,0x00,0x00,0x00,0x00,0x00,0x00,0x00,0x00,
 302          0x00,0x00,0x00,0x00,0x00,0x00,0x00,0x01,0x80,0x00,0x00,0x33,0x18,0xFC,0xE6,0x66,
C51 COMPILER V9.60.7.0   PICTURE                                                           11/21/2024 16:55:08 PAGE 6   

 303          0x30,0x0E,0x00,0x00,0x00,0x00,0x00,0x00,0x00,0x00,0x00,0x00,0x00,0x00,0x00,0x00,
 304          0x00,0x00,0x00,0x00,0x00,0x01,0x80,0x00,0x01,0x33,0x18,0xF0,0xE6,0x06,0x30,0x07,
 305          0x00,0x00,0x00,0x00,0x00,0x00,0x00,0x00,0x00,0x00,0x00,0x00,0x00,0x00,0x00,0x00,
 306          0x00,0x00,0x00,0x01,0x80,0x00,0x03,0x33,0x18,0xC0,0x06,0x00,0x30,0x1F,0x80,0x00,
 307          0x00,0x00,0x00,0x00,0x00,0x00,0x00,0x00,0x00,0x00,0x00,0x00,0x00,0x00,0x00,0x00,
 308          0x00,0x01,0x80,0x00,0x03,0x33,0x18,0xC0,0x06,0x00,0x30,0x1F,0x80,0x00,0x00,0x00,
 309          0x00,0x00,0x00,0x00,0x00,0x00,0x00,0x00,0x00,0x00,0x00,0x00,0x00,0x00,0x00,0x01,
 310          0x80,0x00,0x07,0x33,0x18,0xC0,0x06,0x00,0x30,0x1F,0xC0,0x00,0x00,0x00,0x00,0x00,
 311          0x00,0x00,0x00,0x00,0x00,0x00,0x00,0x00,0x00,0x00,0x00,0x00,0x00,0x01,0x80,0x00,
 312          0x06,0x33,0x18,0xC0,0x06,0x00,0x30,0x00,0x00,0x00,0x00,0x00,0x00,0x00,0x00,0x00,
 313          0x00,0x00,0x00,0x00,0x00,0x00,0x00,0x00,0x00,0x00,0x00,0x01,0x80,0x00,0x0E,0x33,
 314          0x18,0xC0,0x06,0x00,0x30,0x00,0x00,0x00,0x00,0x00,0x00,0x00,0x00,0x00,0x00,0x00,
 315          0x00,0x00,0x00,0x00,0x00,0x00,0x00,0x00,0x00,0x01,0x80,0x00,0x0E,0x33,0x00,0xFC,
 316          0xFF,0xE3,0xFF,0xFF,0xE0,0x00,0x00,0x00,0x00,0x00,0x00,0x00,0x00,0x00,0x00,0x00,
 317          0x00,0x00,0x00,0x00,0x00,0x00,0x00,0x01,0x80,0x00,0x0C,0x33,0x00,0xFC,0xFF,0xE3,
 318          0xFF,0xFF,0xE0,0x00,0x00,0x00,0x00,0x00,0x00,0x00,0x00,0x00,0x00,0x00,0x00,0x00,
 319          0x00,0x00,0x00,0x00,0x00,0x01,0x80,0x00,0x0C,0x30,0x00,0x7C,0xFF,0xE3,0xFF,0xFF,
 320          0xE0,0x00,0x00,0x00,0x00,0x00,0x00,0x00,0x00,0x00,0x00,0x00,0x00,0x00,0x00,0x00,
 321          0x00,0x00,0x00,0x01,0x80,0x00,0x0C,0x30,0x00,0x00,0x3B,0x80,0x30,0x00,0x60,0x00,
 322          0x00,0x00,0x00,0x00,0x00,0x00,0x00,0x00,0x00,0x00,0x00,0x00,0x00,0x00,0x00,0x00,
 323          0x00,0x01,0x80,0x00,0x1C,0x30,0x07,0x00,0x3B,0x80,0x30,0x00,0x60,0x00,0x00,0x00,
 324          0x00,0x00,0x00,0x00,0x00,0x00,0x00,0x00,0x00,0x00,0x00,0x00,0x00,0x00,0x00,0x01,
 325          0x80,0x00,0x1C,0x30,0x03,0x00,0x3B,0x80,0x30,0xC0,0x60,0x00,0x00,0x00,0x00,0x00,
 326          0x00,0x00,0x00,0x00,0x00,0x00,0x00,0x00,0x00,0x00,0x00,0x00,0x00,0x01,0x80,0x00,
 327          0x1C,0x3F,0x7F,0xFC,0x3B,0x80,0x30,0xC0,0x70,0x00,0x00,0x00,0x00,0x00,0x00,0x00,
 328          0x00,0x00,0x00,0x00,0x00,0x00,0x00,0x00,0x00,0x00,0x00,0x01,0x80,0x00,0x1C,0x3F,
 329          0x7F,0xFC,0x3B,0x80,0x30,0xC0,0x60,0x00,0x00,0x00,0x00,0x00,0x00,0x00,0x00,0x00,
 330          0x00,0x00,0x00,0x00,0x00,0x00,0x00,0x00,0x00,0x01,0x80,0x00,0x1C,0x3F,0x7F,0xFC,
 331          0x3B,0x80,0x30,0xC0,0x60,0x00,0x00,0x00,0x00,0x00,0x00,0x00,0x00,0x00,0x00,0x00,
 332          0x00,0x00,0x00,0x00,0x00,0x00,0x00,0x01,0x80,0x00,0x0C,0x33,0x07,0x00,0x3B,0x80,
 333          0x3F,0xFF,0xE0,0x00,0x00,0x00,0x00,0x00,0x00,0x00,0x00,0x00,0x00,0x00,0x00,0x00,
 334          0x00,0x00,0x00,0x00,0x00,0x01,0x80,0x00,0x0C,0x33,0x07,0x00,0x3B,0x80,0x3F,0xFF,
 335          0xE0,0x00,0x00,0x00,0x00,0x00,0x00,0x00,0x00,0x00,0x00,0x00,0x00,0x00,0x00,0x00,
 336          0x00,0x00,0x00,0x01,0x80,0x00,0x08,0x33,0x07,0x00,0x3B,0x80,0x21,0xC0,0xE0,0x00,
 337          0x00,0x00,0x00,0x00,0x00,0x00,0x00,0x00,0x00,0x00,0x00,0x00,0x00,0x00,0x00,0x00,
 338          0x00,0x01,0x80,0x00,0x02,0x33,0x07,0x00,0x3B,0x80,0x00,0xC0,0xE0,0x00,0x00,0x00,
 339          0x00,0x00,0x00,0x00,0x00,0x00,0x00,0x00,0x00,0x00,0x00,0x00,0x00,0x00,0x00,0x01,
 340          0x80,0x00,0x06,0x33,0x07,0x00,0x3B,0x80,0x00,0xC0,0xC0,0x00,0x00,0x00,0x00,0x00,
 341          0x00,0x00,0x00,0x00,0x00,0x00,0x00,0x00,0x00,0x00,0x00,0x00,0x00,0x01,0x80,0x00,
 342          0x07,0x33,0x07,0x00,0x3B,0x80,0x00,0xC1,0xC0,0x00,0x00,0x00,0x00,0x00,0x00,0x00,
 343          0x00,0x00,0x00,0x00,0x00,0x00,0x00,0x00,0x00,0x00,0x00,0x01,0x80,0x00,0x03,0x33,
 344          0x07,0x00,0x3B,0x83,0xFF,0xFF,0x80,0x00,0x00,0x00,0x00,0x00,0x00,0x00,0x00,0x00,
 345          0x00,0x00,0x00,0x00,0x00,0x00,0x00,0x00,0x00,0x01,0x80,0x00,0x03,0xB3,0x07,0x00,
 346          0x3B,0x83,0xFF,0xFF,0x80,0x00,0x00,0x00,0x00,0x00,0x00,0x00,0x00,0x00,0x00,0x00,
 347          0x00,0x00,0x00,0x00,0x00,0x00,0x00,0x01,0x80,0x00,0x01,0xF3,0x07,0x00,0x3B,0x83,
 348          0xFF,0xFF,0x00,0x00,0x00,0x00,0x00,0x00,0x00,0x00,0x00,0x00,0x00,0x00,0x00,0x00,
 349          0x00,0x00,0x00,0x00,0x00,0x01,0x80,0x00,0x01,0xF3,0x07,0x00,0x3B,0x80,0x00,0xC7,
 350          0x00,0x00,0x00,0x00,0x00,0x00,0x00,0x00,0x00,0x00,0x00,0x00,0x00,0x00,0x00,0x00,
 351          0x00,0x00,0x00,0x01,0x80,0x00,0x00,0xF3,0x07,0x00,0x3B,0x80,0x00,0xCE,0x00,0x00,
 352          0x00,0x00,0x00,0x00,0x00,0x00,0x00,0x00,0x00,0x00,0x00,0x00,0x00,0x00,0x00,0x00,
 353          0x00,0x01,0x80,0x00,0x00,0x73,0x07,0x00,0x3B,0x80,0x00,0xDC,0x00,0x00,0x00,0x00,
 354          0x00,0x00,0x00,0x00,0x00,0x00,0x00,0x00,0x00,0x00,0x00,0x00,0x00,0x00,0x00,0x01,
 355          0x80,0x00,0x00,0x33,0x07,0x00,0x3B,0x80,0x00,0xF8,0x00,0x00,0x00,0x00,0x00,0x00,
 356          0x00,0x00,0x00,0x00,0x00,0x00,0x00,0x00,0x00,0x00,0x00,0x00,0x00,0x01,0x80,0x00,
 357          0x00,0x13,0x07,0x00,0x3B,0x80,0x00,0xF0,0x00,0x00,0x00,0x00,0x00,0x00,0x00,0x00,
 358          0x00,0x00,0x00,0x00,0x00,0x00,0x00,0x00,0x00,0x00,0x00,0x01,0x80,0x00,0x00,0x03,
 359          0x07,0x00,0x3B,0x80,0x00,0xE0,0x00,0x00,0x00,0x00,0x00,0x00,0x00,0x00,0x00,0x00,
 360          0x00,0x00,0x00,0x00,0x00,0x00,0x00,0x00,0x00,0x01,0x80,0x00,0x00,0x03,0xC7,0x00,
 361          0x3B,0x80,0x04,0xC0,0x00,0x00,0x00,0x00,0x00,0x00,0x00,0x00,0x00,0x00,0x00,0x00,
 362          0x00,0x00,0x00,0x00,0x00,0x00,0x00,0x01,0x80,0x00,0x00,0x01,0xF3,0x00,0x3B,0x80,
 363          0x1C,0x00,0x00,0x00,0x00,0x00,0x00,0x00,0x00,0x00,0x00,0x00,0x00,0x00,0x00,0x00,
 364          0x00,0x00,0x00,0x00,0x00,0x01,0x80,0x00,0x00,0x00,0xFF,0x00,0x73,0x80,0x7C,0x00,
C51 COMPILER V9.60.7.0   PICTURE                                                           11/21/2024 16:55:08 PAGE 7   

 365          0x00,0x00,0x00,0x00,0x00,0x00,0x00,0x00,0x00,0x00,0x00,0x00,0x00,0x00,0x00,0x00,
 366          0x00,0x00,0x00,0x01,0x80,0x00,0x00,0x00,0x3F,0x80,0xE3,0x87,0xF8,0x00,0x00,0x00,
 367          0x00,0x00,0x00,0x00,0x00,0x00,0x00,0x00,0x00,0x00,0x00,0x00,0x00,0x00,0x00,0x00,
 368          0x00,0x01,0x80,0x00,0x00,0x00,0x0F,0xFC,0xE3,0xFF,0xE0,0x00,0x00,0x00,0x00,0x00,
 369          0x00,0x00,0x00,0x00,0x00,0x00,0x00,0x00,0x00,0x00,0x00,0x00,0x00,0x00,0x00,0x01,
 370          0x80,0x00,0x00,0x00,0x01,0xFC,0xFF,0xFF,0x00,0x00,0x00,0x00,0x00,0x00,0x00,0x00,
 371          0x00,0x00,0x00,0x00,0x00,0x00,0x00,0x00,0x00,0x00,0x00,0x00,0x00,0x01,0x80,0x00,
 372          0x00,0x00,0x00,0x3C,0xFF,0xF0,0x00,0x00,0x00,0x00,0x00,0x00,0x00,0x00,0x00,0x00,
 373          0x00,0x00,0x00,0x00,0x00,0x00,0x00,0x00,0x00,0x00,0x00,0x01,0x80,0x00,0x00,0x00,
 374          0x00,0x00,0x10,0x00,0x00,0x00,0x00,0x00,0x00,0x00,0x00,0x00,0x00,0x00,0x00,0x00,
 375          0x00,0x00,0x00,0x00,0x00,0x00,0x00,0x00,0x00,0x01,0x80,0x00,0x00,0x00,0x00,0x00,
 376          0x00,0x00,0x00,0x00,0x00,0x00,0x00,0x00,0x00,0x00,0x00,0x00,0x00,0x00,0x00,0x00,
 377          0x00,0x00,0x00,0x00,0x00,0x00,0x00,0x01,0x80,0x00,0x00,0x00,0x00,0x00,0x00,0x00,
 378          0x00,0x00,0x00,0x00,0x00,0x00,0x00,0x00,0x00,0x00,0x00,0x00,0x00,0x00,0x00,0x00,
 379          0x00,0x00,0x00,0x00,0x00,0x01,0x80,0x00,0x00,0x00,0x00,0x00,0x00,0x00,0x00,0x00,
 380          0x00,0x00,0x00,0x00,0x00,0x00,0x00,0x00,0x00,0x00,0x00,0x00,0x00,0x00,0x00,0x00,
 381          0x00,0x00,0x00,0x01,0x80,0x00,0x00,0x00,0x00,0x00,0x00,0x00,0x00,0x00,0x00,0x00,
 382          0x00,0x00,0x00,0x00,0x00,0x00,0x00,0x00,0x00,0x00,0x00,0x00,0x00,0x00,0x00,0x00,
 383          0x00,0x01,0x80,0x00,0x00,0x00,0x00,0x00,0x00,0x00,0x00,0x00,0x00,0x00,0x00,0x00,
 384          0x00,0x00,0x00,0x00,0x00,0x00,0x00,0x00,0x00,0x00,0x00,0x00,0x00,0x00,0x00,0x01,
 385          0x80,0x00,0x3F,0x9F,0xE0,0x0C,0x67,0xF9,0x83,0x30,0xCC,0x00,0x00,0x00,0x00,0x00,
 386          0x00,0x00,0x00,0x00,0x00,0x00,0x00,0x00,0x00,0x00,0x00,0x00,0x00,0x01,0x80,0x00,
 387          0x7F,0x9F,0xF0,0x0C,0x67,0xF9,0x83,0x30,0xCC,0x00,0x00,0x00,0x00,0x00,0x00,0x00,
 388          0x00,0x00,0x00,0x00,0x00,0x00,0x00,0x00,0x00,0x00,0x00,0x01,0x80,0x00,0x60,0x00,
 389          0x30,0x06,0xC0,0x01,0x83,0x30,0xC0,0x00,0x00,0x00,0x00,0x00,0x00,0x00,0x00,0x00,
 390          0x00,0x00,0x00,0x00,0x00,0x00,0x00,0x00,0x00,0x01,0x80,0x00,0x60,0x00,0x30,0x07,
 391          0xC0,0x01,0x83,0x30,0xC0,0x00,0x00,0x00,0x00,0x00,0x00,0x00,0x00,0x00,0x00,0x00,
 392          0x00,0x00,0x00,0x00,0x00,0x00,0x00,0x01,0x80,0x00,0x63,0x98,0x33,0xE3,0x87,0xF9,
 393          0xFF,0x30,0xCC,0x00,0x00,0x00,0x00,0x00,0x00,0x00,0x00,0x00,0x00,0x00,0x00,0x00,
 394          0x00,0x00,0x00,0x00,0x00,0x01,0x80,0x00,0x63,0x98,0x33,0xE3,0x87,0xF9,0xFF,0x30,
 395          0xCC,0x00,0x00,0x00,0x00,0x00,0x00,0x00,0x00,0x00,0x00,0x00,0x00,0x00,0x00,0x00,
 396          0x00,0x00,0x00,0x01,0x80,0x00,0x61,0x98,0x30,0x01,0x06,0x01,0x83,0x20,0xCC,0x00,
 397          0x00,0x00,0x00,0x00,0x00,0x00,0x00,0x00,0x00,0x00,0x00,0x00,0x00,0x00,0x00,0x00,
 398          0x00,0x01,0x80,0x00,0x61,0x98,0x30,0x01,0x06,0x01,0x83,0x30,0xCC,0x00,0x00,0x00,
 399          0x00,0x00,0x00,0x00,0x00,0x00,0x00,0x00,0x00,0x00,0x00,0x00,0x00,0x00,0x00,0x01,
 400          0x80,0x00,0x7F,0x9F,0xF0,0x01,0x07,0xF9,0x83,0x3F,0xCC,0x00,0x00,0x00,0x00,0x00,
 401          0x00,0x00,0x00,0x00,0x00,0x00,0x00,0x00,0x00,0x00,0x00,0x00,0x00,0x01,0x80,0x00,
 402          0x3F,0x9F,0xE0,0x01,0x07,0xF9,0x83,0x1F,0xCC,0x00,0x00,0x00,0x00,0x00,0x00,0x00,
 403          0x00,0x00,0x00,0x00,0x00,0x00,0x00,0x00,0x00,0x00,0x00,0x01,0x80,0x00,0x00,0x00,
 404          0x00,0x00,0x00,0x00,0x00,0x00,0x00,0x00,0x00,0x00,0x00,0x00,0x00,0x00,0x00,0x00,
 405          0x00,0x00,0x00,0x00,0x00,0x00,0x00,0x00,0x00,0x01,0x80,0x00,0x00,0x00,0x00,0x00,
 406          0x00,0x00,0x00,0x00,0x00,0x00,0x00,0x00,0x00,0x00,0x00,0x00,0x00,0x00,0x00,0x00,
 407          0x00,0x00,0x00,0x00,0x00,0x00,0x00,0x01,0x80,0x00,0x00,0x00,0x00,0x00,0x00,0x00,
 408          0x00,0x00,0x00,0x00,0x00,0x00,0x00,0x00,0x00,0x00,0x00,0x00,0x00,0x00,0x00,0x00,
 409          0x00,0x00,0x00,0x00,0x00,0x01,0x80,0x00,0x00,0x00,0x00,0x00,0x00,0x00,0x00,0x00,
 410          0x00,0x00,0x00,0x00,0x00,0x00,0x00,0x00,0x00,0x00,0x00,0x00,0x00,0x00,0x00,0x00,
 411          0x00,0x00,0x00,0x01,0x80,0x00,0x00,0x00,0x00,0x00,0x00,0x00,0x00,0x00,0x00,0x00,
 412          0x00,0x00,0x00,0x00,0x00,0x00,0x00,0x00,0x00,0x00,0x00,0x00,0x00,0x00,0x00,0x00,
 413          0x00,0x01,0x80,0x00,0x00,0x00,0x00,0x00,0x00,0x00,0x00,0x00,0x00,0x00,0x00,0x00,
 414          0x00,0x00,0x00,0x00,0x00,0x00,0x00,0x00,0x00,0x00,0x00,0x00,0x00,0x00,0x00,0x01,
 415          0x80,0x00,0x00,0x00,0x00,0x00,0x00,0x00,0x00,0x00,0x00,0x00,0x00,0x00,0x00,0x00,
 416          0x00,0x00,0x00,0x00,0x00,0x00,0x00,0x00,0x00,0x00,0x00,0x00,0x00,0x01,0x80,0x00,
 417          0x00,0x00,0x00,0x00,0x00,0x00,0x00,0x00,0x00,0x00,0x00,0x00,0x00,0x00,0x00,0x00,
 418          0x00,0x00,0x00,0x00,0x00,0x00,0x00,0x00,0x00,0x00,0x00,0x01,0x80,0x00,0x00,0x00,
 419          0x00,0x00,0x00,0x00,0x00,0x00,0x00,0x00,0x00,0x00,0x00,0x00,0x00,0x00,0x00,0x00,
 420          0x00,0x00,0x00,0x00,0x00,0x00,0x00,0x00,0x00,0x01,0x80,0x00,0x00,0x00,0x00,0x00,
 421          0x00,0x00,0x00,0x00,0x00,0x00,0x00,0x00,0x00,0x00,0x00,0x00,0x00,0x00,0x00,0x00,
 422          0x00,0x00,0x00,0x00,0x00,0x00,0x00,0x01,0x80,0x00,0x00,0x00,0x00,0x00,0x00,0x00,
 423          0x00,0x00,0x00,0x00,0x00,0x00,0x00,0x00,0x00,0x00,0x00,0x00,0x00,0x00,0x00,0x00,
 424          0x00,0x00,0x00,0x00,0x00,0x01,0x80,0x00,0x00,0x00,0x00,0x00,0x00,0x00,0x00,0x00,
 425          0x00,0x00,0x00,0x00,0x00,0x00,0x00,0x00,0x00,0x00,0x00,0x00,0x00,0x00,0x00,0x00,
 426          0x00,0x00,0x00,0x01,0x80,0x00,0x00,0x00,0x00,0x00,0x00,0x00,0x00,0x00,0x00,0x00,
C51 COMPILER V9.60.7.0   PICTURE                                                           11/21/2024 16:55:08 PAGE 8   

 427          0x00,0x00,0x00,0x00,0x00,0x00,0x00,0x00,0x00,0x00,0x00,0x00,0x00,0x00,0x00,0x00,
 428          0x00,0x01,0x80,0x00,0x00,0x00,0x00,0x00,0x00,0x00,0x00,0x00,0x00,0x00,0x00,0x00,
 429          0x00,0x00,0x00,0x00,0x00,0x00,0x00,0x00,0x00,0x00,0x00,0x00,0x00,0x00,0x00,0x01,
 430          0x80,0x00,0x00,0x00,0x00,0x00,0x00,0x00,0x00,0x00,0x00,0x00,0x00,0x00,0x00,0x00,
 431          0x00,0x00,0x00,0x00,0x00,0x00,0x00,0x00,0x00,0x00,0x00,0x00,0x00,0x01,0x80,0x00,
 432          0x00,0x00,0x00,0x00,0x00,0x00,0x00,0x00,0x00,0x00,0x00,0x00,0x00,0x00,0x00,0x00,
 433          0x00,0x00,0x00,0x00,0x00,0x00,0x00,0x00,0x00,0x00,0x00,0x01,0x80,0x00,0x00,0x00,
 434          0x00,0x00,0x00,0x00,0x00,0x00,0x00,0x00,0x00,0x00,0x00,0x00,0x00,0x00,0x00,0x00,
 435          0x00,0x00,0x00,0x00,0x00,0x00,0x00,0x00,0x00,0x01,0x80,0x00,0x00,0x00,0x00,0x00,
 436          0x00,0x00,0x00,0x00,0x00,0x00,0x00,0x00,0x00,0x00,0x00,0x00,0x00,0x00,0x00,0x00,
 437          0x00,0x00,0x00,0x00,0x00,0x00,0x00,0x01,0x80,0x00,0x00,0x00,0x00,0x00,0x00,0x00,
 438          0x00,0x00,0x00,0x00,0x00,0x00,0x00,0x00,0x00,0x00,0x00,0x00,0x00,0x00,0x00,0x00,
 439          0x00,0x00,0x00,0x00,0x00,0x01,0x80,0x00,0x00,0x00,0x00,0x00,0x00,0x00,0x00,0x00,
 440          0x00,0x00,0x00,0x00,0x00,0x00,0x00,0x00,0x00,0x00,0x00,0x00,0x00,0x00,0x00,0x00,
 441          0x00,0x00,0x00,0x01,0x80,0x00,0x00,0x00,0x00,0x00,0x00,0x00,0x00,0x00,0x00,0x00,
 442          0x00,0x00,0x00,0x00,0x00,0x00,0x00,0x00,0x00,0x00,0x00,0x00,0x00,0x00,0x00,0x00,
 443          0x00,0x01,0x80,0x00,0x00,0x00,0x00,0x00,0x00,0x00,0x00,0x00,0x00,0x00,0x00,0x00,
 444          0x00,0x00,0x00,0x00,0x00,0x00,0x00,0x00,0x00,0x00,0x00,0x00,0x00,0x00,0x00,0x01,
 445          0x80,0x00,0x00,0x00,0x00,0x00,0x00,0x00,0x00,0x00,0x00,0x00,0x00,0x00,0x00,0x00,
 446          0x00,0x00,0x00,0x00,0x00,0x00,0x00,0x00,0x00,0x00,0x00,0x00,0x00,0x01,0x80,0x00,
 447          0x00,0x00,0x00,0x00,0x00,0x00,0x00,0x00,0x00,0x00,0x00,0x00,0x00,0x00,0x00,0x00,
 448          0x00,0x00,0x00,0x00,0x00,0x00,0x00,0x00,0x00,0x00,0x00,0x01,0x80,0x00,0x00,0x00,
 449          0x00,0x00,0x00,0x00,0x00,0x00,0x00,0x00,0x00,0x00,0x00,0x00,0x00,0x00,0x00,0x00,
 450          0x00,0x00,0x00,0x00,0x00,0x00,0x00,0x00,0x00,0x01,0x80,0x00,0x00,0x00,0x00,0x00,
 451          0x00,0x00,0x00,0x00,0x00,0x00,0x00,0x00,0x00,0x00,0x00,0x00,0x00,0x00,0x00,0x00,
 452          0x00,0x00,0x00,0x00,0x00,0x00,0x00,0x01,0x80,0x00,0x00,0x00,0x00,0x00,0x00,0x00,
 453          0x00,0x00,0x00,0x00,0x00,0x00,0x00,0x00,0x00,0x00,0x00,0x00,0x00,0x00,0x00,0x00,
 454          0x00,0x00,0x00,0x00,0x00,0x01,0x80,0x00,0x00,0x00,0x00,0x00,0x00,0x00,0x00,0x00,
 455          0x00,0x00,0x00,0x00,0x00,0x00,0x00,0x00,0x00,0x00,0x00,0x00,0x00,0x00,0x00,0x00,
 456          0x00,0x00,0x00,0x01,0x80,0x00,0x00,0x00,0x00,0x00,0x00,0x00,0x00,0x00,0x00,0x00,
 457          0x00,0x00,0x00,0x00,0x00,0x00,0x00,0x00,0x00,0x00,0x00,0x00,0x00,0x00,0x00,0x00,
 458          0x00,0x01,0xFF,0xFF,0xFF,0xFF,0xFF,0xFF,0xFF,0xFF,0xFF,0xFF,0xFF,0xFF,0xFF,0xFF,
 459          0xFF,0xFF,0xFF,0xFF,0xFF,0xFF,0xFF,0xFF,0xFF,0xFF,0xFF,0xFF,0xFF,0xFF,0xFF,0xFF
 460          };
 461           
 462          unsigned char code BMP1[]={ 
 463          /*--  调入了一幅图像：d:\My Documents\My Pictures\240128.bmp  --*/
 464          /*--  宽度x高度=240x128  --*/
 465          0x00,0x00,0x00,0x00,0x00,0x00,0x00,0x00,0x00,0x00,0x00,0x00,0x00,0x00,0x00,0x00,
 466          0x00,0x00,0x00,0x00,0x00,0x00,0x00,0x00,0x00,0x00,0x00,0x00,0x00,0x00,0x00,0x00,
 467          0x00,0x00,0x00,0x00,0x00,0x00,0x00,0x00,0x00,0x00,0x00,0x00,0x00,0x00,0x00,0x00,
 468          0x00,0x00,0x00,0x00,0x00,0x00,0x00,0x00,0x00,0x00,0x00,0x00,0x00,0x3F,0xff,0xFF,
 469          0xFF,0xFF,0xFE,0x00,0x00,0x00,0x00,0x00,0x00,0x00,0x00,0x00,0x00,0x00,0x00,0x00,
 470          0x00,0x00,0x00,0xFF,0xFF,0xFF,0xFF,0xFF,0xFE,0x00,0x00,0xC0,0x00,0x00,0x00,0x00,
 471          0x01,0x80,0x00,0x00,0x00,0x00,0x00,0x00,0x00,0x00,0x00,0x00,0x00,0x00,0x00,0x00,
 472          0x03,0x00,0x00,0x00,0x00,0x00,0x01,0x80,0x01,0x00,0x00,0x00,0x00,0x00,0x00,0x40,
 473          0x00,0x00,0x00,0x00,0x00,0x00,0x00,0x00,0x00,0x00,0x00,0x00,0x00,0x00,0x04,0x00,
 474          0x00,0x00,0x00,0x00,0x00,0x40,0x02,0x00,0x00,0x00,0x00,0x00,0x00,0x20,0x00,0x00,
 475          0x00,0x00,0x00,0x00,0x00,0x00,0x00,0x00,0x00,0x00,0x00,0x00,0x08,0x00,0x00,0x00,
 476          0x00,0x00,0x00,0x20,0x04,0x00,0x00,0x00,0x00,0x00,0x00,0x10,0x00,0x00,0x00,0x00,
 477          0x00,0x00,0x00,0x00,0x00,0x00,0x00,0x00,0x00,0x00,0x10,0x00,0x00,0x00,0x00,0x00,
 478          0x00,0x10,0x04,0x00,0x00,0x00,0x00,0x00,0x00,0x10,0x00,0x7F,0xFF,0xFF,0xFF,0xFF,
 479          0xFF,0xFF,0xFF,0xFF,0xFF,0xFF,0xFE,0x00,0x10,0x00,0x00,0x00,0x00,0x00,0x00,0x10,
 480          0x08,0x00,0x00,0x00,0x00,0x00,0x00,0x08,0x01,0x80,0x00,0x00,0x00,0x00,0x00,0x00,
 481          0x00,0x00,0x00,0x00,0x01,0x80,0x20,0x00,0x00,0x00,0x00,0x00,0x00,0x08,0x08,0x00,
 482          0x00,0x00,0x00,0x00,0x00,0x08,0x02,0x00,0x00,0x00,0x00,0x00,0x00,0x00,0x00,0x00,
 483          0x00,0x00,0x00,0x40,0x20,0x00,0x00,0x00,0x00,0x00,0x00,0x08,0x08,0x00,0x00,0x00,
 484          0x00,0x00,0x00,0x08,0x04,0x00,0x00,0x00,0x00,0x00,0x00,0x00,0x00,0x00,0x00,0x00,
 485          0x00,0x20,0x20,0x00,0x00,0x00,0x00,0x00,0x00,0x08,0x08,0x00,0x00,0x00,0x00,0x00,
 486          0x00,0x08,0x08,0x00,0x00,0x00,0x00,0x00,0x00,0x00,0x00,0x00,0x00,0x00,0x00,0x10,
 487          0x20,0x00,0x00,0x00,0x00,0x00,0x00,0x08,0x08,0x00,0x84,0x01,0x00,0x80,0x40,0x08,
 488          0x08,0x00,0x00,0x00,0x12,0x00,0x40,0x00,0x20,0x80,0x00,0x00,0x00,0x10,0x22,0x08,
C51 COMPILER V9.60.7.0   PICTURE                                                           11/21/2024 16:55:08 PAGE 9   

 489          0x04,0x00,0x40,0x02,0x10,0x08,0x08,0x00,0x48,0x01,0x00,0x5F,0xE0,0x08,0x10,0x00,
 490          0x00,0x00,0x12,0x00,0x20,0x00,0x20,0x5F,0x80,0x00,0x00,0x08,0x21,0x7F,0x84,0x00,
 491          0x4F,0xE2,0x14,0x08,0x08,0x00,0x10,0x1F,0xF0,0x11,0x00,0x08,0x10,0x00,0x00,0x00,
 492          0x12,0x0F,0xFF,0x3C,0x21,0x00,0x80,0x00,0x00,0x08,0x20,0x08,0x07,0xF8,0x41,0x02,
 493          0x12,0x08,0x08,0x01,0xFE,0x11,0x11,0x17,0xC0,0x08,0x10,0x00,0x00,0x00,0x12,0x40,
 494          0x00,0x25,0xF9,0x3C,0x80,0x00,0x00,0x08,0x20,0x3F,0x09,0x49,0xF1,0x0F,0x90,0x08,
 495          0x08,0x01,0x02,0x11,0x10,0x94,0x40,0x08,0x10,0x00,0x00,0x01,0xF2,0x81,0xFC,0x24,
 496          0x21,0x24,0x80,0x00,0x00,0x08,0x27,0x08,0x11,0x48,0x41,0x02,0x7F,0x08,0x08,0x01,
 497          0x02,0x1F,0xF0,0x17,0xC0,0x08,0x10,0x00,0x00,0x00,0x13,0x01,0x04,0x3D,0x21,0x24,
 498          0x80,0x00,0x00,0x08,0x21,0x7F,0xA2,0x48,0x51,0x03,0x10,0x08,0x08,0x01,0xFE,0x11,
 499          0x10,0x54,0x40,0x08,0x10,0x00,0x00,0x00,0x12,0x01,0x04,0x24,0xA1,0x3C,0x80,0x00,
 500          0x00,0x08,0x21,0x21,0x04,0x48,0x61,0x06,0x10,0x08,0x08,0x00,0x00,0x11,0x10,0x97,
 501          0xC0,0x08,0x10,0x00,0x00,0x00,0x12,0x01,0xFC,0x24,0x21,0x24,0x80,0x00,0x00,0x08,
 502          0x21,0x3F,0x08,0x89,0xC1,0x0A,0x28,0x08,0x08,0x02,0xA2,0x1F,0xF1,0x91,0x00,0x08,
 503          0x10,0x00,0x00,0x00,0x32,0x01,0x28,0x24,0x21,0x3C,0x80,0x00,0x00,0x08,0x21,0x21,
 504          0x11,0x08,0x41,0x02,0x28,0x08,0x08,0x02,0x95,0x01,0x04,0x95,0x40,0x08,0x10,0x00,
 505          0x00,0x00,0x52,0x22,0x24,0x3C,0x21,0x24,0x80,0x00,0x00,0x08,0x21,0xBF,0x02,0x08,
 506          0x41,0x02,0x49,0x08,0x08,0x04,0x84,0x81,0x04,0xA9,0x20,0x08,0x10,0x00,0x00,0x01,
 507          0x92,0x24,0x22,0x20,0x21,0x00,0x80,0x00,0x00,0x08,0x21,0x21,0x0C,0x90,0x41,0x02,
 508          0x89,0x08,0x08,0x00,0x7C,0x00,0xFC,0xC3,0x00,0x08,0x10,0x00,0x00,0x00,0x11,0xE0,
 509          0x60,0x00,0x61,0x01,0x80,0x00,0x00,0x08,0x20,0x23,0x00,0x60,0xC3,0x07,0x07,0x08,
 510          0x08,0x00,0x00,0x00,0x00,0x00,0x00,0x08,0x10,0x00,0x00,0x00,0x00,0x00,0x00,0x00,
 511          0x00,0x00,0x00,0x00,0x00,0x08,0x20,0x00,0x00,0x00,0x00,0x00,0x00,0x08,0x08,0x00,
 512          0x00,0x00,0x00,0x00,0x00,0x08,0x10,0x00,0x00,0x00,0x00,0x00,0x00,0x00,0x00,0x00,
 513          0x00,0x00,0x00,0x08,0x20,0x00,0x00,0x00,0x00,0x00,0x00,0x08,0x08,0x00,0x00,0x00,
 514          0x00,0x00,0x00,0x08,0x10,0x00,0x00,0x00,0x00,0x00,0x00,0x00,0x00,0x00,0x00,0x00,
 515          0x00,0x08,0x20,0x00,0x00,0x00,0x00,0x00,0x00,0x08,0x08,0x00,0x00,0x00,0x00,0x00,
 516          0x00,0x08,0x10,0x00,0x00,0x00,0x00,0x00,0x00,0x00,0x00,0x00,0x00,0x00,0x00,0x08,
 517          0x20,0x00,0x00,0x00,0x00,0x00,0x00,0x08,0x08,0x00,0x00,0x00,0x00,0x00,0x00,0x08,
 518          0x10,0x00,0x00,0x00,0x00,0x00,0x00,0x00,0x00,0x00,0x00,0x00,0x00,0x08,0x20,0x00,
 519          0x00,0x00,0x00,0x00,0x00,0x08,0x08,0x00,0x00,0x00,0x00,0x00,0x00,0x08,0x10,0x00,
 520          0x00,0x00,0x00,0x00,0x00,0x00,0x00,0x00,0x00,0x00,0x00,0x08,0x20,0x00,0x00,0x00,
 521          0x00,0x00,0x00,0x08,0x08,0x00,0x00,0x00,0x00,0x00,0x00,0x08,0x10,0x00,0x00,0x00,
 522          0x00,0x00,0x00,0x00,0x00,0x00,0x00,0x00,0x00,0x08,0x20,0x00,0x00,0x00,0x00,0x00,
 523          0x00,0x08,0x08,0x00,0x00,0x00,0x00,0x00,0x00,0x08,0x10,0x00,0x00,0x00,0x00,0x00,
 524          0x00,0x00,0x00,0x00,0x00,0x00,0x00,0x08,0x20,0x00,0x00,0x00,0x00,0x00,0x00,0x08,
 525          0x08,0x00,0x00,0x00,0x00,0x00,0x00,0x08,0x10,0x00,0x00,0x00,0x00,0x00,0x00,0x00,
 526          0x00,0x00,0x00,0x00,0x00,0x08,0x20,0x00,0x00,0x00,0x00,0x00,0x00,0x08,0x08,0x0E,
 527          0xE2,0x0F,0x3E,0xFD,0xF0,0x08,0x10,0x00,0x00,0x00,0x03,0x87,0x00,0x00,0x70,0xE0,
 528          0x00,0x00,0x00,0x08,0x20,0x00,0xF0,0x03,0xB8,0x0F,0x00,0x08,0x08,0x06,0xC2,0x11,
 529          0x2A,0x44,0x88,0x08,0x10,0x00,0x00,0x00,0x04,0x48,0x80,0x00,0x89,0x10,0x00,0x00,
 530          0x00,0x08,0x20,0x00,0x48,0x01,0x90,0x04,0x80,0x08,0x08,0x06,0xC5,0x10,0x08,0x40,
 531          0x88,0x08,0x10,0x00,0x00,0x00,0x04,0x48,0x81,0x80,0x89,0x10,0x00,0x00,0x00,0x08,
 532          0x20,0x00,0x44,0x01,0x90,0x04,0x40,0x08,0x08,0x06,0xC5,0x08,0x08,0x48,0xF0,0x08,
 533          0x10,0x00,0x00,0x00,0x04,0x48,0x81,0x80,0x89,0x10,0x00,0x00,0x00,0x08,0x20,0x00,
 534          0x44,0x01,0x50,0x04,0x40,0x08,0x08,0x05,0x45,0x06,0x08,0x78,0xA0,0x08,0x10,0x00,
 535          0x00,0x00,0x04,0x48,0x80,0x00,0x89,0x10,0x00,0x00,0x00,0x08,0x20,0x00,0x44,0x01,
 536          0x50,0x04,0x40,0x08,0x08,0x05,0x47,0x01,0x08,0x48,0x90,0x08,0x10,0x00,0x00,0x00,
 537          0x04,0x48,0x80,0x00,0x89,0x10,0x00,0x00,0x00,0x08,0x20,0x00,0x44,0x01,0x50,0x04,
 538          0x40,0x08,0x08,0x05,0x48,0x81,0x08,0x40,0x90,0x08,0x10,0x00,0x00,0x00,0x04,0x48,
 539          0x81,0x80,0x89,0x10,0x00,0x00,0x00,0x08,0x20,0x00,0x44,0x01,0x30,0x04,0x40,0x08,
 540          0x08,0x05,0x48,0x91,0x08,0x44,0x88,0x08,0x10,0x00,0x00,0x00,0x04,0x48,0x81,0x80,
 541          0x89,0x10,0x00,0x00,0x00,0x08,0x20,0x00,0x48,0xC1,0x33,0x04,0x80,0x08,0x08,0x0D,
 542          0x7D,0xDE,0x1C,0xFD,0xCC,0x08,0x10,0x00,0x00,0x00,0x03,0x87,0x00,0x00,0x70,0xE0,
 543          0x00,0x00,0x00,0x08,0x20,0x00,0xF0,0xC3,0x93,0x0F,0x00,0x08,0x08,0x00,0x00,0x00,
 544          0x00,0x00,0x00,0x08,0x10,0x00,0x00,0x00,0x00,0x00,0x00,0x00,0x00,0x00,0x00,0x00,
 545          0x00,0x08,0x20,0x00,0x00,0x00,0x00,0x00,0x00,0x08,0x08,0x00,0x00,0x00,0x00,0x00,
 546          0x00,0x08,0x10,0x00,0x00,0x00,0x00,0x00,0x00,0x00,0x00,0x00,0x00,0x00,0x00,0x08,
 547          0x20,0x00,0x00,0x00,0x00,0x00,0x00,0x08,0x08,0x00,0x00,0x00,0x00,0x00,0x00,0x08,
 548          0x10,0x00,0x00,0x00,0x00,0x00,0x00,0x00,0x00,0x00,0x00,0x00,0x00,0x08,0x20,0x00,
 549          0x00,0x00,0x00,0x00,0x00,0x08,0x08,0x00,0x00,0x00,0x00,0x00,0x00,0x08,0x10,0x00,
 550          0x00,0x00,0x00,0x00,0x00,0x00,0x00,0x00,0x00,0x00,0x00,0x08,0x20,0x00,0x00,0x00,
C51 COMPILER V9.60.7.0   PICTURE                                                           11/21/2024 16:55:08 PAGE 10  

 551          0x00,0x00,0x00,0x08,0x08,0x00,0x00,0x00,0x00,0x00,0x00,0x08,0x08,0x00,0x00,0x00,
 552          0x00,0x00,0x00,0x00,0x00,0x00,0x00,0x00,0x00,0x10,0x20,0x00,0x00,0x00,0x00,0x00,
 553          0x00,0x08,0x08,0x00,0x00,0x00,0x00,0x00,0x00,0x08,0x08,0x00,0x00,0x00,0x00,0x00,
 554          0x00,0x00,0x00,0x00,0x00,0x00,0x00,0x10,0x20,0x00,0x00,0x00,0x00,0x00,0x00,0x08,
 555          0x08,0x00,0x00,0x00,0x00,0x00,0x00,0x08,0x04,0x00,0x00,0x00,0x00,0x00,0x00,0x00,
 556          0x00,0x00,0x00,0x00,0x00,0x20,0x20,0x00,0x00,0x00,0x00,0x00,0x00,0x08,0x08,0x00,
 557          0x00,0x00,0x00,0x00,0x00,0x08,0x02,0x00,0x00,0x00,0x00,0x00,0x00,0x00,0x00,0x00,
 558          0x00,0x00,0x00,0x40,0x20,0x00,0x00,0x00,0x00,0x00,0x00,0x08,0x08,0x00,0x00,0x00,
 559          0x00,0x00,0x00,0x08,0x01,0x80,0x00,0x00,0x00,0x00,0x00,0x00,0x00,0x00,0x00,0x00,
 560          0x01,0x80,0x20,0x00,0x00,0x00,0x00,0x00,0x00,0x08,0x04,0x00,0x00,0x00,0x00,0x00,
 561          0x00,0x10,0x00,0x7F,0xFF,0xFF,0xFF,0xFF,0xFF,0xFF,0xFF,0xFF,0xFF,0xFF,0xFE,0x00,
 562          0x10,0x00,0x00,0x00,0x00,0x00,0x00,0x10,0x02,0x00,0x00,0x00,0x00,0x00,0x00,0x20,
 563          0x00,0x00,0x00,0x00,0x00,0x00,0x00,0x00,0x00,0x00,0x00,0x00,0x00,0x00,0x10,0x00,
 564          0x00,0x00,0x00,0x00,0x00,0x10,0x01,0x00,0x00,0x00,0x00,0x00,0x00,0x40,0x00,0x00,
 565          0x00,0x00,0x00,0x00,0x00,0x00,0x00,0x00,0x00,0x00,0x00,0x00,0x08,0x00,0x00,0x00,
 566          0x00,0x00,0x00,0x20,0x00,0xC0,0x00,0x00,0x00,0x00,0x01,0x80,0x00,0x00,0x00,0x00,
 567          0x00,0x00,0x00,0x00,0x00,0x00,0x00,0x00,0x00,0x00,0x04,0x00,0x00,0x00,0x00,0x00,
 568          0x00,0x40,0x00,0x3F,0xFF,0xFF,0xFF,0xFF,0xFE,0x00,0x00,0x00,0x00,0x00,0x00,0x00,
 569          0x00,0x00,0x00,0x00,0x00,0x00,0x00,0x00,0x03,0x00,0x00,0x00,0x00,0x00,0x01,0x80,
 570          0x00,0x00,0x00,0x00,0x00,0x00,0x00,0x00,0x00,0x00,0x00,0x00,0x00,0x00,0x00,0x00,
 571          0x00,0x00,0x00,0x00,0x00,0x00,0x00,0xFF,0xFF,0xFF,0xFF,0xFF,0xFE,0x00,0x00,0x00,
 572          0x00,0x00,0x00,0x00,0x00,0x00,0x00,0x00,0x00,0x00,0x00,0x00,0x00,0x00,0x00,0x00,
 573          0x00,0x00,0x00,0x00,0x00,0x00,0x00,0x00,0x00,0x00,0x00,0x00,0x00,0x00,0x00,0x00,
 574          0x00,0x00,0x00,0x00,0x00,0x00,0x00,0x00,0x00,0x00,0x00,0x00,0x00,0x00,0x00,0x00,
 575          0x00,0x00,0x00,0x00,0x00,0x00,0x00,0x00,0x00,0x00,0x00,0x00,0x00,0x00,0x00,0x00,
 576          0x00,0x00,0x00,0x00,0x00,0x00,0x00,0x00,0x00,0x00,0x00,0x00,0x00,0x00,0x00,0x00,
 577          0x00,0x00,0x00,0x00,0x00,0x00,0x00,0x00,0x00,0x00,0x00,0x00,0x00,0x00,0x00,0x00,
 578          0x00,0x00,0x00,0x00,0x00,0x00,0x00,0x00,0x00,0x00,0x00,0x00,0x00,0x00,0x00,0x00,
 579          0x00,0x00,0x00,0x00,0x00,0x00,0x00,0x00,0x00,0x00,0x00,0x00,0x00,0x00,0x00,0x00,
 580          0x00,0x00,0x00,0x00,0x00,0x00,0x00,0x00,0x00,0x00,0x00,0x00,0x00,0x00,0x00,0x00,
 581          0x00,0x00,0x00,0x00,0x00,0x00,0x00,0x00,0x00,0x00,0x00,0x00,0x00,0x00,0x00,0x00,
 582          0x00,0x00,0x00,0x00,0x00,0x00,0x00,0x00,0x00,0x00,0x00,0x00,0x00,0x00,0x00,0x00,
 583          0x00,0x00,0x00,0x00,0x00,0x00,0x00,0x00,0x00,0x00,0x00,0x00,0x00,0x00,0x00,0x00,
 584          0x00,0x00,0x00,0x00,0x00,0x00,0x00,0x00,0x00,0x00,0x00,0x00,0x00,0x00,0x00,0x00,
 585          0x00,0x00,0x00,0x00,0x00,0x00,0x00,0x00,0x00,0x00,0x00,0x00,0x00,0x00,0x00,0x03,
 586          0xFF,0xFF,0xFF,0xFF,0xFF,0x80,0x00,0x00,0x00,0x00,0x00,0x00,0x00,0x00,0x00,0x1F,
 587          0xFF,0xFF,0xFF,0xFF,0xFC,0x00,0x00,0xFF,0xFF,0xFF,0xFF,0xFE,0x00,0x0C,0x00,0x00,
 588          0x00,0x00,0x00,0x60,0x00,0x1F,0xFF,0xFF,0xFF,0xFF,0xFC,0x00,0x00,0x60,0x00,0x00,
 589          0x00,0x00,0x03,0x00,0x03,0x00,0x00,0x00,0x00,0x01,0x80,0x10,0x00,0x00,0x00,0x00,
 590          0x00,0x10,0x00,0x60,0x00,0x00,0x00,0x00,0x03,0x00,0x00,0x80,0x00,0x00,0x00,0x00,
 591          0x00,0x80,0x04,0x00,0x04,0x02,0x01,0x00,0x40,0x20,0x00,0x42,0x02,0x00,0x00,0x08,
 592          0x00,0x80,0x00,0x00,0x00,0x00,0x00,0x80,0x01,0x00,0x00,0x01,0x00,0x00,0x00,0x40,
 593          0x08,0x00,0x04,0x01,0x3F,0x80,0x20,0x40,0x00,0x4F,0xC2,0x7F,0x00,0x04,0x01,0x00,
 594          0x00,0x01,0x00,0x00,0x00,0x40,0x02,0x00,0x00,0x03,0x80,0x00,0x00,0x20,0x10,0x00,
 595          0x7F,0xC7,0xA1,0x00,0x10,0x40,0x00,0x68,0x82,0x08,0x00,0x04,0x02,0x00,0x00,0x03,
 596          0x80,0x00,0x00,0x20,0x02,0x00,0x00,0x07,0xC0,0x00,0x00,0x20,0x10,0x00,0x44,0x40,
 597          0xA5,0x00,0x10,0x80,0x00,0x85,0x0A,0x88,0x00,0x02,0x02,0x00,0x00,0x07,0xC0,0x00,
 598          0x00,0x20,0x04,0x00,0x00,0x0F,0xE0,0x00,0x00,0x10,0x20,0x00,0x44,0x41,0x25,0x00,
 599          0x08,0x80,0x01,0xFF,0xEB,0x08,0x00,0x02,0x04,0x00,0x00,0x0F,0xE0,0x00,0x00,0x10,
 600          0x04,0x00,0x00,0x1F,0xF0,0x00,0x00,0x10,0x20,0x00,0x7F,0xC3,0xA5,0x00,0x08,0x80,
 601          0x00,0x48,0x4A,0x08,0x00,0x02,0x04,0x00,0x00,0x1F,0xF0,0x00,0x00,0x10,0x04,0x00,
 602          0x00,0x3F,0xF8,0x00,0x00,0x10,0x20,0x00,0x44,0x45,0x65,0x00,0x08,0x80,0x00,0x4F,
 603          0xC2,0x08,0x00,0x02,0x04,0x00,0x00,0x3F,0xF8,0x00,0x00,0x10,0x04,0x00,0x00,0x7F,
 604          0xFC,0x00,0x00,0x10,0x20,0x00,0x44,0x41,0x25,0x00,0x08,0x80,0x01,0xE8,0x42,0x08,
 605          0x00,0x02,0x04,0x00,0x00,0x7F,0xFC,0x00,0x00,0x10,0x04,0x00,0x00,0xFF,0xFE,0x00,
 606          0x00,0x10,0x20,0x00,0x7F,0xC1,0x0C,0x00,0x08,0x80,0x00,0x4F,0xC3,0x08,0x00,0x02,
 607          0x04,0x00,0x00,0xFF,0xFE,0x00,0x00,0x10,0x04,0x00,0x01,0xFF,0xFF,0x00,0x00,0x10,
 608          0x20,0x00,0x04,0x11,0x14,0x80,0x08,0x80,0x00,0x45,0x04,0x88,0x00,0x02,0x04,0x00,
 609          0x01,0xFF,0xFF,0x00,0x00,0x10,0x04,0x00,0x03,0xFF,0xFF,0x80,0x00,0x10,0x20,0x00,
 610          0x04,0x11,0x24,0x80,0x08,0x80,0x00,0x69,0x24,0x48,0x00,0x02,0x04,0x00,0x03,0xFF,
 611          0xFF,0x80,0x00,0x10,0x04,0x00,0x07,0xFF,0xFF,0xC0,0x00,0x10,0x20,0x00,0x03,0xF1,
 612          0x43,0x80,0x08,0x80,0x00,0x50,0xE8,0x18,0x00,0x02,0x04,0x00,0x07,0xFF,0xFF,0xC0,
C51 COMPILER V9.60.7.0   PICTURE                                                           11/21/2024 16:55:08 PAGE 11  

 613          0x00,0x10,0x04,0x00,0x0F,0xFF,0xFF,0xE0,0x00,0x10,0x20,0x00,0x00,0x00,0x00,0x00,
 614          0x08,0x80,0x00,0x00,0x00,0x00,0x00,0x02,0x04,0x00,0x0F,0xFF,0xFF,0xE0,0x00,0x10,
 615          0x04,0x00,0x00,0x00,0x00,0x00,0x00,0x10,0x20,0x00,0x00,0x00,0x00,0x00,0x08,0x80,
 616          0x00,0x00,0x00,0x00,0x00,0x02,0x04,0x00,0x00,0x00,0x00,0x00,0x00,0x10,0x04,0x00,
 617          0x00,0x00,0x00,0x00,0x00,0x10,0x20,0x00,0x00,0x00,0x00,0x00,0x08,0x80,0x00,0x00,
 618          0x00,0x00,0x00,0x02,0x04,0x00,0x00,0x00,0x00,0x00,0x00,0x10,0x04,0x00,0x08,0x00,
 619          0x40,0x20,0x00,0x10,0x20,0x00,0x00,0x00,0x00,0x00,0x08,0x80,0x00,0x00,0x00,0x00,
 620          0x00,0x02,0x04,0x00,0x08,0x00,0x40,0x20,0x00,0x10,0x04,0x01,0xFF,0xC2,0x40,0x27,
 621          0xF0,0x10,0x20,0x00,0x01,0xF7,0x70,0x00,0x08,0x81,0xDD,0xF7,0xCF,0x86,0x3E,0x02,
 622          0x04,0x01,0xFF,0xC2,0x40,0x27,0xF0,0x10,0x04,0x01,0x00,0x01,0x40,0x20,0x80,0x10,
 623          0x20,0x00,0x01,0x52,0x20,0x00,0x08,0x80,0xD8,0x42,0x24,0x49,0x11,0x02,0x04,0x01,
 624          0x00,0x01,0x40,0x20,0x80,0x10,0x04,0x01,0x08,0x08,0x40,0xA8,0x80,0x10,0x20,0x00,
 625          0x00,0x42,0x20,0x00,0x08,0x80,0xD8,0x42,0x24,0x50,0x91,0x02,0x04,0x01,0x08,0x08,
 626          0x40,0xA8,0x80,0x10,0x04,0x01,0x08,0x04,0x40,0xB0,0x80,0x10,0x20,0x00,0x00,0x41,
 627          0x40,0x00,0x08,0x80,0xD8,0x43,0xC7,0x90,0x9E,0x02,0x04,0x01,0x08,0x04,0x40,0xB0,
 628          0x80,0x10,0x04,0x01,0xFF,0xC0,0x40,0xA0,0x80,0x10,0x20,0x00,0x00,0x41,0x40,0x00,
 629          0x08,0x80,0xA8,0x42,0x85,0x10,0x94,0x02,0x04,0x01,0xFF,0xC0,0x40,0xA0,0x80,0x10,
 630          0x04,0x01,0x0C,0x1F,0xFE,0x20,0x80,0x10,0x10,0x00,0x00,0x41,0x40,0x00,0x10,0x40,
 631          0xA8,0x42,0x44,0x90,0x92,0x04,0x04,0x01,0x0C,0x1F,0xFE,0x20,0x80,0x10,0x04,0x01,
 632          0x1A,0x00,0x40,0x20,0x80,0x10,0x10,0x00,0x00,0x41,0x40,0x00,0x10,0x40,0xA8,0x42,
 633          0x44,0x90,0x92,0x04,0x04,0x01,0x1A,0x00,0x40,0x20,0x80,0x10,0x04,0x01,0x29,0x00,
 634          0xA0,0x30,0x80,0x10,0x08,0x00,0x00,0x40,0x80,0x00,0x20,0x20,0xA8,0x42,0x24,0x49,
 635          0x11,0x08,0x04,0x01,0x29,0x00,0xA0,0x30,0x80,0x10,0x04,0x01,0x48,0x81,0x10,0x48,
 636          0x80,0x10,0x04,0x00,0x00,0xE0,0x80,0x00,0x40,0x11,0xAD,0xF7,0x3E,0x66,0x39,0x90,
 637          0x04,0x01,0x48,0x81,0x10,0x48,0x80,0x10,0x04,0x02,0x88,0x42,0x0C,0x44,0x80,0x10,
 638          0x03,0x00,0x00,0x00,0x00,0x01,0x80,0x0C,0x00,0x00,0x00,0x00,0x00,0x60,0x04,0x02,
 639          0x88,0x42,0x0C,0x44,0x80,0x10,0x04,0x02,0x08,0x0C,0x04,0x81,0x80,0x10,0x00,0xFF,
 640          0xFF,0xFF,0xFF,0xFE,0x00,0x03,0xFF,0xFF,0xFF,0xFF,0xFF,0x80,0x04,0x02,0x08,0x0C,
 641          0x04,0x81,0x80,0x10,0x04,0x00,0x00,0x00,0x00,0x00,0x00,0x10,0x00,0x00,0x00,0x00,
 642          0x00,0x00,0x00,0x00,0x00,0x00,0x00,0x00,0x00,0x00,0x04,0x00,0x00,0x00,0x00,0x00,
 643          0x00,0x10,0x04,0x00,0x00,0x00,0x00,0x00,0x00,0x10,0x00,0x00,0x00,0x00,0x00,0x00,
 644          0x00,0x00,0x00,0x00,0x00,0x00,0x00,0x00,0x04,0x00,0x00,0x00,0x00,0x00,0x00,0x10,
 645          0x04,0x00,0x00,0x00,0x00,0x00,0x00,0x10,0x00,0xFF,0xFF,0xFF,0xFF,0xFE,0x00,0x00,
 646          0xFF,0xFF,0xFF,0xFF,0xFF,0x80,0x04,0x00,0x00,0x00,0x00,0x00,0x00,0x10,0x04,0x00,
 647          0x00,0x00,0x00,0x00,0x00,0x10,0x03,0x00,0x00,0x80,0x40,0x01,0x80,0x03,0x00,0x00,
 648          0x00,0x00,0x00,0x60,0x04,0x00,0x00,0x00,0x00,0x00,0x00,0x10,0x04,0x00,0x00,0x00,
 649          0x00,0x00,0x00,0x10,0x04,0x00,0x1F,0xFC,0x4F,0xE0,0x40,0x04,0x02,0x20,0x21,0x01,
 650          0x00,0x10,0x04,0x00,0x00,0x00,0x00,0x00,0x00,0x10,0x04,0x00,0x00,0x00,0x00,0x00,
 651          0x00,0x10,0x08,0x00,0x12,0x00,0x41,0x00,0x20,0x08,0x1F,0xFE,0x21,0x01,0x3F,0x88,
 652          0x04,0x00,0x00,0x00,0x00,0x00,0x00,0x10,0x04,0x00,0x00,0x00,0x00,0x00,0x00,0x10,
 653          0x10,0x00,0x17,0xBD,0x51,0x00,0x10,0x10,0x02,0x20,0x25,0x01,0x04,0x04,0x04,0x00,
 654          0x00,0x00,0x00,0x00,0x00,0x10,0x04,0x00,0x03,0xE7,0xEF,0x00,0x00,0x10,0x10,0x00,
 655          0x14,0xA5,0x61,0x00,0x10,0x10,0x08,0x80,0x25,0x65,0x44,0x04,0x04,0x00,0x03,0xE7,
 656          0xEF,0x00,0x00,0x10,0x04,0x00,0x01,0x12,0x24,0x80,0x00,0x10,0x20,0x00,0x17,0xA9,
 657          0x41,0x00,0x08,0x20,0x04,0xF8,0xF5,0xA5,0x84,0x02,0x04,0x00,0x01,0x12,0x24,0x80,
 658          0x00,0x10,0x04,0x00,0x01,0x12,0x04,0x40,0x00,0x10,0x20,0x00,0x14,0xB0,0x41,0x00,
 659          0x08,0x20,0x11,0x48,0x27,0x25,0x04,0x02,0x04,0x00,0x01,0x12,0x04,0x40,0x00,0x10,
 660          0x04,0x00,0x01,0xE2,0x44,0x40,0x00,0x10,0x20,0x00,0x17,0xA8,0x41,0x00,0x08,0x20,
 661          0x08,0x30,0x2D,0x21,0x04,0x02,0x04,0x00,0x01,0xE2,0x44,0x40,0x00,0x10,0x04,0x00,
 662          0x01,0x13,0xC4,0x40,0x00,0x10,0x20,0x00,0x14,0x24,0x61,0x00,0x08,0x20,0x04,0xC8,
 663          0x25,0x21,0x04,0x02,0x04,0x00,0x01,0x13,0xC4,0x40,0x00,0x10,0x04,0x00,0x01,0x12,
 664          0x44,0x40,0x00,0x10,0x20,0x00,0x15,0xB4,0x91,0x00,0x08,0x20,0x1B,0xFE,0x25,0xC1,
 665          0x84,0x02,0x04,0x00,0x01,0x12,0x44,0x40,0x00,0x10,0x04,0x00,0x01,0x12,0x04,0x40,
 666          0x00,0x10,0x20,0x00,0x26,0xA8,0x89,0x00,0x08,0x20,0x08,0x88,0x35,0x12,0x44,0x02,
 667          0x04,0x00,0x01,0x12,0x04,0x40,0x00,0x10,0x04,0x00,0x01,0x12,0x24,0x80,0x00,0x10,
 668          0x20,0x00,0x20,0x21,0x03,0x00,0x08,0x20,0x08,0x88,0xC4,0x12,0x24,0x02,0x04,0x00,
 669          0x01,0x12,0x24,0x80,0x00,0x10,0x04,0x00,0x03,0xE7,0xEF,0x00,0x00,0x10,0x20,0x00,
 670          0x00,0x00,0x00,0x00,0x08,0x20,0x08,0xF8,0x03,0xF4,0x0C,0x02,0x04,0x00,0x03,0xE7,
 671          0xEF,0x00,0x00,0x10,0x04,0x00,0x00,0x00,0x00,0x00,0x00,0x10,0x20,0x00,0x00,0x00,
 672          0x00,0x00,0x08,0x20,0x00,0x00,0x00,0x00,0x00,0x02,0x04,0x00,0x00,0x00,0x00,0x00,
 673          0x00,0x10,0x04,0x00,0x00,0x00,0x00,0x00,0x00,0x10,0x20,0x00,0x00,0x00,0x00,0x00,
 674          0x08,0x20,0x00,0x00,0x00,0x00,0x00,0x02,0x04,0x00,0x00,0x00,0x00,0x00,0x00,0x10,
C51 COMPILER V9.60.7.0   PICTURE                                                           11/21/2024 16:55:08 PAGE 12  

 675          0x04,0x00,0x0F,0xFF,0xFF,0xE0,0x00,0x10,0x20,0x07,0xEF,0x86,0x3B,0xBE,0x08,0x20,
 676          0x00,0x00,0x00,0x00,0x00,0x02,0x04,0x00,0x0F,0xFF,0xFF,0xE0,0x00,0x10,0x04,0x00,
 677          0x07,0xFF,0xFF,0xC0,0x00,0x10,0x20,0x02,0x24,0x49,0x19,0x2A,0x08,0x20,0x0F,0xDC,
 678          0x0C,0x18,0xF8,0x02,0x04,0x00,0x07,0xFF,0xFF,0xC0,0x00,0x10,0x04,0x00,0x03,0xFF,
 679          0xFF,0x80,0x00,0x10,0x20,0x02,0x04,0x50,0x99,0x08,0x08,0x20,0x04,0x48,0x12,0x24,
 680          0x44,0x02,0x04,0x00,0x03,0xFF,0xFF,0x80,0x00,0x10,0x04,0x00,0x01,0xFF,0xFF,0x00,
 681          0x00,0x10,0x20,0x02,0x47,0x90,0x95,0x08,0x08,0x20,0x04,0x08,0x21,0x42,0x44,0x02,
 682          0x04,0x00,0x01,0xFF,0xFF,0x00,0x00,0x10,0x04,0x00,0x00,0xFF,0xFE,0x00,0x00,0x10,
 683          0x20,0x03,0xC5,0x10,0x95,0x08,0x08,0x20,0x04,0x88,0x21,0x42,0x78,0x02,0x04,0x00,
 684          0x00,0xFF,0xFE,0x00,0x00,0x10,0x04,0x00,0x00,0x7F,0xFC,0x00,0x00,0x10,0x20,0x02,
 685          0x44,0x90,0x95,0x08,0x08,0x20,0x07,0x88,0x21,0x42,0x50,0x02,0x04,0x00,0x00,0x7F,
 686          0xFC,0x00,0x00,0x10,0x04,0x00,0x00,0x3F,0xF8,0x00,0x00,0x10,0x10,0x02,0x04,0x90,
 687          0x93,0x08,0x10,0x10,0x04,0x88,0x21,0x42,0x48,0x04,0x04,0x00,0x00,0x3F,0xF8,0x00,
 688          0x00,0x10,0x04,0x00,0x00,0x1F,0xF0,0x00,0x00,0x10,0x10,0x02,0x04,0x49,0x13,0x08,
 689          0x10,0x10,0x04,0x08,0x21,0x42,0x48,0x04,0x04,0x00,0x00,0x1F,0xF0,0x00,0x00,0x10,
 690          0x02,0x00,0x00,0x0F,0xE0,0x00,0x00,0x20,0x08,0x07,0x0E,0x66,0x39,0x1C,0x20,0x08,
 691          0x04,0x08,0x92,0x24,0x44,0x08,0x02,0x00,0x00,0x0F,0xE0,0x00,0x00,0x20,0x02,0x00,
 692          0x00,0x07,0xC0,0x00,0x00,0x20,0x04,0x00,0x00,0x00,0x00,0x00,0x40,0x04,0x0E,0x1F,
 693          0x8C,0x18,0xE6,0x10,0x02,0x00,0x00,0x07,0xC0,0x00,0x00,0x20,0x01,0x00,0x00,0x03,
 694          0x80,0x00,0x00,0x40,0x03,0x00,0x00,0x00,0x00,0x01,0x80,0x03,0x00,0x00,0x00,0x00,
 695          0x00,0x60,0x01,0x00,0x00,0x03,0x80,0x00,0x00,0x40,0x00,0x80,0x00,0x01,0x00,0x00,
 696          0x00,0x80,0x00,0xFF,0xFF,0xFF,0xFF,0xFE,0x00,0x00,0xFF,0xFF,0xFF,0xFF,0xFF,0x80,
 697          0x00,0x80,0x00,0x01,0x00,0x00,0x00,0x80,0x00,0x60,0x00,0x00,0x00,0x00,0x03,0x00,
 698          0x00,0x00,0x00,0x00,0x00,0x00,0x00,0x00,0x00,0x00,0x00,0x00,0x00,0x00,0x00,0x60,
 699          0x00,0x00,0x00,0x00,0x03,0x00,0x00,0x1F,0xFF,0xFF,0xFF,0xFF,0xFC,0x00,0x00,0x00,
 700          0x00,0x00,0x00,0x00,0x00,0x00,0x00,0x00,0x00,0x00,0x00,0x00,0x00,0x1F,0xFF,0xFF,
 701          0xFF,0xFF,0xFC,0x00,0x00,0x00,0x00,0x00,0x00,0x00,0x00,0x00,0x00,0x00,0x00,0x00,
 702          0x00,0x00,0x00,0x00,0x00,0x00,0x00,0x00,0x00,0x00,0x00,0x00,0x00,0x00,0x00,0x00,
 703          0x00,0x00,0x00,0x00,0x00,0x00,0x00,0x00,0x00,0x00,0x00,0x00,0x00,0x00,0x00,0x00,
 704          0x00,0x00,0x00,0x00,0x00,0x00,0x00,0x00,0x00,0x00,0x00,0x00,0x00,0x00,0x00,0x00
 705          
 706          };  
 707          
 708          
 709          
 710          unsigned char code EnglishCode[]={
 711          
 712          
 713          0x20, // 字符001: [ ] (空格)
 714          0x2A, // 字符002: [*]
 715          0x2D, // 字符003: [-]
 716          0x2E, // 字符004: [.]
 717          0x30, // 字符005: [0]
 718          0x31, // 字符006: [1]
 719          0x32, // 字符007: [2]
 720          0x34, // 字符008: [4]
 721          0x38, // 字符009: [8]
 722          0x3A, // 字符010: [:]
 723          0x42, // 字符011: [B]
 724          0x47, // 字符012: [G]
 725          0x48, // 字符013: [H]
 726          0x53, // 字符014: [S]
 727          0x59, // 字符015: [Y]
 728          0x61, // 字符016: [a]
 729          0x63, // 字符017: [c]
 730          0x64, // 字符018: [d]
 731          0x65, // 字符019: [e]
 732          0x67, // 字符020: [g]
 733          0x68, // 字符021：[h]
 734          0x69, // 字符022: [i]
 735          0x6C, // 字符023: [l]
 736          0x6D, // 字符024: [m]
C51 COMPILER V9.60.7.0   PICTURE                                                           11/21/2024 16:55:08 PAGE 13  

 737          0x6F, // 字符025: [o]
 738          0x70, // 字符026: [p]
 739          0x72, // 字符027: [r]
 740          0x73, // 字符028: [s]
 741          0x75, // 字符029: [u]
 742          0x79, // 字符030: [y]
 743          0x7a  // 字符031: [z]
 744          
 745          
 746          };
 747          
 748          unsigned char code EnglishCharDot[]={
 749          
 750          
 751          /*-- ID:0,字符:" ",ASCII编码:20,对应字:宽x高=8x16,画布:宽W=8 高H=16,共16字节*/
 752          0x00,0x00,0x00,0x00,0x00,0x00,0x00,0x00,0x00,0x00,0x00,0x00,0x00,0x00,0x00,0x00,
 753          
 754          /*-- ID:43,字符:"*",ASCII编码:2A,对应字:宽x高=8x16,画布:宽W=8 高H=16,共16字节*/
 755          0x00,0x00,0x00,0x10,0x10,0xD6,0x38,0x38,0xD6,0x10,0x10,0x00,0x00,0x00,0x00,0x00,
 756          
 757          /*-- ID:0,字符:"-",ASCII编码:2D,对应字:宽x高=8x16,画布:宽W=8 高H=16,共16字节*/
 758          0x00,0x00,0x00,0x00,0x00,0x00,0x00,0x7E,0x00,0x00,0x00,0x00,0x00,0x00,0x00,0x00,
 759          
 760          /*-- ID:0,字符:".",ASCII编码:2E,对应字:宽x高=8x16,画布:宽W=8 高H=16,共16字节*/
 761          0x00,0x00,0x00,0x00,0x00,0x00,0x00,0x00,0x00,0x00,0x00,0x60,0x60,0x00,0x00,0x00,
 762          
 763          /*-- ID:0,字符:"0",ASCII编码:30,对应字:宽x高=8x16,画布:宽W=8 高H=16,共16字节*/
 764          0x00,0x00,0x18,0x24,0x42,0x42,0x42,0x42,0x42,0x42,0x42,0x24,0x18,0x00,0x00,0x00,
 765          
 766          /*-- ID:1,字符:"1",ASCII编码:31,对应字:宽x高=8x16,画布:宽W=8 高H=16,共16字节*/
 767          0x00,0x00,0x08,0x38,0x08,0x08,0x08,0x08,0x08,0x08,0x08,0x08,0x3E,0x00,0x00,0x00,
 768          
 769          /*-- ID:2,字符:"2",ASCII编码:32,对应字:宽x高=8x16,画布:宽W=8 高H=16,共16字节*/
 770          0x00,0x00,0x3C,0x42,0x42,0x42,0x02,0x04,0x08,0x10,0x20,0x42,0x7E,0x00,0x00,0x00,
 771          
 772          /*-- ID:3,字符:"4",ASCII编码:34,对应字:宽x高=8x16,画布:宽W=8 高H=16,共16字节*/
 773          0x00,0x00,0x04,0x0C,0x0C,0x14,0x24,0x24,0x44,0x7F,0x04,0x04,0x1F,0x00,0x00,0x00,
 774          
 775          /*-- ID:4,字符:"8",ASCII编码:38,对应字:宽x高=8x16,画布:宽W=8 高H=16,共16字节*/
 776          0x00,0x00,0x3C,0x42,0x42,0x42,0x24,0x18,0x24,0x42,0x42,0x42,0x3C,0x00,0x00,0x00,
 777          
 778          /*-- ID:0,字符:":",ASCII编码:3A,对应字:宽x高=8x16,画布:宽W=8 高H=16,共16字节*/
 779          0x00,0x00,0x00,0x00,0x00,0x18,0x18,0x00,0x00,0x00,0x00,0x18,0x18,0x00,0x00,0x00,
 780          
 781          /*-- ID:0,字符:"B",ASCII编码:42,对应字:宽x高=8x16,画布:宽W=8 高H=16,共16字节*/
 782          0x00,0x00,0xF8,0x44,0x44,0x44,0x78,0x44,0x42,0x42,0x42,0x44,0xF8,0x00,0x00,0x00,
 783          
 784          /*-- ID:1,字符:"G",ASCII编码:47,对应字:宽x高=8x16,画布:宽W=8 高H=16,共16字节*/
 785          0x00,0x00,0x3C,0x44,0x44,0x80,0x80,0x80,0x8E,0x84,0x44,0x44,0x38,0x00,0x00,0x00,
 786          
 787          /*-- ID:2,字符:"H",ASCII编码:48,对应字:宽x高=8x16,画布:宽W=8 高H=16,共16字节*/
 788          0x00,0x00,0xE7,0x42,0x42,0x42,0x42,0x7E,0x42,0x42,0x42,0x42,0xE7,0x00,0x00,0x00,
 789          
 790          /*-- ID:3,字符:"S",ASCII编码:53,对应字:宽x高=8x16,画布:宽W=8 高H=16,共16字节*/
 791          0x00,0x00,0x3E,0x42,0x42,0x40,0x20,0x18,0x04,0x02,0x42,0x42,0x7C,0x00,0x00,0x00,
 792          
 793          
 794          /*-- ID:4,字符:"Y",ASCII编码:59,对应字:宽x高=8x16,画布:宽W=8 高H=16,共16字节*/
 795          0x00,0x00,0xEE,0x44,0x44,0x28,0x28,0x10,0x10,0x10,0x10,0x10,0x38,0x00,0x00,0x00,
 796          
 797          /*-- ID:5,字符:"a",ASCII编码:61,对应字:宽x高=8x16,画布:宽W=8 高H=16,共16字节*/
 798          0x00,0x00,0x00,0x00,0x00,0x00,0x38,0x44,0x0C,0x34,0x44,0x4C,0x36,0x00,0x00,0x00,
C51 COMPILER V9.60.7.0   PICTURE                                                           11/21/2024 16:55:08 PAGE 14  

 799          
 800          /*-- ID:6,字符:"c",ASCII编码:63,对应字:宽x高=8x16,画布:宽W=8 高H=16,共16字节*/
 801          0x00,0x00,0x00,0x00,0x00,0x00,0x1C,0x22,0x40,0x40,0x40,0x22,0x1C,0x00,0x00,0x00,
 802          
 803          /*-- ID:7,字符:"d",ASCII编码:64,对应字:宽x高=8x16,画布:宽W=8 高H=16,共16字节*/
 804          0x00,0x00,0x00,0x06,0x02,0x02,0x3E,0x42,0x42,0x42,0x42,0x46,0x3B,0x00,0x00,0x00,
 805          
 806          /*-- ID:8,字符:"e",ASCII编码:65,对应字:宽x高=8x16,画布:宽W=8 高H=16,共16字节*/
 807          0x00,0x00,0x00,0x00,0x00,0x00,0x3C,0x42,0x42,0x7E,0x40,0x42,0x3C,0x00,0x00,0x00,
 808          
 809          /*-- ID:9,字符:"g",ASCII编码:67,对应字:宽x高=8x16,画布:宽W=8 高H=16,共16字节*/
 810          0x00,0x00,0x00,0x00,0x00,0x00,0x3E,0x44,0x44,0x38,0x40,0x3C,0x42,0x42,0x3C,0x00,
 811          
 812          /*-- ID:0,字符:"h",ASCII编码:68,对应字:宽x高=8x16,画布:宽W=8 高H=16,共16字节*/
 813          0x00,0x00,0x00,0xC0,0x40,0x40,0x5C,0x62,0x42,0x42,0x42,0x42,0xE7,0x00,0x00,0x00,
 814          
 815          /*-- ID:10,字符:"i",ASCII编码:69,对应字:宽x高=8x16,画布:宽W=8 高H=16,共16字节*/
 816          0x00,0x00,0x30,0x30,0x00,0x00,0x70,0x10,0x10,0x10,0x10,0x10,0x7C,0x00,0x00,0x00,
 817          
 818          /*-- ID:11,字符:"l",ASCII编码:6C,对应字:宽x高=8x16,画布:宽W=8 高H=16,共16字节*/
 819          0x00,0x00,0x10,0x70,0x10,0x10,0x10,0x10,0x10,0x10,0x10,0x10,0x7C,0x00,0x00,0x00,
 820          
 821          /*-- ID:12,字符:"m",ASCII编码:6D,对应字:宽x高=8x16,画布:宽W=8 高H=16,共16字节*/
 822          0x00,0x00,0x00,0x00,0x00,0x00,0xFE,0x49,0x49,0x49,0x49,0x49,0xED,0x00,0x00,0x00,
 823          
 824          /*-- ID:13,字符:"o",ASCII编码:6F,对应字:宽x高=8x16,画布:宽W=8 高H=16,共16字节*/
 825          0x00,0x00,0x00,0x00,0x00,0x00,0x3C,0x42,0x42,0x42,0x42,0x42,0x3C,0x00,0x00,0x00,
 826          
 827          /*-- ID:14,字符:"p",ASCII编码:70,对应字:宽x高=8x16,画布:宽W=8 高H=16,共16字节*/
 828          0x00,0x00,0x00,0x00,0x00,0x00,0xD8,0x64,0x42,0x42,0x42,0x64,0x58,0x40,0xE0,0x00,
 829          
 830          /*-- ID:15,字符:"r",ASCII编码:72,对应字:宽x高=8x16,画布:宽W=8 高H=16,共16字节*/
 831          0x00,0x00,0x00,0x00,0x00,0x00,0xEE,0x32,0x20,0x20,0x20,0x20,0xF8,0x00,0x00,0x00,
 832          
 833          /*-- ID:16,字符:"s",ASCII编码:73,对应字:宽x高=8x16,画布:宽W=8 高H=16,共16字节*/
 834          0x00,0x00,0x00,0x00,0x00,0x00,0x3E,0x42,0x40,0x3C,0x02,0x42,0x7C,0x00,0x00,0x00,
 835          
 836          /*-- ID:1,字符:"u",ASCII编码:75,对应字:宽x高=8x16,画布:宽W=8 高H=16,共16字节*/
 837          0x00,0x00,0x00,0x00,0x00,0x00,0xC6,0x42,0x42,0x42,0x42,0x46,0x3B,0x00,0x00,0x00,
 838          
 839          /*-- ID:17,字符:"y",ASCII编码:79,对应字:宽x高=8x16,画布:宽W=8 高H=16,共16字节*/
 840          0x00,0x00,0x00,0x00,0x00,0x00,0xE7,0x42,0x24,0x24,0x18,0x18,0x10,0x10,0x60,0x00,
 841          
 842          /*-- ID:0,字符:"z",ASCII编码:7A,对应字:宽x高=8x16,画布:宽W=8 高H=16,共16字节*/
 843          0x00,0x00,0x00,0x00,0x00,0x00,0x7E,0x44,0x08,0x10,0x10,0x22,0x7E,0x00,0x00,0x00,
 844          
 845          
 846                  
 847          };
 848          
 849          
 850          


MODULE INFORMATION:   STATIC OVERLAYABLE
   CODE SIZE        =   ----    ----
   CONSTANT SIZE    =   8927    ----
   XDATA SIZE       =   ----    ----
   PDATA SIZE       =   ----    ----
   DATA SIZE        =   ----    ----
   IDATA SIZE       =   ----    ----
   BIT SIZE         =   ----    ----
C51 COMPILER V9.60.7.0   PICTURE                                                           11/21/2024 16:55:08 PAGE 15  

END OF MODULE INFORMATION.


C51 COMPILATION COMPLETE.  0 WARNING(S),  0 ERROR(S)
