C51 COMPILER V9.60.7.0   MAIN                                                              12/11/2024 17:18:11 PAGE 1   


C51 COMPILER V9.60.7.0, COMPILATION OF MODULE MAIN
OBJECT MODULE PLACED IN .\Objects\main.obj
COMPILER INVOKED BY: D:\KEIL_STM32\C51\BIN\C51.EXE main.c OPTIMIZE(8,SPEED) BROWSE DEBUG OBJECTEXTEND PRINT(.\Listings\m
                    -ain.lst) OBJECT(.\Objects\main.obj)

line level    source

   1          #include <reg51.h>
   2          #include <intrins.h>
   3          #include "16032.h"
   4          #include "picture.h"
   5          //unsigned char mode;
   6          
   7          //void main(void)
   8          //{ 
   9          //      
  10          //      lcdreset();                   
  11          //    Clean(' '); 
  12          //      charlcdfill(0x10);
  13          //      exdelay(); 
  14          //    Clean(' '); 
  15          //      fillLCD_OddColumn(0xFF, 0x00);
  16          //      exdelay(); 
  17          //      fillLCD_OddColumn(0x00, 0xff);
  18          //      exdelay(); 
  19          //      fillLCD_OddColumn(0xaa, 0x55);
  20          //      exdelay(); 
  21          //      fillLCD_OddColumn(0x55, 0xaa);
  22          //      exdelay(); 
  23          //      fillLCD_OddColumn(0xaa, 0xaa);
  24          //      exdelay(); 
  25          //      fillLCD_OddColumn(0x55, 0x55);
  26          //      exdelay();
  27          //      fillLCD_OddColumn(0xff, 0x55);
  28          //      exdelay();
  29          //      fillLCD_OddColumn(0x55, 0xff);
  30          //      exdelay();
  31          //      fillLCD_OddColumn(0x00, 0x00);
  32          //      putstrxy(0,0,"广东烨辉科技有限公司");   
  33          //    putstrxy(3,1," LCM16032_03 ");   
  34          
  35          //while(1)
  36          //    { 
  37          //                      
  38          //      if (ReadKey()) 
  39          //{
  40          //    mode++;
  41          //    mode %= 10;
  42          //    Clean(' ');
  43          //      fillLCD_OddColumn(0x00, 0x00);
  44          //      lcdreset(); 
  45          //    switch (mode) 
  46          //      
  47          //      {
  48          //        case 0:
  49          //            fillLCD_OddColumn(0xff, 0x00);
  50          //            break;
  51          //        case 1:
  52          //            fillLCD_OddColumn(0x00, 0xFF);
  53          //            break;
  54          //        case 2:
C51 COMPILER V9.60.7.0   MAIN                                                              12/11/2024 17:18:11 PAGE 2   

  55          //            fillLCD_OddColumn(0xAA, 0x55);
  56          //            break;
  57          //        case 3:
  58          //            fillLCD_OddColumn(0x55, 0xAA);
  59          //            break;
  60          //              case 4:
  61          //            fillLCD_OddColumn(0xAA, 0xAA);
  62          //                 break;
  63          //          case 5:
  64          //            fillLCD_OddColumn(0x55, 0x55);
  65          //            break;
  66          //        case 6:
  67          //            fillLCD_OddColumn(0xFF, 0x55);
  68          //            break;
  69          //        case 7:
  70          //            fillLCD_OddColumn(0x55, 0xFF);
  71          //            break;
  72          //              case 8:
  73          //            fillLCD_OddColumn(0xFF, 0xFF);
  74          //            break;
  75          //        case 9:
  76          //            putstrxy(0,0,"广东烨辉科技有限公司"); 
  77          //                      putstrxy(3,1," LCM16032_03 ");  
  78          //            break;
  79          //      }
  80          //}             
  81          //    }
  82          //}
  83          
  84          void main(void)   
  85          {
  86   1              lcdreset();                   
  87   1          Clean(' '); 
  88   1          while (1)  
  89   1          {      
  90   2              if (ReadKey()) 
  91   2              {
  92   3                  HandleKey(); 
  93   3              } 
  94   2              else 
  95   2              {          
  96   3                  DisplayPatterns(); 
  97   3              }
  98   2          }   
  99   1      }


MODULE INFORMATION:   STATIC OVERLAYABLE
   CODE SIZE        =     26    ----
   CONSTANT SIZE    =   ----    ----
   XDATA SIZE       =   ----    ----
   PDATA SIZE       =   ----    ----
   DATA SIZE        =   ----    ----
   IDATA SIZE       =   ----    ----
   BIT SIZE         =   ----    ----
END OF MODULE INFORMATION.


C51 COMPILATION COMPLETE.  0 WARNING(S),  0 ERROR(S)
