C51 COMPILER V9.60.7.0   MAIN                                                              12/11/2024 15:59:48 PAGE 1   


C51 COMPILER V9.60.7.0, COMPILATION OF MODULE MAIN
OBJECT MODULE PLACED IN .\Objects\main.obj
COMPILER INVOKED BY: D:\KEIL_STM32\C51\BIN\C51.EXE main.c OPTIMIZE(8,SPEED) BROWSE DEBUG OBJECTEXTEND PRINT(.\Listings\m
                    -ain.lst) OBJECT(.\Objects\main.obj)

line level    source

   1          #include <REGX52.H>
   2          #include "LCD1602H.h"
   3          //unsigned char mode;
   4          //unsigned char data pattern1[8] = {0x15, 0x0A, 0x15, 0x0A, 0x15, 0x0A, 0x15}; // 棋盘
   5          //unsigned char data pattern2[8] = {0x0A, 0x15, 0x0A, 0x15, 0x0A, 0x15, 0x0A};  
   6          //unsigned char data pattern3[8] = {0x15, 0x15, 0x15, 0x15, 0x15, 0x15, 0x15, 0x15}; //竖线
   7          //unsigned char data pattern4[8] = {0x0A, 0x0A, 0x0A, 0x0A, 0x0A, 0x0A, 0x0A, 0x0A}; 
   8          //unsigned char data pattern5[8] = {0x1F, 0x00, 0x1F, 0x00, 0x1F, 0x00, 0x1F, 0x00};//横线 
   9          //unsigned char data pattern6[8] = {0x00, 0x1F, 0x00, 0x1F, 0x00, 0x1F, 0x00, 0x1F};    
  10          //unsigned char data pattern7[8] = {0x00, 0x15, 0x00, 0x15, 0x00, 0x15, 0x00, 0x15}; //麻点
  11          //int main() 
  12          //{
  13          //      LCD_Init(); 
  14          //      LCD_Clear();
  15          //      displayCustomCharacter1(pattern1); // 显示棋盘
  16          //      Delay(80); 
  17          //      displayCustomCharacter1(pattern2); 
  18          //      Delay(80); 
  19          //      displayCustomCharacter1(pattern3); // 显示竖线
  20          //      Delay(80); 
  21          //      displayCustomCharacter1(pattern4); 
  22          //      Delay(80); 
  23          //      displayCustomCharacter1(pattern5); // 显示横线
  24          //      Delay(80); 
  25          //      displayCustomCharacter1(pattern6); 
  26          //      Delay(80); 
  27          //      displayCustomCharacter1(pattern7); // 显示麻点
  28          //      Delay(80); 
  29          //      write_CGROM(0x21);//内置
  30          //      Delay(80);
  31          //      write_CGROM(0xA1);//内置
  32          //      Delay(80);
  33          //      Write_DDRAM(0xCE);//内置字符
  34          //      Delay(80);
  35          //      LCD_Clear();
  36          //      LCD_ShowString(1,4,"LCM1602H");
  37          //      LCD_ShowString(0,0,"YeHuiDisplay.com");
  38          //                      
  39          //while (1) 
  40          //{
  41          
  42          //              if (ReadKey1()) 
  43          //        {  
  44          //              LCD_Clear();
  45          //              mode++;
  46          //              mode %= 10;                     
  47          //              switch (mode) 
  48          //        {
  49          //        case 0:            
  50          //                      displayCustomCharacter1(pattern1); 
  51          //            break;
  52          //        case 1:
  53          //            displayCustomCharacter1(pattern2);  
  54          //            break;
C51 COMPILER V9.60.7.0   MAIN                                                              12/11/2024 15:59:48 PAGE 2   

  55          //        case 2:
  56          //            displayCustomCharacter1(pattern3); 
  57          //            break;
  58          //        case 3:
  59          //           displayCustomCharacter1(pattern4);  
  60          //            break;
  61          //        case 4:
  62          //            displayCustomCharacter1(pattern5);  
  63          //            break;
  64          //        case 5:
  65          //            displayCustomCharacter1(pattern6);  
  66          //            break;
  67          //              case 6:
  68          //                      displayCustomCharacter1(pattern7);
  69          //                      break;
  70          //              case 7:
  71          //                      write_CGROM(0x21); 
  72          //                 break;
  73          //              case 8:
  74          //                      write_CGROM(0xA1); 
  75          //                 break;
  76          //              case 9:
  77          //                      Write_DDRAM(0xFF); 
  78          //                 break;
  79          
  80          //    
  81          //              }
  82          //      }                       
  83          //}
  84          
  85          //      }
  86          
  87          void main(void)   
  88          {
  89   1      
  90   1              LCD_Init(); 
  91   1              LCD_Clear();
  92   1      
  93   1          while (1)  
  94   1          {
  95   2            
  96   2              if (ReadKey1()) 
  97   2              {
  98   3                  HandleKey(); 
  99   3              } 
 100   2              else 
 101   2              {
 102   3                
 103   3                  DisplayPatterns(); 
 104   3              }
 105   2          }   
 106   1      }


MODULE INFORMATION:   STATIC OVERLAYABLE
   CODE SIZE        =     23    ----
   CONSTANT SIZE    =   ----    ----
   XDATA SIZE       =   ----    ----
   PDATA SIZE       =   ----    ----
   DATA SIZE        =   ----    ----
   IDATA SIZE       =   ----    ----
   BIT SIZE         =   ----    ----
C51 COMPILER V9.60.7.0   MAIN                                                              12/11/2024 15:59:48 PAGE 3   

END OF MODULE INFORMATION.


C51 COMPILATION COMPLETE.  0 WARNING(S),  0 ERROR(S)
