C51 COMPILER V9.60.7.0   MAIN                                                              12/11/2024 16:23:19 PAGE 1   


C51 COMPILER V9.60.7.0, COMPILATION OF MODULE MAIN
OBJECT MODULE PLACED IN .\Objects\main.obj
COMPILER INVOKED BY: D:\KEIL_STM32\C51\BIN\C51.EXE main.c OPTIMIZE(8,SPEED) BROWSE DEBUG OBJECTEXTEND PRINT(.\Listings\m
                    -ain.lst) OBJECT(.\Objects\main.obj)

line level    source

   1          #include <REGX52.H>
   2          #include "LCD4002.h"
   3          //unsigned char mode;
   4          //unsigned char data pattern1[8] = {0x15, 0x0A, 0x15, 0x0A, 0x15, 0x0A, 0x15};
   5          //unsigned char data pattern2[8] = {0x0A, 0x15, 0x0A, 0x15, 0x0A, 0x15, 0x0A};  
   6          //unsigned char data pattern3[8] = {0x15, 0x15, 0x15, 0x15, 0x15, 0x15, 0x15, 0x15};
   7          //unsigned char data pattern4[8] = {0x0A, 0x0A, 0x0A, 0x0A, 0x0A, 0x0A, 0x0A, 0x0A}; 
   8          //unsigned char data pattern5[8] = {0x1F, 0x00, 0x1F, 0x00, 0x1F, 0x00, 0x1F, 0x00};
   9          //unsigned char data pattern6[8] = {0x00, 0x1F, 0x00, 0x1F, 0x00, 0x1F, 0x00, 0x1F};    
  10          //unsigned char data pattern7[8] = {0x00, 0x15, 0x00, 0x15, 0x00, 0x15, 0x00, 0x15};
  11          
  12          //int main() 
  13          //{
  14          //      
  15          //      LCD_Init(); 
  16          //      LCD_Clear();
  17          
  18          //      displayCustomCharacter1(pattern1); 
  19          //      Delay(80); 
  20          //      displayCustomCharacter1(pattern2); 
  21          //      Delay(80); 
  22          //      displayCustomCharacter1(pattern3); 
  23          //      Delay(80); 
  24          //      displayCustomCharacter1(pattern4); 
  25          //      Delay(80); 
  26          //      displayCustomCharacter1(pattern5); 
  27          //      Delay(80); 
  28          //      displayCustomCharacter1(pattern6); 
  29          //      Delay(80); 
  30          //      displayCustomCharacter1(pattern7);
  31          //      Delay(80); 
  32          //      write_CGROM(0x21);
  33          //      Delay(80);
  34          //      write_CGROM(0xA1);
  35          //      Delay(80);
  36          //      Write_DDRAM(0xCE);
  37          //      Delay(80);
  38          //      LCD_Clear();
  39          //      LCD_ShowString(1,15,"LCM4002_01");
  40          //      LCD_ShowString(0,12,"YeHuiDisplay.com");
  41          //                      
  42          //while (1) 
  43          //{
  44          
  45          //              if (ReadKey1()) 
  46          //        {  
  47          //              LCD_Clear();
  48          //              mode++;
  49          //              mode %= 10;                     
  50          //              switch (mode) 
  51          //        {
  52          //        case 0:            
  53          //                      displayCustomCharacter1(pattern1); 
  54          //            break;
C51 COMPILER V9.60.7.0   MAIN                                                              12/11/2024 16:23:19 PAGE 2   

  55          //        case 1:
  56          //            displayCustomCharacter1(pattern2);  
  57          //            break;
  58          //        case 2:
  59          //            displayCustomCharacter1(pattern3); 
  60          //            break;
  61          //        case 3:
  62          //           displayCustomCharacter1(pattern4);  
  63          //            break;
  64          //        case 4:
  65          //            displayCustomCharacter1(pattern5);  
  66          //            break;
  67          //        case 5:
  68          //            displayCustomCharacter1(pattern6);  
  69          //            break;
  70          //              case 6:
  71          //                      displayCustomCharacter1(pattern7);
  72          //                      break;
  73          //              case 7:
  74          //                      write_CGROM(0x21); 
  75          //                 break;
  76          //              case 8:
  77          //                      write_CGROM(0xA1); 
  78          //                 break;
  79          //              case 9:
  80          //                      Write_DDRAM(0xFF); 
  81          //                 break;
  82          
  83          //    
  84          //              }
  85          //      }                       
  86          //}
  87          
  88          //      }
  89          
  90          
  91          void main(void)   
  92          {
  93   1      
  94   1              LCD_Init(); 
  95   1              LCD_Clear();
  96   1      
  97   1          while (1)  
  98   1          {
  99   2            
 100   2              if (ReadKey1()) 
 101   2              {
 102   3                  HandleKey(); 
 103   3              } 
 104   2              else 
 105   2              {
 106   3                
 107   3                  DisplayPatterns(); 
 108   3              }
 109   2          }   
 110   1      }


MODULE INFORMATION:   STATIC OVERLAYABLE
   CODE SIZE        =     23    ----
   CONSTANT SIZE    =   ----    ----
   XDATA SIZE       =   ----    ----
C51 COMPILER V9.60.7.0   MAIN                                                              12/11/2024 16:23:19 PAGE 3   

   PDATA SIZE       =   ----    ----
   DATA SIZE        =   ----    ----
   IDATA SIZE       =   ----    ----
   BIT SIZE         =   ----    ----
END OF MODULE INFORMATION.


C51 COMPILATION COMPLETE.  0 WARNING(S),  0 ERROR(S)
