2024-08-29 10:22:22,139 [INFO] Activator:176 - 


2024-08-29 10:22:22,141 [INFO] Activator:177 - !SESSION log4j initialized
2024-08-29 10:22:27,116 [INFO] LogOutputStream:77 - [STDOUT_REDIRECT] 
2024-08-29 10:22:39,049 [INFO] ApplicationProperties:184 - Using Application install path: C:\ST\STM32CubeIDE_1.13.1\STM32CubeIDE\plugins\com.st.stm32cube.common.mx_6.9.1.202307191849
2024-08-29 10:22:39,247 [INFO] DbMcusXml:78 - Set database path to: C:\ST\STM32CubeIDE_1.13.1\STM32CubeIDE\plugins\com.st.stm32cube.common.mx_6.9.1.202307191849\\db\/mcu/
2024-08-29 10:22:39,247 [INFO] ApiDb:274 - Set plugin database path to: C:\ST\STM32CubeIDE_1.13.1\STM32CubeIDE\plugins\com.st.stm32cube.common.mx_6.9.1.202307191849\\db\/plugins/boardmanager/
2024-08-29 10:22:39,248 [WARN] ApiDb:259 - Overriding images path with different value:  => C:\ST\STM32CubeIDE_1.13.1\STM32CubeIDE\plugins\com.st.stm32cube.common.mx_6.9.1.202307191849\\db\/plugins/mcufinder/images/
2024-08-29 10:22:39,294 [INFO] ApiDb:250 - Set database path to: C:\Users\LPPC-0016\.stmcufinder\plugins\mcufinder//mcu/
2024-08-29 10:22:39,296 [INFO] DbMcusAds:125 - Set database path to: C:\Users\LPPC-0016\.stmcufinder\plugins\mcufinder//mcu/
2024-08-29 10:22:39,326 [INFO] CrossReferenceDbSqlite:203 - Set database path to: C:\Users\LPPC-0016\.stmcufinder\plugins\mcufinder//mcu/cs/
2024-08-29 10:22:39,599 [INFO] RulesReader:64 - Compatibility file has been processed (293 Rules)
2024-08-29 10:22:40,177 [INFO] DbMcusXml:78 - Set database path to: C:\ST\STM32CubeIDE_1.13.1\STM32CubeIDE\plugins\com.st.stm32cube.common.mx_6.9.1.202307191849\\db\/mcu/
2024-08-29 10:22:40,178 [INFO] ApiDb:274 - Set plugin database path to: C:\ST\STM32CubeIDE_1.13.1\STM32CubeIDE\plugins\com.st.stm32cube.common.mx_6.9.1.202307191849\\db\/plugins/boardmanager/
2024-08-29 10:22:40,178 [INFO] ApiDb:261 - Set plugin images path to: C:\ST\STM32CubeIDE_1.13.1\STM32CubeIDE\plugins\com.st.stm32cube.common.mx_6.9.1.202307191849\\db\/plugins/mcufinder/images/
2024-08-29 10:22:40,178 [WARN] DbFile:41 - Overriding database path with different value: C:\Users\LPPC-0016\.stmcufinder\plugins\mcufinder/ => C:\Users\LPPC-0016\.stmcufinder\plugins\mcufinder
2024-08-29 10:22:40,178 [INFO] ApiDb:250 - Set database path to: C:\Users\LPPC-0016\.stmcufinder\plugins\mcufinder//mcu/
2024-08-29 10:22:40,178 [WARN] DbFile:41 - Overriding database path with different value: C:\Users\LPPC-0016\.stmcufinder\plugins\mcufinder/ => C:\Users\LPPC-0016\.stmcufinder\plugins\mcufinder
2024-08-29 10:22:40,178 [INFO] DbMcusAds:125 - Set database path to: C:\Users\LPPC-0016\.stmcufinder\plugins\mcufinder//mcu/
2024-08-29 10:22:40,178 [WARN] DbFile:41 - Overriding database path with different value: C:\Users\LPPC-0016\.stmcufinder\plugins\mcufinder/ => C:\Users\LPPC-0016\.stmcufinder\plugins\mcufinder
2024-08-29 10:22:40,179 [WARN] DbFile:41 - Overriding database path with different value: C:\Users\LPPC-0016\.stmcufinder\plugins\mcufinder/ => C:\Users\LPPC-0016\.stmcufinder\plugins\mcufinder
2024-08-29 10:22:40,179 [INFO] CrossReferenceDbSqlite:203 - Set database path to: C:\Users\LPPC-0016\.stmcufinder\plugins\mcufinder//mcu/cs/
2024-08-29 10:22:40,818 [INFO] MainPanel:262 - HeapMemory: 268435456
2024-08-29 10:22:41,448 [INFO] DbMcusXml:78 - Set database path to: C:\ST\STM32CubeIDE_1.13.1\STM32CubeIDE\plugins\com.st.stm32cube.common.mx_6.9.1.202307191849\\db\/mcu/
2024-08-29 10:22:41,448 [INFO] ApiDb:274 - Set plugin database path to: C:\ST\STM32CubeIDE_1.13.1\STM32CubeIDE\plugins\com.st.stm32cube.common.mx_6.9.1.202307191849\\db\/plugins/boardmanager/
2024-08-29 10:22:41,448 [INFO] ApiDb:261 - Set plugin images path to: C:\ST\STM32CubeIDE_1.13.1\STM32CubeIDE\plugins\com.st.stm32cube.common.mx_6.9.1.202307191849\\db\/plugins/mcufinder/images/
2024-08-29 10:22:41,461 [WARN] DbFile:41 - Overriding database path with different value: C:\Users\LPPC-0016\.stmcufinder\plugins\mcufinder/ => C:\Users\LPPC-0016\.stmcufinder\plugins\mcufinder
2024-08-29 10:22:41,461 [INFO] ApiDb:250 - Set database path to: C:\Users\LPPC-0016\.stmcufinder\plugins\mcufinder//mcu/
2024-08-29 10:22:41,462 [WARN] DbFile:41 - Overriding database path with different value: C:\Users\LPPC-0016\.stmcufinder\plugins\mcufinder/ => C:\Users\LPPC-0016\.stmcufinder\plugins\mcufinder
2024-08-29 10:22:41,462 [INFO] DbMcusAds:125 - Set database path to: C:\Users\LPPC-0016\.stmcufinder\plugins\mcufinder//mcu/
2024-08-29 10:22:41,462 [WARN] DbFile:41 - Overriding database path with different value: C:\Users\LPPC-0016\.stmcufinder\plugins\mcufinder/ => C:\Users\LPPC-0016\.stmcufinder\plugins\mcufinder
2024-08-29 10:22:41,462 [WARN] DbFile:41 - Overriding database path with different value: C:\Users\LPPC-0016\.stmcufinder\plugins\mcufinder/ => C:\Users\LPPC-0016\.stmcufinder\plugins\mcufinder
2024-08-29 10:22:41,462 [INFO] CrossReferenceDbSqlite:203 - Set database path to: C:\Users\LPPC-0016\.stmcufinder\plugins\mcufinder//mcu/cs/
2024-08-29 10:22:41,572 [INFO] ApplicationProperties:184 - Using Application install path: C:\ST\STM32CubeIDE_1.13.1\STM32CubeIDE\plugins\com.st.stm32cube.common.mx_6.9.1.202307191849
2024-08-29 10:22:41,574 [INFO] PluginManage:196 - Search for loadable plugins [exclusion list=, ]
2024-08-29 10:22:41,590 [INFO] PluginManage:310 - Check plugin analytics
2024-08-29 10:22:41,913 [INFO] AnalyticsPlugin:253 - Accepted Software Licenses: 
2024-08-29 10:22:41,913 [INFO] AnalyticsPlugin:255 - Accepted CMSIS Pack Licenses: 
2024-08-29 10:22:41,913 [INFO] AnalyticsPlugin:257 - Accepted Firmware Licenses: FW.L4.1.18.0,FW.C0.1.1.0
2024-08-29 10:22:41,915 [INFO] PluginManage:359 - Loaded plugin analytics (category:tool,tabindex:-1)
2024-08-29 10:22:41,916 [INFO] PluginManage:310 - Check plugin cadmodel
2024-08-29 10:22:41,957 [INFO] CADModel:105 - Init CAD model plugin
2024-08-29 10:22:41,957 [INFO] PluginManage:359 - Loaded plugin cadmodel (category:power,tabindex:5)
2024-08-29 10:22:41,958 [INFO] PluginManage:310 - Check plugin clock
2024-08-29 10:22:42,011 [INFO] PluginManage:359 - Loaded plugin clock (category:base,tabindex:2)
2024-08-29 10:22:42,011 [INFO] PluginManage:310 - Check plugin ddr
2024-08-29 10:22:42,043 [INFO] PluginManage:359 - Loaded plugin ddr (category:tool,tabindex:6)
2024-08-29 10:22:42,043 [INFO] PluginManage:310 - Check plugin filemanager
2024-08-29 10:22:42,442 [INFO] PluginManage:359 - Loaded plugin filemanager (category:base,tabindex:10)
2024-08-29 10:22:42,442 [INFO] PluginManage:310 - Check plugin ipmanager
2024-08-29 10:22:42,460 [INFO] PluginManage:359 - Loaded plugin ipmanager (category:base,tabindex:5)
2024-08-29 10:22:42,460 [INFO] PluginManage:310 - Check plugin lpbam
2024-08-29 10:22:42,491 [INFO] PluginManage:359 - Loaded plugin lpbam (category:base,tabindex:0)
2024-08-29 10:22:42,491 [INFO] PluginManage:310 - Check plugin memorymap
2024-08-29 10:22:42,568 [INFO] PluginManage:359 - Loaded plugin memorymap (category:base,tabindex:4)
2024-08-29 10:22:42,568 [INFO] PluginManage:310 - Check plugin pinoutandconfiguration
2024-08-29 10:22:42,585 [INFO] PluginManage:359 - Loaded plugin pinoutandconfiguration (category:base,tabindex:1)
2024-08-29 10:22:42,585 [INFO] PluginManage:310 - Check plugin pinoutconfig
2024-08-29 10:22:42,980 [WARN] SupportedApi:132 - Cannot load RTOS API schema: s4s-elt-must-match.1: The content of 'definitions' must match (annotation?, (simpleType | complexType)?, (unique | key | keyref)*)). A problem was found starting at: attribute.
2024-08-29 10:22:43,286 [INFO] PluginManage:359 - Loaded plugin pinoutconfig (category:base,tabindex:0)
2024-08-29 10:22:43,286 [INFO] PluginManage:310 - Check plugin power
2024-08-29 10:22:43,304 [INFO] PluginManage:359 - Loaded plugin power (category:power,tabindex:4)
2024-08-29 10:22:43,304 [INFO] PluginManage:310 - Check plugin projectmanager
2024-08-29 10:22:43,320 [INFO] PluginManage:359 - Loaded plugin projectmanager (category:projectmanager,tabindex:3)
2024-08-29 10:22:43,320 [INFO] PluginManage:310 - Check plugin thirdparty
2024-08-29 10:22:43,837 [INFO] PluginManage:359 - Loaded plugin thirdparty (category:base,tabindex:-1)
2024-08-29 10:22:43,837 [INFO] PluginManage:310 - Check plugin tools
2024-08-29 10:22:43,848 [WARN] IntegrityCheckThread:84 - waiting for thirdparty lock release [integrity check]
2024-08-29 10:22:43,849 [INFO] IntegrityCheckThread:86 - entering critical section [integrity check]
2024-08-29 10:22:43,850 [INFO] ThirdPartyUpdaterWithRetryManager:70 - Updater plugin not ready yet. [1/15]
2024-08-29 10:22:43,898 [INFO] PluginManage:359 - Loaded plugin tools (category:base,tabindex:7)
2024-08-29 10:22:43,899 [INFO] PluginManage:310 - Check plugin tutovideos
2024-08-29 10:22:44,482 [INFO] PluginManage:359 - Loaded plugin tutovideos (category:base,tabindex:-1)
2024-08-29 10:22:44,483 [INFO] PluginManage:310 - Check plugin updater
2024-08-29 10:22:44,606 [INFO] PluginManage:359 - Loaded plugin updater (category:base,tabindex:12)
2024-08-29 10:22:44,606 [INFO] PluginManage:310 - Check plugin userauth
2024-08-29 10:22:44,645 [INFO] UserAuth:113 - Init User Auth plugin
2024-08-29 10:22:44,645 [INFO] PluginManage:359 - Loaded plugin userauth (category:base,tabindex:14)
2024-08-29 10:22:44,645 [INFO] PluginManage:283 - PluginManage : Loaded plugins [17]
2024-08-29 10:22:45,559 [INFO] PinOutPanel:1499 - setPackage(No Configuration,No Configuration)
2024-08-29 10:22:45,883 [INFO] CADModel:165 - CPN selected for project level
2024-08-29 10:22:45,883 [INFO] CADModel:114 - Register for checkConnection events
2024-08-29 10:22:46,005 [INFO] IPUIPlugin:80 - create IPUIPlugin
2024-08-29 10:22:46,005 [INFO] PluginManager:220 - loadIPPluginJar : add adc
2024-08-29 10:22:46,063 [INFO] IPUIPlugin:80 - create IPUIPlugin
2024-08-29 10:22:46,063 [INFO] PluginManager:220 - loadIPPluginJar : add aes
2024-08-29 10:22:46,130 [INFO] IPUIPlugin:80 - create IPUIPlugin
2024-08-29 10:22:46,130 [INFO] PluginManager:220 - loadIPPluginJar : add can
2024-08-29 10:22:46,154 [INFO] IPUIPlugin:80 - create IPUIPlugin
2024-08-29 10:22:46,155 [INFO] PluginManager:220 - loadIPPluginJar : add comp
2024-08-29 10:22:46,191 [INFO] IPUIPlugin:80 - create IPUIPlugin
2024-08-29 10:22:46,191 [INFO] PluginManager:220 - loadIPPluginJar : add cryp
2024-08-29 10:22:46,222 [INFO] IPUIPlugin:80 - create IPUIPlugin
2024-08-29 10:22:46,222 [INFO] PluginManager:220 - loadIPPluginJar : add dfsdm
2024-08-29 10:22:46,259 [INFO] IPUIPlugin:80 - create IPUIPlugin
2024-08-29 10:22:46,259 [INFO] PluginManager:220 - loadIPPluginJar : add dma
2024-08-29 10:22:46,304 [INFO] IPUIPlugin:80 - create IPUIPlugin
2024-08-29 10:22:46,304 [INFO] PluginManager:220 - loadIPPluginJar : add dma3
2024-08-29 10:22:46,325 [INFO] IPUIPlugin:80 - create IPUIPlugin
2024-08-29 10:22:46,325 [INFO] PluginManager:220 - loadIPPluginJar : add fatfs
2024-08-29 10:22:46,374 [INFO] IPUIPlugin:80 - create IPUIPlugin
2024-08-29 10:22:46,374 [INFO] PluginManager:220 - loadIPPluginJar : add fmc
2024-08-29 10:22:46,412 [INFO] IPUIPlugin:80 - create IPUIPlugin
2024-08-29 10:22:46,413 [INFO] PluginManager:220 - loadIPPluginJar : add freertos
2024-08-29 10:22:46,435 [INFO] IPUIPlugin:80 - create IPUIPlugin
2024-08-29 10:22:46,435 [INFO] PluginManager:220 - loadIPPluginJar : add genericplugin
2024-08-29 10:22:46,554 [INFO] IPUIPlugin:80 - create IPUIPlugin
2024-08-29 10:22:46,554 [INFO] PluginManager:220 - loadIPPluginJar : add gfxmmu
2024-08-29 10:22:46,697 [INFO] IPUIPlugin:80 - create IPUIPlugin
2024-08-29 10:22:46,698 [INFO] PluginManager:220 - loadIPPluginJar : add gic
2024-08-29 10:22:46,750 [INFO] IPUIPlugin:80 - create IPUIPlugin
2024-08-29 10:22:46,750 [INFO] PluginManager:220 - loadIPPluginJar : add gpio
2024-08-29 10:22:46,850 [INFO] ThirdPartyUpdaterWithRetryManager:70 - Updater plugin not ready yet. [2/15]
2024-08-29 10:22:46,988 [INFO] IPUIPlugin:80 - create IPUIPlugin
2024-08-29 10:22:46,988 [INFO] PluginManager:220 - loadIPPluginJar : add gtzc
2024-08-29 10:22:47,046 [INFO] IPUIPlugin:80 - create IPUIPlugin
2024-08-29 10:22:47,046 [INFO] PluginManager:220 - loadIPPluginJar : add hash
2024-08-29 10:22:47,222 [INFO] IPUIPlugin:80 - create IPUIPlugin
2024-08-29 10:22:47,222 [INFO] PluginManager:220 - loadIPPluginJar : add i2c
2024-08-29 10:22:47,295 [INFO] IPUIPlugin:80 - create IPUIPlugin
2024-08-29 10:22:47,296 [INFO] PluginManager:220 - loadIPPluginJar : add i2s
2024-08-29 10:22:47,367 [INFO] IPUIPlugin:80 - create IPUIPlugin
2024-08-29 10:22:47,367 [INFO] PluginManager:220 - loadIPPluginJar : add i3c
2024-08-29 10:22:47,534 [INFO] IPUIPlugin:80 - create IPUIPlugin
2024-08-29 10:22:47,534 [INFO] PluginManager:220 - loadIPPluginJar : add ipddr
2024-08-29 10:22:47,715 [INFO] IPUIPlugin:80 - create IPUIPlugin
2024-08-29 10:22:47,715 [INFO] PluginManager:220 - loadIPPluginJar : add linkedlist
2024-08-29 10:22:47,758 [INFO] IPUIPlugin:80 - create IPUIPlugin
2024-08-29 10:22:47,758 [INFO] PluginManager:220 - loadIPPluginJar : add lorawan
2024-08-29 10:22:47,859 [INFO] IPUIPlugin:80 - create IPUIPlugin
2024-08-29 10:22:47,859 [INFO] PluginManager:220 - loadIPPluginJar : add ltdc
2024-08-29 10:22:47,900 [INFO] IPUIPlugin:80 - create IPUIPlugin
2024-08-29 10:22:47,900 [INFO] PluginManager:220 - loadIPPluginJar : add mdma
2024-08-29 10:22:47,935 [INFO] IPUIPlugin:80 - create IPUIPlugin
2024-08-29 10:22:47,936 [INFO] PluginManager:220 - loadIPPluginJar : add nvic
2024-08-29 10:22:48,004 [INFO] IPUIPlugin:80 - create IPUIPlugin
2024-08-29 10:22:48,004 [INFO] PluginManager:220 - loadIPPluginJar : add opamp
2024-08-29 10:22:48,122 [INFO] IPUIPlugin:80 - create IPUIPlugin
2024-08-29 10:22:48,122 [INFO] PluginManager:220 - loadIPPluginJar : add openamp
2024-08-29 10:22:48,260 [INFO] IPUIPlugin:80 - create IPUIPlugin
2024-08-29 10:22:48,260 [INFO] PluginManager:220 - loadIPPluginJar : add pdm2pcm
2024-08-29 10:22:48,295 [INFO] IPUIPlugin:80 - create IPUIPlugin
2024-08-29 10:22:48,298 [INFO] PluginManager:220 - loadIPPluginJar : add plateformsettings
2024-08-29 10:22:48,354 [INFO] IPUIPlugin:80 - create IPUIPlugin
2024-08-29 10:22:48,355 [INFO] PluginManager:220 - loadIPPluginJar : add quadspi
2024-08-29 10:22:48,372 [INFO] IPUIPlugin:80 - create IPUIPlugin
2024-08-29 10:22:48,372 [INFO] PluginManager:220 - loadIPPluginJar : add resmgrutility
2024-08-29 10:22:48,447 [INFO] IPUIPlugin:80 - create IPUIPlugin
2024-08-29 10:22:48,447 [INFO] PluginManager:220 - loadIPPluginJar : add sai
2024-08-29 10:22:48,492 [INFO] IPUIPlugin:80 - create IPUIPlugin
2024-08-29 10:22:48,492 [INFO] PluginManager:220 - loadIPPluginJar : add spi
2024-08-29 10:22:48,557 [INFO] IPUIPlugin:80 - create IPUIPlugin
2024-08-29 10:22:48,557 [INFO] PluginManager:220 - loadIPPluginJar : add stm32_wpan
2024-08-29 10:22:48,586 [INFO] IPUIPlugin:80 - create IPUIPlugin
2024-08-29 10:22:48,586 [INFO] PluginManager:220 - loadIPPluginJar : add tim
2024-08-29 10:22:48,698 [INFO] IPUIPlugin:80 - create IPUIPlugin
2024-08-29 10:22:48,698 [INFO] PluginManager:220 - loadIPPluginJar : add touchsensing
2024-08-29 10:22:48,775 [INFO] IPUIPlugin:80 - create IPUIPlugin
2024-08-29 10:22:48,775 [INFO] PluginManager:220 - loadIPPluginJar : add tracer_emb
2024-08-29 10:22:48,809 [INFO] IPUIPlugin:80 - create IPUIPlugin
2024-08-29 10:22:48,809 [INFO] PluginManager:220 - loadIPPluginJar : add ts
2024-08-29 10:22:48,875 [INFO] IPUIPlugin:80 - create IPUIPlugin
2024-08-29 10:22:48,875 [INFO] PluginManager:220 - loadIPPluginJar : add tsc
2024-08-29 10:22:48,902 [INFO] IPUIPlugin:80 - create IPUIPlugin
2024-08-29 10:22:48,903 [INFO] PluginManager:220 - loadIPPluginJar : add ucpd
2024-08-29 10:22:48,968 [INFO] IPUIPlugin:80 - create IPUIPlugin
2024-08-29 10:22:48,968 [INFO] PluginManager:220 - loadIPPluginJar : add usart
2024-08-29 10:22:49,020 [INFO] IPUIPlugin:80 - create IPUIPlugin
2024-08-29 10:22:49,020 [INFO] PluginManager:220 - loadIPPluginJar : add usbx
2024-08-29 10:22:49,250 [INFO] CADModel:165 - CPN selected for project level
2024-08-29 10:22:49,250 [INFO] CADModel:114 - Register for checkConnection events
2024-08-29 10:22:49,251 [FATAL] Updater:308 - Updater called before beeing initialized
2024-08-29 10:22:49,251 [ERROR] CADModel:125 - Updater not yet initialized, retry later 
2024-08-29 10:22:49,852 [INFO] ThirdPartyUpdaterWithRetryManager:70 - Updater plugin not ready yet. [3/15]
2024-08-29 10:22:49,882 [INFO] CADModel:165 - CPN selected for project level
2024-08-29 10:22:49,882 [INFO] CADModel:114 - Register for checkConnection events
2024-08-29 10:22:49,883 [FATAL] Updater:308 - Updater called before beeing initialized
2024-08-29 10:22:49,883 [ERROR] CADModel:125 - Updater not yet initialized, retry later 
2024-08-29 10:22:49,918 [FATAL] Updater:308 - Updater called before beeing initialized
2024-08-29 10:22:50,157 [FATAL] Updater:308 - Updater called before beeing initialized
2024-08-29 10:22:50,165 [INFO] DbMcusAds:53 - JSON generation date=Thu May 16 14:52:00 IST 2024 (1715851320667)
2024-08-29 10:22:50,165 [FATAL] Updater:308 - Updater called before beeing initialized
2024-08-29 10:22:50,365 [WARN] DetailPanel:346 - Failed to get advertising image, set to default
2024-08-29 10:22:50,500 [FATAL] Updater:308 - Updater called before beeing initialized
2024-08-29 10:22:50,515 [FATAL] Updater:308 - Updater called before beeing initialized
2024-08-29 10:22:50,515 [FATAL] Updater:308 - Updater called before beeing initialized
2024-08-29 10:22:50,516 [WARN] DetailPanel:346 - Failed to get advertising image, set to default
2024-08-29 10:22:50,516 [FATAL] Updater:308 - Updater called before beeing initialized
2024-08-29 10:22:50,640 [ERROR] Updater:1120 - MainUpdater not yet initialized. External WinMGr cannot be set.
2024-08-29 10:22:50,651 [INFO] Updater:1056 - Updater Version found : 6.9.1
2024-08-29 10:22:50,666 [INFO] ApplicationProperties:184 - Using Application install path: C:\ST\STM32CubeIDE_1.13.1\STM32CubeIDE\plugins\com.st.stm32cube.common.mx_6.9.1.202307191849
2024-08-29 10:22:50,871 [INFO] MainUpdater:2868 - connection check result : 10
2024-08-29 10:22:50,872 [INFO] MainUpdater:285 - Updater Check For Update Now.
2024-08-29 10:22:50,872 [INFO] MicroXplorer:498 - Change Database Version : DB.6.0.91
2024-08-29 10:22:50,949 [INFO] McuFinderGlobals:63 - Set McuFinder mode to 2 (CubeIDE integrated)
2024-08-29 10:22:50,949 [INFO] UserAuth:179 - activating auth plugin
2024-08-29 10:22:51,212 [INFO] CheckServerUpdateThread:120 - End of CheckServer Thread
2024-08-29 10:22:51,613 [INFO] UserAuth:393 - Internet connection configuration mode: 1
2024-08-29 10:22:52,168 [INFO] JxBrowserEngine:151 - Initiate JxBrowser Engine with user profile folder
2024-08-29 10:22:53,126 [WARN] PackLoader:240 - Cannot read IP mode file for STMicroelectronics.FP-SNS-MOTENVWB1.1.4.0
2024-08-29 10:22:53,143 [WARN] PackLoader:240 - Cannot read IP mode file for STMicroelectronics.X-CUBE-SMBUS.2.1.0
2024-08-29 10:22:53,164 [WARN] PackLoader:240 - Cannot read IP mode file for STMicroelectronics.X-CUBE-TOUCHGFX.4.23.2
2024-08-29 10:22:53,215 [WARN] PackLoader:240 - Cannot read IP mode file for STMicroelectronics.X-CUBE-AZRTOS-F7.1.1.0
2024-08-29 10:22:53,295 [WARN] PackLoader:240 - Cannot read IP mode file for STMicroelectronics.X-CUBE-MEMS1.11.0.0
2024-08-29 10:22:53,502 [WARN] PackLoader:240 - Cannot read IP mode file for STMicroelectronics.FP-SNS-FLIGHT1.5.0.2
2024-08-29 10:22:53,518 [WARN] PackLoader:240 - Cannot read IP mode file for STMicroelectronics.X-CUBE-DISPLAY.3.0.0
2024-08-29 10:22:53,534 [WARN] PackLoader:240 - Cannot read IP mode file for STMicroelectronics.X-CUBE-BLE1.7.0.0
2024-08-29 10:22:53,552 [WARN] PackLoader:240 - Cannot read IP mode file for STMicroelectronics.X-CUBE-BLEMGR.3.1.0
2024-08-29 10:22:53,566 [WARN] PackLoader:240 - Cannot read IP mode file for STMicroelectronics.FP-SNS-SMARTAG2.1.2.0
2024-08-29 10:22:53,586 [INFO] LogOutputStream:77 - [STDOUT_REDIRECT] 1 : Invalid condition id : UX_CORESTACK_Condition cause : null
2024-08-29 10:22:53,587 [INFO] LogOutputStream:77 - [STDOUT_REDIRECT] 1 : Invalid condition id : UX_CORESTACK_Condition cause : null
2024-08-29 10:22:53,588 [INFO] LogOutputStream:77 - [STDOUT_REDIRECT] 1 : Invalid condition id : UX_CORESTACK_Condition cause : null
2024-08-29 10:22:53,592 [INFO] LogOutputStream:77 - [STDOUT_REDIRECT] 1 : Invalid condition id : UX_CORESTACK_Condition cause : null
2024-08-29 10:22:53,593 [INFO] LogOutputStream:77 - [STDOUT_REDIRECT] 1 : Invalid condition id : UX_CORESTACK_Condition cause : null
2024-08-29 10:22:53,597 [WARN] PackLoader:240 - Cannot read IP mode file for STMicroelectronics.X-CUBE-AZRTOS-WL.2.0.0
2024-08-29 10:22:53,611 [WARN] PackLoader:240 - Cannot read IP mode file for STMicroelectronics.FP-SNS-MOTENV1.5.0.0
2024-08-29 10:22:53,627 [WARN] PackLoader:240 - Cannot read IP mode file for WES.I-CUBE-Cesium.1.3.0
2024-08-29 10:22:53,640 [WARN] PackLoader:240 - Cannot read IP mode file for STMicroelectronics.X-CUBE-BLE2.3.3.0
2024-08-29 10:22:53,655 [WARN] PackLoader:240 - Cannot read IP mode file for STMicroelectronics.X-CUBE-TCPP.4.1.0
2024-08-29 10:22:53,688 [WARN] PackLoader:240 - Cannot read IP mode file for STMicroelectronics.X-CUBE-AZRTOS-G0.1.1.0
2024-08-29 10:22:53,705 [WARN] PackLoader:240 - Cannot read IP mode file for STMicroelectronics.X-CUBE-SAFEA1.1.2.2
2024-08-29 10:22:53,719 [WARN] PackLoader:240 - Cannot read IP mode file for STMicroelectronics.X-CUBE-NFC4.3.0.0
2024-08-29 10:22:53,731 [WARN] PackLoader:240 - Cannot read IP mode file for wolfSSL.I-CUBE-wolfMQTT.1.18.0
2024-08-29 10:22:53,743 [ERROR] Engine:466 - C:\Users\LPPC-0016\.stm32cubemx\thirdparties\pdsc\EmbeddedOffice.I-CUBE-FS-RTOS.1.0.1.pdsc: PDSC version is not supported
2024-08-29 10:22:53,754 [ERROR] Engine:466 - C:\Users\LPPC-0016\.stm32cubemx\thirdparties\pdsc\RealThread.X-CUBE-RT-Thread_Nano.4.1.1.pdsc: PDSC version is not supported
2024-08-29 10:22:53,765 [WARN] PackLoader:240 - Cannot read IP mode file for wolfSSL.I-CUBE-wolfSSL.5.7.0
2024-08-29 10:22:53,777 [WARN] PackLoader:240 - Cannot read IP mode file for STMicroelectronics.FP-ATR-SIGFOX1.3.2.0
2024-08-29 10:22:53,793 [WARN] PackLoader:240 - Cannot read IP mode file for STMicroelectronics.X-CUBE-EEPRMA1.5.1.0
2024-08-29 10:22:53,839 [WARN] PackLoader:240 - Cannot read IP mode file for ITTIA_DB.I-CUBE-ITTIADB.8.9.0
2024-08-29 10:22:53,890 [WARN] PackLoader:240 - Cannot read IP mode file for SEGGER.I-CUBE-embOS.1.3.1
2024-08-29 10:22:54,018 [WARN] PackLoader:240 - Cannot read IP mode file for STMicroelectronics.X-CUBE-ALGOBUILD.1.4.0
2024-08-29 10:22:54,041 [WARN] PackLoader:240 - Cannot read IP mode file for STMicroelectronics.X-CUBE-GNSS1.6.0.0
2024-08-29 10:22:54,078 [WARN] PackLoader:240 - Cannot read IP mode file for STMicroelectronics.X-CUBE-AZRTOS-F4.1.1.0
2024-08-29 10:22:54,094 [WARN] PackLoader:240 - Cannot read IP mode file for STMicroelectronics.X-CUBE-FREERTOS.1.2.0
2024-08-29 10:22:54,123 [WARN] PackLoader:240 - Cannot read IP mode file for STMicroelectronics.X-CUBE-AZRTOS-L5.2.0.0
2024-08-29 10:22:54,151 [WARN] PackLoader:240 - Cannot read IP mode file for STMicroelectronics.X-CUBE-NFC6.3.1.0
2024-08-29 10:22:54,164 [ERROR] Engine:466 - C:\Users\LPPC-0016\.stm32cubemx\thirdparties\pdsc\STMicroelectronics.X-CUBE-DPower.1.2.0.pdsc: PDSC version is not supported
2024-08-29 10:22:54,177 [WARN] PackLoader:240 - Cannot read IP mode file for STMicroelectronics.X-CUBE-AI.9.0.0
2024-08-29 10:22:54,195 [WARN] PackLoader:240 - Cannot read IP mode file for STMicroelectronics.X-CUBE-NFC7.1.0.1
2024-08-29 10:22:54,234 [WARN] ConditionMgr:438 - getConditionDescription Invalid condition id : LAN8742 Phy interface Condition cause : null
2024-08-29 10:22:54,235 [WARN] PackLoader:240 - Cannot read IP mode file for STMicroelectronics.X-CUBE-AZRTOS-L4.2.0.0
2024-08-29 10:22:54,236 [WARN] ConditionMgr:1039 - genDependencies : Invalid condition id : LAN8742 Phy interface Condition cause : null
2024-08-29 10:22:54,236 [WARN] ConditionMgr:1039 - genDependencies : Invalid condition id : LAN8742 Phy interface Condition cause : null
2024-08-29 10:22:54,237 [WARN] ConditionMgr:1039 - genDependencies : Invalid condition id : LAN8742 Phy interface Condition cause : null
2024-08-29 10:22:54,254 [WARN] PackLoader:240 - Cannot read IP mode file for STMicroelectronics.X-CUBE-SFXS2LP1.4.0.0
2024-08-29 10:22:54,304 [WARN] PackLoader:240 - Cannot read IP mode file for STMicroelectronics.X-CUBE-AZRTOS-H7.3.3.0
2024-08-29 10:22:54,349 [WARN] ConditionMgr:438 - getConditionDescription Invalid condition id : UX DEVICE CLASS RTOS Condition cause : null
2024-08-29 10:22:54,349 [WARN] ConditionMgr:438 - getConditionDescription Invalid condition id : UX DEVICE CLASS RTOS Condition cause : null
2024-08-29 10:22:54,351 [WARN] PackLoader:240 - Cannot read IP mode file for STMicroelectronics.X-CUBE-AZRTOS-WB.2.0.0
2024-08-29 10:22:54,351 [WARN] ConditionMgr:1039 - genDependencies : Invalid condition id : UX DEVICE CLASS RTOS Condition cause : null
2024-08-29 10:22:54,351 [WARN] ConditionMgr:1039 - genDependencies : Invalid condition id : UX DEVICE CLASS RTOS Condition cause : null
2024-08-29 10:22:54,352 [WARN] ConditionMgr:1039 - genDependencies : Invalid condition id : UX DEVICE CLASS RTOS Condition cause : null
2024-08-29 10:22:54,352 [WARN] ConditionMgr:1039 - genDependencies : Invalid condition id : UX DEVICE CLASS RTOS Condition cause : null
2024-08-29 10:22:54,352 [WARN] ConditionMgr:1039 - genDependencies : Invalid condition id : UX DEVICE CLASS RTOS Condition cause : null
2024-08-29 10:22:54,364 [ERROR] Engine:466 - C:\Users\LPPC-0016\.stm32cubemx\thirdparties\pdsc\STMicroelectronics.FP-SNS-STBOX1.2.0.0.pdsc: PDSC version is not supported
2024-08-29 10:22:54,420 [WARN] PackLoader:240 - Cannot read IP mode file for STMicroelectronics.X-CUBE-SUBG2.5.0.0
2024-08-29 10:22:54,514 [WARN] PackLoader:240 - Cannot read IP mode file for STMicroelectronics.X-CUBE-AZRTOS-G4.2.0.0
2024-08-29 10:22:54,547 [WARN] PackLoader:240 - Cannot read IP mode file for STMicroelectronics.X-CUBE-ISPU.2.0.0
2024-08-29 10:22:54,560 [WARN] PackLoader:240 - Cannot read IP mode file for STMicroelectronics.X-CUBE-ALS.1.0.2
2024-08-29 10:22:54,609 [WARN] PackLoader:240 - Cannot read IP mode file for STMicroelectronics.X-CUBE-MEMS1.10.0.0
2024-08-29 10:22:54,818 [WARN] PackLoader:240 - Cannot read IP mode file for STMicroelectronics.X-CUBE-TOUCHGFX.4.24.0
2024-08-29 10:22:54,840 [WARN] PackLoader:240 - Cannot read IP mode file for portGmbH.I-Cube-SoM-uGOAL.1.1.0
2024-08-29 10:22:54,884 [WARN] PackLoader:240 - Cannot read IP mode file for STMicroelectronics.X-CUBE-AZRTOS-H7RS.1.0.0
2024-08-29 10:22:54,900 [WARN] PackLoader:240 - Cannot read IP mode file for STMicroelectronics.FP-ATR-ASTRA1.2.0.0
2024-08-29 10:22:55,014 [ERROR] Engine:466 - C:\Users\LPPC-0016\.stm32cubemx\thirdparties\pdsc\STMicroelectronics.X-CUBE-TOF1.3.4.2.pdsc: PDSC version is not supported
2024-08-29 10:22:55,035 [WARN] PackLoader:240 - Cannot read IP mode file for STMicroelectronics.X-CUBE-TOF1.3.4.1
2024-08-29 10:22:55,091 [WARN] PackLoader:240 - Cannot read IP mode file for STMicroelectronics.X-CUBE-AZRTOS-H7.3.2.0
2024-08-29 10:22:55,094 [INFO] ThirdParty:978 - Integrity check success = true
2024-08-29 10:22:55,094 [INFO] IntegrityCheckThread:100 - exiting critical section [integrity check]
2024-08-29 10:22:55,094 [INFO] IntegrityCheckThread:103 - End integrity checks thread
2024-08-29 10:23:05,227 [INFO] WebApp:157 - Instantiating new browser for Auth
2024-08-29 10:23:10,706 [INFO] WebApp:753 - Register for checkConnection events
2024-08-29 10:23:10,706 [INFO] WebApp:390 - Apply proxy settings
2024-08-29 10:23:10,706 [INFO] WebApp:475 - Chromium requires no authentication
2024-08-29 10:23:10,719 [INFO] WebApp:418 - Direct internet connection detected
2024-08-29 10:23:11,339 [INFO] WebApp:188 - Starting web application
2024-08-29 10:23:11,340 [INFO] WebApp:520 - Web application path used C:\ST\STM32CubeIDE_1.13.1\STM32CubeIDE\plugins\com.st.stm32cube.common.mx_6.9.1.202307191849\db\plugins\mcufinder\reactClient1\index.html
2024-08-29 10:23:32,779 [ERROR] LogOutputStream:75 - [STDERR_REDIRECT] SLF4J: Failed to load class "org.slf4j.impl.StaticLoggerBinder".
2024-08-29 10:23:32,780 [ERROR] LogOutputStream:75 - [STDERR_REDIRECT] SLF4J: Defaulting to no-operation (NOP) logger implementation
2024-08-29 10:23:32,781 [ERROR] LogOutputStream:75 - [STDERR_REDIRECT] SLF4J: See http://www.slf4j.org/codes.html#StaticLoggerBinder for further details.
2024-08-29 10:37:20,154 [ERROR] ConfigurationRetriever:142 - IOException on connection: Read timed out
2024-08-29 10:37:22,164 [ERROR] ConfigurationRetriever:142 - IOException on connection: Read timed out
2024-08-29 10:37:24,175 [ERROR] ConfigurationRetriever:142 - IOException on connection: Read timed out
2024-08-29 10:37:25,375 [ERROR] LogOutputStream:75 - [STDERR_REDIRECT] 
