C51 COMPILER V9.60.7.0   MIAN                                                              09/24/2024 09:33:12 PAGE 1   


C51 COMPILER V9.60.7.0, COMPILATION OF MODULE MIAN
OBJECT MODULE PLACED IN .\Objects\mian.obj
COMPILER INVOKED BY: D:\KEIL_STM32\C51\BIN\C51.EXE mian.c OPTIMIZE(8,SPEED) BROWSE DEBUG OBJECTEXTEND PRINT(.\Listings\m
                    -ian.lst) OBJECT(.\Objects\mian.obj)

line level    source

   1          #include <REGX52.H>
   2          #include "lcd12864.h"
   3          #include "picture.h"
   4          
   5          unsigned char mode;
   6          
   7          void main(void)
   8          {
   9   1              
  10   1      
  11   1              Lcd12864spi_init();            // ≥ı ºªØLCD
  12   1              Display_Clear();
  13   1              charlcdfill(' ');
  14   1              
  15   1              FillScreenWithPattern(0xff); 
  16   1              FillCheckerboardPattern();
  17   1              FillVerticalStripePattern();
  18   1              FillHorizontalStripePattern();
  19   1              FillDiagonalLinePattern();
  20   1      
  21   1              FillScreenWithPattern(0x00);
  22   1      
  23   1          drawimge(Img_SUNMAN_128x64);
  24   1      
  25   1      
  26   1      
  27   1      
  28   1      while (1)
  29   1      {
  30   2                      if(ReadKey1())
  31   2                      mode++;
  32   2                      mode%=6;
  33   2                      switch(mode){
  34   3                              case 0:FillCheckerboardPattern();
  35   3                              break;
  36   3                              case 1:FillVerticalStripePattern();
  37   3                              break;
  38   3                              case 2:FillHorizontalStripePattern();
  39   3                              break;
  40   3                              case 3:FillDiagonalLinePattern();
  41   3                              break;
  42   3                              case 4:FillScreenWithPattern(0xff);
  43   3                              break;
  44   3                              case 5:drawimge(Img_SUNMAN_128x64);;
  45   3      }               
  46   2              
  47   2              }
  48   1      
  49   1      
  50   1      } 
  51          


MODULE INFORMATION:   STATIC OVERLAYABLE
C51 COMPILER V9.60.7.0   MIAN                                                              09/24/2024 09:33:12 PAGE 2   

   CODE SIZE        =    117    ----
   CONSTANT SIZE    =   ----    ----
   XDATA SIZE       =   ----    ----
   PDATA SIZE       =   ----    ----
   DATA SIZE        =      1    ----
   IDATA SIZE       =   ----    ----
   BIT SIZE         =   ----    ----
END OF MODULE INFORMATION.


C51 COMPILATION COMPLETE.  0 WARNING(S),  0 ERROR(S)
