C51 COMPILER V9.60.7.0   PICTURE                                                           09/23/2024 16:02:56 PAGE 1   


C51 COMPILER V9.60.7.0, COMPILATION OF MODULE PICTURE
OBJECT MODULE PLACED IN .\Objects\picture.obj
COMPILER INVOKED BY: D:\KEIL_STM32\C51\BIN\C51.EXE picture.c OPTIMIZE(8,SPEED) BROWSE DEBUG OBJECTEXTEND PRINT(.\Listing
                    -s\picture.lst) OBJECT(.\Objects\picture.obj)

line level    source

   1          #include <REGX52.H>
   2          
   3          unsigned char code Img_SUNMAN_128x64[]={128,64,
   4          0x00,0x00,0x00,0x00,0x00,0x00,0x00,0x0F,0x78,0x00,0x00,0x00,0x00,0x00,0x00,0x00,
   5          0x00,0x00,0x00,0x00,0x00,0x00,0x00,0x3C,0x1E,0x00,0x00,0x00,0x00,0x00,0x00,0x00,
   6          0x00,0x00,0x00,0x00,0x00,0x00,0x00,0xF0,0x07,0x80,0x00,0x00,0x00,0x00,0x00,0x00,
   7          0x00,0x00,0x00,0x00,0x00,0x00,0x03,0xC0,0x01,0xE0,0x00,0x00,0x00,0x00,0x00,0x00,
   8          0x00,0x00,0x00,0x00,0x00,0x00,0x0F,0x00,0x00,0x78,0x00,0x00,0x00,0x00,0x00,0x00,
   9          0x00,0x00,0x00,0x00,0x00,0x00,0x3C,0x00,0x00,0x1E,0x00,0x00,0x00,0x00,0x00,0x00,
  10          0x00,0x00,0x00,0x00,0x00,0x00,0xF0,0x00,0x00,0x07,0x80,0x00,0x00,0x00,0x00,0x00,
  11          0x00,0x00,0x00,0x00,0x00,0x03,0xC0,0x00,0x00,0x01,0xC0,0x00,0x00,0x00,0x00,0x00,
  12          0x00,0x00,0x00,0x00,0x00,0x0F,0x00,0x00,0x00,0x00,0x70,0x00,0x00,0x00,0x00,0x00,
  13          0x00,0x00,0x00,0x00,0x00,0x3C,0x00,0x00,0x00,0x00,0x1C,0x00,0x00,0x00,0x00,0x00,
  14          0x00,0x00,0x00,0x00,0x00,0xF0,0x00,0x00,0x00,0x00,0x1E,0x00,0x00,0x00,0x00,0x00,
  15          0x00,0x00,0x00,0x00,0x03,0xC0,0x00,0x00,0x00,0x00,0x7E,0x00,0x00,0x00,0x00,0x00,
  16          0x00,0x00,0x00,0x00,0x0F,0x00,0x00,0x00,0x00,0x01,0xE6,0x00,0x00,0x00,0x00,0x00,
  17          0x00,0x00,0x00,0x00,0x3C,0x00,0x00,0x00,0x00,0x07,0x82,0x00,0x00,0x00,0x00,0x00,
  18          0x00,0x00,0x00,0x00,0xF0,0x00,0x00,0x00,0x00,0x1E,0x02,0x00,0x00,0x00,0x00,0x00,
  19          0x00,0x00,0x00,0x01,0xE0,0x00,0x00,0x00,0x00,0x78,0x03,0x00,0x00,0x00,0x00,0x00,
  20          0x00,0x00,0x00,0x01,0xE0,0x00,0x00,0x00,0x01,0xE0,0x03,0x00,0x00,0x00,0x00,0x00,
  21          0x00,0x00,0x00,0x01,0x78,0x00,0x00,0x00,0x07,0x80,0x01,0x00,0x00,0x00,0x00,0x00,
  22          0x00,0x00,0x00,0x03,0x1E,0x00,0x00,0x00,0x1E,0x00,0x07,0x00,0x00,0x00,0x00,0x00,
  23          0x00,0x00,0x00,0x03,0x07,0x80,0x00,0x00,0x78,0x00,0x1F,0x00,0x00,0x00,0x00,0x00,
  24          0x00,0x00,0x00,0x02,0x01,0xE0,0x00,0x01,0xE0,0x00,0x3F,0x00,0x00,0x00,0x00,0x00,
  25          0x00,0x00,0x00,0x06,0x00,0x78,0x1F,0x07,0x80,0x01,0xF1,0x80,0x00,0x00,0x00,0x00,
  26          0x00,0x00,0x00,0x0E,0x00,0x1E,0x3F,0x9E,0x00,0x03,0xF9,0x80,0x00,0x00,0x00,0x00,
  27          0x00,0x00,0x00,0x0E,0x00,0x07,0xB3,0x78,0x00,0x0F,0xF9,0x80,0x00,0x00,0x00,0x00,
  28          0x00,0x00,0x00,0x0F,0x80,0x01,0xFF,0xE0,0x00,0x79,0x98,0x80,0x00,0x00,0x00,0x00,
  29          0x00,0x00,0x00,0x0F,0xE0,0x00,0x7F,0x80,0x00,0xE0,0xD8,0x80,0x00,0x00,0x00,0x00,
  30          0x00,0x00,0x00,0x0F,0xF8,0x00,0x0C,0x00,0x07,0xE0,0xF8,0x80,0x00,0x00,0x00,0x00,
  31          0x00,0x00,0x00,0x0E,0x7E,0x00,0x0C,0x00,0x1F,0xF0,0xF8,0x80,0x00,0x00,0x00,0x00,
  32          0x00,0x00,0x00,0x0E,0x1F,0x80,0x0C,0x00,0x7E,0x70,0xDC,0x80,0x00,0x00,0x00,0x00,
  33          0x00,0x00,0x00,0x0F,0x07,0xE0,0x0C,0x01,0xE3,0x70,0x5C,0xC0,0x00,0x00,0x00,0x00,
  34          0x00,0x00,0x00,0x0F,0x81,0xF8,0x0C,0x07,0x83,0x70,0x5F,0xC0,0x00,0x00,0x00,0x00,
  35          0x00,0x00,0x00,0x0D,0xE0,0x7E,0x0C,0x1F,0xC1,0xF0,0x5F,0xC0,0x00,0x00,0x00,0x00,
  36          0x00,0x00,0x00,0x0F,0x78,0x3F,0x8C,0x7F,0xC1,0xB8,0x47,0xC0,0x00,0x00,0x00,0x00,
  37          0x00,0x00,0x00,0x0F,0x1E,0x0F,0xED,0xEC,0xE1,0xB8,0xC7,0xC0,0x00,0x00,0x00,0x00,
  38          0x00,0x00,0x00,0x1F,0x07,0x83,0xFF,0xC6,0xE1,0xB9,0xC7,0xC0,0x00,0x00,0x00,0x00,
  39          0x00,0x00,0x00,0x1F,0x07,0xE0,0xFF,0xE7,0xE1,0xBF,0x07,0xC0,0x00,0x00,0x00,0x00,
  40          0x00,0x00,0x00,0x1F,0x07,0xF8,0x3F,0xE7,0xE1,0xBF,0x07,0xC0,0x00,0x00,0x00,0x00,
  41          0x00,0x00,0x00,0x1F,0x07,0x9E,0x0C,0xE6,0xE1,0x8F,0x07,0xC0,0x00,0x00,0x00,0x00,
  42          0x00,0x00,0x00,0x1F,0x07,0x87,0x8C,0xE6,0xE3,0x8F,0x83,0xC0,0x00,0x00,0x00,0x00,
  43          0x00,0x00,0x00,0x1F,0x0F,0x81,0xED,0xE6,0xE7,0x0F,0x83,0xC0,0x00,0x00,0x00,0x00,
  44          0x00,0x00,0x00,0x1F,0x07,0x00,0x7F,0xE6,0xFE,0x0F,0x83,0x40,0x00,0x00,0x00,0x00,
  45          0x00,0x00,0x00,0x1F,0x00,0x00,0x1E,0x76,0xFE,0x0F,0x83,0x40,0x00,0x00,0x00,0x00,
  46          0x00,0x00,0x00,0x1E,0x00,0x00,0x00,0x72,0x1E,0x0F,0x83,0x40,0x00,0x00,0x00,0x00,
  47          0x00,0x00,0x00,0x1E,0x00,0x00,0x00,0x7E,0x1A,0x0F,0x83,0x40,0x00,0x00,0x00,0x00,
  48          0x00,0x00,0x00,0x1E,0x00,0x00,0x00,0x7C,0x1A,0x0F,0x83,0xC0,0x00,0x00,0x00,0x00,
  49          0x00,0x00,0x00,0x0C,0x00,0x00,0x00,0x78,0x1A,0x0F,0x83,0xC0,0x00,0x00,0x00,0x00,
  50          0x00,0x00,0x00,0x00,0x00,0x00,0x00,0x78,0x1A,0x07,0x83,0xC0,0x00,0x00,0x00,0x00,
  51          0x00,0x00,0x00,0x00,0x00,0x00,0x00,0x7C,0x1E,0x07,0x80,0x00,0x00,0x00,0x00,0x00,
  52          0x00,0x00,0x00,0x00,0x00,0x00,0x00,0x7C,0x1F,0x07,0x80,0x00,0x00,0x00,0x00,0x00,
  53          0x00,0x00,0x00,0x00,0x00,0x00,0x00,0x7C,0x1F,0x07,0x80,0x00,0x00,0x00,0x00,0x00,
  54          0x00,0x00,0x00,0x00,0x00,0x00,0x00,0x7C,0x1F,0x07,0x80,0x00,0x00,0x00,0x00,0x00,
C51 COMPILER V9.60.7.0   PICTURE                                                           09/23/2024 16:02:56 PAGE 2   

  55          0x00,0x00,0x00,0x00,0x00,0x00,0x00,0x7C,0x1F,0x07,0x00,0x00,0x00,0x00,0x00,0x00,
  56          0x00,0x00,0x00,0x00,0x00,0x00,0x00,0x7C,0x1F,0x00,0x00,0x00,0x00,0x00,0x00,0x00,
  57          0x00,0x00,0x00,0x00,0x00,0x00,0x00,0x7C,0x1F,0x00,0x00,0x00,0x00,0x00,0x00,0x00,
  58          0x00,0x00,0x00,0x00,0x00,0x00,0x00,0x3C,0x1F,0x00,0x00,0x00,0x00,0x00,0x00,0x00,
  59          0x00,0x00,0x00,0x00,0x00,0x00,0x00,0x3C,0x1F,0x00,0x00,0x00,0x00,0x00,0x00,0x00,
  60          0x00,0x00,0x00,0x00,0x00,0x00,0x00,0x34,0x0C,0x00,0x00,0x00,0x00,0x00,0x00,0x00,
  61          0x00,0x00,0x00,0x00,0x00,0x00,0x00,0x34,0x00,0x00,0x00,0x00,0x00,0x00,0x00,0x00,
  62          0x00,0x00,0x00,0x00,0x00,0x00,0x00,0x34,0x00,0x00,0x00,0x00,0x00,0x00,0x00,0x00,
  63          0x00,0x00,0x00,0x00,0x00,0x00,0x00,0x3C,0x00,0x00,0x00,0x00,0x00,0x00,0x00,0x00,
  64          0x00,0x00,0x00,0x00,0x00,0x00,0x00,0x3C,0x00,0x00,0x00,0x00,0x00,0x00,0x00,0x00,
  65          0x00,0x00,0x00,0x00,0x00,0x00,0x00,0x10,0x00,0x00,0x00,0x00,0x00,0x00,0x00,0x00,
  66          0x00,0x00,0x00,0x00,0x00,0x00,0x00,0x00,0x00,0x00,0x00,0x00,0x00,0x00,0x00,0x00,
  67          0x00,0x00,0x00,0x00,0x00,0x00,0x00,0x00,0x00,0x00,0x00,0x00,0x00,0x00,0x00,0x00,};
  68          
  69          //unsigned char code CHAR4CGRAMTAB[]={};        


MODULE INFORMATION:   STATIC OVERLAYABLE
   CODE SIZE        =   ----    ----
   CONSTANT SIZE    =   1026    ----
   XDATA SIZE       =   ----    ----
   PDATA SIZE       =   ----    ----
   DATA SIZE        =   ----    ----
   IDATA SIZE       =   ----    ----
   BIT SIZE         =   ----    ----
END OF MODULE INFORMATION.


C51 COMPILATION COMPLETE.  0 WARNING(S),  0 ERROR(S)
