C51 COMPILER V9.60.7.0   MAIN                                                              12/13/2024 09:09:28 PAGE 1   


C51 COMPILER V9.60.7.0, COMPILATION OF MODULE MAIN
OBJECT MODULE PLACED IN .\Objects\main.obj
COMPILER INVOKED BY: D:\KEIL_STM32\C51\BIN\C51.EXE main.c OPTIMIZE(8,SPEED) BROWSE DEBUG OBJECTEXTEND PRINT(.\Listings\m
                    -ain.lst) OBJECT(.\Objects\main.obj)

line level    source

   1          #include <REGX52.H>
   2          #include "lcd240128.h"
   3          #include "picture.h"
   4          sbit LCD_FS=P3^5;
   5          sbit LCD_EN=P3^3;
   6          //unsigned char mode;
   7          
   8          //void Main( void )   
   9          //{
  10          //      LCD_EN=0;  
  11          //      LCD_FS=0; 
  12          //      LcmInit(); 
  13          //      LcmClear();
  14          //    DisplayDots(0x55,0xaa);
  15          //    Delay(500);       
  16          //    DisplayDots(0xaa,0x55);
  17          //    Delay(500);  
  18          //    DisplayDots(0x55,0x55);
  19          //    Delay(500);       
  20          //    DisplayDots(0xaa,0xaa);
  21          //    Delay(500); 
  22          //    DisplayDots(0xff,0x00);
  23          //    Delay(500); 
  24          //    DisplayDots(0x00,0xff);
  25          //    Delay(500); 
  26          //      DisplayDots(0xff,0xff);
  27          //    Delay(500);       
  28          //      LcmClear();
  29          //      
  30          //    DisplayBMP(0,0,240,128,BMP1);   
  31          //    Delay(500);    
  32          //    ReverseDisplayBMP(0,0,240,128,BMP1);   
  33          //    Delay(500);
  34          //      
  35          //      LcmClear();
  36          //      Display_FullCGROM();
  37          //      Delay(500);
  38          //      
  39          //      LcmClear();
  40          //      picture();
  41          //      
  42          
  43          // while(1)  
  44          //{
  45          
  46          //              if(ReadKey1())
  47          //              mode++;
  48          //              mode%=10;
  49          //              LcmClear();
  50          //              switch(mode){   
  51          //              case 0:DisplayDots(0xff,0x00);
  52          //              break;
  53          //              case 1:DisplayDots(0x55,0xaa);
  54          //              break;
C51 COMPILER V9.60.7.0   MAIN                                                              12/13/2024 09:09:28 PAGE 2   

  55          //              case 2:DisplayDots(0x55,0x55);
  56          //              break;
  57          //              case 3:DisplayDots(0x00,0xff);
  58          //              break;
  59          //              case 4:DisplayDots(0xaa,0xaa);
  60          //              break;
  61          //              case 5:picture();       
  62          //              break;
  63          //              case 6:Display_FullCGROM();     
  64          //              break;
  65          //              case 7:DisplayBMP(0,0,240,128,BMP1);    
  66          //              break;
  67          //              case 8:ReverseDisplayBMP(0,0,240,128,BMP1);
  68          //              break;
  69          //              case 9:ReverseDisplayBMP(0,0,240,128,BMP0); 
  70          //              break;
  71          
  72          //}
  73          // }   
  74          //}
  75          
  76          
  77          
  78          
  79          void main(void)   
  80          {
  81   1          LCD_EN = 0;  
  82   1          LCD_FS = 0; 
  83   1          LcmInit(); 
  84   1          LcmClear();
  85   1      
  86   1          while (1)  
  87   1          {
  88   2            
  89   2              if (ReadKey1()) 
  90   2              {
  91   3                  HandleKey(); 
  92   3              } 
  93   2              else 
  94   2              {
  95   3                
  96   3                  DisplayPatterns(); 
  97   3              }
  98   2          }   
  99   1      }


MODULE INFORMATION:   STATIC OVERLAYABLE
   CODE SIZE        =     27    ----
   CONSTANT SIZE    =   ----    ----
   XDATA SIZE       =   ----    ----
   PDATA SIZE       =   ----    ----
   DATA SIZE        =   ----    ----
   IDATA SIZE       =   ----    ----
   BIT SIZE         =   ----    ----
END OF MODULE INFORMATION.


C51 COMPILATION COMPLETE.  0 WARNING(S),  0 ERROR(S)
