C51 COMPILER V9.60.7.0   PICTURE                                                           11/27/2024 20:45:13 PAGE 1   


C51 COMPILER V9.60.7.0, COMPILATION OF MODULE PICTURE
OBJECT MODULE PLACED IN .\Objects\picture.obj
COMPILER INVOKED BY: D:\KEIL_STM32\C51\BIN\C51.EXE picture.c OPTIMIZE(8,SPEED) BROWSE DEBUG OBJECTEXTEND PRINT(.\Listing
                    -s\picture.lst) OBJECT(.\Objects\picture.obj)

line level    source

   1          unsigned char code Chinese_character[]=
   2          {
   3          /*-- ID:17,字符:"y",ASCII编码:79,对应字:宽x高=8x16,画布:宽W=8 高H=16,共16字节*/
   4          0x00,0x00,0x00,0x00,0x00,0x00,0xE7,0x42,0x24,0x24,0x18,0x18,0x10,0x10,0x60,0x00,
   5          /*-- ID:8,字符:"e",ASCII编码:65,对应字:宽x高=8x16,画布:宽W=8 高H=16,共16字节*/
   6          0x00,0x00,0x00,0x00,0x00,0x00,0x3C,0x42,0x42,0x7E,0x40,0x42,0x3C,0x00,0x00,0x00,
   7          /*-- ID:0,字符:"h",ASCII编码:68,对应字:宽x高=8x16,画布:宽W=8 高H=16,共16字节*/
   8          0x00,0x00,0x00,0xC0,0x40,0x40,0x5C,0x62,0x42,0x42,0x42,0x42,0xE7,0x00,0x00,0x00,
   9          /*-- ID:1,字符:"u",ASCII编码:75,对应字:宽x高=8x16,画布:宽W=8 高H=16,共16字节*/
  10          0x00,0x00,0x00,0x00,0x00,0x00,0xC6,0x42,0x42,0x42,0x42,0x46,0x3B,0x00,0x00,0x00,
  11          /*-- ID:10,字符:"i",ASCII编码:69,对应字:宽x高=8x16,画布:宽W=8 高H=16,共16字节*/
  12          0x00,0x00,0x30,0x30,0x00,0x00,0x70,0x10,0x10,0x10,0x10,0x10,0x7C,0x00,0x00,0x00,
  13          /*-- ID:7,字符:"d",ASCII编码:64,对应字:宽x高=8x16,画布:宽W=8 高H=16,共16字节*/
  14          0x00,0x00,0x00,0x06,0x02,0x02,0x3E,0x42,0x42,0x42,0x42,0x46,0x3B,0x00,0x00,0x00,
  15          /*-- ID:10,字符:"i",ASCII编码:69,对应字:宽x高=8x16,画布:宽W=8 高H=16,共16字节*/
  16          0x00,0x00,0x30,0x30,0x00,0x00,0x70,0x10,0x10,0x10,0x10,0x10,0x7C,0x00,0x00,0x00,
  17          /*-- ID:16,字符:"s",ASCII编码:73,对应字:宽x高=8x16,画布:宽W=8 高H=16,共16字节*/
  18          0x00,0x00,0x00,0x00,0x00,0x00,0x3E,0x42,0x40,0x3C,0x02,0x42,0x7C,0x00,0x00,0x00,
  19          /*-- ID:14,字符:"p",ASCII编码:70,对应字:宽x高=8x16,画布:宽W=8 高H=16,共16字节*/
  20          0x00,0x00,0x00,0x00,0x00,0x00,0xD8,0x64,0x42,0x42,0x42,0x64,0x58,0x40,0xE0,0x00,
  21          /*-- ID:11,字符:"l",ASCII编码:6C,对应字:宽x高=8x16,画布:宽W=8 高H=16,共16字节*/
  22          0x00,0x00,0x10,0x70,0x10,0x10,0x10,0x10,0x10,0x10,0x10,0x10,0x7C,0x00,0x00,0x00,
  23          /*-- ID:5,字符:"a",ASCII编码:61,对应字:宽x高=8x16,画布:宽W=8 高H=16,共16字节*/
  24          0x00,0x00,0x00,0x00,0x00,0x00,0x38,0x44,0x0C,0x34,0x44,0x4C,0x36,0x00,0x00,0x00,
  25          /*-- ID:17,字符:"y",ASCII编码:79,对应字:宽x高=8x16,画布:宽W=8 高H=16,共16字节*/
  26          0x00,0x00,0x00,0x00,0x00,0x00,0xE7,0x42,0x24,0x24,0x18,0x18,0x10,0x10,0x60,0x00,
  27          /*-- ID:0,字符:".",ASCII编码:2E,对应字:宽x高=8x16,画布:宽W=8 高H=16,共16字节*/
  28          0x00,0x00,0x00,0x00,0x00,0x00,0x00,0x00,0x00,0x00,0x00,0x60,0x60,0x00,0x00,0x00,
  29          /*-- ID:6,字符:"c",ASCII编码:63,对应字:宽x高=8x16,画布:宽W=8 高H=16,共16字节*/
  30          0x00,0x00,0x00,0x00,0x00,0x00,0x1C,0x22,0x40,0x40,0x40,0x22,0x1C,0x00,0x00,0x00,
  31          /*-- ID:13,字符:"o",ASCII编码:6F,对应字:宽x高=8x16,画布:宽W=8 高H=16,共16字节*/
  32          0x00,0x00,0x00,0x00,0x00,0x00,0x3C,0x42,0x42,0x42,0x42,0x42,0x3C,0x00,0x00,0x00,
  33          /*-- ID:12,字符:"m",ASCII编码:6D,对应字:宽x高=8x16,画布:宽W=8 高H=16,共16字节*/
  34          0x00,0x00,0x00,0x00,0x00,0x00,0xFE,0x49,0x49,0x49,0x49,0x49,0xED,0x00,0x00,0x00,
  35          /*-- ID:4,字符:"Y",ASCII编码:59,对应字:宽x高=8x16,画布:宽W=8 高H=16,共16字节*/
  36          0x00,0x00,0xEE,0x44,0x44,0x28,0x28,0x10,0x10,0x10,0x10,0x10,0x38,0x00,0x00,0x00,
  37          /*-- ID:2,字符:"H",ASCII编码:48,对应字:宽x高=8x16,画布:宽W=8 高H=16,共16字节*/
  38          0x00,0x00,0xE7,0x42,0x42,0x42,0x42,0x7E,0x42,0x42,0x42,0x42,0xE7,0x00,0x00,0x00,
  39          /*-- ID:0,字符:"B",ASCII编码:42,对应字:宽x高=8x16,画布:宽W=8 高H=16,共16字节*/
  40          0x00,0x00,0xF8,0x44,0x44,0x44,0x78,0x44,0x42,0x42,0x42,0x44,0xF8,0x00,0x00,0x00,
  41          /*-- ID:0,字符:"G",ASCII编码:47,对应字:宽x高=8x16,画布:宽W=8 高H=16,共16字节*/
  42          0x00,0x00,0x3C,0x44,0x44,0x80,0x80,0x80,0x8E,0x84,0x44,0x44,0x38,0x00,0x00,0x00,
  43          /*-- ID:2,字符:"2",ASCII编码:32,对应字:宽x高=8x16,画布:宽W=8 高H=16,共16字节*/
  44          0x00,0x00,0x3C,0x42,0x42,0x42,0x02,0x04,0x08,0x10,0x20,0x42,0x7E,0x00,0x00,0x00,
  45          /*-- ID:3,字符:"4",ASCII编码:34,对应字:宽x高=8x16,画布:宽W=8 高H=16,共16字节*/
  46          0x00,0x00,0x04,0x0C,0x0C,0x14,0x24,0x24,0x44,0x7F,0x04,0x04,0x1F,0x00,0x00,0x00,
  47          /*-- ID:0,字符:"0",ASCII编码:30,对应字:宽x高=8x16,画布:宽W=8 高H=16,共16字节*/
  48          0x00,0x00,0x18,0x24,0x42,0x42,0x42,0x42,0x42,0x42,0x42,0x24,0x18,0x00,0x00,0x00,
  49          /*-- ID:1,字符:"1",ASCII编码:31,对应字:宽x高=8x16,画布:宽W=8 高H=16,共16字节*/
  50          0x00,0x00,0x08,0x38,0x08,0x08,0x08,0x08,0x08,0x08,0x08,0x08,0x3E,0x00,0x00,0x00,
  51          /*-- ID:2,字符:"2",ASCII编码:32,对应字:宽x高=8x16,画布:宽W=8 高H=16,共16字节*/
  52          0x00,0x00,0x3C,0x42,0x42,0x42,0x02,0x04,0x08,0x10,0x20,0x42,0x7E,0x00,0x00,0x00,
  53          /*-- ID:4,字符:"8",ASCII编码:38,对应字:宽x高=8x16,画布:宽W=8 高H=16,共16字节*/
  54          0x00,0x00,0x3C,0x42,0x42,0x42,0x24,0x18,0x24,0x42,0x42,0x42,0x3C,0x00,0x00,0x00,
C51 COMPILER V9.60.7.0   PICTURE                                                           11/27/2024 20:45:13 PAGE 2   

  55          /*-- ID:0,字符:"B",ASCII编码:42,对应字:宽x高=8x16,画布:宽W=8 高H=16,共16字节*/
  56          //0x00,0x00,0xF8,0x44,0x44,0x44,0x78,0x44,0x42,0x42,0x42,0x44,0xF8,0x00,0x00,0x00,
  57          /*-- ID:0,字符:"-",ASCII编码:2D,对应字:宽x高=8x16,画布:宽W=8 高H=16,共16字节*/
  58          0x00,0x00,0x00,0x00,0x00,0x00,0x00,0x7E,0x00,0x00,0x00,0x00,0x00,0x00,0x00,0x00,
  59          /*-- ID:0,字符:"0",ASCII编码:30,对应字:宽x高=8x16,画布:宽W=8 高H=16,共16字节*/
  60          0x00,0x00,0x18,0x24,0x42,0x42,0x42,0x42,0x42,0x42,0x42,0x24,0x18,0x00,0x00,0x00,
  61          /*-- ID:1,字符:"5",ASCII编码:35,对应字:宽x高=8x16,画布:宽W=8 高H=16,共16字节*/
  62          0x00,0x00,0x7E,0x40,0x40,0x40,0x78,0x44,0x02,0x02,0x42,0x44,0x38,0x00,0x00,0x00,
  63          /*-- ID:3,字符:"S",ASCII编码:53,对应字:宽x高=8x16,画布:宽W=8 高H=16,共16字节*/
  64          0x00,0x00,0x3E,0x42,0x42,0x40,0x20,0x18,0x04,0x02,0x42,0x42,0x7C,0x00,0x00,0x00,
  65          /*-- ID:10,字符:"i",ASCII编码:69,对应字:宽x高=8x16,画布:宽W=8 高H=16,共16字节*/
  66          0x00,0x00,0x30,0x30,0x00,0x00,0x70,0x10,0x10,0x10,0x10,0x10,0x7C,0x00,0x00,0x00,
  67          /*-- ID:0,字符:"z",ASCII编码:7A,对应字:宽x高=8x16,画布:宽W=8 高H=16,共16字节*/
  68          0x00,0x00,0x00,0x00,0x00,0x00,0x7E,0x44,0x08,0x10,0x10,0x22,0x7E,0x00,0x00,0x00,
  69          /*-- ID:8,字符:"e",ASCII编码:65,对应字:宽x高=8x16,画布:宽W=8 高H=16,共16字节*/
  70          0x00,0x00,0x00,0x00,0x00,0x00,0x3C,0x42,0x42,0x7E,0x40,0x42,0x3C,0x00,0x00,0x00,
  71          /*-- ID:0,字符:":",ASCII编码:3A,对应字:宽x高=8x16,画布:宽W=8 高H=16,共16字节*/
  72          0x00,0x00,0x00,0x00,0x00,0x18,0x18,0x00,0x00,0x00,0x00,0x18,0x18,0x00,0x00,0x00,
  73          /*-- ID:1,字符:"1",ASCII编码:31,对应字:宽x高=8x16,画布:宽W=8 高H=16,共16字节*/
  74          0x00,0x00,0x08,0x38,0x08,0x08,0x08,0x08,0x08,0x08,0x08,0x08,0x3E,0x00,0x00,0x00,
  75          /*-- ID:3,字符:"4",ASCII编码:34,对应字:宽x高=8x16,画布:宽W=8 高H=16,共16字节*/
  76          0x00,0x00,0x04,0x0C,0x0C,0x14,0x24,0x24,0x44,0x7F,0x04,0x04,0x1F,0x00,0x00,0x00,
  77          /*-- ID:3,字符:"4",ASCII编码:34,对应字:宽x高=8x16,画布:宽W=8 高H=16,共16字节*/
  78          0x00,0x00,0x04,0x0C,0x0C,0x14,0x24,0x24,0x44,0x7F,0x04,0x04,0x1F,0x00,0x00,0x00,
  79          /*-- ID:43,字符:"*",ASCII编码:2A,对应字:宽x高=8x16,画布:宽W=8 高H=16,共16字节*/
  80          0x00,0x00,0x00,0x10,0x10,0xD6,0x38,0x38,0xD6,0x10,0x10,0x00,0x00,0x00,0x00,0x00,
  81          /*-- ID:1,字符:"1",ASCII编码:31,对应字:宽x高=8x16,画布:宽W=8 高H=16,共16字节*/
  82          0x00,0x00,0x08,0x38,0x08,0x08,0x08,0x08,0x08,0x08,0x08,0x08,0x3E,0x00,0x00,0x00,
  83          /*-- ID:0,字符:"0",ASCII编码:30,对应字:宽x高=8x16,画布:宽W=8 高H=16,共16字节*/
  84          0x00,0x00,0x18,0x24,0x42,0x42,0x42,0x42,0x42,0x42,0x42,0x24,0x18,0x00,0x00,0x00,
  85          /*-- ID:3,字符:"4",ASCII编码:34,对应字:宽x高=8x16,画布:宽W=8 高H=16,共16字节*/
  86          0x00,0x00,0x04,0x0C,0x0C,0x14,0x24,0x24,0x44,0x7F,0x04,0x04,0x1F,0x00,0x00,0x00,
  87          };
  88          
  89          
  90          unsigned char code BMP0[]={
  91          
  92          /*-[数据排列]:从左到右从上到下 [取模方式]:横向8点左高位 [正负反色]:否
  93          图像尺寸:240x128 画布尺寸:240x128，共3840个字节-*/
  94          0xFF,0xFF,0xFF,0xFF,0xFF,0xFF,0xFF,0xFF,0xFF,0xFF,0xFF,0xFF,0xFF,0xFF,0xFF,0xFF,
  95          0xFF,0xFF,0xFF,0xFF,0xFF,0xFF,0xFF,0xFF,0xFF,0xFF,0xFF,0xFF,0xFF,0xFF,0x80,0x00,
  96          0x00,0x00,0x00,0x00,0x00,0x00,0x00,0x00,0x00,0x00,0x00,0x00,0x00,0x00,0x00,0x00,
  97          0x00,0x00,0x00,0x00,0x00,0x00,0x00,0x00,0x00,0x00,0x00,0x01,0x80,0x00,0x00,0x00,
  98          0x00,0x00,0x00,0x00,0x00,0x00,0x00,0x00,0x00,0x00,0x00,0x00,0x00,0x00,0x00,0x00,
  99          0x00,0x00,0x00,0x00,0x00,0x00,0x00,0x00,0x00,0x01,0x80,0x00,0x00,0x00,0x00,0x00,
 100          0x00,0x00,0x00,0x00,0x00,0x00,0x00,0x00,0x00,0x00,0x00,0x00,0x00,0x00,0x00,0x00,
 101          0x00,0x00,0x00,0x00,0x00,0x00,0x00,0x01,0x80,0x00,0x00,0x00,0x00,0x00,0x00,0x00,
 102          0x00,0x00,0x00,0x00,0x00,0x00,0x00,0x00,0x00,0x00,0x00,0x00,0x00,0x00,0x00,0x00,
 103          0x00,0x00,0x00,0x00,0x00,0x01,0x80,0x00,0x00,0x00,0x00,0x00,0x00,0x00,0x00,0x00,
 104          0x00,0x00,0x00,0x00,0x00,0x00,0x00,0x00,0x00,0x00,0x00,0x00,0x00,0x00,0x00,0x00,
 105          0x00,0x00,0x00,0x01,0x80,0x00,0x00,0x00,0x00,0x00,0x00,0x00,0x00,0x00,0x00,0x00,
 106          0x00,0x00,0x00,0x00,0x00,0x00,0x00,0x00,0x00,0x00,0x00,0x00,0x00,0x00,0x00,0x00,
 107          0x00,0x01,0x80,0x00,0x00,0x00,0x00,0x00,0x00,0x00,0x00,0x00,0x00,0x00,0x00,0x00,
 108          0x00,0x00,0x00,0x00,0x00,0x00,0x00,0x00,0x00,0x00,0x00,0x00,0x00,0x00,0x00,0x01,
 109          0x80,0x00,0x00,0x00,0x00,0x00,0x00,0x00,0x00,0x00,0x00,0x00,0x00,0x00,0x00,0x00,
 110          0x00,0x00,0x00,0x00,0x00,0x00,0x00,0x00,0x00,0x00,0x00,0x00,0x00,0x01,0x80,0x00,
 111          0x00,0x00,0x00,0x00,0x00,0x00,0x00,0x00,0x00,0x00,0x00,0x00,0x00,0x00,0x00,0x00,
 112          0x00,0x00,0x00,0x00,0x00,0x00,0x00,0x00,0x00,0x00,0x00,0x01,0x80,0x00,0x00,0x00,
 113          0x00,0x00,0x00,0x00,0x00,0x00,0x00,0x00,0x00,0x00,0x00,0x00,0x00,0x00,0x00,0x00,
 114          0x00,0x00,0x00,0x00,0x00,0x00,0x00,0x00,0x00,0x01,0x80,0x00,0x00,0x00,0x00,0x00,
 115          0x00,0x00,0x00,0x00,0x00,0x00,0x00,0x00,0x00,0x00,0x00,0x00,0x00,0x00,0x00,0x00,
 116          0x00,0x00,0x00,0x00,0x00,0x00,0x00,0x01,0x80,0x00,0x00,0x00,0x00,0x00,0x00,0x00,
C51 COMPILER V9.60.7.0   PICTURE                                                           11/27/2024 20:45:13 PAGE 3   

 117          0x00,0x00,0x00,0x00,0x00,0x00,0x00,0x00,0x00,0x00,0x00,0x00,0x00,0x00,0x00,0x00,
 118          0x00,0x00,0x00,0x00,0x00,0x01,0x80,0x00,0x00,0x00,0x00,0x00,0x00,0x00,0x00,0x00,
 119          0x00,0x00,0x00,0x00,0x00,0x00,0x00,0x00,0x00,0x00,0x00,0x00,0x00,0x00,0x00,0x00,
 120          0x00,0x00,0x00,0x01,0x80,0x00,0x00,0x00,0x00,0x00,0x00,0x00,0x00,0x00,0x00,0x00,
 121          0x00,0x00,0x00,0x00,0x00,0x00,0x00,0x00,0x00,0x00,0x00,0x00,0x00,0x00,0x00,0x00,
 122          0x00,0x01,0x80,0x00,0x00,0x00,0x00,0x00,0x00,0x00,0x00,0x00,0x00,0x00,0x00,0x00,
 123          0x00,0x00,0x00,0x00,0x00,0x00,0x00,0x00,0x00,0x00,0x00,0x00,0x00,0x00,0x00,0x01,
 124          0x80,0x00,0x00,0x00,0x00,0x00,0x00,0x00,0x00,0x00,0x00,0x00,0x00,0x00,0x00,0x00,
 125          0x00,0x00,0x00,0x00,0x00,0x00,0x00,0x00,0x00,0x00,0x00,0x00,0x00,0x01,0x80,0x00,
 126          0x00,0x00,0x00,0x00,0x00,0x00,0x00,0x00,0x00,0x00,0x00,0x00,0x00,0x00,0x00,0x00,
 127          0x00,0x00,0x00,0x00,0x00,0x00,0x00,0x00,0x00,0x00,0x00,0x01,0x80,0x00,0x00,0x00,
 128          0x00,0x00,0x00,0x00,0x00,0x00,0x00,0x00,0x00,0x00,0x00,0x00,0x00,0x00,0x00,0x00,
 129          0x00,0x00,0x00,0x00,0x00,0x00,0x00,0x00,0x00,0x01,0x80,0x00,0x00,0x00,0x00,0x00,
 130          0x00,0x00,0x00,0x00,0x00,0x00,0x00,0x00,0x00,0x00,0x00,0x00,0x00,0x00,0x00,0x00,
 131          0x00,0x00,0x00,0x00,0x00,0x00,0x00,0x01,0x80,0x00,0x00,0x00,0x00,0x00,0x00,0x00,
 132          0x00,0x00,0x00,0x00,0x00,0x00,0x00,0x00,0x00,0x00,0x00,0x00,0x00,0x00,0x00,0x00,
 133          0x00,0x00,0x00,0x00,0x00,0x01,0x80,0x00,0x00,0x00,0x00,0x00,0x00,0x00,0x00,0x00,
 134          0x00,0x00,0x00,0x00,0x00,0x00,0x00,0x00,0x00,0x00,0x00,0x00,0x00,0x00,0x00,0x00,
 135          0x00,0x00,0x00,0x01,0x80,0x00,0x00,0x00,0x00,0x00,0x00,0x00,0x00,0x00,0x00,0x00,
 136          0x00,0x00,0x00,0x00,0x00,0x00,0x00,0x00,0x00,0x00,0x00,0x00,0x00,0x00,0x00,0x00,
 137          0x00,0x01,0x80,0x00,0x00,0x00,0x00,0x00,0x00,0x00,0x00,0x00,0x00,0x00,0x00,0x00,
 138          0x00,0x00,0x00,0x00,0x00,0x00,0x00,0x00,0x00,0x00,0x00,0x00,0x00,0x00,0x00,0x01,
 139          0x80,0x00,0x00,0x00,0x00,0x00,0x00,0x00,0x00,0x00,0x00,0x00,0x00,0x00,0x00,0x00,
 140          0x00,0x00,0x00,0x00,0x00,0x00,0x00,0x00,0x00,0x00,0x00,0x00,0x00,0x01,0x80,0x00,
 141          0x00,0x00,0x00,0x00,0x00,0x00,0x00,0x00,0x00,0x00,0x00,0x00,0x00,0x00,0x00,0x00,
 142          0x00,0x00,0x00,0x00,0x00,0x00,0x00,0x00,0x00,0x00,0x00,0x01,0x80,0x00,0x00,0x00,
 143          0x00,0x00,0x00,0x00,0x00,0x00,0x00,0x00,0x00,0x00,0x00,0x00,0x00,0x00,0x00,0x00,
 144          0x00,0x00,0x00,0x00,0x00,0x00,0x00,0x00,0x00,0x01,0x80,0x00,0x00,0x00,0x00,0x00,
 145          0x00,0x00,0x00,0x00,0x00,0x00,0x00,0x00,0x00,0x00,0x00,0x00,0x00,0x00,0x00,0x00,
 146          0x00,0x00,0x00,0x00,0x00,0x00,0x00,0x01,0x80,0x00,0x00,0x00,0x00,0x00,0x00,0x00,
 147          0x00,0x00,0x00,0x00,0x00,0x00,0x00,0x00,0x00,0x00,0x00,0x00,0x00,0x00,0x00,0x00,
 148          0x00,0x00,0x00,0x00,0x00,0x01,0x80,0x00,0x00,0x00,0x00,0x00,0x00,0x00,0x00,0x00,
 149          0x00,0x00,0x00,0x00,0x00,0x00,0x00,0x00,0x00,0x00,0x00,0x00,0x00,0x00,0x00,0x00,
 150          0x00,0x00,0x00,0x01,0x80,0x00,0x00,0x00,0x00,0x00,0x00,0x00,0x00,0x00,0x00,0x00,
 151          0x00,0x00,0x00,0x00,0x00,0x00,0x00,0x00,0x00,0x00,0x00,0x00,0x00,0x00,0x00,0x00,
 152          0x00,0x01,0x80,0x00,0x00,0x00,0x00,0x00,0x00,0x00,0x00,0x00,0x00,0x00,0x00,0x00,
 153          0x00,0x00,0x00,0x00,0x00,0x00,0x00,0x00,0x00,0x00,0x00,0x00,0x00,0x00,0x00,0x01,
 154          0x80,0x00,0x00,0x00,0x00,0x0C,0xFF,0xE0,0x00,0x00,0x00,0x00,0x00,0x00,0x00,0x00,
 155          0x00,0x00,0x00,0x00,0x00,0x00,0x00,0x00,0x00,0x00,0x00,0x00,0x00,0x01,0x80,0x00,
 156          0x00,0x00,0x00,0xFC,0xFF,0xE6,0x00,0x00,0x00,0x00,0x00,0x00,0x00,0x00,0x00,0x00,
 157          0x00,0x00,0x00,0x00,0x00,0x00,0x00,0x00,0x00,0x00,0x00,0x01,0x80,0x00,0x00,0x00,
 158          0x04,0xFC,0xFF,0xE7,0xC0,0x00,0x00,0x00,0x00,0x00,0x00,0x00,0x00,0x00,0x00,0x00,
 159          0x00,0x00,0x00,0x00,0x00,0x00,0x00,0x00,0x00,0x01,0x80,0x00,0x00,0x00,0x1C,0xE0,
 160          0x06,0x67,0xF0,0x00,0x00,0x00,0x00,0x00,0x00,0x00,0x00,0x00,0x00,0x00,0x00,0x00,
 161          0x00,0x00,0x00,0x00,0x00,0x00,0x00,0x01,0x80,0x00,0x00,0x00,0x7C,0xC0,0x06,0x67,
 162          0xFC,0x00,0x00,0x00,0x00,0x00,0x00,0x00,0x00,0x00,0x00,0x00,0x00,0x00,0x00,0x00,
 163          0x00,0x00,0x00,0x00,0x00,0x01,0x80,0x00,0x00,0x01,0xF8,0xC0,0xE6,0x66,0x3F,0x00,
 164          0x00,0x00,0x00,0x00,0x00,0x00,0x00,0x00,0x00,0x00,0x00,0x00,0x00,0x00,0x00,0x00,
 165          0x00,0x00,0x00,0x01,0x80,0x00,0x00,0x03,0xF8,0xC0,0xE6,0x66,0x0F,0x80,0x00,0x00,
 166          0x00,0x00,0x00,0x00,0x00,0x00,0x00,0x00,0x00,0x00,0x00,0x00,0x00,0x00,0x00,0x00,
 167          0x00,0x01,0x80,0x00,0x00,0x03,0x98,0xC0,0xE6,0x66,0x03,0xC0,0x00,0x00,0x00,0x00,
 168          0x00,0x00,0x00,0x00,0x00,0x00,0x00,0x00,0x00,0x00,0x00,0x00,0x00,0x00,0x00,0x01,
 169          0x80,0x00,0x00,0x13,0x18,0xC0,0xE6,0x66,0x00,0xF0,0x00,0x00,0x00,0x00,0x00,0x00,
 170          0x00,0x00,0x00,0x00,0x00,0x00,0x00,0x00,0x00,0x00,0x00,0x00,0x00,0x01,0x80,0x00,
 171          0x00,0x33,0x18,0xC0,0xE6,0x66,0x00,0x78,0x00,0x00,0x00,0x00,0x00,0x00,0x00,0x00,
 172          0x00,0x00,0x00,0x00,0x00,0x00,0x00,0x00,0x00,0x00,0x00,0x01,0x80,0x00,0x00,0x33,
 173          0x18,0xC8,0xE6,0x66,0x00,0x3C,0x00,0x00,0x00,0x00,0x00,0x00,0x00,0x00,0x00,0x00,
 174          0x00,0x00,0x00,0x00,0x00,0x00,0x00,0x00,0x00,0x01,0x80,0x00,0x00,0x33,0x18,0xFC,
 175          0xE6,0x66,0x30,0x1C,0x00,0x00,0x00,0x00,0x00,0x00,0x00,0x00,0x00,0x00,0x00,0x00,
 176          0x00,0x00,0x00,0x00,0x00,0x00,0x00,0x01,0x80,0x00,0x00,0x33,0x18,0xFC,0xE6,0x66,
 177          0x30,0x0E,0x00,0x00,0x00,0x00,0x00,0x00,0x00,0x00,0x00,0x00,0x00,0x00,0x00,0x00,
 178          0x00,0x00,0x00,0x00,0x00,0x01,0x80,0x00,0x01,0x33,0x18,0xF0,0xE6,0x06,0x30,0x07,
C51 COMPILER V9.60.7.0   PICTURE                                                           11/27/2024 20:45:13 PAGE 4   

 179          0x00,0x00,0x00,0x00,0x00,0x00,0x00,0x00,0x00,0x00,0x00,0x00,0x00,0x00,0x00,0x00,
 180          0x00,0x00,0x00,0x01,0x80,0x00,0x03,0x33,0x18,0xC0,0x06,0x00,0x30,0x1F,0x80,0x00,
 181          0x00,0x00,0x00,0x00,0x00,0x00,0x00,0x00,0x00,0x00,0x00,0x00,0x00,0x00,0x00,0x00,
 182          0x00,0x01,0x80,0x00,0x03,0x33,0x18,0xC0,0x06,0x00,0x30,0x1F,0x80,0x00,0x00,0x00,
 183          0x00,0x00,0x00,0x00,0x00,0x00,0x00,0x00,0x00,0x00,0x00,0x00,0x00,0x00,0x00,0x01,
 184          0x80,0x00,0x07,0x33,0x18,0xC0,0x06,0x00,0x30,0x1F,0xC0,0x00,0x00,0x00,0x00,0x00,
 185          0x00,0x00,0x00,0x00,0x00,0x00,0x00,0x00,0x00,0x00,0x00,0x00,0x00,0x01,0x80,0x00,
 186          0x06,0x33,0x18,0xC0,0x06,0x00,0x30,0x00,0x00,0x00,0x00,0x00,0x00,0x00,0x00,0x00,
 187          0x00,0x00,0x00,0x00,0x00,0x00,0x00,0x00,0x00,0x00,0x00,0x01,0x80,0x00,0x0E,0x33,
 188          0x18,0xC0,0x06,0x00,0x30,0x00,0x00,0x00,0x00,0x00,0x00,0x00,0x00,0x00,0x00,0x00,
 189          0x00,0x00,0x00,0x00,0x00,0x00,0x00,0x00,0x00,0x01,0x80,0x00,0x0E,0x33,0x00,0xFC,
 190          0xFF,0xE3,0xFF,0xFF,0xE0,0x00,0x00,0x00,0x00,0x00,0x00,0x00,0x00,0x00,0x00,0x00,
 191          0x00,0x00,0x00,0x00,0x00,0x00,0x00,0x01,0x80,0x00,0x0C,0x33,0x00,0xFC,0xFF,0xE3,
 192          0xFF,0xFF,0xE0,0x00,0x00,0x00,0x00,0x00,0x00,0x00,0x00,0x00,0x00,0x00,0x00,0x00,
 193          0x00,0x00,0x00,0x00,0x00,0x01,0x80,0x00,0x0C,0x30,0x00,0x7C,0xFF,0xE3,0xFF,0xFF,
 194          0xE0,0x00,0x00,0x00,0x00,0x00,0x00,0x00,0x00,0x00,0x00,0x00,0x00,0x00,0x00,0x00,
 195          0x00,0x00,0x00,0x01,0x80,0x00,0x0C,0x30,0x00,0x00,0x3B,0x80,0x30,0x00,0x60,0x00,
 196          0x00,0x00,0x00,0x00,0x00,0x00,0x00,0x00,0x00,0x00,0x00,0x00,0x00,0x00,0x00,0x00,
 197          0x00,0x01,0x80,0x00,0x1C,0x30,0x07,0x00,0x3B,0x80,0x30,0x00,0x60,0x00,0x00,0x00,
 198          0x00,0x00,0x00,0x00,0x00,0x00,0x00,0x00,0x00,0x00,0x00,0x00,0x00,0x00,0x00,0x01,
 199          0x80,0x00,0x1C,0x30,0x03,0x00,0x3B,0x80,0x30,0xC0,0x60,0x00,0x00,0x00,0x00,0x00,
 200          0x00,0x00,0x00,0x00,0x00,0x00,0x00,0x00,0x00,0x00,0x00,0x00,0x00,0x01,0x80,0x00,
 201          0x1C,0x3F,0x7F,0xFC,0x3B,0x80,0x30,0xC0,0x70,0x00,0x00,0x00,0x00,0x00,0x00,0x00,
 202          0x00,0x00,0x00,0x00,0x00,0x00,0x00,0x00,0x00,0x00,0x00,0x01,0x80,0x00,0x1C,0x3F,
 203          0x7F,0xFC,0x3B,0x80,0x30,0xC0,0x60,0x00,0x00,0x00,0x00,0x00,0x00,0x00,0x00,0x00,
 204          0x00,0x00,0x00,0x00,0x00,0x00,0x00,0x00,0x00,0x01,0x80,0x00,0x1C,0x3F,0x7F,0xFC,
 205          0x3B,0x80,0x30,0xC0,0x60,0x00,0x00,0x00,0x00,0x00,0x00,0x00,0x00,0x00,0x00,0x00,
 206          0x00,0x00,0x00,0x00,0x00,0x00,0x00,0x01,0x80,0x00,0x0C,0x33,0x07,0x00,0x3B,0x80,
 207          0x3F,0xFF,0xE0,0x00,0x00,0x00,0x00,0x00,0x00,0x00,0x00,0x00,0x00,0x00,0x00,0x00,
 208          0x00,0x00,0x00,0x00,0x00,0x01,0x80,0x00,0x0C,0x33,0x07,0x00,0x3B,0x80,0x3F,0xFF,
 209          0xE0,0x00,0x00,0x00,0x00,0x00,0x00,0x00,0x00,0x00,0x00,0x00,0x00,0x00,0x00,0x00,
 210          0x00,0x00,0x00,0x01,0x80,0x00,0x08,0x33,0x07,0x00,0x3B,0x80,0x21,0xC0,0xE0,0x00,
 211          0x00,0x00,0x00,0x00,0x00,0x00,0x00,0x00,0x00,0x00,0x00,0x00,0x00,0x00,0x00,0x00,
 212          0x00,0x01,0x80,0x00,0x02,0x33,0x07,0x00,0x3B,0x80,0x00,0xC0,0xE0,0x00,0x00,0x00,
 213          0x00,0x00,0x00,0x00,0x00,0x00,0x00,0x00,0x00,0x00,0x00,0x00,0x00,0x00,0x00,0x01,
 214          0x80,0x00,0x06,0x33,0x07,0x00,0x3B,0x80,0x00,0xC0,0xC0,0x00,0x00,0x00,0x00,0x00,
 215          0x00,0x00,0x00,0x00,0x00,0x00,0x00,0x00,0x00,0x00,0x00,0x00,0x00,0x01,0x80,0x00,
 216          0x07,0x33,0x07,0x00,0x3B,0x80,0x00,0xC1,0xC0,0x00,0x00,0x00,0x00,0x00,0x00,0x00,
 217          0x00,0x00,0x00,0x00,0x00,0x00,0x00,0x00,0x00,0x00,0x00,0x01,0x80,0x00,0x03,0x33,
 218          0x07,0x00,0x3B,0x83,0xFF,0xFF,0x80,0x00,0x00,0x00,0x00,0x00,0x00,0x00,0x00,0x00,
 219          0x00,0x00,0x00,0x00,0x00,0x00,0x00,0x00,0x00,0x01,0x80,0x00,0x03,0xB3,0x07,0x00,
 220          0x3B,0x83,0xFF,0xFF,0x80,0x00,0x00,0x00,0x00,0x00,0x00,0x00,0x00,0x00,0x00,0x00,
 221          0x00,0x00,0x00,0x00,0x00,0x00,0x00,0x01,0x80,0x00,0x01,0xF3,0x07,0x00,0x3B,0x83,
 222          0xFF,0xFF,0x00,0x00,0x00,0x00,0x00,0x00,0x00,0x00,0x00,0x00,0x00,0x00,0x00,0x00,
 223          0x00,0x00,0x00,0x00,0x00,0x01,0x80,0x00,0x01,0xF3,0x07,0x00,0x3B,0x80,0x00,0xC7,
 224          0x00,0x00,0x00,0x00,0x00,0x00,0x00,0x00,0x00,0x00,0x00,0x00,0x00,0x00,0x00,0x00,
 225          0x00,0x00,0x00,0x01,0x80,0x00,0x00,0xF3,0x07,0x00,0x3B,0x80,0x00,0xCE,0x00,0x00,
 226          0x00,0x00,0x00,0x00,0x00,0x00,0x00,0x00,0x00,0x00,0x00,0x00,0x00,0x00,0x00,0x00,
 227          0x00,0x01,0x80,0x00,0x00,0x73,0x07,0x00,0x3B,0x80,0x00,0xDC,0x00,0x00,0x00,0x00,
 228          0x00,0x00,0x00,0x00,0x00,0x00,0x00,0x00,0x00,0x00,0x00,0x00,0x00,0x00,0x00,0x01,
 229          0x80,0x00,0x00,0x33,0x07,0x00,0x3B,0x80,0x00,0xF8,0x00,0x00,0x00,0x00,0x00,0x00,
 230          0x00,0x00,0x00,0x00,0x00,0x00,0x00,0x00,0x00,0x00,0x00,0x00,0x00,0x01,0x80,0x00,
 231          0x00,0x13,0x07,0x00,0x3B,0x80,0x00,0xF0,0x00,0x00,0x00,0x00,0x00,0x00,0x00,0x00,
 232          0x00,0x00,0x00,0x00,0x00,0x00,0x00,0x00,0x00,0x00,0x00,0x01,0x80,0x00,0x00,0x03,
 233          0x07,0x00,0x3B,0x80,0x00,0xE0,0x00,0x00,0x00,0x00,0x00,0x00,0x00,0x00,0x00,0x00,
 234          0x00,0x00,0x00,0x00,0x00,0x00,0x00,0x00,0x00,0x01,0x80,0x00,0x00,0x03,0xC7,0x00,
 235          0x3B,0x80,0x04,0xC0,0x00,0x00,0x00,0x00,0x00,0x00,0x00,0x00,0x00,0x00,0x00,0x00,
 236          0x00,0x00,0x00,0x00,0x00,0x00,0x00,0x01,0x80,0x00,0x00,0x01,0xF3,0x00,0x3B,0x80,
 237          0x1C,0x00,0x00,0x00,0x00,0x00,0x00,0x00,0x00,0x00,0x00,0x00,0x00,0x00,0x00,0x00,
 238          0x00,0x00,0x00,0x00,0x00,0x01,0x80,0x00,0x00,0x00,0xFF,0x00,0x73,0x80,0x7C,0x00,
 239          0x00,0x00,0x00,0x00,0x00,0x00,0x00,0x00,0x00,0x00,0x00,0x00,0x00,0x00,0x00,0x00,
 240          0x00,0x00,0x00,0x01,0x80,0x00,0x00,0x00,0x3F,0x80,0xE3,0x87,0xF8,0x00,0x00,0x00,
C51 COMPILER V9.60.7.0   PICTURE                                                           11/27/2024 20:45:13 PAGE 5   

 241          0x00,0x00,0x00,0x00,0x00,0x00,0x00,0x00,0x00,0x00,0x00,0x00,0x00,0x00,0x00,0x00,
 242          0x00,0x01,0x80,0x00,0x00,0x00,0x0F,0xFC,0xE3,0xFF,0xE0,0x00,0x00,0x00,0x00,0x00,
 243          0x00,0x00,0x00,0x00,0x00,0x00,0x00,0x00,0x00,0x00,0x00,0x00,0x00,0x00,0x00,0x01,
 244          0x80,0x00,0x00,0x00,0x01,0xFC,0xFF,0xFF,0x00,0x00,0x00,0x00,0x00,0x00,0x00,0x00,
 245          0x00,0x00,0x00,0x00,0x00,0x00,0x00,0x00,0x00,0x00,0x00,0x00,0x00,0x01,0x80,0x00,
 246          0x00,0x00,0x00,0x3C,0xFF,0xF0,0x00,0x00,0x00,0x00,0x00,0x00,0x00,0x00,0x00,0x00,
 247          0x00,0x00,0x00,0x00,0x00,0x00,0x00,0x00,0x00,0x00,0x00,0x01,0x80,0x00,0x00,0x00,
 248          0x00,0x00,0x10,0x00,0x00,0x00,0x00,0x00,0x00,0x00,0x00,0x00,0x00,0x00,0x00,0x00,
 249          0x00,0x00,0x00,0x00,0x00,0x00,0x00,0x00,0x00,0x01,0x80,0x00,0x00,0x00,0x00,0x00,
 250          0x00,0x00,0x00,0x00,0x00,0x00,0x00,0x00,0x00,0x00,0x00,0x00,0x00,0x00,0x00,0x00,
 251          0x00,0x00,0x00,0x00,0x00,0x00,0x00,0x01,0x80,0x00,0x00,0x00,0x00,0x00,0x00,0x00,
 252          0x00,0x00,0x00,0x00,0x00,0x00,0x00,0x00,0x00,0x00,0x00,0x00,0x00,0x00,0x00,0x00,
 253          0x00,0x00,0x00,0x00,0x00,0x01,0x80,0x00,0x00,0x00,0x00,0x00,0x00,0x00,0x00,0x00,
 254          0x00,0x00,0x00,0x00,0x00,0x00,0x00,0x00,0x00,0x00,0x00,0x00,0x00,0x00,0x00,0x00,
 255          0x00,0x00,0x00,0x01,0x80,0x00,0x00,0x00,0x00,0x00,0x00,0x00,0x00,0x00,0x00,0x00,
 256          0x00,0x00,0x00,0x00,0x00,0x00,0x00,0x00,0x00,0x00,0x00,0x00,0x00,0x00,0x00,0x00,
 257          0x00,0x01,0x80,0x00,0x00,0x00,0x00,0x00,0x00,0x00,0x00,0x00,0x00,0x00,0x00,0x00,
 258          0x00,0x00,0x00,0x00,0x00,0x00,0x00,0x00,0x00,0x00,0x00,0x00,0x00,0x00,0x00,0x01,
 259          0x80,0x00,0x3F,0x9F,0xE0,0x0C,0x67,0xF9,0x83,0x30,0xCC,0x00,0x00,0x00,0x00,0x00,
 260          0x00,0x00,0x00,0x00,0x00,0x00,0x00,0x00,0x00,0x00,0x00,0x00,0x00,0x01,0x80,0x00,
 261          0x7F,0x9F,0xF0,0x0C,0x67,0xF9,0x83,0x30,0xCC,0x00,0x00,0x00,0x00,0x00,0x00,0x00,
 262          0x00,0x00,0x00,0x00,0x00,0x00,0x00,0x00,0x00,0x00,0x00,0x01,0x80,0x00,0x60,0x00,
 263          0x30,0x06,0xC0,0x01,0x83,0x30,0xC0,0x00,0x00,0x00,0x00,0x00,0x00,0x00,0x00,0x00,
 264          0x00,0x00,0x00,0x00,0x00,0x00,0x00,0x00,0x00,0x01,0x80,0x00,0x60,0x00,0x30,0x07,
 265          0xC0,0x01,0x83,0x30,0xC0,0x00,0x00,0x00,0x00,0x00,0x00,0x00,0x00,0x00,0x00,0x00,
 266          0x00,0x00,0x00,0x00,0x00,0x00,0x00,0x01,0x80,0x00,0x63,0x98,0x33,0xE3,0x87,0xF9,
 267          0xFF,0x30,0xCC,0x00,0x00,0x00,0x00,0x00,0x00,0x00,0x00,0x00,0x00,0x00,0x00,0x00,
 268          0x00,0x00,0x00,0x00,0x00,0x01,0x80,0x00,0x63,0x98,0x33,0xE3,0x87,0xF9,0xFF,0x30,
 269          0xCC,0x00,0x00,0x00,0x00,0x00,0x00,0x00,0x00,0x00,0x00,0x00,0x00,0x00,0x00,0x00,
 270          0x00,0x00,0x00,0x01,0x80,0x00,0x61,0x98,0x30,0x01,0x06,0x01,0x83,0x20,0xCC,0x00,
 271          0x00,0x00,0x00,0x00,0x00,0x00,0x00,0x00,0x00,0x00,0x00,0x00,0x00,0x00,0x00,0x00,
 272          0x00,0x01,0x80,0x00,0x61,0x98,0x30,0x01,0x06,0x01,0x83,0x30,0xCC,0x00,0x00,0x00,
 273          0x00,0x00,0x00,0x00,0x00,0x00,0x00,0x00,0x00,0x00,0x00,0x00,0x00,0x00,0x00,0x01,
 274          0x80,0x00,0x7F,0x9F,0xF0,0x01,0x07,0xF9,0x83,0x3F,0xCC,0x00,0x00,0x00,0x00,0x00,
 275          0x00,0x00,0x00,0x00,0x00,0x00,0x00,0x00,0x00,0x00,0x00,0x00,0x00,0x01,0x80,0x00,
 276          0x3F,0x9F,0xE0,0x01,0x07,0xF9,0x83,0x1F,0xCC,0x00,0x00,0x00,0x00,0x00,0x00,0x00,
 277          0x00,0x00,0x00,0x00,0x00,0x00,0x00,0x00,0x00,0x00,0x00,0x01,0x80,0x00,0x00,0x00,
 278          0x00,0x00,0x00,0x00,0x00,0x00,0x00,0x00,0x00,0x00,0x00,0x00,0x00,0x00,0x00,0x00,
 279          0x00,0x00,0x00,0x00,0x00,0x00,0x00,0x00,0x00,0x01,0x80,0x00,0x00,0x00,0x00,0x00,
 280          0x00,0x00,0x00,0x00,0x00,0x00,0x00,0x00,0x00,0x00,0x00,0x00,0x00,0x00,0x00,0x00,
 281          0x00,0x00,0x00,0x00,0x00,0x00,0x00,0x01,0x80,0x00,0x00,0x00,0x00,0x00,0x00,0x00,
 282          0x00,0x00,0x00,0x00,0x00,0x00,0x00,0x00,0x00,0x00,0x00,0x00,0x00,0x00,0x00,0x00,
 283          0x00,0x00,0x00,0x00,0x00,0x01,0x80,0x00,0x00,0x00,0x00,0x00,0x00,0x00,0x00,0x00,
 284          0x00,0x00,0x00,0x00,0x00,0x00,0x00,0x00,0x00,0x00,0x00,0x00,0x00,0x00,0x00,0x00,
 285          0x00,0x00,0x00,0x01,0x80,0x00,0x00,0x00,0x00,0x00,0x00,0x00,0x00,0x00,0x00,0x00,
 286          0x00,0x00,0x00,0x00,0x00,0x00,0x00,0x00,0x00,0x00,0x00,0x00,0x00,0x00,0x00,0x00,
 287          0x00,0x01,0x80,0x00,0x00,0x00,0x00,0x00,0x00,0x00,0x00,0x00,0x00,0x00,0x00,0x00,
 288          0x00,0x00,0x00,0x00,0x00,0x00,0x00,0x00,0x00,0x00,0x00,0x00,0x00,0x00,0x00,0x01,
 289          0x80,0x00,0x00,0x00,0x00,0x00,0x00,0x00,0x00,0x00,0x00,0x00,0x00,0x00,0x00,0x00,
 290          0x00,0x00,0x00,0x00,0x00,0x00,0x00,0x00,0x00,0x00,0x00,0x00,0x00,0x01,0x80,0x00,
 291          0x00,0x00,0x00,0x00,0x00,0x00,0x00,0x00,0x00,0x00,0x00,0x00,0x00,0x00,0x00,0x00,
 292          0x00,0x00,0x00,0x00,0x00,0x00,0x00,0x00,0x00,0x00,0x00,0x01,0x80,0x00,0x00,0x00,
 293          0x00,0x00,0x00,0x00,0x00,0x00,0x00,0x00,0x00,0x00,0x00,0x00,0x00,0x00,0x00,0x00,
 294          0x00,0x00,0x00,0x00,0x00,0x00,0x00,0x00,0x00,0x01,0x80,0x00,0x00,0x00,0x00,0x00,
 295          0x00,0x00,0x00,0x00,0x00,0x00,0x00,0x00,0x00,0x00,0x00,0x00,0x00,0x00,0x00,0x00,
 296          0x00,0x00,0x00,0x00,0x00,0x00,0x00,0x01,0x80,0x00,0x00,0x00,0x00,0x00,0x00,0x00,
 297          0x00,0x00,0x00,0x00,0x00,0x00,0x00,0x00,0x00,0x00,0x00,0x00,0x00,0x00,0x00,0x00,
 298          0x00,0x00,0x00,0x00,0x00,0x01,0x80,0x00,0x00,0x00,0x00,0x00,0x00,0x00,0x00,0x00,
 299          0x00,0x00,0x00,0x00,0x00,0x00,0x00,0x00,0x00,0x00,0x00,0x00,0x00,0x00,0x00,0x00,
 300          0x00,0x00,0x00,0x01,0x80,0x00,0x00,0x00,0x00,0x00,0x00,0x00,0x00,0x00,0x00,0x00,
 301          0x00,0x00,0x00,0x00,0x00,0x00,0x00,0x00,0x00,0x00,0x00,0x00,0x00,0x00,0x00,0x00,
 302          0x00,0x01,0x80,0x00,0x00,0x00,0x00,0x00,0x00,0x00,0x00,0x00,0x00,0x00,0x00,0x00,
C51 COMPILER V9.60.7.0   PICTURE                                                           11/27/2024 20:45:13 PAGE 6   

 303          0x00,0x00,0x00,0x00,0x00,0x00,0x00,0x00,0x00,0x00,0x00,0x00,0x00,0x00,0x00,0x01,
 304          0x80,0x00,0x00,0x00,0x00,0x00,0x00,0x00,0x00,0x00,0x00,0x00,0x00,0x00,0x00,0x00,
 305          0x00,0x00,0x00,0x00,0x00,0x00,0x00,0x00,0x00,0x00,0x00,0x00,0x00,0x01,0x80,0x00,
 306          0x00,0x00,0x00,0x00,0x00,0x00,0x00,0x00,0x00,0x00,0x00,0x00,0x00,0x00,0x00,0x00,
 307          0x00,0x00,0x00,0x00,0x00,0x00,0x00,0x00,0x00,0x00,0x00,0x01,0x80,0x00,0x00,0x00,
 308          0x00,0x00,0x00,0x00,0x00,0x00,0x00,0x00,0x00,0x00,0x00,0x00,0x00,0x00,0x00,0x00,
 309          0x00,0x00,0x00,0x00,0x00,0x00,0x00,0x00,0x00,0x01,0x80,0x00,0x00,0x00,0x00,0x00,
 310          0x00,0x00,0x00,0x00,0x00,0x00,0x00,0x00,0x00,0x00,0x00,0x00,0x00,0x00,0x00,0x00,
 311          0x00,0x00,0x00,0x00,0x00,0x00,0x00,0x01,0x80,0x00,0x00,0x00,0x00,0x00,0x00,0x00,
 312          0x00,0x00,0x00,0x00,0x00,0x00,0x00,0x00,0x00,0x00,0x00,0x00,0x00,0x00,0x00,0x00,
 313          0x00,0x00,0x00,0x00,0x00,0x01,0x80,0x00,0x00,0x00,0x00,0x00,0x00,0x00,0x00,0x00,
 314          0x00,0x00,0x00,0x00,0x00,0x00,0x00,0x00,0x00,0x00,0x00,0x00,0x00,0x00,0x00,0x00,
 315          0x00,0x00,0x00,0x01,0x80,0x00,0x00,0x00,0x00,0x00,0x00,0x00,0x00,0x00,0x00,0x00,
 316          0x00,0x00,0x00,0x00,0x00,0x00,0x00,0x00,0x00,0x00,0x00,0x00,0x00,0x00,0x00,0x00,
 317          0x00,0x01,0x80,0x00,0x00,0x00,0x00,0x00,0x00,0x00,0x00,0x00,0x00,0x00,0x00,0x00,
 318          0x00,0x00,0x00,0x00,0x00,0x00,0x00,0x00,0x00,0x00,0x00,0x00,0x00,0x00,0x00,0x01,
 319          0x80,0x00,0x00,0x00,0x00,0x00,0x00,0x00,0x00,0x00,0x00,0x00,0x00,0x00,0x00,0x00,
 320          0x00,0x00,0x00,0x00,0x00,0x00,0x00,0x00,0x00,0x00,0x00,0x00,0x00,0x01,0x80,0x00,
 321          0x00,0x00,0x00,0x00,0x00,0x00,0x00,0x00,0x00,0x00,0x00,0x00,0x00,0x00,0x00,0x00,
 322          0x00,0x00,0x00,0x00,0x00,0x00,0x00,0x00,0x00,0x00,0x00,0x01,0x80,0x00,0x00,0x00,
 323          0x00,0x00,0x00,0x00,0x00,0x00,0x00,0x00,0x00,0x00,0x00,0x00,0x00,0x00,0x00,0x00,
 324          0x00,0x00,0x00,0x00,0x00,0x00,0x00,0x00,0x00,0x01,0x80,0x00,0x00,0x00,0x00,0x00,
 325          0x00,0x00,0x00,0x00,0x00,0x00,0x00,0x00,0x00,0x00,0x00,0x00,0x00,0x00,0x00,0x00,
 326          0x00,0x00,0x00,0x00,0x00,0x00,0x00,0x01,0x80,0x00,0x00,0x00,0x00,0x00,0x00,0x00,
 327          0x00,0x00,0x00,0x00,0x00,0x00,0x00,0x00,0x00,0x00,0x00,0x00,0x00,0x00,0x00,0x00,
 328          0x00,0x00,0x00,0x00,0x00,0x01,0x80,0x00,0x00,0x00,0x00,0x00,0x00,0x00,0x00,0x00,
 329          0x00,0x00,0x00,0x00,0x00,0x00,0x00,0x00,0x00,0x00,0x00,0x00,0x00,0x00,0x00,0x00,
 330          0x00,0x00,0x00,0x01,0x80,0x00,0x00,0x00,0x00,0x00,0x00,0x00,0x00,0x00,0x00,0x00,
 331          0x00,0x00,0x00,0x00,0x00,0x00,0x00,0x00,0x00,0x00,0x00,0x00,0x00,0x00,0x00,0x00,
 332          0x00,0x01,0xFF,0xFF,0xFF,0xFF,0xFF,0xFF,0xFF,0xFF,0xFF,0xFF,0xFF,0xFF,0xFF,0xFF,
 333          0xFF,0xFF,0xFF,0xFF,0xFF,0xFF,0xFF,0xFF,0xFF,0xFF,0xFF,0xFF,0xFF,0xFF,0xFF,0xFF
 334          };
 335           
 336          unsigned char code BMP1[]={ 
 337          /*--  调入了一幅图像：d:\My Documents\My Pictures\240128.bmp  --*/
 338          /*--  宽度x高度=240x128  --*/
 339          0x00,0x00,0x00,0x00,0x00,0x00,0x00,0x00,0x00,0x00,0x00,0x00,0x00,0x00,0x00,0x00,
 340          0x00,0x00,0x00,0x00,0x00,0x00,0x00,0x00,0x00,0x00,0x00,0x00,0x00,0x00,0x00,0x00,
 341          0x00,0x00,0x00,0x00,0x00,0x00,0x00,0x00,0x00,0x00,0x00,0x00,0x00,0x00,0x00,0x00,
 342          0x00,0x00,0x00,0x00,0x00,0x00,0x00,0x00,0x00,0x00,0x00,0x00,0x00,0x3F,0xff,0xFF,
 343          0xFF,0xFF,0xFE,0x00,0x00,0x00,0x00,0x00,0x00,0x00,0x00,0x00,0x00,0x00,0x00,0x00,
 344          0x00,0x00,0x00,0xFF,0xFF,0xFF,0xFF,0xFF,0xFE,0x00,0x00,0xC0,0x00,0x00,0x00,0x00,
 345          0x01,0x80,0x00,0x00,0x00,0x00,0x00,0x00,0x00,0x00,0x00,0x00,0x00,0x00,0x00,0x00,
 346          0x03,0x00,0x00,0x00,0x00,0x00,0x01,0x80,0x01,0x00,0x00,0x00,0x00,0x00,0x00,0x40,
 347          0x00,0x00,0x00,0x00,0x00,0x00,0x00,0x00,0x00,0x00,0x00,0x00,0x00,0x00,0x04,0x00,
 348          0x00,0x00,0x00,0x00,0x00,0x40,0x02,0x00,0x00,0x00,0x00,0x00,0x00,0x20,0x00,0x00,
 349          0x00,0x00,0x00,0x00,0x00,0x00,0x00,0x00,0x00,0x00,0x00,0x00,0x08,0x00,0x00,0x00,
 350          0x00,0x00,0x00,0x20,0x04,0x00,0x00,0x00,0x00,0x00,0x00,0x10,0x00,0x00,0x00,0x00,
 351          0x00,0x00,0x00,0x00,0x00,0x00,0x00,0x00,0x00,0x00,0x10,0x00,0x00,0x00,0x00,0x00,
 352          0x00,0x10,0x04,0x00,0x00,0x00,0x00,0x00,0x00,0x10,0x00,0x7F,0xFF,0xFF,0xFF,0xFF,
 353          0xFF,0xFF,0xFF,0xFF,0xFF,0xFF,0xFE,0x00,0x10,0x00,0x00,0x00,0x00,0x00,0x00,0x10,
 354          0x08,0x00,0x00,0x00,0x00,0x00,0x00,0x08,0x01,0x80,0x00,0x00,0x00,0x00,0x00,0x00,
 355          0x00,0x00,0x00,0x00,0x01,0x80,0x20,0x00,0x00,0x00,0x00,0x00,0x00,0x08,0x08,0x00,
 356          0x00,0x00,0x00,0x00,0x00,0x08,0x02,0x00,0x00,0x00,0x00,0x00,0x00,0x00,0x00,0x00,
 357          0x00,0x00,0x00,0x40,0x20,0x00,0x00,0x00,0x00,0x00,0x00,0x08,0x08,0x00,0x00,0x00,
 358          0x00,0x00,0x00,0x08,0x04,0x00,0x00,0x00,0x00,0x00,0x00,0x00,0x00,0x00,0x00,0x00,
 359          0x00,0x20,0x20,0x00,0x00,0x00,0x00,0x00,0x00,0x08,0x08,0x00,0x00,0x00,0x00,0x00,
 360          0x00,0x08,0x08,0x00,0x00,0x00,0x00,0x00,0x00,0x00,0x00,0x00,0x00,0x00,0x00,0x10,
 361          0x20,0x00,0x00,0x00,0x00,0x00,0x00,0x08,0x08,0x00,0x84,0x01,0x00,0x80,0x40,0x08,
 362          0x08,0x00,0x00,0x00,0x12,0x00,0x40,0x00,0x20,0x80,0x00,0x00,0x00,0x10,0x22,0x08,
 363          0x04,0x00,0x40,0x02,0x10,0x08,0x08,0x00,0x48,0x01,0x00,0x5F,0xE0,0x08,0x10,0x00,
 364          0x00,0x00,0x12,0x00,0x20,0x00,0x20,0x5F,0x80,0x00,0x00,0x08,0x21,0x7F,0x84,0x00,
C51 COMPILER V9.60.7.0   PICTURE                                                           11/27/2024 20:45:13 PAGE 7   

 365          0x4F,0xE2,0x14,0x08,0x08,0x00,0x10,0x1F,0xF0,0x11,0x00,0x08,0x10,0x00,0x00,0x00,
 366          0x12,0x0F,0xFF,0x3C,0x21,0x00,0x80,0x00,0x00,0x08,0x20,0x08,0x07,0xF8,0x41,0x02,
 367          0x12,0x08,0x08,0x01,0xFE,0x11,0x11,0x17,0xC0,0x08,0x10,0x00,0x00,0x00,0x12,0x40,
 368          0x00,0x25,0xF9,0x3C,0x80,0x00,0x00,0x08,0x20,0x3F,0x09,0x49,0xF1,0x0F,0x90,0x08,
 369          0x08,0x01,0x02,0x11,0x10,0x94,0x40,0x08,0x10,0x00,0x00,0x01,0xF2,0x81,0xFC,0x24,
 370          0x21,0x24,0x80,0x00,0x00,0x08,0x27,0x08,0x11,0x48,0x41,0x02,0x7F,0x08,0x08,0x01,
 371          0x02,0x1F,0xF0,0x17,0xC0,0x08,0x10,0x00,0x00,0x00,0x13,0x01,0x04,0x3D,0x21,0x24,
 372          0x80,0x00,0x00,0x08,0x21,0x7F,0xA2,0x48,0x51,0x03,0x10,0x08,0x08,0x01,0xFE,0x11,
 373          0x10,0x54,0x40,0x08,0x10,0x00,0x00,0x00,0x12,0x01,0x04,0x24,0xA1,0x3C,0x80,0x00,
 374          0x00,0x08,0x21,0x21,0x04,0x48,0x61,0x06,0x10,0x08,0x08,0x00,0x00,0x11,0x10,0x97,
 375          0xC0,0x08,0x10,0x00,0x00,0x00,0x12,0x01,0xFC,0x24,0x21,0x24,0x80,0x00,0x00,0x08,
 376          0x21,0x3F,0x08,0x89,0xC1,0x0A,0x28,0x08,0x08,0x02,0xA2,0x1F,0xF1,0x91,0x00,0x08,
 377          0x10,0x00,0x00,0x00,0x32,0x01,0x28,0x24,0x21,0x3C,0x80,0x00,0x00,0x08,0x21,0x21,
 378          0x11,0x08,0x41,0x02,0x28,0x08,0x08,0x02,0x95,0x01,0x04,0x95,0x40,0x08,0x10,0x00,
 379          0x00,0x00,0x52,0x22,0x24,0x3C,0x21,0x24,0x80,0x00,0x00,0x08,0x21,0xBF,0x02,0x08,
 380          0x41,0x02,0x49,0x08,0x08,0x04,0x84,0x81,0x04,0xA9,0x20,0x08,0x10,0x00,0x00,0x01,
 381          0x92,0x24,0x22,0x20,0x21,0x00,0x80,0x00,0x00,0x08,0x21,0x21,0x0C,0x90,0x41,0x02,
 382          0x89,0x08,0x08,0x00,0x7C,0x00,0xFC,0xC3,0x00,0x08,0x10,0x00,0x00,0x00,0x11,0xE0,
 383          0x60,0x00,0x61,0x01,0x80,0x00,0x00,0x08,0x20,0x23,0x00,0x60,0xC3,0x07,0x07,0x08,
 384          0x08,0x00,0x00,0x00,0x00,0x00,0x00,0x08,0x10,0x00,0x00,0x00,0x00,0x00,0x00,0x00,
 385          0x00,0x00,0x00,0x00,0x00,0x08,0x20,0x00,0x00,0x00,0x00,0x00,0x00,0x08,0x08,0x00,
 386          0x00,0x00,0x00,0x00,0x00,0x08,0x10,0x00,0x00,0x00,0x00,0x00,0x00,0x00,0x00,0x00,
 387          0x00,0x00,0x00,0x08,0x20,0x00,0x00,0x00,0x00,0x00,0x00,0x08,0x08,0x00,0x00,0x00,
 388          0x00,0x00,0x00,0x08,0x10,0x00,0x00,0x00,0x00,0x00,0x00,0x00,0x00,0x00,0x00,0x00,
 389          0x00,0x08,0x20,0x00,0x00,0x00,0x00,0x00,0x00,0x08,0x08,0x00,0x00,0x00,0x00,0x00,
 390          0x00,0x08,0x10,0x00,0x00,0x00,0x00,0x00,0x00,0x00,0x00,0x00,0x00,0x00,0x00,0x08,
 391          0x20,0x00,0x00,0x00,0x00,0x00,0x00,0x08,0x08,0x00,0x00,0x00,0x00,0x00,0x00,0x08,
 392          0x10,0x00,0x00,0x00,0x00,0x00,0x00,0x00,0x00,0x00,0x00,0x00,0x00,0x08,0x20,0x00,
 393          0x00,0x00,0x00,0x00,0x00,0x08,0x08,0x00,0x00,0x00,0x00,0x00,0x00,0x08,0x10,0x00,
 394          0x00,0x00,0x00,0x00,0x00,0x00,0x00,0x00,0x00,0x00,0x00,0x08,0x20,0x00,0x00,0x00,
 395          0x00,0x00,0x00,0x08,0x08,0x00,0x00,0x00,0x00,0x00,0x00,0x08,0x10,0x00,0x00,0x00,
 396          0x00,0x00,0x00,0x00,0x00,0x00,0x00,0x00,0x00,0x08,0x20,0x00,0x00,0x00,0x00,0x00,
 397          0x00,0x08,0x08,0x00,0x00,0x00,0x00,0x00,0x00,0x08,0x10,0x00,0x00,0x00,0x00,0x00,
 398          0x00,0x00,0x00,0x00,0x00,0x00,0x00,0x08,0x20,0x00,0x00,0x00,0x00,0x00,0x00,0x08,
 399          0x08,0x00,0x00,0x00,0x00,0x00,0x00,0x08,0x10,0x00,0x00,0x00,0x00,0x00,0x00,0x00,
 400          0x00,0x00,0x00,0x00,0x00,0x08,0x20,0x00,0x00,0x00,0x00,0x00,0x00,0x08,0x08,0x0E,
 401          0xE2,0x0F,0x3E,0xFD,0xF0,0x08,0x10,0x00,0x00,0x00,0x03,0x87,0x00,0x00,0x70,0xE0,
 402          0x00,0x00,0x00,0x08,0x20,0x00,0xF0,0x03,0xB8,0x0F,0x00,0x08,0x08,0x06,0xC2,0x11,
 403          0x2A,0x44,0x88,0x08,0x10,0x00,0x00,0x00,0x04,0x48,0x80,0x00,0x89,0x10,0x00,0x00,
 404          0x00,0x08,0x20,0x00,0x48,0x01,0x90,0x04,0x80,0x08,0x08,0x06,0xC5,0x10,0x08,0x40,
 405          0x88,0x08,0x10,0x00,0x00,0x00,0x04,0x48,0x81,0x80,0x89,0x10,0x00,0x00,0x00,0x08,
 406          0x20,0x00,0x44,0x01,0x90,0x04,0x40,0x08,0x08,0x06,0xC5,0x08,0x08,0x48,0xF0,0x08,
 407          0x10,0x00,0x00,0x00,0x04,0x48,0x81,0x80,0x89,0x10,0x00,0x00,0x00,0x08,0x20,0x00,
 408          0x44,0x01,0x50,0x04,0x40,0x08,0x08,0x05,0x45,0x06,0x08,0x78,0xA0,0x08,0x10,0x00,
 409          0x00,0x00,0x04,0x48,0x80,0x00,0x89,0x10,0x00,0x00,0x00,0x08,0x20,0x00,0x44,0x01,
 410          0x50,0x04,0x40,0x08,0x08,0x05,0x47,0x01,0x08,0x48,0x90,0x08,0x10,0x00,0x00,0x00,
 411          0x04,0x48,0x80,0x00,0x89,0x10,0x00,0x00,0x00,0x08,0x20,0x00,0x44,0x01,0x50,0x04,
 412          0x40,0x08,0x08,0x05,0x48,0x81,0x08,0x40,0x90,0x08,0x10,0x00,0x00,0x00,0x04,0x48,
 413          0x81,0x80,0x89,0x10,0x00,0x00,0x00,0x08,0x20,0x00,0x44,0x01,0x30,0x04,0x40,0x08,
 414          0x08,0x05,0x48,0x91,0x08,0x44,0x88,0x08,0x10,0x00,0x00,0x00,0x04,0x48,0x81,0x80,
 415          0x89,0x10,0x00,0x00,0x00,0x08,0x20,0x00,0x48,0xC1,0x33,0x04,0x80,0x08,0x08,0x0D,
 416          0x7D,0xDE,0x1C,0xFD,0xCC,0x08,0x10,0x00,0x00,0x00,0x03,0x87,0x00,0x00,0x70,0xE0,
 417          0x00,0x00,0x00,0x08,0x20,0x00,0xF0,0xC3,0x93,0x0F,0x00,0x08,0x08,0x00,0x00,0x00,
 418          0x00,0x00,0x00,0x08,0x10,0x00,0x00,0x00,0x00,0x00,0x00,0x00,0x00,0x00,0x00,0x00,
 419          0x00,0x08,0x20,0x00,0x00,0x00,0x00,0x00,0x00,0x08,0x08,0x00,0x00,0x00,0x00,0x00,
 420          0x00,0x08,0x10,0x00,0x00,0x00,0x00,0x00,0x00,0x00,0x00,0x00,0x00,0x00,0x00,0x08,
 421          0x20,0x00,0x00,0x00,0x00,0x00,0x00,0x08,0x08,0x00,0x00,0x00,0x00,0x00,0x00,0x08,
 422          0x10,0x00,0x00,0x00,0x00,0x00,0x00,0x00,0x00,0x00,0x00,0x00,0x00,0x08,0x20,0x00,
 423          0x00,0x00,0x00,0x00,0x00,0x08,0x08,0x00,0x00,0x00,0x00,0x00,0x00,0x08,0x10,0x00,
 424          0x00,0x00,0x00,0x00,0x00,0x00,0x00,0x00,0x00,0x00,0x00,0x08,0x20,0x00,0x00,0x00,
 425          0x00,0x00,0x00,0x08,0x08,0x00,0x00,0x00,0x00,0x00,0x00,0x08,0x08,0x00,0x00,0x00,
 426          0x00,0x00,0x00,0x00,0x00,0x00,0x00,0x00,0x00,0x10,0x20,0x00,0x00,0x00,0x00,0x00,
C51 COMPILER V9.60.7.0   PICTURE                                                           11/27/2024 20:45:13 PAGE 8   

 427          0x00,0x08,0x08,0x00,0x00,0x00,0x00,0x00,0x00,0x08,0x08,0x00,0x00,0x00,0x00,0x00,
 428          0x00,0x00,0x00,0x00,0x00,0x00,0x00,0x10,0x20,0x00,0x00,0x00,0x00,0x00,0x00,0x08,
 429          0x08,0x00,0x00,0x00,0x00,0x00,0x00,0x08,0x04,0x00,0x00,0x00,0x00,0x00,0x00,0x00,
 430          0x00,0x00,0x00,0x00,0x00,0x20,0x20,0x00,0x00,0x00,0x00,0x00,0x00,0x08,0x08,0x00,
 431          0x00,0x00,0x00,0x00,0x00,0x08,0x02,0x00,0x00,0x00,0x00,0x00,0x00,0x00,0x00,0x00,
 432          0x00,0x00,0x00,0x40,0x20,0x00,0x00,0x00,0x00,0x00,0x00,0x08,0x08,0x00,0x00,0x00,
 433          0x00,0x00,0x00,0x08,0x01,0x80,0x00,0x00,0x00,0x00,0x00,0x00,0x00,0x00,0x00,0x00,
 434          0x01,0x80,0x20,0x00,0x00,0x00,0x00,0x00,0x00,0x08,0x04,0x00,0x00,0x00,0x00,0x00,
 435          0x00,0x10,0x00,0x7F,0xFF,0xFF,0xFF,0xFF,0xFF,0xFF,0xFF,0xFF,0xFF,0xFF,0xFE,0x00,
 436          0x10,0x00,0x00,0x00,0x00,0x00,0x00,0x10,0x02,0x00,0x00,0x00,0x00,0x00,0x00,0x20,
 437          0x00,0x00,0x00,0x00,0x00,0x00,0x00,0x00,0x00,0x00,0x00,0x00,0x00,0x00,0x10,0x00,
 438          0x00,0x00,0x00,0x00,0x00,0x10,0x01,0x00,0x00,0x00,0x00,0x00,0x00,0x40,0x00,0x00,
 439          0x00,0x00,0x00,0x00,0x00,0x00,0x00,0x00,0x00,0x00,0x00,0x00,0x08,0x00,0x00,0x00,
 440          0x00,0x00,0x00,0x20,0x00,0xC0,0x00,0x00,0x00,0x00,0x01,0x80,0x00,0x00,0x00,0x00,
 441          0x00,0x00,0x00,0x00,0x00,0x00,0x00,0x00,0x00,0x00,0x04,0x00,0x00,0x00,0x00,0x00,
 442          0x00,0x40,0x00,0x3F,0xFF,0xFF,0xFF,0xFF,0xFE,0x00,0x00,0x00,0x00,0x00,0x00,0x00,
 443          0x00,0x00,0x00,0x00,0x00,0x00,0x00,0x00,0x03,0x00,0x00,0x00,0x00,0x00,0x01,0x80,
 444          0x00,0x00,0x00,0x00,0x00,0x00,0x00,0x00,0x00,0x00,0x00,0x00,0x00,0x00,0x00,0x00,
 445          0x00,0x00,0x00,0x00,0x00,0x00,0x00,0xFF,0xFF,0xFF,0xFF,0xFF,0xFE,0x00,0x00,0x00,
 446          0x00,0x00,0x00,0x00,0x00,0x00,0x00,0x00,0x00,0x00,0x00,0x00,0x00,0x00,0x00,0x00,
 447          0x00,0x00,0x00,0x00,0x00,0x00,0x00,0x00,0x00,0x00,0x00,0x00,0x00,0x00,0x00,0x00,
 448          0x00,0x00,0x00,0x00,0x00,0x00,0x00,0x00,0x00,0x00,0x00,0x00,0x00,0x00,0x00,0x00,
 449          0x00,0x00,0x00,0x00,0x00,0x00,0x00,0x00,0x00,0x00,0x00,0x00,0x00,0x00,0x00,0x00,
 450          0x00,0x00,0x00,0x00,0x00,0x00,0x00,0x00,0x00,0x00,0x00,0x00,0x00,0x00,0x00,0x00,
 451          0x00,0x00,0x00,0x00,0x00,0x00,0x00,0x00,0x00,0x00,0x00,0x00,0x00,0x00,0x00,0x00,
 452          0x00,0x00,0x00,0x00,0x00,0x00,0x00,0x00,0x00,0x00,0x00,0x00,0x00,0x00,0x00,0x00,
 453          0x00,0x00,0x00,0x00,0x00,0x00,0x00,0x00,0x00,0x00,0x00,0x00,0x00,0x00,0x00,0x00,
 454          0x00,0x00,0x00,0x00,0x00,0x00,0x00,0x00,0x00,0x00,0x00,0x00,0x00,0x00,0x00,0x00,
 455          0x00,0x00,0x00,0x00,0x00,0x00,0x00,0x00,0x00,0x00,0x00,0x00,0x00,0x00,0x00,0x00,
 456          0x00,0x00,0x00,0x00,0x00,0x00,0x00,0x00,0x00,0x00,0x00,0x00,0x00,0x00,0x00,0x00,
 457          0x00,0x00,0x00,0x00,0x00,0x00,0x00,0x00,0x00,0x00,0x00,0x00,0x00,0x00,0x00,0x00,
 458          0x00,0x00,0x00,0x00,0x00,0x00,0x00,0x00,0x00,0x00,0x00,0x00,0x00,0x00,0x00,0x00,
 459          0x00,0x00,0x00,0x00,0x00,0x00,0x00,0x00,0x00,0x00,0x00,0x00,0x00,0x00,0x00,0x03,
 460          0xFF,0xFF,0xFF,0xFF,0xFF,0x80,0x00,0x00,0x00,0x00,0x00,0x00,0x00,0x00,0x00,0x1F,
 461          0xFF,0xFF,0xFF,0xFF,0xFC,0x00,0x00,0xFF,0xFF,0xFF,0xFF,0xFE,0x00,0x0C,0x00,0x00,
 462          0x00,0x00,0x00,0x60,0x00,0x1F,0xFF,0xFF,0xFF,0xFF,0xFC,0x00,0x00,0x60,0x00,0x00,
 463          0x00,0x00,0x03,0x00,0x03,0x00,0x00,0x00,0x00,0x01,0x80,0x10,0x00,0x00,0x00,0x00,
 464          0x00,0x10,0x00,0x60,0x00,0x00,0x00,0x00,0x03,0x00,0x00,0x80,0x00,0x00,0x00,0x00,
 465          0x00,0x80,0x04,0x00,0x04,0x02,0x01,0x00,0x40,0x20,0x00,0x42,0x02,0x00,0x00,0x08,
 466          0x00,0x80,0x00,0x00,0x00,0x00,0x00,0x80,0x01,0x00,0x00,0x01,0x00,0x00,0x00,0x40,
 467          0x08,0x00,0x04,0x01,0x3F,0x80,0x20,0x40,0x00,0x4F,0xC2,0x7F,0x00,0x04,0x01,0x00,
 468          0x00,0x01,0x00,0x00,0x00,0x40,0x02,0x00,0x00,0x03,0x80,0x00,0x00,0x20,0x10,0x00,
 469          0x7F,0xC7,0xA1,0x00,0x10,0x40,0x00,0x68,0x82,0x08,0x00,0x04,0x02,0x00,0x00,0x03,
 470          0x80,0x00,0x00,0x20,0x02,0x00,0x00,0x07,0xC0,0x00,0x00,0x20,0x10,0x00,0x44,0x40,
 471          0xA5,0x00,0x10,0x80,0x00,0x85,0x0A,0x88,0x00,0x02,0x02,0x00,0x00,0x07,0xC0,0x00,
 472          0x00,0x20,0x04,0x00,0x00,0x0F,0xE0,0x00,0x00,0x10,0x20,0x00,0x44,0x41,0x25,0x00,
 473          0x08,0x80,0x01,0xFF,0xEB,0x08,0x00,0x02,0x04,0x00,0x00,0x0F,0xE0,0x00,0x00,0x10,
 474          0x04,0x00,0x00,0x1F,0xF0,0x00,0x00,0x10,0x20,0x00,0x7F,0xC3,0xA5,0x00,0x08,0x80,
 475          0x00,0x48,0x4A,0x08,0x00,0x02,0x04,0x00,0x00,0x1F,0xF0,0x00,0x00,0x10,0x04,0x00,
 476          0x00,0x3F,0xF8,0x00,0x00,0x10,0x20,0x00,0x44,0x45,0x65,0x00,0x08,0x80,0x00,0x4F,
 477          0xC2,0x08,0x00,0x02,0x04,0x00,0x00,0x3F,0xF8,0x00,0x00,0x10,0x04,0x00,0x00,0x7F,
 478          0xFC,0x00,0x00,0x10,0x20,0x00,0x44,0x41,0x25,0x00,0x08,0x80,0x01,0xE8,0x42,0x08,
 479          0x00,0x02,0x04,0x00,0x00,0x7F,0xFC,0x00,0x00,0x10,0x04,0x00,0x00,0xFF,0xFE,0x00,
 480          0x00,0x10,0x20,0x00,0x7F,0xC1,0x0C,0x00,0x08,0x80,0x00,0x4F,0xC3,0x08,0x00,0x02,
 481          0x04,0x00,0x00,0xFF,0xFE,0x00,0x00,0x10,0x04,0x00,0x01,0xFF,0xFF,0x00,0x00,0x10,
 482          0x20,0x00,0x04,0x11,0x14,0x80,0x08,0x80,0x00,0x45,0x04,0x88,0x00,0x02,0x04,0x00,
 483          0x01,0xFF,0xFF,0x00,0x00,0x10,0x04,0x00,0x03,0xFF,0xFF,0x80,0x00,0x10,0x20,0x00,
 484          0x04,0x11,0x24,0x80,0x08,0x80,0x00,0x69,0x24,0x48,0x00,0x02,0x04,0x00,0x03,0xFF,
 485          0xFF,0x80,0x00,0x10,0x04,0x00,0x07,0xFF,0xFF,0xC0,0x00,0x10,0x20,0x00,0x03,0xF1,
 486          0x43,0x80,0x08,0x80,0x00,0x50,0xE8,0x18,0x00,0x02,0x04,0x00,0x07,0xFF,0xFF,0xC0,
 487          0x00,0x10,0x04,0x00,0x0F,0xFF,0xFF,0xE0,0x00,0x10,0x20,0x00,0x00,0x00,0x00,0x00,
 488          0x08,0x80,0x00,0x00,0x00,0x00,0x00,0x02,0x04,0x00,0x0F,0xFF,0xFF,0xE0,0x00,0x10,
C51 COMPILER V9.60.7.0   PICTURE                                                           11/27/2024 20:45:13 PAGE 9   

 489          0x04,0x00,0x00,0x00,0x00,0x00,0x00,0x10,0x20,0x00,0x00,0x00,0x00,0x00,0x08,0x80,
 490          0x00,0x00,0x00,0x00,0x00,0x02,0x04,0x00,0x00,0x00,0x00,0x00,0x00,0x10,0x04,0x00,
 491          0x00,0x00,0x00,0x00,0x00,0x10,0x20,0x00,0x00,0x00,0x00,0x00,0x08,0x80,0x00,0x00,
 492          0x00,0x00,0x00,0x02,0x04,0x00,0x00,0x00,0x00,0x00,0x00,0x10,0x04,0x00,0x08,0x00,
 493          0x40,0x20,0x00,0x10,0x20,0x00,0x00,0x00,0x00,0x00,0x08,0x80,0x00,0x00,0x00,0x00,
 494          0x00,0x02,0x04,0x00,0x08,0x00,0x40,0x20,0x00,0x10,0x04,0x01,0xFF,0xC2,0x40,0x27,
 495          0xF0,0x10,0x20,0x00,0x01,0xF7,0x70,0x00,0x08,0x81,0xDD,0xF7,0xCF,0x86,0x3E,0x02,
 496          0x04,0x01,0xFF,0xC2,0x40,0x27,0xF0,0x10,0x04,0x01,0x00,0x01,0x40,0x20,0x80,0x10,
 497          0x20,0x00,0x01,0x52,0x20,0x00,0x08,0x80,0xD8,0x42,0x24,0x49,0x11,0x02,0x04,0x01,
 498          0x00,0x01,0x40,0x20,0x80,0x10,0x04,0x01,0x08,0x08,0x40,0xA8,0x80,0x10,0x20,0x00,
 499          0x00,0x42,0x20,0x00,0x08,0x80,0xD8,0x42,0x24,0x50,0x91,0x02,0x04,0x01,0x08,0x08,
 500          0x40,0xA8,0x80,0x10,0x04,0x01,0x08,0x04,0x40,0xB0,0x80,0x10,0x20,0x00,0x00,0x41,
 501          0x40,0x00,0x08,0x80,0xD8,0x43,0xC7,0x90,0x9E,0x02,0x04,0x01,0x08,0x04,0x40,0xB0,
 502          0x80,0x10,0x04,0x01,0xFF,0xC0,0x40,0xA0,0x80,0x10,0x20,0x00,0x00,0x41,0x40,0x00,
 503          0x08,0x80,0xA8,0x42,0x85,0x10,0x94,0x02,0x04,0x01,0xFF,0xC0,0x40,0xA0,0x80,0x10,
 504          0x04,0x01,0x0C,0x1F,0xFE,0x20,0x80,0x10,0x10,0x00,0x00,0x41,0x40,0x00,0x10,0x40,
 505          0xA8,0x42,0x44,0x90,0x92,0x04,0x04,0x01,0x0C,0x1F,0xFE,0x20,0x80,0x10,0x04,0x01,
 506          0x1A,0x00,0x40,0x20,0x80,0x10,0x10,0x00,0x00,0x41,0x40,0x00,0x10,0x40,0xA8,0x42,
 507          0x44,0x90,0x92,0x04,0x04,0x01,0x1A,0x00,0x40,0x20,0x80,0x10,0x04,0x01,0x29,0x00,
 508          0xA0,0x30,0x80,0x10,0x08,0x00,0x00,0x40,0x80,0x00,0x20,0x20,0xA8,0x42,0x24,0x49,
 509          0x11,0x08,0x04,0x01,0x29,0x00,0xA0,0x30,0x80,0x10,0x04,0x01,0x48,0x81,0x10,0x48,
 510          0x80,0x10,0x04,0x00,0x00,0xE0,0x80,0x00,0x40,0x11,0xAD,0xF7,0x3E,0x66,0x39,0x90,
 511          0x04,0x01,0x48,0x81,0x10,0x48,0x80,0x10,0x04,0x02,0x88,0x42,0x0C,0x44,0x80,0x10,
 512          0x03,0x00,0x00,0x00,0x00,0x01,0x80,0x0C,0x00,0x00,0x00,0x00,0x00,0x60,0x04,0x02,
 513          0x88,0x42,0x0C,0x44,0x80,0x10,0x04,0x02,0x08,0x0C,0x04,0x81,0x80,0x10,0x00,0xFF,
 514          0xFF,0xFF,0xFF,0xFE,0x00,0x03,0xFF,0xFF,0xFF,0xFF,0xFF,0x80,0x04,0x02,0x08,0x0C,
 515          0x04,0x81,0x80,0x10,0x04,0x00,0x00,0x00,0x00,0x00,0x00,0x10,0x00,0x00,0x00,0x00,
 516          0x00,0x00,0x00,0x00,0x00,0x00,0x00,0x00,0x00,0x00,0x04,0x00,0x00,0x00,0x00,0x00,
 517          0x00,0x10,0x04,0x00,0x00,0x00,0x00,0x00,0x00,0x10,0x00,0x00,0x00,0x00,0x00,0x00,
 518          0x00,0x00,0x00,0x00,0x00,0x00,0x00,0x00,0x04,0x00,0x00,0x00,0x00,0x00,0x00,0x10,
 519          0x04,0x00,0x00,0x00,0x00,0x00,0x00,0x10,0x00,0xFF,0xFF,0xFF,0xFF,0xFE,0x00,0x00,
 520          0xFF,0xFF,0xFF,0xFF,0xFF,0x80,0x04,0x00,0x00,0x00,0x00,0x00,0x00,0x10,0x04,0x00,
 521          0x00,0x00,0x00,0x00,0x00,0x10,0x03,0x00,0x00,0x80,0x40,0x01,0x80,0x03,0x00,0x00,
 522          0x00,0x00,0x00,0x60,0x04,0x00,0x00,0x00,0x00,0x00,0x00,0x10,0x04,0x00,0x00,0x00,
 523          0x00,0x00,0x00,0x10,0x04,0x00,0x1F,0xFC,0x4F,0xE0,0x40,0x04,0x02,0x20,0x21,0x01,
 524          0x00,0x10,0x04,0x00,0x00,0x00,0x00,0x00,0x00,0x10,0x04,0x00,0x00,0x00,0x00,0x00,
 525          0x00,0x10,0x08,0x00,0x12,0x00,0x41,0x00,0x20,0x08,0x1F,0xFE,0x21,0x01,0x3F,0x88,
 526          0x04,0x00,0x00,0x00,0x00,0x00,0x00,0x10,0x04,0x00,0x00,0x00,0x00,0x00,0x00,0x10,
 527          0x10,0x00,0x17,0xBD,0x51,0x00,0x10,0x10,0x02,0x20,0x25,0x01,0x04,0x04,0x04,0x00,
 528          0x00,0x00,0x00,0x00,0x00,0x10,0x04,0x00,0x03,0xE7,0xEF,0x00,0x00,0x10,0x10,0x00,
 529          0x14,0xA5,0x61,0x00,0x10,0x10,0x08,0x80,0x25,0x65,0x44,0x04,0x04,0x00,0x03,0xE7,
 530          0xEF,0x00,0x00,0x10,0x04,0x00,0x01,0x12,0x24,0x80,0x00,0x10,0x20,0x00,0x17,0xA9,
 531          0x41,0x00,0x08,0x20,0x04,0xF8,0xF5,0xA5,0x84,0x02,0x04,0x00,0x01,0x12,0x24,0x80,
 532          0x00,0x10,0x04,0x00,0x01,0x12,0x04,0x40,0x00,0x10,0x20,0x00,0x14,0xB0,0x41,0x00,
 533          0x08,0x20,0x11,0x48,0x27,0x25,0x04,0x02,0x04,0x00,0x01,0x12,0x04,0x40,0x00,0x10,
 534          0x04,0x00,0x01,0xE2,0x44,0x40,0x00,0x10,0x20,0x00,0x17,0xA8,0x41,0x00,0x08,0x20,
 535          0x08,0x30,0x2D,0x21,0x04,0x02,0x04,0x00,0x01,0xE2,0x44,0x40,0x00,0x10,0x04,0x00,
 536          0x01,0x13,0xC4,0x40,0x00,0x10,0x20,0x00,0x14,0x24,0x61,0x00,0x08,0x20,0x04,0xC8,
 537          0x25,0x21,0x04,0x02,0x04,0x00,0x01,0x13,0xC4,0x40,0x00,0x10,0x04,0x00,0x01,0x12,
 538          0x44,0x40,0x00,0x10,0x20,0x00,0x15,0xB4,0x91,0x00,0x08,0x20,0x1B,0xFE,0x25,0xC1,
 539          0x84,0x02,0x04,0x00,0x01,0x12,0x44,0x40,0x00,0x10,0x04,0x00,0x01,0x12,0x04,0x40,
 540          0x00,0x10,0x20,0x00,0x26,0xA8,0x89,0x00,0x08,0x20,0x08,0x88,0x35,0x12,0x44,0x02,
 541          0x04,0x00,0x01,0x12,0x04,0x40,0x00,0x10,0x04,0x00,0x01,0x12,0x24,0x80,0x00,0x10,
 542          0x20,0x00,0x20,0x21,0x03,0x00,0x08,0x20,0x08,0x88,0xC4,0x12,0x24,0x02,0x04,0x00,
 543          0x01,0x12,0x24,0x80,0x00,0x10,0x04,0x00,0x03,0xE7,0xEF,0x00,0x00,0x10,0x20,0x00,
 544          0x00,0x00,0x00,0x00,0x08,0x20,0x08,0xF8,0x03,0xF4,0x0C,0x02,0x04,0x00,0x03,0xE7,
 545          0xEF,0x00,0x00,0x10,0x04,0x00,0x00,0x00,0x00,0x00,0x00,0x10,0x20,0x00,0x00,0x00,
 546          0x00,0x00,0x08,0x20,0x00,0x00,0x00,0x00,0x00,0x02,0x04,0x00,0x00,0x00,0x00,0x00,
 547          0x00,0x10,0x04,0x00,0x00,0x00,0x00,0x00,0x00,0x10,0x20,0x00,0x00,0x00,0x00,0x00,
 548          0x08,0x20,0x00,0x00,0x00,0x00,0x00,0x02,0x04,0x00,0x00,0x00,0x00,0x00,0x00,0x10,
 549          0x04,0x00,0x0F,0xFF,0xFF,0xE0,0x00,0x10,0x20,0x07,0xEF,0x86,0x3B,0xBE,0x08,0x20,
 550          0x00,0x00,0x00,0x00,0x00,0x02,0x04,0x00,0x0F,0xFF,0xFF,0xE0,0x00,0x10,0x04,0x00,
C51 COMPILER V9.60.7.0   PICTURE                                                           11/27/2024 20:45:13 PAGE 10  

 551          0x07,0xFF,0xFF,0xC0,0x00,0x10,0x20,0x02,0x24,0x49,0x19,0x2A,0x08,0x20,0x0F,0xDC,
 552          0x0C,0x18,0xF8,0x02,0x04,0x00,0x07,0xFF,0xFF,0xC0,0x00,0x10,0x04,0x00,0x03,0xFF,
 553          0xFF,0x80,0x00,0x10,0x20,0x02,0x04,0x50,0x99,0x08,0x08,0x20,0x04,0x48,0x12,0x24,
 554          0x44,0x02,0x04,0x00,0x03,0xFF,0xFF,0x80,0x00,0x10,0x04,0x00,0x01,0xFF,0xFF,0x00,
 555          0x00,0x10,0x20,0x02,0x47,0x90,0x95,0x08,0x08,0x20,0x04,0x08,0x21,0x42,0x44,0x02,
 556          0x04,0x00,0x01,0xFF,0xFF,0x00,0x00,0x10,0x04,0x00,0x00,0xFF,0xFE,0x00,0x00,0x10,
 557          0x20,0x03,0xC5,0x10,0x95,0x08,0x08,0x20,0x04,0x88,0x21,0x42,0x78,0x02,0x04,0x00,
 558          0x00,0xFF,0xFE,0x00,0x00,0x10,0x04,0x00,0x00,0x7F,0xFC,0x00,0x00,0x10,0x20,0x02,
 559          0x44,0x90,0x95,0x08,0x08,0x20,0x07,0x88,0x21,0x42,0x50,0x02,0x04,0x00,0x00,0x7F,
 560          0xFC,0x00,0x00,0x10,0x04,0x00,0x00,0x3F,0xF8,0x00,0x00,0x10,0x10,0x02,0x04,0x90,
 561          0x93,0x08,0x10,0x10,0x04,0x88,0x21,0x42,0x48,0x04,0x04,0x00,0x00,0x3F,0xF8,0x00,
 562          0x00,0x10,0x04,0x00,0x00,0x1F,0xF0,0x00,0x00,0x10,0x10,0x02,0x04,0x49,0x13,0x08,
 563          0x10,0x10,0x04,0x08,0x21,0x42,0x48,0x04,0x04,0x00,0x00,0x1F,0xF0,0x00,0x00,0x10,
 564          0x02,0x00,0x00,0x0F,0xE0,0x00,0x00,0x20,0x08,0x07,0x0E,0x66,0x39,0x1C,0x20,0x08,
 565          0x04,0x08,0x92,0x24,0x44,0x08,0x02,0x00,0x00,0x0F,0xE0,0x00,0x00,0x20,0x02,0x00,
 566          0x00,0x07,0xC0,0x00,0x00,0x20,0x04,0x00,0x00,0x00,0x00,0x00,0x40,0x04,0x0E,0x1F,
 567          0x8C,0x18,0xE6,0x10,0x02,0x00,0x00,0x07,0xC0,0x00,0x00,0x20,0x01,0x00,0x00,0x03,
 568          0x80,0x00,0x00,0x40,0x03,0x00,0x00,0x00,0x00,0x01,0x80,0x03,0x00,0x00,0x00,0x00,
 569          0x00,0x60,0x01,0x00,0x00,0x03,0x80,0x00,0x00,0x40,0x00,0x80,0x00,0x01,0x00,0x00,
 570          0x00,0x80,0x00,0xFF,0xFF,0xFF,0xFF,0xFE,0x00,0x00,0xFF,0xFF,0xFF,0xFF,0xFF,0x80,
 571          0x00,0x80,0x00,0x01,0x00,0x00,0x00,0x80,0x00,0x60,0x00,0x00,0x00,0x00,0x03,0x00,
 572          0x00,0x00,0x00,0x00,0x00,0x00,0x00,0x00,0x00,0x00,0x00,0x00,0x00,0x00,0x00,0x60,
 573          0x00,0x00,0x00,0x00,0x03,0x00,0x00,0x1F,0xFF,0xFF,0xFF,0xFF,0xFC,0x00,0x00,0x00,
 574          0x00,0x00,0x00,0x00,0x00,0x00,0x00,0x00,0x00,0x00,0x00,0x00,0x00,0x1F,0xFF,0xFF,
 575          0xFF,0xFF,0xFC,0x00,0x00,0x00,0x00,0x00,0x00,0x00,0x00,0x00,0x00,0x00,0x00,0x00,
 576          0x00,0x00,0x00,0x00,0x00,0x00,0x00,0x00,0x00,0x00,0x00,0x00,0x00,0x00,0x00,0x00,
 577          0x00,0x00,0x00,0x00,0x00,0x00,0x00,0x00,0x00,0x00,0x00,0x00,0x00,0x00,0x00,0x00,
 578          0x00,0x00,0x00,0x00,0x00,0x00,0x00,0x00,0x00,0x00,0x00,0x00,0x00,0x00,0x00,0x00
 579          
 580          };  
 581          
 582          unsigned char code EnglishCode[]={
 583          0x20, // 字符001: [ ] (空格)
 584          0x2A, // 字符002: [*]
 585          0x2D, // 字符003: [-]
 586          0x2E, // 字符004: [.]
 587          0x30, // 字符005: [0]
 588          0x31, // 字符006: [1]
 589          0x32, // 字符007: [2]
 590          0x34, // 字符008: [4]
 591          0x38, // 字符009: [8]
 592          0x3A, // 字符010: [:]
 593          0x42, // 字符011: [B]
 594          0x47, // 字符012: [G]
 595          0x48, // 字符013: [H]
 596          0x53, // 字符014: [S]
 597          0x59, // 字符015: [Y]
 598          0x61, // 字符016: [a]
 599          0x63, // 字符017: [c]
 600          0x64, // 字符018: [d]
 601          0x65, // 字符019: [e]
 602          0x67, // 字符020: [g]
 603          0x68, // 字符021：[h]
 604          0x69, // 字符022: [i]
 605          0x6C, // 字符023: [l]
 606          0x6D, // 字符024: [m]
 607          0x6F, // 字符025: [o]
 608          0x70, // 字符026: [p]
 609          0x72, // 字符027: [r]
 610          0x73, // 字符028: [s]
 611          0x75, // 字符029: [u]
 612          0x79, // 字符030: [y]
C51 COMPILER V9.60.7.0   PICTURE                                                           11/27/2024 20:45:13 PAGE 11  

 613          0x7a  // 字符031: [z]
 614          };
 615          
 616          unsigned char code EnglishCharDot[]={
 617          
 618          
 619          /*-- ID:0,字符:" ",ASCII编码:20,对应字:宽x高=8x16,画布:宽W=8 高H=16,共16字节*/
 620          0x00,0x00,0x00,0x00,0x00,0x00,0x00,0x00,0x00,0x00,0x00,0x00,0x00,0x00,0x00,0x00,
 621          
 622          /*-- ID:43,字符:"*",ASCII编码:2A,对应字:宽x高=8x16,画布:宽W=8 高H=16,共16字节*/
 623          0x00,0x00,0x00,0x10,0x10,0xD6,0x38,0x38,0xD6,0x10,0x10,0x00,0x00,0x00,0x00,0x00,
 624          
 625          /*-- ID:0,字符:"-",ASCII编码:2D,对应字:宽x高=8x16,画布:宽W=8 高H=16,共16字节*/
 626          0x00,0x00,0x00,0x00,0x00,0x00,0x00,0x7E,0x00,0x00,0x00,0x00,0x00,0x00,0x00,0x00,
 627          
 628          /*-- ID:0,字符:".",ASCII编码:2E,对应字:宽x高=8x16,画布:宽W=8 高H=16,共16字节*/
 629          0x00,0x00,0x00,0x00,0x00,0x00,0x00,0x00,0x00,0x00,0x00,0x60,0x60,0x00,0x00,0x00,
 630          
 631          /*-- ID:0,字符:"0",ASCII编码:30,对应字:宽x高=8x16,画布:宽W=8 高H=16,共16字节*/
 632          0x00,0x00,0x18,0x24,0x42,0x42,0x42,0x42,0x42,0x42,0x42,0x24,0x18,0x00,0x00,0x00,
 633          
 634          /*-- ID:1,字符:"1",ASCII编码:31,对应字:宽x高=8x16,画布:宽W=8 高H=16,共16字节*/
 635          0x00,0x00,0x08,0x38,0x08,0x08,0x08,0x08,0x08,0x08,0x08,0x08,0x3E,0x00,0x00,0x00,
 636          
 637          /*-- ID:2,字符:"2",ASCII编码:32,对应字:宽x高=8x16,画布:宽W=8 高H=16,共16字节*/
 638          0x00,0x00,0x3C,0x42,0x42,0x42,0x02,0x04,0x08,0x10,0x20,0x42,0x7E,0x00,0x00,0x00,
 639          
 640          /*-- ID:3,字符:"4",ASCII编码:34,对应字:宽x高=8x16,画布:宽W=8 高H=16,共16字节*/
 641          0x00,0x00,0x04,0x0C,0x0C,0x14,0x24,0x24,0x44,0x7F,0x04,0x04,0x1F,0x00,0x00,0x00,
 642          
 643          /*-- ID:4,字符:"8",ASCII编码:38,对应字:宽x高=8x16,画布:宽W=8 高H=16,共16字节*/
 644          0x00,0x00,0x3C,0x42,0x42,0x42,0x24,0x18,0x24,0x42,0x42,0x42,0x3C,0x00,0x00,0x00,
 645          
 646          /*-- ID:0,字符:":",ASCII编码:3A,对应字:宽x高=8x16,画布:宽W=8 高H=16,共16字节*/
 647          0x00,0x00,0x00,0x00,0x00,0x18,0x18,0x00,0x00,0x00,0x00,0x18,0x18,0x00,0x00,0x00,
 648          
 649          /*-- ID:0,字符:"B",ASCII编码:42,对应字:宽x高=8x16,画布:宽W=8 高H=16,共16字节*/
 650          0x00,0x00,0xF8,0x44,0x44,0x44,0x78,0x44,0x42,0x42,0x42,0x44,0xF8,0x00,0x00,0x00,
 651          
 652          /*-- ID:1,字符:"G",ASCII编码:47,对应字:宽x高=8x16,画布:宽W=8 高H=16,共16字节*/
 653          0x00,0x00,0x3C,0x44,0x44,0x80,0x80,0x80,0x8E,0x84,0x44,0x44,0x38,0x00,0x00,0x00,
 654          
 655          /*-- ID:2,字符:"H",ASCII编码:48,对应字:宽x高=8x16,画布:宽W=8 高H=16,共16字节*/
 656          0x00,0x00,0xE7,0x42,0x42,0x42,0x42,0x7E,0x42,0x42,0x42,0x42,0xE7,0x00,0x00,0x00,
 657          
 658          /*-- ID:3,字符:"S",ASCII编码:53,对应字:宽x高=8x16,画布:宽W=8 高H=16,共16字节*/
 659          0x00,0x00,0x3E,0x42,0x42,0x40,0x20,0x18,0x04,0x02,0x42,0x42,0x7C,0x00,0x00,0x00,
 660          
 661          
 662          /*-- ID:4,字符:"Y",ASCII编码:59,对应字:宽x高=8x16,画布:宽W=8 高H=16,共16字节*/
 663          0x00,0x00,0xEE,0x44,0x44,0x28,0x28,0x10,0x10,0x10,0x10,0x10,0x38,0x00,0x00,0x00,
 664          
 665          /*-- ID:5,字符:"a",ASCII编码:61,对应字:宽x高=8x16,画布:宽W=8 高H=16,共16字节*/
 666          0x00,0x00,0x00,0x00,0x00,0x00,0x38,0x44,0x0C,0x34,0x44,0x4C,0x36,0x00,0x00,0x00,
 667          
 668          /*-- ID:6,字符:"c",ASCII编码:63,对应字:宽x高=8x16,画布:宽W=8 高H=16,共16字节*/
 669          0x00,0x00,0x00,0x00,0x00,0x00,0x1C,0x22,0x40,0x40,0x40,0x22,0x1C,0x00,0x00,0x00,
 670          
 671          /*-- ID:7,字符:"d",ASCII编码:64,对应字:宽x高=8x16,画布:宽W=8 高H=16,共16字节*/
 672          0x00,0x00,0x00,0x06,0x02,0x02,0x3E,0x42,0x42,0x42,0x42,0x46,0x3B,0x00,0x00,0x00,
 673          
 674          /*-- ID:8,字符:"e",ASCII编码:65,对应字:宽x高=8x16,画布:宽W=8 高H=16,共16字节*/
C51 COMPILER V9.60.7.0   PICTURE                                                           11/27/2024 20:45:13 PAGE 12  

 675          0x00,0x00,0x00,0x00,0x00,0x00,0x3C,0x42,0x42,0x7E,0x40,0x42,0x3C,0x00,0x00,0x00,
 676          
 677          /*-- ID:9,字符:"g",ASCII编码:67,对应字:宽x高=8x16,画布:宽W=8 高H=16,共16字节*/
 678          0x00,0x00,0x00,0x00,0x00,0x00,0x3E,0x44,0x44,0x38,0x40,0x3C,0x42,0x42,0x3C,0x00,
 679          
 680          /*-- ID:0,字符:"h",ASCII编码:68,对应字:宽x高=8x16,画布:宽W=8 高H=16,共16字节*/
 681          0x00,0x00,0x00,0xC0,0x40,0x40,0x5C,0x62,0x42,0x42,0x42,0x42,0xE7,0x00,0x00,0x00,
 682          
 683          /*-- ID:10,字符:"i",ASCII编码:69,对应字:宽x高=8x16,画布:宽W=8 高H=16,共16字节*/
 684          0x00,0x00,0x30,0x30,0x00,0x00,0x70,0x10,0x10,0x10,0x10,0x10,0x7C,0x00,0x00,0x00,
 685          
 686          /*-- ID:11,字符:"l",ASCII编码:6C,对应字:宽x高=8x16,画布:宽W=8 高H=16,共16字节*/
 687          0x00,0x00,0x10,0x70,0x10,0x10,0x10,0x10,0x10,0x10,0x10,0x10,0x7C,0x00,0x00,0x00,
 688          
 689          /*-- ID:12,字符:"m",ASCII编码:6D,对应字:宽x高=8x16,画布:宽W=8 高H=16,共16字节*/
 690          0x00,0x00,0x00,0x00,0x00,0x00,0xFE,0x49,0x49,0x49,0x49,0x49,0xED,0x00,0x00,0x00,
 691          
 692          /*-- ID:13,字符:"o",ASCII编码:6F,对应字:宽x高=8x16,画布:宽W=8 高H=16,共16字节*/
 693          0x00,0x00,0x00,0x00,0x00,0x00,0x3C,0x42,0x42,0x42,0x42,0x42,0x3C,0x00,0x00,0x00,
 694          
 695          /*-- ID:14,字符:"p",ASCII编码:70,对应字:宽x高=8x16,画布:宽W=8 高H=16,共16字节*/
 696          0x00,0x00,0x00,0x00,0x00,0x00,0xD8,0x64,0x42,0x42,0x42,0x64,0x58,0x40,0xE0,0x00,
 697          
 698          /*-- ID:15,字符:"r",ASCII编码:72,对应字:宽x高=8x16,画布:宽W=8 高H=16,共16字节*/
 699          0x00,0x00,0x00,0x00,0x00,0x00,0xEE,0x32,0x20,0x20,0x20,0x20,0xF8,0x00,0x00,0x00,
 700          
 701          /*-- ID:16,字符:"s",ASCII编码:73,对应字:宽x高=8x16,画布:宽W=8 高H=16,共16字节*/
 702          0x00,0x00,0x00,0x00,0x00,0x00,0x3E,0x42,0x40,0x3C,0x02,0x42,0x7C,0x00,0x00,0x00,
 703          
 704          /*-- ID:1,字符:"u",ASCII编码:75,对应字:宽x高=8x16,画布:宽W=8 高H=16,共16字节*/
 705          0x00,0x00,0x00,0x00,0x00,0x00,0xC6,0x42,0x42,0x42,0x42,0x46,0x3B,0x00,0x00,0x00,
 706          
 707          /*-- ID:17,字符:"y",ASCII编码:79,对应字:宽x高=8x16,画布:宽W=8 高H=16,共16字节*/
 708          0x00,0x00,0x00,0x00,0x00,0x00,0xE7,0x42,0x24,0x24,0x18,0x18,0x10,0x10,0x60,0x00,
 709          
 710          /*-- ID:0,字符:"z",ASCII编码:7A,对应字:宽x高=8x16,画布:宽W=8 高H=16,共16字节*/
 711          0x00,0x00,0x00,0x00,0x00,0x00,0x7E,0x44,0x08,0x10,0x10,0x22,0x7E,0x00,0x00,0x00,
 712                  
 713          };


MODULE INFORMATION:   STATIC OVERLAYABLE
   CODE SIZE        =   ----    ----
   CONSTANT SIZE    =   8863    ----
   XDATA SIZE       =   ----    ----
   PDATA SIZE       =   ----    ----
   DATA SIZE        =   ----    ----
   IDATA SIZE       =   ----    ----
   BIT SIZE         =   ----    ----
END OF MODULE INFORMATION.


C51 COMPILATION COMPLETE.  0 WARNING(S),  0 ERROR(S)
