C51 COMPILER V9.60.7.0   MAIN                                                              12/13/2024 09:06:19 PAGE 1   


C51 COMPILER V9.60.7.0, COMPILATION OF MODULE MAIN
OBJECT MODULE PLACED IN .\Objects\main.obj
COMPILER INVOKED BY: D:\KEIL_STM32\C51\BIN\C51.EXE main.c OPTIMIZE(8,SPEED) BROWSE DEBUG OBJECTEXTEND PRINT(.\Listings\m
                    -ain.lst) OBJECT(.\Objects\main.obj)

line level    source

   1          #include <REGX52.H>
   2          #include "lcd240128.h"
   3          #include "picture.h"
   4          sbit LCD_FS=P3^5;
   5          sbit LCD_EN=P3^3;
   6          //unsigned char mode;
   7          ////extern  unsigned char  Y; 
   8          ////extern  unsigned char  X; 
   9          
  10          
  11          //void Main( void )   
  12          //{
  13          //      LCD_EN=0;  
  14          //      LCD_FS=0; 
  15          //      LcmInit(); 
  16          //      LcmClear();
  17          //    DisplayDots(0x55,0xaa);
  18          //    Delay(500);       
  19          //    DisplayDots(0xaa,0x55);
  20          //    Delay(500);  
  21          //    DisplayDots(0x55,0x55);
  22          //    Delay(500);       
  23          //    DisplayDots(0xaa,0xaa);
  24          //    Delay(500); 
  25          //    DisplayDots(0xff,0x00);
  26          //    Delay(500); 
  27          //    DisplayDots(0x00,0xff);
  28          //    Delay(500); 
  29          //      DisplayDots(0xff,0xff);
  30          //    Delay(500);       
  31          //      LcmClear();
  32          //      
  33          //    DisplayBMP(0,0,240,128,BMP1);   
  34          //    Delay(500);    
  35          //    ReverseDisplayBMP(0,0,240,128,BMP1);   
  36          //    Delay(500);
  37          //      
  38          //      LcmClear();
  39          //      Display_FullCGROM();
  40          //      Delay(500);
  41          //      
  42          //      LcmClear();
  43          //      picture();
  44          //      
  45          
  46          // while(1)  
  47          //{
  48          
  49          //              if(ReadKey1())
  50          //              mode++;
  51          //              mode%=10;
  52          //              LcmClear();
  53          //              switch(mode){   
  54          //              case 0:DisplayDots(0xff,0x00);
C51 COMPILER V9.60.7.0   MAIN                                                              12/13/2024 09:06:19 PAGE 2   

  55          //              break;
  56          //              case 1:DisplayDots(0x55,0xaa);
  57          //              break;
  58          //              case 2:DisplayDots(0x55,0x55);
  59          //              break;
  60          //              case 3:DisplayDots(0x00,0xff);
  61          //              break;
  62          //              case 4:DisplayDots(0xaa,0xaa);
  63          //              break;
  64          //              case 5:picture();       
  65          //              break;
  66          //              case 6:Display_FullCGROM();     
  67          //              break;
  68          //              case 7:DisplayBMP(0,0,240,128,BMP1);    
  69          //              break;
  70          //              case 8:ReverseDisplayBMP(0,0,240,128,BMP1);
  71          //              break;
  72          //              case 9:ReverseDisplayBMP(0,0,240,128,BMP0); 
  73          //              break;
  74          
  75          //}
  76          // }   
  77          //}
  78          
  79          
  80          
  81          
  82          
  83          void main(void)   
  84          {
  85   1          LCD_EN = 0;  
  86   1          LCD_FS = 0; 
  87   1          LcmInit(); 
  88   1          LcmClear();
  89   1      
  90   1          while (1)  
  91   1          {
  92   2            
  93   2              if (ReadKey1()) 
  94   2              {
  95   3                  HandleKey(); 
  96   3              } 
  97   2              else 
  98   2              {
  99   3                
 100   3                  DisplayPatterns(); 
 101   3              }
 102   2          }   
 103   1      }


MODULE INFORMATION:   STATIC OVERLAYABLE
   CODE SIZE        =     27    ----
   CONSTANT SIZE    =   ----    ----
   XDATA SIZE       =   ----    ----
   PDATA SIZE       =   ----    ----
   DATA SIZE        =   ----    ----
   IDATA SIZE       =   ----    ----
   BIT SIZE         =   ----    ----
END OF MODULE INFORMATION.


C51 COMPILATION COMPLETE.  0 WARNING(S),  0 ERROR(S)
