C51 COMPILER V9.60.7.0   MAIN                                                              11/01/2024 14:47:03 PAGE 1   


C51 COMPILER V9.60.7.0, COMPILATION OF MODULE MAIN
OBJECT MODULE PLACED IN .\Objects\main.obj
COMPILER INVOKED BY: D:\KEIL_STM32\C51\BIN\C51.EXE main.c OPTIMIZE(8,SPEED) BROWSE DEBUG OBJECTEXTEND PRINT(.\Listings\m
                    -ain.lst) OBJECT(.\Objects\main.obj)

line level    source

   1          #include <REGX52.H>
   2          #include <INTRINS.H>
   3          #include "lcd16080.h"
   4          #include "picture.h"
   5          extern unsigned char data Y; 
   6          extern unsigned char data X; 
   7          unsigned char mode;
   8          
   9          void main(void)
  10          {  
  11   1              lcdInitialize();                //初始化液晶显示控制器
  12   1              lcdFill(0xff);
  13   1              lcdFill(0xaa);
  14   1              FillHorizontalStripePattern();
  15   1              FillHorizontalStripePattern1();
  16   1              FillHorizontalStripePattern2();
  17   1          lcdFill(0x55);
  18   1              
  19   1              
  20   1      //      lcdFill(0x00);
  21   1      //      draw_more_nested_rectangles();
  22   1      //      lcdFill(0x00);
  23   1      //      drawNestedCircles(80, 40, 39, 1); 
  24   1      
  25   1              
  26   1              while(1)
  27   1          {   
  28   2                      if(ReadKey1())
  29   2                      mode++;
  30   2                      mode%=5;
  31   2                      switch(mode){
  32   3                      case 0:lcdFill(0xaa);
  33   3                      break;
  34   3                      case 1:FillHorizontalStripePattern();
  35   3                      break;
  36   3                      case 2:FillHorizontalStripePattern1();
  37   3                      break;
  38   3                      case 3:FillHorizontalStripePattern2();
  39   3                      break;
  40   3                      case 4:lcdFill(0xff);
  41   3                      break;
  42   3      //              case 5:draw_more_nested_rectangles();
  43   3      //              break;
  44   3      
  45   3      }
  46   2      
  47   2          }
  48   1      }


MODULE INFORMATION:   STATIC OVERLAYABLE
   CODE SIZE        =     91    ----
   CONSTANT SIZE    =   ----    ----
   XDATA SIZE       =   ----    ----
C51 COMPILER V9.60.7.0   MAIN                                                              11/01/2024 14:47:03 PAGE 2   

   PDATA SIZE       =   ----    ----
   DATA SIZE        =      1    ----
   IDATA SIZE       =   ----    ----
   BIT SIZE         =   ----    ----
END OF MODULE INFORMATION.


C51 COMPILATION COMPLETE.  0 WARNING(S),  0 ERROR(S)
