C51 COMPILER V9.60.7.0   PICTURE                                                           11/01/2024 11:45:53 PAGE 1   


C51 COMPILER V9.60.7.0, COMPILATION OF MODULE PICTURE
OBJECT MODULE PLACED IN .\Objects\picture.obj
COMPILER INVOKED BY: D:\KEIL_STM32\C51\BIN\C51.EXE picture.c OPTIMIZE(8,SPEED) BROWSE DEBUG OBJECTEXTEND PRINT(.\Listing
                    -s\picture.lst) OBJECT(.\Objects\picture.obj)

line level    source

   1          #include <REGX52.H>
   2          
   3          
   4          extern unsigned int code picture[]={80,20,
   5          0x08,0x42,0x10,0x84,0x21,0x08,0x42,0x10,
   6          0x84,0x21,0x08,0x42,0x10,0x84,0x21,0x08,
   7          0x42,0x10,0x84,0x21,0x08,0x42,0x10,0x84,
   8          0x21,0x08,0x42,0x10,0x84,0x21,0x08,0x42,
   9          0x10,0x84,0x21,0x08,0x42,0x10,0x84,0x21,
  10          0x00,0x40,0x10,0x04,0x01,0x00,0x40,0x10,
  11          0x04,0x01,0x00,0x40,0x10,0x04,0x01,0x00,
  12          0x40,0x10,0x04,0x01,0x00,0x40,0x10,0x04,
  13          0x01,0x00,0x40,0x10,0x04,0x01,0x00,0x40,
  14          0x10,0x04,0x01,0x00,0x40,0x10,0x04,0x01,
  15          0xC0,0x00,0x00,0x00,0x00,0x00,0x00,0x00,
  16          0x00,0x00,0x00,0x00,0x00,0x00,0x00,0x00,
  17          0x00,0x00,0x00,0x00,0x00,0x00,0x00,0x00,
  18          0x00,0x00,0x00,0x00,0x00,0x00,0x00,0x00,
  19          0x00,0x00,0x00,0x00,0x00,0x00,0x00,0x00,
  20          0x02,0xAA,0xAA,0xAA,0xAA,0xA0,0x00,0xAA,
  21          0xAA,0xAA,0xAA,0xA8,0x00,0x0A,0xAA,0xAA,
  22          0xAA,0xAA,0x00,0x02,0x01,0x55,0x55,0x55,
  23          0x55,0x43,0xB8,0x55,0x55,0x55,0x55,0x50,
  24          0xBB,0x85,0x55,0x55,0x55,0x54,0x2E,0xE1,
  25          0x02,0xAA,0xAA,0xAA,0xAA,0xA2,0x28,0xAA,
  26          0xAA,0xAA,0xAA,0xA8,0xAA,0x8A,0xAA,0xAA,
  27          0xAA,0xAA,0x28,0xA2,0xF1,0x55,0x55,0x55,
  28          0x55,0x43,0xA8,0x55,0x55,0x55,0x55,0x50,
  29          0xAA,0x85,0x55,0x55,0x55,0x54,0x2E,0xA1,
  30          0x02,0xAA,0xAA,0xAA,0xAA,0xA0,0xA8,0xAA,
  31          0xAA,0xAA,0xAA,0xA8,0xAA,0x8A,0xAA,0xAA,
  32          0xAA,0xAA,0x22,0xA2,0x01,0x55,0x55,0x55,
  33          0x55,0x43,0xB8,0x55,0x55,0x55,0x55,0x50,
  34          0xBB,0x85,0x55,0x55,0x55,0x54,0x2E,0xE1,
  35          0x02,0xAA,0xAA,0xAA,0xAA,0xA0,0x00,0xAA,
  36          0xAA,0xAA,0xAA,0xA8,0x00,0x0A,0xAA,0xAA,
  37          0xAA,0xAA,0x00,0x02,0x01,0x55,0x55,0x55,
  38          0x55,0x40,0x00,0x55,0x55,0x55,0x55,0x50,
  39          0x00,0x05,0x55,0x55,0x55,0x54,0x00,0x01,
  40          0xC2,0xAA,0xAA,0xAA,0xAA,0xAA,0xAA,0xAA,
  41          0xAA,0xAA,0xAA,0xAA,0xAA,0xAA,0xAA,0xAA,
  42          0xAA,0xAA,0xAA,0xAA,0x01,0x55,0x55,0x55,
  43          0x55,0x55,0x55,0x55,0x55,0x55,0x55,0x55,
  44          0x55,0x55,0x55,0x55,0x55,0x55,0x55,0x55,
  45          0x02,0xAA,0xAA,0xAA,0xAA,0xAA,0xAA,0xAA,
  46          0xAA,0xAA,0xAA,0xAA,0xAA,0xAA,0xAA,0xAA,
  47          0xAA,0xAA,0xAA,0xAA,0x01,0x55,0x55,0x55,
  48          0x55,0x55,0x55,0x55,0x55,0x55,0x55,0x55,
  49          0x55,0x55,0x55,0x55,0x55,0x55,0x55,0x55,
  50          0x02,0xAA,0xAA,0xAA,0xAA,0xAA,0xAA,0xAA,
  51          0xAA,0xAA,0xAA,0xAA,0xAA,0xAA,0xAA,0xAA,
  52          0xAA,0xAA,0xAA,0xAA,0xF1,0x55,0x55,0x55,
  53          0x55,0x55,0x55,0x55,0x55,0x55,0x55,0x55,
  54          0x55,0x55,0x55,0x55,0x55,0x55,0x55,0x55,
C51 COMPILER V9.60.7.0   PICTURE                                                           11/01/2024 11:45:53 PAGE 2   

  55          0x02,0xAA,0xAA,0xAA,0xAA,0xAA,0xAA,0xAA,
  56          0xAA,0xAA,0xAA,0xAA,0xAA,0xAA,0xAA,0xAA,
  57          0xAA,0xAA,0xAA,0xAA,0x01,0x55,0x55,0x55,
  58          0x55,0x55,0x55,0x55,0x55,0x55,0x55,0x55,
  59          0x55,0x55,0x55,0x55,0x55,0x55,0x55,0x55,
  60          0x02,0xAA,0xAA,0xAA,0xAA,0xAA,0xAA,0xAA,
  61          0xAA,0xAA,0xAA,0xAA,0xAA,0xAA,0xAA,0xAA,
  62          0xAA,0xAA,0xAA,0xAA,0x01,0x55,0x55,0x55,
  63          0x55,0x55,0x55,0x55,0x55,0x55,0x55,0x55,
  64          0x55,0x55,0x55,0x55,0x55,0x55,0x55,0x55,
  65          0xC2,0xAA,0xAA,0xAA,0xAA,0xAA,0xAA,0xAA,
  66          0xAA,0xAA,0xAA,0xAA,0xAA,0xAA,0xAA,0xAA,
  67          0xAA,0xAA,0xAA,0xAA,0x01,0x55,0x55,0x55,
  68          0x55,0x55,0x55,0x55,0x55,0x55,0x55,0x55,
  69          0x55,0x55,0x55,0x55,0x55,0x55,0x55,0x55,
  70          0x02,0xAA,0xAA,0xAA,0xAA,0xAA,0xAA,0xAA,
  71          0xAA,0xAA,0xAA,0xAA,0xAA,0xAA,0xAA,0xAA,
  72          0xAA,0xAA,0xAA,0xAA,0x01,0x55,0x55,0x55,
  73          0x55,0x55,0x55,0x55,0x55,0x55,0x55,0x55,
  74          0x55,0x55,0x55,0x55,0x55,0x55,0x55,0x55,
  75          0x02,0xAA,0xAA,0xAA,0xAA,0xAA,0xAA,0xAA,
  76          0xAA,0xAA,0xAA,0xAA,0xAA,0xAA,0xAA,0xAA,
  77          0xAA,0xAA,0xAA,0xAA,0xF1,0x55,0x55,0x55,
  78          0x55,0x55,0x55,0x55,0x55,0x55,0x55,0x55,
  79          0x55,0x55,0x55,0x55,0x55,0x55,0x55,0x55,
  80          0x02,0xAA,0xAA,0xAA,0xAA,0xAA,0xAA,0xAA,
  81          0xAA,0xAA,0xAA,0xAA,0xAA,0xAA,0xAA,0xAA,
  82          0xAA,0xAA,0xAA,0xAA,0x01,0x55,0x55,0x55,
  83          0x55,0x55,0x55,0x55,0x55,0x55,0x55,0x55,
  84          0x55,0x55,0x55,0x55,0x55,0x55,0x55,0x55,
  85          0x02,0xAA,0xAA,0xAA,0xAA,0xAA,0xAA,0xAA,
  86          0xAA,0xAA,0xAA,0xAA,0xAA,0xAA,0xAA,0xAA,
  87          0xAA,0xAA,0xAA,0xAA,0x01,0x55,0x55,0x55,
  88          0x55,0x55,0x55,0x55,0x55,0x55,0x55,0x55,
  89          0x55,0x55,0x55,0x55,0x55,0x55,0x55,0x55,
  90          0xC2,0xAA,0xAA,0xAA,0xAA,0xAA,0xAA,0xAA,
  91          0xAA,0xAA,0xAA,0xAA,0xAA,0xAA,0xAA,0xAA,
  92          0xAA,0xAA,0xAA,0xAA,0x01,0x55,0x55,0x55,
  93          0x55,0x55,0x55,0x55,0x55,0x55,0x55,0x55,
  94          0x55,0x55,0x55,0x55,0x55,0x55,0x55,0x55,
  95          0x02,0xAA,0xAA,0xAA,0xAA,0xAA,0xAA,0xAA,
  96          0xAA,0xAA,0xAA,0xAA,0xAA,0xAA,0xAA,0xAA,
  97          0xAA,0xAA,0xAA,0xAA,0x01,0x55,0x55,0x55,
  98          0x55,0x55,0x55,0x55,0x55,0x55,0x55,0x55,
  99          0x55,0x55,0x55,0x55,0x55,0x55,0x55,0x55,
 100          0x02,0xAA,0xAA,0xAA,0xAA,0xAA,0xAA,0xAA,
 101          0xAA,0xAA,0xAA,0xAA,0xAA,0xAA,0xAA,0xAA,
 102          0xAA,0xAA,0xAA,0xAA,0xF1,0x55,0x55,0x55,
 103          0x55,0x55,0x55,0x55,0x55,0x55,0x55,0x55,
 104          0x55,0x55,0x55,0x55,0x55,0x55,0x55,0x55,
 105          0x02,0xAA,0xAA,0xAA,0xAA,0xAA,0xAA,0xAA,
 106          0xAA,0xAA,0xAA,0xAA,0xAA,0xAA,0xAA,0xAA,
 107          0xAA,0xAA,0xAA,0xAA,0x01,0x55,0x55,0x55,
 108          0x55,0x55,0x55,0x55,0x55,0x55,0x55,0x55,
 109          0x55,0x55,0x55,0x55,0x55,0x55,0x55,0x55,
 110          0x02,0xAA,0xAA,0xAA,0xAA,0xAA,0xAA,0xAA,
 111          0xAA,0xAA,0xAA,0xAA,0xAA,0xAA,0xAA,0xAA,
 112          0xAA,0xAA,0xAA,0xAA,0x01,0x55,0x55,0x55,
 113          0x55,0x55,0x55,0x55,0x55,0x55,0x55,0x55,
 114          0x55,0x55,0x55,0x55,0x55,0x55,0x55,0x55,
 115          0xC2,0xAA,0xAA,0xAA,0xAA,0xAA,0xAA,0xAA,
 116          0xAA,0xAA,0xAA,0xAA,0xAA,0xAA,0xAA,0xAA,
C51 COMPILER V9.60.7.0   PICTURE                                                           11/01/2024 11:45:53 PAGE 3   

 117          0xAA,0xAA,0xAA,0xAA,0x00,0x00,0x05,0x55,
 118          0x55,0x55,0x55,0x55,0x55,0x55,0x55,0x55,
 119          0x55,0x55,0x55,0x55,0x55,0x55,0x55,0x55,
 120          0x00,0x00,0x0A,0xAA,0xAA,0xAA,0xAA,0xAA,
 121          0xAA,0xAA,0xAA,0xAA,0xAA,0xAA,0xAA,0xAA,
 122          0xAA,0xAA,0xAA,0xAA,0x00,0x1D,0xC5,0x55,
 123          0x55,0x55,0x55,0x55,0x55,0x55,0x55,0x55,
 124          0x55,0x55,0x55,0x55,0x55,0x55,0x55,0x55,
 125          0x00,0x11,0x4A,0xAA,0xAA,0xAA,0xAA,0xAA,
 126          0xAA,0xAA,0xAA,0xAA,0xAA,0xAA,0xAA,0xAA,
 127          0xAA,0xAA,0xAA,0xAA,0xF0,0x1D,0x45,0x55,
 128          0x55,0x55,0x55,0x55,0x55,0x55,0x55,0x55,
 129          0x55,0x55,0x55,0x55,0x55,0x55,0x55,0x55,
 130          0x00,0x05,0x4A,0xAA,0xAA,0xAA,0xAA,0xAA,
 131          0xAA,0xAA,0xAA,0xAA,0xAA,0xAA,0xAA,0xAA,
 132          0xAA,0xAA,0xAA,0xAA,0x00,0x1D,0xC5,0x55,
 133          0x55,0x55,0x55,0x55,0x55,0x55,0x55,0x55,
 134          0x55,0x55,0x55,0x55,0x55,0x55,0x55,0x55,
 135          0x00,0x00,0x0A,0xAA,0xAA,0xAA,0xAA,0xAA,
 136          0xAA,0xAA,0xAA,0xAA,0xAA,0xAA,0xAA,0xAA,
 137          0xAA,0xAA,0xAA,0xAA,0x00,0x00,0x05,0x55,
 138          0x55,0x55,0x55,0x55,0x55,0x55,0x55,0x55,
 139          0x55,0x55,0x55,0x55,0x55,0x55,0x55,0x55,
 140          0xC2,0xAA,0xAA,0xAA,0xAA,0xAA,0xAA,0xAA,
 141          0xAA,0xAA,0xAA,0xAA,0xAA,0xAA,0xAA,0xAA,
 142          0xAA,0xAA,0xAA,0xAA,0x01,0x55,0x55,0x55,
 143          0x55,0x55,0x55,0x55,0x55,0x55,0x55,0x55,
 144          0x55,0x55,0x55,0x55,0x55,0x55,0x55,0x55,
 145          0x02,0xAA,0xAA,0xAA,0xAA,0xAA,0xAA,0xAA,
 146          0xAA,0xAA,0xAA,0xAA,0xAA,0xAA,0xAA,0xAA,
 147          0xAA,0xAA,0xAA,0xAA,0x01,0x55,0x55,0x55,
 148          0x55,0x55,0x55,0x55,0x55,0x55,0x55,0x55,
 149          0x55,0x55,0x55,0x55,0x55,0x55,0x55,0x55,
 150          0x02,0xAA,0xAA,0xAA,0xAA,0xAA,0xAA,0xAA,
 151          0xAA,0xAA,0xAA,0xAA,0xAA,0xAA,0xAA,0xAA,
 152          0xAA,0xAA,0xAA,0xAA,0xF1,0x55,0x55,0x55,
 153          0x55,0x55,0x55,0x55,0x55,0x55,0x55,0x55,
 154          0x55,0x55,0x55,0x55,0x55,0x55,0x55,0x55,
 155          0x02,0xAA,0xAA,0xAA,0xAA,0xAA,0xAA,0xAA,
 156          0xAA,0xAA,0xAA,0xAA,0xAA,0xAA,0xAA,0xAA,
 157          0xAA,0xAA,0xAA,0xAA,0x01,0x55,0x55,0x55,
 158          0x55,0x55,0x55,0x55,0x55,0x55,0x55,0x55,
 159          0x55,0x55,0x55,0x55,0x55,0x55,0x55,0x55,
 160          0x02,0xAA,0xAA,0xAA,0xAA,0xAA,0xAA,0xAA,
 161          0xAA,0xAA,0xAA,0xAA,0xAA,0xAA,0xAA,0xAA,
 162          0xAA,0xAA,0xAA,0xAA,0x01,0x55,0x55,0x55,
 163          0x55,0x55,0x55,0x55,0x55,0x55,0x55,0x55,
 164          0x55,0x55,0x55,0x55,0x55,0x55,0x55,0x55,
 165          0xC2,0xAA,0xAA,0xAA,0xAA,0xAA,0xAA,0xAA,
 166          0xAA,0xAA,0xAA,0xAA,0xAA,0xAA,0xAA,0xAA,
 167          0xAA,0xAA,0xAA,0xAA,0x01,0x55,0x55,0x55,
 168          0x55,0x55,0x55,0x55,0x55,0x55,0x55,0x55,
 169          0x55,0x55,0x55,0x55,0x55,0x55,0x55,0x55,
 170          0x02,0xAA,0xAA,0xAA,0xAA,0xAA,0xAA,0xAA,
 171          0xAA,0xAA,0xAA,0xAA,0xAA,0xAA,0xAA,0xAA,
 172          0xAA,0xAA,0xAA,0xAA,0x01,0x55,0x55,0x55,
 173          0x55,0x55,0x55,0x55,0x55,0x55,0x55,0x55,
 174          0x55,0x55,0x55,0x55,0x55,0x55,0x55,0x55,
 175          0x02,0xAA,0xAA,0xAA,0xAA,0xAA,0xAA,0xAA,
 176          0xAA,0xAA,0xAA,0xAA,0xAA,0xAA,0xAA,0xAA,
 177          0xAA,0xAA,0xAA,0xAA,0xF1,0x55,0x55,0x55,
 178          0x55,0x55,0x55,0x55,0x55,0x55,0x55,0x55,
C51 COMPILER V9.60.7.0   PICTURE                                                           11/01/2024 11:45:53 PAGE 4   

 179          0x55,0x55,0x55,0x55,0x55,0x55,0x55,0x55,
 180          0x02,0xAA,0xAA,0xAA,0xAA,0xAA,0xAA,0xAA,
 181          0xAA,0xAA,0xAA,0xAA,0xAA,0xAA,0xAA,0xAA,
 182          0xAA,0xAA,0xAA,0xAA,0x01,0x55,0x55,0x55,
 183          0x55,0x55,0x55,0x55,0x55,0x55,0x55,0x55,
 184          0x55,0x55,0x55,0x55,0x55,0x55,0x55,0x55,
 185          0x02,0xAA,0xAA,0xAA,0xAA,0xAA,0xAA,0xAA,
 186          0xAA,0xAA,0xAA,0xAA,0xAA,0xAA,0xAA,0xAA,
 187          0xAA,0xAA,0xAA,0xAA,0x01,0x55,0x55,0x55,
 188          0x55,0x55,0x55,0x55,0x55,0x55,0x55,0x55,
 189          0x55,0x55,0x55,0x55,0x55,0x55,0x55,0x55,
 190          0xC2,0xAA,0xAA,0xAA,0xAA,0xAA,0xAA,0xAA,
 191          0xAA,0xAA,0xAA,0xAA,0xAA,0xAA,0xAA,0xAA,
 192          0xAA,0xAA,0xAA,0xAA,0x01,0x55,0x55,0x55,
 193          0x55,0x55,0x55,0x55,0x55,0x55,0x55,0x55,
 194          0x55,0x55,0x55,0x55,0x55,0x55,0x55,0x55,
 195          0x02,0xAA,0xAA,0xAA,0xAA,0xAA,0xAA,0xAA,
 196          0xAA,0xAA,0xAA,0xAA,0xAA,0xAA,0xAA,0xAA,
 197          0xAA,0xAA,0xAA,0xAA,0x01,0x55,0x55,0x55,
 198          0x55,0x55,0x55,0x55,0x55,0x55,0x55,0x55,
 199          0x55,0x55,0x55,0x55,0x55,0x55,0x55,0x55,
 200          0x02,0xAA,0xAA,0xAA,0xAA,0xAA,0xAA,0xAA,
 201          0xAA,0xAA,0xAA,0xAA,0xAA,0xAA,0xAA,0xAA,
 202          0xAA,0xAA,0xAA,0xAA,0xF1,0x55,0x55,0x55,
 203          0x55,0x55,0x55,0x55,0x55,0x55,0x55,0x55,
 204          0x55,0x55,0x55,0x55,0x55,0x55,0x55,0x55   
 205          };
 206          //==================================
 207          extern unsigned int code picture2[]={80,20,
 208          0xFF,0xFF,0xFF,0xFF,0xFF,0xFF,0xFF,0xFF,
 209          0xFF,0xFF,0xFF,0xFF,0xFF,0xFF,0xFF,0xFF,
 210          0xFF,0xFF,0xFF,0xFF,0x80,0x00,0x00,0x00,
 211          0x00,0x00,0x00,0x00,0x00,0x00,0x00,0x00,
 212          0x00,0x00,0x00,0x00,0x00,0x00,0x00,0x01,
 213          0x80,0x00,0x00,0x00,0x00,0x00,0x00,0x00,
 214          0x00,0x00,0x00,0x00,0x00,0x00,0x00,0x00,
 215          0x00,0x00,0x00,0x01,0x80,0x00,0x00,0x00,
 216          0x00,0x00,0x00,0x00,0x00,0x00,0x00,0x00,
 217          0x00,0x00,0x00,0x00,0x00,0x00,0x00,0x01,
 218          0x80,0x00,0x00,0x00,0x00,0x00,0x00,0x00,
 219          0x00,0x00,0x00,0x00,0x00,0x00,0x00,0x00,
 220          0x00,0x00,0x00,0x01,0x80,0x00,0x00,0x00,
 221          0x00,0x00,0x00,0x00,0x00,0x00,0x00,0x00,
 222          0x00,0x00,0x00,0x00,0x00,0x00,0x00,0x01,
 223          0x81,0x80,0x1F,0xC0,0x0F,0x80,0x7F,0x00,
 224          0x7F,0x80,0xFF,0x00,0xF8,0x03,0x06,0x00,
 225          0x18,0x00,0x06,0x01,0x81,0x80,0x18,0x60,
 226          0x18,0xC0,0x61,0x80,0x60,0x00,0xC0,0x01,
 227          0x8C,0x03,0x06,0x00,0x18,0x00,0x06,0x01,
 228          0x83,0xC0,0x18,0x60,0x30,0x60,0x60,0xC0,
 229          0x60,0x00,0xC0,0x03,0x06,0x03,0x06,0x00,
 230          0x18,0x00,0x06,0x01,0x83,0xC0,0x18,0x60,
 231          0x30,0x00,0x60,0xC0,0x60,0x00,0xC0,0x03,
 232          0x00,0x03,0x06,0x00,0x18,0x00,0x06,0x01,
 233          0x86,0x60,0x1F,0xC0,0x30,0x00,0x60,0xC0,
 234          0x7F,0x00,0xFE,0x03,0x00,0x03,0xFE,0x00,
 235          0x18,0x00,0x06,0x01,0x86,0x60,0x18,0x60,
 236          0x30,0x00,0x60,0xC0,0x60,0x00,0xC0,0x03,
 237          0x1E,0x03,0x06,0x00,0x18,0x00,0x06,0x01,
 238          0x8F,0xF0,0x18,0x60,0x30,0x00,0x60,0xC0,
 239          0x60,0x00,0xC0,0x03,0x06,0x03,0x06,0x00,
 240          0x18,0x00,0x06,0x01,0x8C,0x30,0x18,0x60,
C51 COMPILER V9.60.7.0   PICTURE                                                           11/01/2024 11:45:53 PAGE 5   

 241          0x30,0x60,0x60,0xC0,0x60,0x00,0xC0,0x03,
 242          0x06,0x03,0x06,0x00,0x18,0x00,0x66,0x01,
 243          0x98,0x18,0x18,0x60,0x18,0xC0,0x61,0x80,
 244          0x60,0x00,0xC0,0x01,0x8E,0x03,0x06,0x00,
 245          0x18,0x00,0x66,0x01,0x98,0x18,0x1F,0xC0,
 246          0x0F,0x80,0x7F,0x00,0x7F,0x80,0xC0,0x00,
 247          0xFE,0x03,0x06,0x00,0x18,0x00,0x3C,0x01,
 248          0x80,0x00,0x00,0x00,0x00,0x00,0x00,0x00,
 249          0x00,0x00,0x00,0x00,0x00,0x00,0x00,0x00,
 250          0x00,0x00,0x00,0x01,0x80,0x00,0x00,0x00,
 251          0x00,0x00,0x00,0x00,0x00,0x00,0x00,0x00,
 252          0x00,0x00,0x00,0x00,0x00,0x00,0x00,0x01,
 253          0x80,0x00,0x00,0x00,0x00,0x00,0x00,0x00,
 254          0x00,0x00,0x00,0x00,0x00,0x00,0x00,0x00,
 255          0x00,0x00,0x00,0x01,0x80,0x00,0x00,0x00,
 256          0x00,0x00,0x00,0x00,0x00,0x00,0x00,0x00,
 257          0x00,0x00,0x00,0x00,0x00,0x00,0x00,0x01,
 258          0x80,0x00,0x00,0x00,0x00,0x00,0x00,0x00,
 259          0x00,0x00,0x00,0x00,0x00,0x00,0x00,0x00,
 260          0x00,0x00,0x00,0x01,0x80,0x00,0x00,0x00,
 261          0x00,0x00,0x00,0x00,0x00,0x00,0x00,0x00,
 262          0x00,0x00,0x00,0x00,0x00,0x00,0x00,0x01,
 263          0x80,0x00,0x00,0x00,0x00,0x00,0x00,0x00,
 264          0x00,0x00,0x00,0x00,0x00,0x00,0x00,0x00,
 265          0x00,0x00,0x00,0x01,0x80,0x00,0x00,0x00,
 266          0x00,0x00,0x00,0x00,0x00,0x00,0x00,0x00,
 267          0x00,0x00,0x00,0x00,0x00,0x00,0x00,0x01,
 268          0x80,0x00,0x00,0x00,0x00,0x00,0x00,0x00,
 269          0x00,0x00,0x00,0x00,0x00,0x00,0x00,0x00,
 270          0x00,0x00,0x00,0x01,0x80,0x00,0x00,0x00,
 271          0x00,0x00,0x00,0x00,0x00,0x00,0x00,0x00,
 272          0x00,0x00,0x00,0x00,0x00,0x00,0x00,0x01,
 273          0x80,0x00,0x00,0x00,0x00,0x00,0x00,0x00,
 274          0x00,0x00,0x00,0x00,0x00,0x00,0x00,0x00,
 275          0x00,0x00,0x00,0x01,0x80,0x00,0x00,0x00,
 276          0x00,0x00,0x00,0x00,0x00,0x00,0x00,0x00,
 277          0x00,0x00,0x00,0x00,0x00,0x00,0x00,0x01,
 278          0x8C,0x60,0x30,0x01,0x81,0x80,0xC1,0x80,
 279          0x3E,0x00,0xFE,0x00,0x7C,0x01,0xFC,0x00,
 280          0xFC,0x07,0xFE,0x01,0x8C,0xC0,0x30,0x01,
 281          0x81,0x80,0xE1,0x80,0x63,0x00,0xC3,0x00,
 282          0xC6,0x01,0x86,0x01,0x86,0x00,0x60,0x01,
 283          0x8D,0x80,0x30,0x01,0xC3,0x80,0xF1,0x80,
 284          0xC1,0x80,0xC1,0x81,0x83,0x01,0x83,0x01,
 285          0x86,0x00,0x60,0x01,0x8F,0x00,0x30,0x01,
 286          0xC3,0x80,0xF1,0x80,0xC1,0x80,0xC1,0x81,
 287          0x83,0x01,0x83,0x01,0x80,0x00,0x60,0x01,
 288          0x8E,0x00,0x30,0x01,0xE7,0x80,0xD9,0x80,
 289          0xC1,0x80,0xC3,0x01,0x83,0x01,0x86,0x00,
 290          0xF0,0x00,0x60,0x01,0x8F,0x00,0x30,0x01,
 291          0xE7,0x80,0xCD,0x80,0xC1,0x80,0xFE,0x01,
 292          0x83,0x01,0xFE,0x00,0x1C,0x00,0x60,0x01,
 293          0x8D,0x80,0x30,0x01,0xBD,0x80,0xC7,0x80,
 294          0xC1,0x80,0xC0,0x01,0x83,0x01,0x83,0x00,
 295          0x06,0x00,0x60,0x01,0x8C,0xC0,0x30,0x01,
 296          0xBD,0x80,0xC7,0x80,0xC1,0x80,0xC0,0x01,
 297          0x8F,0x01,0x83,0x01,0x86,0x00,0x60,0x01,
 298          0x8C,0x60,0x30,0x01,0x99,0x80,0xC3,0x80,
 299          0x63,0x00,0xC0,0x00,0xC6,0x01,0x83,0x01,
 300          0x86,0x00,0x60,0x01,0x8C,0x30,0x3F,0x81,
 301          0x99,0x80,0xC1,0x80,0x3E,0x00,0xC0,0x00,
 302          0x7F,0x01,0x81,0x80,0xFC,0x00,0x60,0x01,
C51 COMPILER V9.60.7.0   PICTURE                                                           11/01/2024 11:45:53 PAGE 6   

 303          0x80,0x00,0x00,0x00,0x00,0x00,0x00,0x00,
 304          0x00,0x00,0x00,0x00,0x00,0x00,0x00,0x00,
 305          0x00,0x00,0x00,0x01,0x80,0x00,0x00,0x00,
 306          0x00,0x00,0x00,0x00,0x00,0x00,0x00,0x00,
 307          0x00,0x00,0x00,0x00,0x00,0x00,0x00,0x01,
 308          0x80,0x00,0x00,0x00,0x00,0x00,0x00,0x00,
 309          0x00,0x00,0x00,0x00,0x00,0x00,0x00,0x00,
 310          0x00,0x00,0x00,0x01,0x80,0x00,0x00,0x00,
 311          0x00,0x00,0x00,0x00,0x00,0x00,0x00,0x00,
 312          0x00,0x00,0x00,0x00,0x00,0x00,0x00,0x01,
 313          0x80,0x00,0x00,0x00,0x00,0x00,0x00,0x00,
 314          0x00,0x00,0x00,0x00,0x00,0x00,0x00,0x00,
 315          0x00,0x00,0x00,0x01,0x80,0x00,0x00,0x00,
 316          0x00,0x00,0x00,0x00,0x00,0x00,0x00,0x00,
 317          0x00,0x00,0x00,0x00,0x00,0x00,0x00,0x01,
 318          0x80,0x00,0x00,0x00,0x00,0x00,0x00,0x00,
 319          0x00,0x00,0x00,0x00,0x00,0x00,0x00,0x00,
 320          0x00,0x00,0x00,0x01,0x80,0x00,0x00,0x00,
 321          0x00,0x00,0x00,0x00,0x00,0x00,0x00,0x00,
 322          0x00,0x00,0x00,0x00,0x00,0x00,0x00,0x01,
 323          0x80,0x00,0x00,0x00,0x00,0x00,0x00,0x00,
 324          0x00,0x00,0x00,0x00,0x00,0x00,0x00,0x00,
 325          0x00,0x00,0x00,0x01,0x80,0x00,0x00,0x00,
 326          0x00,0x00,0x00,0x00,0x00,0x00,0x00,0x00,
 327          0x00,0x00,0x00,0x00,0x00,0x00,0x00,0x01,
 328          0x80,0x00,0x00,0x00,0x00,0x00,0x00,0x00,
 329          0x00,0x00,0x00,0x00,0x00,0x00,0x00,0x00,
 330          0x00,0x00,0x00,0x01,0x80,0x00,0x00,0x00,
 331          0x00,0x00,0x00,0x00,0x00,0x00,0x00,0x00,
 332          0x00,0x00,0x00,0x00,0x00,0x00,0x00,0x01,
 333          0x8C,0x18,0x18,0x18,0x30,0xC3,0x06,0x0C,
 334          0x18,0x18,0x1F,0xC0,0x00,0x01,0x80,0x00,
 335          0x00,0x01,0x80,0x01,0x8C,0x18,0x18,0x18,
 336          0x30,0xC3,0x06,0x0C,0x18,0x18,0x00,0xC0,
 337          0x00,0x01,0x80,0x00,0x00,0x01,0x80,0x01,
 338          0x8C,0x18,0x0C,0x30,0x30,0xC3,0x03,0x18,
 339          0x0C,0x30,0x01,0x80,0x00,0x01,0x80,0x00,
 340          0x00,0x01,0x80,0x01,0x8C,0x18,0x0C,0x30,
 341          0x19,0xE6,0x01,0xB0,0x06,0x60,0x01,0x80,
 342          0x3E,0x01,0xF8,0x03,0xE0,0x1F,0x80,0x01,
 343          0x8C,0x18,0x06,0x60,0x19,0xE6,0x00,0xE0,
 344          0x03,0xC0,0x03,0x00,0x63,0x01,0xCC,0x06,
 345          0x30,0x33,0x80,0x01,0x8C,0x18,0x06,0x60,
 346          0x0F,0x3C,0x00,0xE0,0x01,0x80,0x06,0x00,
 347          0x3F,0x01,0x8C,0x06,0x00,0x31,0x80,0x01,
 348          0x8C,0x18,0x03,0xC0,0x0F,0x3C,0x01,0xB0,
 349          0x01,0x80,0x0C,0x00,0x63,0x01,0x8C,0x06,
 350          0x00,0x31,0x80,0x01,0x8C,0x18,0x03,0xC0,
 351          0x0F,0x3C,0x03,0x18,0x01,0x80,0x0C,0x00,
 352          0x63,0x01,0x8C,0x06,0x00,0x31,0x80,0x01,
 353          0x86,0x30,0x01,0x80,0x06,0x18,0x06,0x0C,
 354          0x01,0x80,0x18,0x00,0x63,0x01,0xCC,0x06,
 355          0x30,0x33,0x80,0x01,0x83,0xE0,0x01,0x80,
 356          0x06,0x18,0x06,0x0C,0x01,0x80,0x1F,0xC0,
 357          0x3F,0x81,0xF8,0x03,0xE0,0x1F,0x80,0x01,
 358          0x80,0x00,0x00,0x00,0x00,0x00,0x00,0x00,
 359          0x00,0x00,0x00,0x00,0x00,0x00,0x00,0x00,
 360          0x00,0x00,0x00,0x01,0x80,0x00,0x00,0x00,
 361          0x00,0x00,0x00,0x00,0x00,0x00,0x00,0x00,
 362          0x00,0x00,0x00,0x00,0x00,0x00,0x00,0x01,
 363          0x80,0x00,0x00,0x00,0x00,0x00,0x00,0x00,
 364          0x00,0x00,0x00,0x00,0x00,0x00,0x00,0x00,
C51 COMPILER V9.60.7.0   PICTURE                                                           11/01/2024 11:45:53 PAGE 7   

 365          0x00,0x00,0x00,0x01,0x80,0x00,0x00,0x00,
 366          0x00,0x00,0x00,0x00,0x00,0x00,0x00,0x00,
 367          0x00,0x00,0x00,0x00,0x00,0x00,0x00,0x01,
 368          0x80,0x00,0x00,0x00,0x00,0x00,0x00,0x00,
 369          0x00,0x00,0x00,0x00,0x00,0x00,0x00,0x00,
 370          0x00,0x00,0x00,0x01,0x80,0x00,0x00,0x00,
 371          0x00,0x00,0x00,0x00,0x00,0x00,0x00,0x00,
 372          0x00,0x00,0x00,0x00,0x00,0x00,0x00,0x01,
 373          0x80,0x00,0x00,0x00,0x00,0x00,0x00,0x00,
 374          0x00,0x00,0x00,0x00,0x00,0x00,0x00,0x00,
 375          0x00,0x00,0x00,0x01,0x80,0x00,0x00,0x00,
 376          0x00,0x00,0x00,0x00,0x00,0x00,0x00,0x00,
 377          0x00,0x00,0x00,0x00,0x00,0x00,0x00,0x01,
 378          0x80,0x00,0x00,0x00,0x00,0x00,0x00,0x00,
 379          0x00,0x00,0x00,0x00,0x00,0x00,0x00,0x00,
 380          0x00,0x00,0x00,0x01,0x80,0x00,0x00,0x00,
 381          0x00,0x00,0x00,0x00,0x00,0x00,0x00,0x00,
 382          0x00,0x00,0x00,0x00,0x00,0x00,0x00,0x01,
 383          0x80,0x00,0x00,0x00,0x00,0x00,0x00,0x00,
 384          0x00,0x00,0x00,0x00,0x00,0x00,0x00,0x00,
 385          0x00,0x00,0x00,0x01,0x80,0x00,0x00,0x00,
 386          0x00,0x00,0x00,0x00,0x00,0x00,0x00,0x00,
 387          0x00,0x00,0x00,0x00,0x00,0x00,0x00,0x01,
 388          0x80,0x00,0x00,0x00,0x00,0x00,0x00,0x00,
 389          0x00,0x00,0x00,0x00,0x00,0x00,0x00,0x00,
 390          0x00,0x00,0x00,0x01,0x80,0x00,0x00,0x00,
 391          0x00,0x00,0x00,0x00,0x00,0x00,0x00,0x00,
 392          0x00,0x00,0x00,0x00,0x00,0x00,0x00,0x01,
 393          0x80,0x00,0x00,0x00,0x00,0x00,0x00,0x00,
 394          0x00,0x00,0x00,0x00,0x00,0x00,0x00,0x00,
 395          0x00,0x00,0x00,0x01,0x80,0x00,0x00,0x00,
 396          0x00,0x00,0x00,0x00,0x00,0x00,0x00,0x00,
 397          0x00,0x00,0x00,0x00,0x00,0x00,0x00,0x01,
 398          0x80,0x00,0x00,0x00,0x00,0x00,0x00,0x00,
 399          0x00,0x00,0x00,0x00,0x00,0x00,0x00,0x00,
 400          0x00,0x00,0x00,0x01,0x80,0x00,0x00,0x00,
 401          0x00,0x00,0x00,0x00,0x00,0x00,0x00,0x00,
 402          0x00,0x00,0x00,0x00,0x00,0x00,0x00,0x01,
 403          0x80,0x00,0x00,0x00,0x00,0x00,0x00,0x00,
 404          0x00,0x00,0x00,0x00,0x00,0x00,0x00,0x00,
 405          0x00,0x00,0x00,0x01,0xFF,0xFF,0xFF,0xFF,
 406          0xFF,0xFF,0xFF,0xFF,0xFF,0xFF,0xFF,0xFF,
 407          0xFF,0xFF,0xFF,0xFF,0xFF,0xFF,0xFF,0xFF   
 408          };
 409          extern unsigned int code picture3[]={80,20,
 410          0x00,0x00,0x00,0x00,0x00,0x00,0x00,0x00,
 411          0x00,0x00,0x00,0x00,0x00,0x00,0x00,0x00,
 412          0x00,0x00,0x00,0x00,0x00,0x00,0x00,0x00,
 413          0x00,0x00,0x00,0x00,0x00,0x00,0x00,0x00,
 414          0x00,0x00,0x00,0x00,0x00,0x00,0x00,0x00,
 415          0x00,0x00,0x00,0x00,0x00,0x00,0x00,0x00,
 416          0x00,0x00,0x00,0x00,0x00,0x00,0x00,0x00,
 417          0x00,0x00,0x00,0x00,0x00,0x00,0x00,0x00,
 418          0x00,0x00,0x00,0x00,0x00,0x00,0x00,0x00,
 419          0x00,0x00,0x00,0x00,0x00,0x00,0x00,0x00,
 420          0x00,0x00,0x00,0x00,0x00,0x00,0x00,0x00,
 421          0x00,0x00,0x00,0x00,0x00,0x00,0x00,0x00,
 422          0x00,0x00,0x00,0x00,0x00,0x00,0x00,0x00,
 423          0x00,0x00,0x00,0x00,0x00,0x00,0x00,0x00,
 424          0x00,0x00,0x00,0x00,0x00,0x00,0x00,0x00,
 425          0x00,0x03,0xB8,0x00,0x20,0x00,0x00,0x13,
 426          0xE0,0x00,0x00,0x30,0x00,0x1F,0xC0,0x00,
C51 COMPILER V9.60.7.0   PICTURE                                                           11/01/2024 11:45:53 PAGE 8   

 427          0x00,0x00,0x00,0x00,0x00,0x01,0x10,0x00,
 428          0x20,0x00,0x00,0x11,0x10,0x00,0x00,0x10,
 429          0x00,0x12,0x40,0x00,0x00,0x00,0x00,0x00,
 430          0x00,0x01,0x50,0x00,0x00,0x40,0x00,0x11,
 431          0x08,0x00,0x00,0x10,0x00,0x02,0x00,0x00,
 432          0x02,0x00,0x00,0x00,0x00,0x01,0x50,0x00,
 433          0x20,0x40,0x00,0x21,0x08,0x00,0x00,0x10,
 434          0x00,0x02,0x00,0x00,0x02,0x00,0x00,0x00,
 435          0x00,0x01,0x50,0xD8,0x61,0xF0,0x60,0x21,
 436          0x08,0x60,0xE0,0x70,0x00,0x02,0x03,0x07,
 437          0x4F,0x80,0x00,0x00,0x00,0x01,0x50,0x60,
 438          0x20,0x40,0x90,0x21,0x10,0x91,0x10,0x90,
 439          0x00,0x02,0x04,0x88,0xC2,0x00,0x00,0x00,
 440          0x00,0x01,0x50,0x40,0x20,0x41,0x08,0x41,
 441          0xE1,0x09,0x11,0x10,0x00,0x02,0x08,0x48,
 442          0x42,0x00,0x00,0x00,0x00,0x01,0x50,0x40,
 443          0x20,0x41,0xF8,0x41,0x41,0xF8,0x71,0x10,
 444          0x00,0x02,0x0F,0xC6,0x02,0x00,0x00,0x00,
 445          0x00,0x00,0xA0,0x40,0x20,0x41,0x00,0x41,
 446          0x21,0x00,0x91,0x10,0x00,0x02,0x08,0x01,
 447          0x82,0x00,0x00,0x00,0x00,0x00,0xA0,0x40,
 448          0x20,0x41,0x00,0x81,0x21,0x01,0x11,0x10,
 449          0x00,0x02,0x08,0x08,0x42,0x00,0x00,0x00,
 450          0x00,0x00,0xA0,0x40,0x20,0x48,0x88,0x81,
 451          0x10,0x89,0x30,0x90,0x00,0x02,0x04,0x4C,
 452          0x42,0x40,0x00,0x00,0x00,0x00,0xA0,0xE0,
 453          0x70,0x30,0x70,0x83,0x98,0x70,0xD8,0x68,
 454          0x00,0x07,0x03,0x8B,0x81,0x80,0x00,0x00,
 455          0x00,0x00,0x00,0x00,0x00,0x00,0x00,0x00,
 456          0x00,0x00,0x00,0x00,0x00,0x00,0x00,0x00,
 457          0x00,0x00,0x00,0x00,0x00,0x00,0x00,0x00,
 458          0x00,0x00,0x00,0x00,0x00,0x00,0x00,0x00,
 459          0x00,0x00,0x00,0x00,0x00,0x00,0x00,0x00,
 460          0x00,0x00,0x00,0x00,0x00,0x00,0x00,0x00,
 461          0x00,0x00,0x00,0x00,0x00,0x00,0x00,0x00,
 462          0x00,0x00,0x00,0x00,0x00,0x00,0x00,0x00,
 463          0x00,0x00,0x00,0x00,0x00,0x00,0x00,0x00,
 464          0x00,0x00,0x00,0x00,0x00,0x00,0x00,0x00,
 465          0x00,0x00,0x00,0x00,0x00,0x00,0x00,0x00,
 466          0x00,0x00,0x00,0x00,0x00,0x00,0x00,0x00,
 467          0x00,0x00,0x00,0x00,0x00,0x00,0x00,0x00,
 468          0x00,0x00,0x00,0x00,0x00,0x00,0x00,0x00,
 469          0x00,0x00,0x00,0x00,0x00,0x00,0x00,0x00,
 470          0x00,0x00,0x00,0x00,0x00,0x00,0x00,0x00,
 471          0x00,0x00,0x00,0x00,0x00,0x00,0x00,0x00,
 472          0x00,0x00,0x00,0x00,0x00,0x00,0x00,0x00,
 473          0x00,0x00,0x00,0x00,0x00,0x00,0x00,0x00,
 474          0x00,0x00,0x00,0x00,0x00,0x00,0x00,0x00,
 475          0x00,0x00,0x00,0x00,0x00,0x00,0x00,0x00,
 476          0x00,0x00,0x00,0x00,0x00,0x00,0x00,0x00,
 477          0x00,0x00,0x00,0x00,0x00,0x00,0x00,0x00,
 478          0x00,0x00,0x00,0x00,0x00,0x00,0x00,0x00,
 479          0x00,0x00,0x00,0x00,0x00,0x00,0x00,0x00,
 480          0x00,0x00,0x00,0x00,0x00,0x00,0x00,0x00,
 481          0x00,0x00,0x00,0x00,0x00,0x00,0x00,0x00,
 482          0x00,0x00,0x00,0x00,0x00,0x00,0x00,0x00,
 483          0x00,0x00,0x00,0x00,0x00,0x00,0x00,0x00,
 484          0x00,0x00,0x00,0x00,0x00,0x00,0x00,0x00,
 485          0x00,0x00,0x00,0x00,0x00,0x00,0x00,0x00,
 486          0x00,0x00,0x00,0x00,0x00,0x00,0x00,0x00,
 487          0x00,0x00,0x00,0x00,0x00,0x00,0x00,0x00,
 488          0x00,0x3E,0x00,0x1F,0xE0,0x0F,0xF9,0xC0,
C51 COMPILER V9.60.7.0   PICTURE                                                           11/01/2024 11:45:53 PAGE 9   

 489          0x03,0xE0,0x00,0x00,0x00,0x00,0x00,0x00,
 490          0x00,0x00,0x00,0x00,0x00,0x3F,0x00,0x0F,
 491          0xE0,0x3E,0x1F,0xC0,0x03,0xE0,0x00,0x00,
 492          0x00,0x00,0x00,0x00,0x00,0x00,0x00,0x00,
 493          0x00,0x1F,0x00,0x03,0x80,0x78,0x07,0xC0,
 494          0x03,0xE0,0x00,0x00,0x00,0x00,0x00,0x00,
 495          0x00,0x00,0x00,0x00,0x00,0x0F,0x80,0x03,
 496          0x80,0xF0,0x03,0xC0,0x03,0xE0,0x00,0x00,
 497          0x00,0x00,0x00,0x00,0x00,0x00,0x00,0x00,
 498          0x00,0x0F,0xC0,0x03,0x81,0xE0,0x03,0xC0,
 499          0x03,0xE0,0x00,0x00,0x00,0x00,0x00,0x00,
 500          0x00,0x00,0x00,0x00,0x00,0x0F,0xC0,0x03,
 501          0x81,0xC0,0x01,0xC0,0x03,0xE0,0x00,0x00,
 502          0x00,0x00,0x00,0x00,0x00,0x00,0x00,0x00,
 503          0x00,0x0F,0xE0,0x03,0x83,0xC0,0x01,0xC0,
 504          0x03,0xE0,0x00,0x00,0x00,0x00,0x00,0x00,
 505          0x00,0x00,0x00,0x00,0x00,0x0F,0xE0,0x03,
 506          0x87,0x80,0x01,0xC0,0x03,0xE0,0x00,0x00,
 507          0x00,0x00,0x00,0x00,0x00,0x00,0x00,0x00,
 508          0x00,0x0E,0xF0,0x03,0x87,0x80,0x00,0xC0,
 509          0x03,0xE0,0x00,0x00,0x00,0x00,0x00,0x00,
 510          0x00,0x00,0x00,0x00,0x00,0x0E,0xF8,0x03,
 511          0x87,0x80,0x00,0xC0,0x03,0xE0,0x00,0x00,
 512          0x00,0x00,0x00,0x00,0x00,0x00,0x00,0x00,
 513          0x00,0x0E,0x78,0x03,0x8F,0x00,0x00,0x00,
 514          0x03,0xE0,0x00,0x00,0x00,0x00,0x00,0x00,
 515          0x00,0x00,0x00,0x00,0x00,0x0E,0x3C,0x03,
 516          0x8F,0x00,0x00,0x00,0x03,0xE0,0x00,0x00,
 517          0x00,0x00,0x00,0x00,0x00,0x00,0x00,0x00,
 518          0x00,0x0E,0x3E,0x03,0x8F,0x00,0x00,0x00,
 519          0x03,0xE0,0x00,0x00,0x00,0x00,0x00,0x00,
 520          0x00,0x00,0x00,0x00,0x00,0x0E,0x1E,0x03,
 521          0x8F,0x00,0x00,0x00,0x01,0xE0,0x00,0x00,
 522          0x00,0x00,0x00,0x00,0x00,0x00,0x00,0x00,
 523          0x00,0x0E,0x1F,0x03,0x8F,0x00,0x00,0x00,
 524          0x01,0xC0,0x00,0x00,0x00,0x00,0x00,0x00,
 525          0x00,0x00,0x00,0x00,0x00,0x0E,0x0F,0x03,
 526          0x8F,0x00,0x00,0x00,0x01,0xC0,0x00,0x00,
 527          0x00,0x00,0x00,0x00,0x00,0x00,0x00,0x00,
 528          0x00,0x0E,0x07,0x83,0x9E,0x00,0x00,0x00,
 529          0x01,0xC0,0x00,0x00,0x00,0x00,0x00,0x00,
 530          0x00,0x00,0x00,0x00,0x00,0x0E,0x07,0xC3,
 531          0x9E,0x00,0x1F,0xE0,0x01,0xC0,0x00,0x00,
 532          0x00,0x00,0x00,0x00,0x00,0x00,0x00,0x00,
 533          0x00,0x0E,0x03,0xC3,0x8E,0x00,0x07,0x80,
 534          0x01,0xC0,0x00,0x00,0x00,0x00,0x00,0x00,
 535          0x00,0x00,0x00,0x00,0x00,0x0E,0x03,0xE3,
 536          0x8E,0x00,0x03,0x80,0x01,0xC0,0x00,0x00,
 537          0x00,0x00,0x00,0x00,0x00,0x00,0x00,0x00,
 538          0x00,0x0E,0x01,0xF3,0x8F,0x00,0x03,0x80,
 539          0x01,0xC0,0x00,0x00,0x00,0x00,0x00,0x00,
 540          0x00,0x00,0x00,0x00,0x00,0x0E,0x00,0xF3,
 541          0x8F,0x00,0x03,0x80,0x01,0xC0,0x00,0x00,
 542          0x00,0x00,0x00,0x00,0x00,0x00,0x00,0x00,
 543          0x00,0x0E,0x00,0xFB,0x8F,0x00,0x03,0x80,
 544          0x01,0xC0,0x00,0x00,0x00,0x00,0x00,0x00,
 545          0x00,0x00,0x00,0x00,0x00,0x0E,0x00,0x7B,
 546          0x8F,0x00,0x03,0x80,0x00,0xC0,0x00,0x00,
 547          0x00,0x00,0x00,0x00,0x00,0x00,0x00,0x00,
 548          0x00,0x0E,0x00,0x7F,0x8F,0x00,0x03,0x80,
 549          0x00,0x00,0x00,0x00,0x00,0x00,0x00,0x00,
 550          0x00,0x00,0x00,0x00,0x00,0x0E,0x00,0x3F,
C51 COMPILER V9.60.7.0   PICTURE                                                           11/01/2024 11:45:53 PAGE 10  

 551          0x87,0x00,0x03,0x80,0x00,0x00,0x00,0x00,
 552          0x00,0x00,0x00,0x00,0x00,0x00,0x00,0x00,
 553          0x00,0x0E,0x00,0x1F,0x87,0x80,0x03,0x80,
 554          0x00,0x00,0x00,0x00,0x00,0x00,0x00,0x00,
 555          0x00,0x00,0x00,0x00,0x00,0x0E,0x00,0x1F,
 556          0x87,0x80,0x03,0x80,0x00,0x00,0x00,0x00,
 557          0x00,0x00,0x00,0x00,0x00,0x00,0x00,0x00,
 558          0x00,0x0E,0x00,0x0F,0x83,0xC0,0x03,0x80,
 559          0x00,0x00,0x00,0x00,0x00,0x00,0x00,0x00,
 560          0x00,0x00,0x00,0x00,0x00,0x0E,0x00,0x0F,
 561          0x83,0xC0,0x03,0x80,0x00,0x00,0x00,0x00,
 562          0x00,0x00,0x00,0x00,0x00,0x00,0x00,0x00,
 563          0x00,0x0E,0x00,0x07,0x81,0xE0,0x03,0x80,
 564          0x01,0xC0,0x00,0x00,0x00,0x00,0x00,0x00,
 565          0x00,0x00,0x00,0x00,0x00,0x0E,0x00,0x03,
 566          0x80,0xF0,0x03,0x80,0x03,0xE0,0x00,0x00,
 567          0x00,0x00,0x00,0x00,0x00,0x00,0x00,0x00,
 568          0x00,0x1F,0x00,0x03,0x80,0x78,0x07,0x80,
 569          0x03,0xE0,0x00,0x00,0x00,0x00,0x00,0x00,
 570          0x00,0x00,0x00,0x00,0x00,0x1F,0x80,0x01,
 571          0x80,0x3E,0x0F,0x00,0x03,0xE0,0x00,0x00,
 572          0x00,0x00,0x00,0x00,0x00,0x00,0x00,0x00,
 573          0x00,0x3F,0xE0,0x01,0x80,0x0F,0xFC,0x00,
 574          0x03,0xE0,0x00,0x00,0x00,0x00,0x00,0x00,
 575          0x00,0x00,0x00,0x00,0x00,0x00,0x00,0x00,
 576          0x00,0x00,0x00,0x00,0x00,0x00,0x00,0x00,
 577          0x00,0x00,0x00,0x00,0x00,0x00,0x00,0x00,
 578          0x00,0x00,0x00,0x00,0x00,0x00,0x00,0x00,
 579          0x00,0x00,0x00,0x00,0x00,0x00,0x00,0x00,
 580          0x00,0x00,0x00,0x00,0x00,0x00,0x00,0x00,
 581          0x00,0x00,0x00,0x00,0x00,0x00,0x00,0x00,
 582          0x00,0x00,0x00,0x00,0x00,0x00,0x00,0x00,
 583          0x00,0x00,0x00,0x00,0x00,0x00,0x00,0x00,
 584          0x00,0x00,0x00,0x00,0x00,0x00,0x00,0x00,
 585          0x00,0x00,0x00,0x00,0x00,0x00,0x00,0x00,
 586          0x00,0x00,0x00,0x00,0x00,0x00,0x00,0x00,
 587          0x00,0x00,0x00,0x00,0x00,0x00,0x00,0x00,
 588          0x00,0x00,0x00,0x00,0x00,0x00,0x00,0x00,
 589          0x00,0x00,0x00,0x00,0x00,0x00,0x00,0x00,
 590          0x00,0x00,0x00,0x00,0x00,0x00,0x00,0x00,
 591          0x00,0x00,0x00,0x00,0x00,0x00,0x00,0x00,
 592          0x00,0x00,0x00,0x00,0x00,0x00,0x00,0x00,
 593          0x00,0x00,0x00,0x00,0x00,0x00,0x00,0x00,
 594          0x00,0x00,0x00,0x00,0x00,0x00,0x00,0x00,
 595          0x00,0x00,0x00,0x00,0x00,0x00,0x00,0x00,
 596          0x00,0x00,0x00,0x00,0x00,0x00,0x00,0x00,
 597          0x00,0x00,0x00,0x00,0x00,0x00,0x00,0x00,
 598          0x00,0x00,0x00,0x00,0x00,0x00,0x00,0x00,
 599          0x00,0x00,0x00,0x00,0x00,0x00,0x00,0x00,
 600          0x00,0x00,0x00,0x00,0x00,0x00,0x00,0x00,
 601          0x00,0x00,0x00,0x00,0x00,0x00,0x00,0x00,
 602          0x00,0x00,0x00,0x00,0x00,0x00,0x00,0x00,
 603          0x00,0x00,0x00,0x00,0x00,0x00,0x00,0x00,
 604          0x00,0x00,0x00,0x00,0x00,0x00,0x00,0x00,
 605          0x00,0x00,0x00,0x00,0x00,0x00,0x00,0x00,
 606          0x00,0x00,0x00,0x00,0x00,0x00,0x00,0x00,
 607          0x00,0x00,0x00,0x00,0x00,0x00,0x00,0x00,
 608          0x00,0x00,0x00,0x00,0x00,0x00,0x00,0x00,
 609          0x00,0x00,0x00,0x00,0x00,0x00,0x00,0x00 
 610          };
 611          extern unsigned int code picture4[]={80,20,
 612          0x00,0x00,0x00,0x00,0x00,0x00,0x00,0x00,
C51 COMPILER V9.60.7.0   PICTURE                                                           11/01/2024 11:45:53 PAGE 11  

 613          0x00,0x00,0x00,0x00,0x00,0x00,0x00,0x00,
 614          0x00,0x00,0x00,0x00,0x00,0x00,0x00,0x00,
 615          0x00,0x00,0x00,0x00,0x00,0x00,0x00,0x00,
 616          0x00,0x00,0x00,0x00,0x00,0x00,0x00,0x00,
 617          0x00,0x00,0x00,0x00,0x00,0x00,0x00,0x00,
 618          0x00,0x00,0x00,0x00,0x00,0x00,0x00,0x00,
 619          0x00,0x00,0x00,0x00,0x00,0x00,0x00,0x00,
 620          0x00,0x00,0x00,0x00,0x00,0x00,0x00,0x00,
 621          0x00,0x00,0x00,0x00,0x00,0x00,0x00,0x00,
 622          0x00,0x00,0x00,0x00,0x00,0x00,0x00,0x00,
 623          0x00,0x00,0x00,0x00,0x00,0x00,0x00,0x00,
 624          0x00,0x00,0x00,0x00,0x00,0x00,0x00,0x00,
 625          0x00,0x00,0x00,0x00,0x00,0x00,0x00,0x00,
 626          0x00,0x00,0x00,0x00,0x00,0x00,0x00,0x00,
 627          0x00,0x03,0xB8,0x00,0x20,0x00,0x00,0x13,
 628          0xE0,0x00,0x00,0x30,0x00,0x1F,0xC0,0x00,
 629          0x00,0x00,0x00,0x00,0x00,0x01,0x10,0x00,
 630          0x20,0x00,0x00,0x11,0x10,0x00,0x00,0x10,
 631          0x00,0x12,0x40,0x00,0x00,0x00,0x00,0x00,
 632          0x00,0x01,0x50,0x00,0x00,0x40,0x00,0x11,
 633          0x08,0x00,0x00,0x10,0x00,0x02,0x00,0x00,
 634          0x02,0x00,0x00,0x00,0x00,0x01,0x50,0x00,
 635          0x20,0x40,0x00,0x21,0x08,0x00,0x00,0x10,
 636          0x00,0x02,0x00,0x00,0x02,0x00,0x00,0x00,
 637          0x00,0x01,0x50,0xD8,0x61,0xF0,0x60,0x21,
 638          0x08,0x60,0xE0,0x70,0x00,0x02,0x03,0x07,
 639          0x4F,0x80,0x00,0x00,0x00,0x01,0x50,0x60,
 640          0x20,0x40,0x90,0x21,0x10,0x91,0x10,0x90,
 641          0x00,0x02,0x04,0x88,0xC2,0x00,0x00,0x00,
 642          0x00,0x01,0x50,0x40,0x20,0x41,0x08,0x41,
 643          0xE1,0x09,0x11,0x10,0x00,0x02,0x08,0x48,
 644          0x42,0x00,0x00,0x00,0x00,0x01,0x50,0x40,
 645          0x20,0x41,0xF8,0x41,0x41,0xF8,0x71,0x10,
 646          0x00,0x02,0x0F,0xC6,0x02,0x00,0x00,0x00,
 647          0x00,0x00,0xA0,0x40,0x20,0x41,0x00,0x41,
 648          0x21,0x00,0x91,0x10,0x00,0x02,0x08,0x01,
 649          0x82,0x00,0x00,0x00,0x00,0x00,0xA0,0x40,
 650          0x20,0x41,0x00,0x81,0x21,0x01,0x11,0x10,
 651          0x00,0x02,0x08,0x08,0x42,0x00,0x00,0x00,
 652          0x00,0x00,0xA0,0x40,0x20,0x48,0x88,0x81,
 653          0x10,0x89,0x30,0x90,0x00,0x02,0x04,0x4C,
 654          0x42,0x40,0x00,0x00,0x00,0x00,0xA0,0xE0,
 655          0x70,0x30,0x70,0x83,0x98,0x70,0xD8,0x68,
 656          0x00,0x07,0x03,0x8B,0x81,0x80,0x00,0x00,
 657          0x00,0x00,0x00,0x00,0x00,0x00,0x00,0x00,
 658          0x00,0x00,0x00,0x00,0x00,0x00,0x00,0x00,
 659          0x00,0x00,0x00,0x00,0x00,0x00,0x00,0x00,
 660          0x00,0x00,0x00,0x00,0x00,0x00,0x00,0x00,
 661          0x00,0x00,0x00,0x00,0x00,0x00,0x00,0x00,
 662          0x00,0x00,0x00,0x00,0x00,0x00,0x00,0x00,
 663          0x00,0x00,0x00,0x00,0x00,0x00,0x00,0x00,
 664          0x00,0x00,0x00,0x00,0x00,0x00,0x00,0x00,
 665          0x00,0x00,0x00,0x00,0x00,0x00,0x00,0x00,
 666          0x00,0x00,0x00,0x00,0x00,0x00,0x00,0x00,
 667          0x00,0x00,0x00,0x00,0x00,0x00,0x00,0x00,
 668          0x00,0x00,0x00,0x00,0x00,0x00,0x00,0x00,
 669          0x00,0x00,0x00,0x00,0x00,0x00,0x00,0x00,
 670          0x00,0x00,0x00,0x00,0x00,0x00,0x00,0x00,
 671          0x00,0x00,0x00,0x00,0x00,0x00,0x00,0x00,
 672          0x00,0x00,0x00,0x00,0x00,0x00,0x00,0x00,
 673          0x00,0x00,0x00,0x00,0x00,0x00,0x00,0x00,
 674          0x00,0x00,0x00,0x00,0x00,0x00,0x00,0x00,
C51 COMPILER V9.60.7.0   PICTURE                                                           11/01/2024 11:45:53 PAGE 12  

 675          0x00,0x00,0x00,0x00,0x00,0x00,0x00,0x00,
 676          0x00,0x00,0x00,0x00,0x00,0x00,0x00,0x00,
 677          0x00,0x00,0x00,0x00,0x00,0x00,0x00,0x00,
 678          0x00,0x00,0x00,0x00,0x00,0x00,0x00,0x00,
 679          0x00,0x00,0x00,0x00,0x00,0x00,0x00,0x00,
 680          0x00,0x00,0x00,0x00,0x00,0x00,0x00,0x00,
 681          0x00,0x00,0x00,0x00,0x00,0x00,0x00,0x00,
 682          0x00,0x00,0x00,0x00,0x00,0x00,0x00,0x00,
 683          0x00,0x00,0x00,0x00,0x00,0x00,0x00,0x00,
 684          0x00,0x00,0x00,0x00,0x00,0x00,0x00,0x00,
 685          0x00,0x00,0x00,0x00,0x00,0x00,0x00,0x00,
 686          0x00,0x00,0x00,0x00,0x00,0x00,0x00,0x00,
 687          0x00,0x00,0x00,0x00,0x00,0x00,0x00,0x00,
 688          0x00,0x00,0x00,0x00,0x00,0x00,0x00,0x00,
 689          0x00,0x00,0x00,0x00,0x00,0x00,0x00,0x00,
 690          0x00,0x00,0x00,0x00,0x00,0x00,0x00,0x00,
 691          0x00,0x00,0x00,0x00,0x00,0x00,0x00,0x00,
 692          0x00,0x00,0x00,0x00,0x00,0x00,0x00,0x00,
 693          0x00,0x00,0x00,0x00,0x00,0x00,0x00,0x00,
 694          0x00,0x00,0x00,0x00,0x00,0x00,0x00,0x00,
 695          0x00,0x00,0x00,0x00,0x00,0x00,0x00,0x00,
 696          0x00,0x00,0x00,0x00,0x00,0x00,0x00,0x00,
 697          0x00,0x00,0x00,0x00,0x00,0x00,0x00,0x00,
 698          0x00,0x00,0x00,0x00,0x00,0x00,0x00,0x00,
 699          0x00,0x00,0x00,0x00,0x00,0x00,0x00,0x00,
 700          0x00,0x00,0x07,0xFC,0x03,0xFF,0x8F,0xFC,
 701          0x00,0x7C,0x00,0x00,0x00,0x00,0x00,0x00,
 702          0x00,0x00,0x00,0x00,0x00,0x00,0x1E,0x0F,
 703          0x01,0xFE,0x07,0xF0,0x00,0x7C,0x00,0x00,
 704          0x00,0x00,0x00,0x00,0x00,0x00,0x00,0x00,
 705          0x00,0x00,0x3C,0x07,0x80,0x78,0x03,0xC0,
 706          0x00,0x7C,0x00,0x00,0x00,0x00,0x00,0x00,
 707          0x00,0x00,0x00,0x00,0x00,0x00,0x78,0x03,
 708          0xC0,0x78,0x03,0x80,0x00,0x7C,0x00,0x00,
 709          0x00,0x00,0x00,0x00,0x00,0x00,0x00,0x00,
 710          0x00,0x00,0xF0,0x01,0xC0,0x78,0x07,0x00,
 711          0x00,0x7C,0x00,0x00,0x00,0x00,0x00,0x00,
 712          0x00,0x00,0x00,0x00,0x00,0x00,0xF0,0x01,
 713          0xE0,0x78,0x07,0x00,0x00,0x7C,0x00,0x00,
 714          0x00,0x00,0x00,0x00,0x00,0x00,0x00,0x00,
 715          0x00,0x01,0xE0,0x00,0xF0,0x78,0x0E,0x00,
 716          0x00,0x7C,0x00,0x00,0x00,0x00,0x00,0x00,
 717          0x00,0x00,0x00,0x00,0x00,0x01,0xE0,0x00,
 718          0xF0,0x78,0x0C,0x00,0x00,0x7C,0x00,0x00,
 719          0x00,0x00,0x00,0x00,0x00,0x00,0x00,0x00,
 720          0x00,0x03,0xC0,0x00,0x70,0x78,0x18,0x00,
 721          0x00,0x7C,0x00,0x00,0x00,0x00,0x00,0x00,
 722          0x00,0x00,0x00,0x00,0x00,0x03,0xC0,0x00,
 723          0x78,0x78,0x38,0x00,0x00,0x7C,0x00,0x00,
 724          0x00,0x00,0x00,0x00,0x00,0x00,0x00,0x00,
 725          0x00,0x03,0xC0,0x00,0x78,0x78,0x70,0x00,
 726          0x00,0x7C,0x00,0x00,0x00,0x00,0x00,0x00,
 727          0x00,0x00,0x00,0x00,0x00,0x03,0xC0,0x00,
 728          0x78,0x78,0x60,0x00,0x00,0x7C,0x00,0x00,
 729          0x00,0x00,0x00,0x00,0x00,0x00,0x00,0x00,
 730          0x00,0x07,0xC0,0x00,0x78,0x78,0xC0,0x00,
 731          0x00,0x7C,0x00,0x00,0x00,0x00,0x00,0x00,
 732          0x00,0x00,0x00,0x00,0x00,0x07,0x80,0x00,
 733          0x3C,0x79,0xC0,0x00,0x00,0x3C,0x00,0x00,
 734          0x00,0x00,0x00,0x00,0x00,0x00,0x00,0x00,
 735          0x00,0x07,0x80,0x00,0x3C,0x7B,0x80,0x00,
 736          0x00,0x38,0x00,0x00,0x00,0x00,0x00,0x00,
C51 COMPILER V9.60.7.0   PICTURE                                                           11/01/2024 11:45:53 PAGE 13  

 737          0x00,0x00,0x00,0x00,0x00,0x07,0x80,0x00,
 738          0x3C,0x7B,0x80,0x00,0x00,0x38,0x00,0x00,
 739          0x00,0x00,0x00,0x00,0x00,0x00,0x00,0x00,
 740          0x00,0x07,0x80,0x00,0x3C,0x7F,0x80,0x00,
 741          0x00,0x38,0x00,0x00,0x00,0x00,0x00,0x00,
 742          0x00,0x00,0x00,0x00,0x00,0x07,0x80,0x00,
 743          0x3C,0x7F,0xC0,0x00,0x00,0x38,0x00,0x00,
 744          0x00,0x00,0x00,0x00,0x00,0x00,0x00,0x00,
 745          0x00,0x07,0x80,0x00,0x3C,0x7F,0xE0,0x00,
 746          0x00,0x38,0x00,0x00,0x00,0x00,0x00,0x00,
 747          0x00,0x00,0x00,0x00,0x00,0x07,0x80,0x00,
 748          0x3C,0x79,0xE0,0x00,0x00,0x38,0x00,0x00,
 749          0x00,0x00,0x00,0x00,0x00,0x00,0x00,0x00,
 750          0x00,0x07,0x80,0x00,0x3C,0x78,0xF0,0x00,
 751          0x00,0x38,0x00,0x00,0x00,0x00,0x00,0x00,
 752          0x00,0x00,0x00,0x00,0x00,0x07,0x80,0x00,
 753          0x3C,0x78,0xF8,0x00,0x00,0x38,0x00,0x00,
 754          0x00,0x00,0x00,0x00,0x00,0x00,0x00,0x00,
 755          0x00,0x07,0xC0,0x00,0x78,0x78,0x78,0x00,
 756          0x00,0x38,0x00,0x00,0x00,0x00,0x00,0x00,
 757          0x00,0x00,0x00,0x00,0x00,0x03,0xC0,0x00,
 758          0x78,0x78,0x3C,0x00,0x00,0x18,0x00,0x00,
 759          0x00,0x00,0x00,0x00,0x00,0x00,0x00,0x00,
 760          0x00,0x03,0xC0,0x00,0x78,0x78,0x3E,0x00,
 761          0x00,0x00,0x00,0x00,0x00,0x00,0x00,0x00,
 762          0x00,0x00,0x00,0x00,0x00,0x03,0xC0,0x00,
 763          0x78,0x78,0x1E,0x00,0x00,0x00,0x00,0x00,
 764          0x00,0x00,0x00,0x00,0x00,0x00,0x00,0x00,
 765          0x00,0x03,0xC0,0x00,0x78,0x78,0x0F,0x00,
 766          0x00,0x00,0x00,0x00,0x00,0x00,0x00,0x00,
 767          0x00,0x00,0x00,0x00,0x00,0x01,0xE0,0x00,
 768          0xF0,0x78,0x0F,0x80,0x00,0x00,0x00,0x00,
 769          0x00,0x00,0x00,0x00,0x00,0x00,0x00,0x00,
 770          0x00,0x01,0xE0,0x00,0xF0,0x78,0x07,0x80,
 771          0x00,0x00,0x00,0x00,0x00,0x00,0x00,0x00,
 772          0x00,0x00,0x00,0x00,0x00,0x00,0xF0,0x01,
 773          0xE0,0x78,0x07,0xC0,0x00,0x00,0x00,0x00,
 774          0x00,0x00,0x00,0x00,0x00,0x00,0x00,0x00,
 775          0x00,0x00,0xF0,0x01,0xE0,0x78,0x03,0xE0,
 776          0x00,0x38,0x00,0x00,0x00,0x00,0x00,0x00,
 777          0x00,0x00,0x00,0x00,0x00,0x00,0x78,0x03,
 778          0xC0,0x78,0x03,0xE0,0x00,0x7C,0x00,0x00,
 779          0x00,0x00,0x00,0x00,0x00,0x00,0x00,0x00,
 780          0x00,0x00,0x3C,0x07,0x80,0x78,0x01,0xF0,
 781          0x00,0x7C,0x00,0x00,0x00,0x00,0x00,0x00,
 782          0x00,0x00,0x00,0x00,0x00,0x00,0x1E,0x0F,
 783          0x00,0xFC,0x03,0xF8,0x00,0x7C,0x00,0x00,
 784          0x00,0x00,0x00,0x00,0x00,0x00,0x00,0x00,
 785          0x00,0x00,0x07,0xFC,0x03,0xFF,0x0F,0xFE,
 786          0x00,0x7C,0x00,0x00,0x00,0x00,0x00,0x00,
 787          0x00,0x00,0x00,0x00,0x00,0x00,0x00,0x00,
 788          0x00,0x00,0x00,0x00,0x00,0x00,0x00,0x00,
 789          0x00,0x00,0x00,0x00,0x00,0x00,0x00,0x00,
 790          0x00,0x00,0x00,0x00,0x00,0x00,0x00,0x00,
 791          0x00,0x00,0x00,0x00,0x00,0x00,0x00,0x00,
 792          0x00,0x00,0x00,0x00,0x00,0x00,0x00,0x00,
 793          0x00,0x00,0x00,0x00,0x00,0x00,0x00,0x00,
 794          0x00,0x00,0x00,0x00,0x00,0x00,0x00,0x00,
 795          0x00,0x00,0x00,0x00,0x00,0x00,0x00,0x00,
 796          0x00,0x00,0x00,0x00,0x00,0x00,0x00,0x00,
 797          0x00,0x00,0x00,0x00,0x00,0x00,0x00,0x00,
 798          0x00,0x00,0x00,0x00,0x00,0x00,0x00,0x00,
C51 COMPILER V9.60.7.0   PICTURE                                                           11/01/2024 11:45:53 PAGE 14  

 799          0x00,0x00,0x00,0x00,0x00,0x00,0x00,0x00,
 800          0x00,0x00,0x00,0x00,0x00,0x00,0x00,0x00,
 801          0x00,0x00,0x00,0x00,0x00,0x00,0x00,0x00,
 802          0x00,0x00,0x00,0x00,0x00,0x00,0x00,0x00,
 803          0x00,0x00,0x00,0x00,0x00,0x00,0x00,0x00,
 804          0x00,0x00,0x00,0x00,0x00,0x00,0x00,0x00,
 805          0x00,0x00,0x00,0x00,0x00,0x00,0x00,0x00,
 806          0x00,0x00,0x00,0x00,0x00,0x00,0x00,0x00,
 807          0x00,0x00,0x00,0x00,0x00,0x00,0x00,0x00,
 808          0x00,0x00,0x00,0x00,0x00,0x00,0x00,0x00,
 809          0x00,0x00,0x00,0x00,0x00,0x00,0x00,0x00,
 810          0x00,0x00,0x00,0x00,0x00,0x00,0x00,0x00,
 811          0x00,0x00,0x00,0x00,0x00,0x00,0x00,0x00  
 812          };
 813          extern unsigned int code picture5[]={80,20,
 814          0x00,0x00,0x00,0x00,0x00,0x00,0x00,0x00,
 815          0x00,0x00,0x00,0x00,0x00,0x00,0x00,0x00,
 816          0x00,0x00,0x00,0x00,0x00,0x00,0x00,0x00,
 817          0x00,0x00,0x00,0x00,0x00,0x00,0x00,0x00,
 818          0x00,0x00,0x00,0x00,0x00,0x00,0x00,0x00,
 819          0x00,0x00,0x00,0x00,0x00,0x00,0x00,0x00,
 820          0x00,0x00,0x00,0x00,0x00,0x00,0x00,0x00,
 821          0x00,0x00,0x00,0x00,0x00,0x00,0x00,0x00,
 822          0x00,0x00,0x00,0x00,0x00,0x00,0x00,0x00,
 823          0x00,0x00,0x00,0x00,0x00,0x00,0x00,0x00,
 824          0x00,0x00,0x00,0x00,0x00,0x00,0x00,0x00,
 825          0x00,0x00,0x00,0x00,0x00,0x00,0x00,0x00,
 826          0x00,0x00,0x00,0x00,0x00,0x00,0x00,0x00,
 827          0x00,0x00,0x00,0x00,0x00,0x00,0x00,0x00,
 828          0x00,0x00,0x00,0x00,0x00,0x00,0x00,0x00,
 829          0x00,0x00,0x00,0x00,0x00,0x00,0x00,0x00,
 830          0x00,0x00,0x00,0x00,0x00,0x00,0x00,0x00,
 831          0x00,0x00,0x00,0x00,0x00,0x00,0x00,0x00,
 832          0x00,0x00,0x00,0x00,0x00,0x00,0x00,0x00,
 833          0x00,0x00,0x00,0x00,0x00,0x00,0x00,0x00,
 834          0x00,0x00,0x00,0x00,0x00,0x00,0x00,0x00,
 835          0x00,0x00,0x00,0x00,0x00,0x00,0x00,0x00,
 836          0x00,0x00,0x00,0x00,0x00,0x00,0x00,0x00,
 837          0x00,0x00,0x00,0x00,0x00,0x00,0x00,0x00,
 838          0x00,0x00,0x00,0x00,0x00,0x00,0x00,0x00,
 839          0x00,0x00,0x00,0x00,0x00,0x00,0x00,0x00,
 840          0x00,0x00,0x00,0x00,0x00,0x00,0x00,0x00,
 841          0x00,0x00,0x00,0x00,0x00,0x00,0x00,0x00,
 842          0x00,0x00,0x00,0x00,0x00,0x00,0x00,0x00,
 843          0x00,0x00,0x00,0x00,0x00,0x00,0x00,0x00,
 844          0x00,0x00,0x00,0x00,0x00,0x00,0x00,0x00,
 845          0x00,0x00,0x00,0x00,0x00,0x00,0x00,0x00,
 846          0x00,0x00,0x00,0x00,0x00,0x00,0x00,0x00,
 847          0x00,0x00,0x00,0x00,0x00,0x00,0x00,0x00,
 848          0x00,0x00,0x00,0x00,0x00,0x00,0x00,0x00,
 849          0x00,0x00,0x00,0x00,0x00,0x00,0x00,0x00,
 850          0x00,0x00,0x00,0x00,0x00,0x00,0x00,0x00,
 851          0x00,0x00,0x00,0x00,0x00,0x00,0x00,0x00,
 852          0x00,0x00,0x00,0x00,0x00,0x00,0x00,0x00,
 853          0x00,0x00,0x00,0x00,0x00,0x00,0x00,0x00,
 854          0x00,0x00,0x00,0x00,0x00,0x00,0x00,0x00,
 855          0x00,0x00,0x00,0x00,0x00,0x00,0x00,0x00,
 856          0x00,0x00,0x00,0x00,0x00,0x00,0x00,0x00,
 857          0x00,0x00,0x00,0x00,0x00,0x00,0x00,0x00,
 858          0x00,0x00,0x00,0x00,0x00,0x00,0x00,0x00,
 859          0x00,0x00,0x00,0x00,0x00,0x00,0x00,0x00,
 860          0x00,0x00,0x00,0x00,0x00,0x00,0x00,0x00,
C51 COMPILER V9.60.7.0   PICTURE                                                           11/01/2024 11:45:53 PAGE 15  

 861          0x00,0x00,0x00,0x00,0x00,0x00,0x00,0x00,
 862          0x00,0x00,0x00,0x00,0x00,0x00,0x00,0x00,
 863          0x00,0x00,0x00,0x00,0x00,0x00,0x00,0x00,
 864          0x00,0x00,0x00,0x00,0x00,0x00,0x00,0x00,
 865          0x00,0x00,0x00,0x00,0x00,0x00,0x00,0x00,
 866          0x00,0x00,0x00,0x00,0x00,0x00,0x00,0x00,
 867          0x00,0x00,0x00,0x00,0x00,0x00,0x00,0x00,
 868          0x00,0x00,0x00,0x00,0x00,0x00,0x00,0x00,
 869          0x00,0x00,0x00,0x00,0x00,0x00,0x00,0x00,
 870          0x00,0x00,0x00,0x00,0x00,0x00,0x00,0x00,
 871          0x00,0x00,0x00,0x00,0x00,0x00,0x00,0x00,
 872          0x00,0x00,0x00,0x00,0x00,0x00,0x00,0x00,
 873          0x00,0x00,0x00,0x00,0x00,0x00,0x00,0x00,
 874          0x00,0x00,0x00,0x00,0x00,0x00,0x00,0x00,
 875          0x00,0x00,0x03,0xFF,0x00,0x00,0x00,0x00,
 876          0x00,0x00,0x00,0x00,0x00,0x00,0x00,0x00,
 877          0x00,0x00,0x00,0x00,0x00,0x00,0x03,0x33,
 878          0x00,0x00,0x00,0x00,0x00,0x00,0x00,0x00,
 879          0x00,0x00,0x00,0x00,0x00,0x00,0x00,0x00,
 880          0x00,0x00,0x03,0x33,0x00,0x00,0x00,0x00,
 881          0x00,0x00,0x00,0x00,0x00,0x00,0x00,0x00,
 882          0x00,0x00,0x00,0x00,0x00,0x00,0x00,0x30,
 883          0x00,0x00,0x00,0x18,0x00,0x00,0x00,0x00,
 884          0x00,0x00,0x00,0x00,0x00,0x00,0x00,0x00,
 885          0x00,0x00,0x00,0x30,0x03,0x00,0x00,0x18,
 886          0x00,0x00,0x00,0x00,0x00,0x00,0x00,0x00,
 887          0x00,0x00,0x00,0x00,0x00,0x00,0x00,0x30,
 888          0x1F,0x83,0xF0,0x3E,0x00,0x00,0x00,0x00,
 889          0x00,0x00,0x00,0x00,0x00,0x00,0x00,0x00,
 890          0x00,0x00,0x00,0x30,0x30,0xC3,0x30,0x18,
 891          0x00,0x00,0x00,0x00,0x00,0x00,0x00,0x00,
 892          0x00,0x00,0x00,0x00,0x00,0x00,0x00,0x30,
 893          0x1F,0xC3,0x00,0x18,0x00,0x00,0x00,0x00,
 894          0x00,0x00,0x00,0x00,0x00,0x00,0x00,0x00,
 895          0x00,0x00,0x00,0x30,0x30,0x01,0xC0,0x18,
 896          0x00,0x00,0x00,0x00,0x00,0x00,0x00,0x00,
 897          0x00,0x00,0x00,0x00,0x00,0x00,0x00,0x30,
 898          0x30,0x00,0xE0,0x18,0x00,0x00,0x00,0x00,
 899          0x00,0x00,0x00,0x00,0x00,0x00,0x00,0x00,
 900          0x00,0x00,0x00,0x30,0x38,0x00,0x70,0x18,
 901          0x00,0x00,0x00,0x00,0x00,0x00,0x00,0x00,
 902          0x00,0x00,0x00,0x00,0x00,0x00,0x00,0x30,
 903          0x18,0x03,0x30,0x18,0x00,0x00,0x00,0x00,
 904          0x00,0x00,0x00,0x00,0x00,0x00,0x00,0x00,
 905          0x00,0x00,0x00,0x30,0x1C,0xC3,0x30,0x18,
 906          0x00,0x00,0x00,0x00,0x00,0x00,0x00,0x00,
 907          0x00,0x00,0x00,0x00,0x00,0x00,0x00,0x78,
 908          0x0F,0x83,0xF0,0x18,0x00,0x00,0x00,0x00,
 909          0x00,0x00,0x00,0x00,0x00,0x00,0x00,0x00,
 910          0x00,0x00,0x00,0x00,0x00,0x00,0x00,0x1E,
 911          0x00,0x00,0x00,0x00,0x00,0x00,0x00,0x00,
 912          0x7F,0xFF,0xFF,0x00,0x00,0x00,0x00,0x00,
 913          0x00,0x00,0x00,0x00,0x00,0x00,0x00,0x00,
 914          0x00,0x00,0x00,0x00,0x40,0x00,0x01,0x00,
 915          0x00,0x00,0x00,0x00,0x00,0x00,0x00,0x00,
 916          0x00,0x00,0x00,0x00,0x00,0x00,0x00,0x00,
 917          0x40,0x00,0x01,0x00,0x00,0x00,0x00,0x00,
 918          0x00,0x00,0x00,0x00,0x00,0x00,0x00,0x00,
 919          0x00,0x00,0x00,0x00,0x40,0x00,0x01,0x00,
 920          0x00,0x00,0x00,0x00,0x00,0x00,0x00,0x00,
 921          0x00,0x00,0x00,0x00,0x00,0x00,0x00,0x00,
 922          0x40,0x00,0x01,0x00,0x00,0x00,0x00,0x3F,
C51 COMPILER V9.60.7.0   PICTURE                                                           11/01/2024 11:45:53 PAGE 16  

 923          0x00,0x00,0x00,0x00,0x00,0x00,0x00,0x00,
 924          0x00,0x00,0x00,0x00,0x40,0x00,0x01,0x00,
 925          0x00,0x00,0x00,0xE7,0x00,0x00,0x00,0x00,
 926          0x00,0x00,0x00,0x00,0x00,0x00,0x00,0x00,
 927          0x40,0x00,0x01,0x00,0x00,0x00,0x01,0xC3,
 928          0x00,0x00,0x00,0x00,0x00,0x00,0x00,0x00,
 929          0x00,0x00,0x00,0x00,0x40,0x00,0x01,0x00,
 930          0x00,0x00,0x01,0x83,0x00,0x00,0x00,0x00,
 931          0x00,0x00,0x00,0x00,0x00,0x00,0x00,0x00,
 932          0x40,0x00,0x01,0x00,0x00,0x00,0x01,0x80,
 933          0x00,0x00,0x00,0x00,0x00,0x00,0x00,0x00,
 934          0x00,0x00,0x00,0x00,0x40,0x00,0x01,0x00,
 935          0x00,0x00,0x03,0x80,0x19,0xC1,0xF8,0x7E,
 936          0x0F,0xC0,0xFC,0x00,0x00,0x00,0x00,0x00,
 937          0x40,0x00,0x01,0x00,0x00,0x00,0x03,0x00,
 938          0x18,0xC0,0xE0,0x66,0x18,0x60,0x70,0x00,
 939          0x00,0x00,0x00,0x00,0x40,0x00,0x01,0x00,
 940          0x00,0x00,0x03,0x00,0x18,0xC0,0xC0,0x60,
 941          0x18,0x60,0x60,0x00,0x00,0x00,0x00,0x00,
 942          0x40,0x00,0x01,0x00,0x00,0x00,0x03,0x80,
 943          0x18,0xC0,0xC0,0x38,0x18,0x70,0x60,0x00,
 944          0x00,0x00,0x00,0x00,0x40,0x00,0x01,0x00,
 945          0x00,0x00,0x03,0x80,0x18,0xC0,0xC0,0x1C,
 946          0x18,0x30,0x60,0x00,0x00,0x00,0x00,0x00,
 947          0x40,0x00,0x01,0x00,0x00,0x00,0x01,0x80,
 948          0x18,0xC0,0xC0,0x0E,0x18,0x30,0x60,0x00,
 949          0x00,0x00,0x00,0x00,0x40,0x00,0x01,0x00,
 950          0x00,0x00,0x01,0x80,0x18,0xC0,0xC0,0x66,
 951          0x1C,0x60,0x60,0x00,0x00,0x00,0x00,0x00,
 952          0x40,0x00,0x01,0x00,0x00,0x00,0x00,0xC3,
 953          0x19,0xC0,0xC0,0x66,0x0C,0x60,0x60,0x00,
 954          0x00,0x00,0x00,0x00,0x7F,0xFF,0xFF,0x00,
 955          0x00,0x00,0x00,0x7E,0x1F,0xE0,0xE0,0x7E,
 956          0x07,0xC0,0x70,0x00,0x00,0x00,0x00,0x00,
 957          0x00,0x00,0x00,0x00,0x00,0x00,0x00,0x00,
 958          0x00,0x00,0x00,0x00,0x00,0x00,0x00,0x00,
 959          0x00,0x00,0x00,0x00,0x00,0x00,0x00,0x00,
 960          0x00,0x00,0x00,0x00,0x00,0x00,0x00,0x00,
 961          0x00,0x00,0x00,0x00,0x00,0x00,0x00,0x00,
 962          0x00,0x00,0x00,0x00,0x00,0x00,0x00,0x00,
 963          0x00,0x00,0x00,0x00,0x00,0x00,0x00,0x00,
 964          0x00,0x00,0x00,0x00,0x00,0x00,0x00,0x00,
 965          0x00,0x00,0x00,0x00,0x00,0x00,0x00,0x00,
 966          0x00,0x00,0x00,0x00,0x00,0x00,0x00,0x00,
 967          0x00,0x00,0x00,0x00,0x00,0x00,0x00,0x00,
 968          0x00,0x00,0x00,0x00,0x00,0x00,0x00,0x00,
 969          0x00,0x00,0x00,0x00,0x00,0x00,0x00,0x00,
 970          0x00,0x00,0x00,0x00,0x00,0x00,0x00,0x00,
 971          0x00,0x00,0x00,0x00,0x00,0x00,0x00,0x00,
 972          0x00,0x00,0x00,0x00,0x00,0x00,0x00,0x00,
 973          0x00,0x00,0x00,0x00,0x00,0x00,0x00,0x00,
 974          0x00,0x00,0x00,0x00,0x00,0x00,0x00,0x00,
 975          0x00,0x00,0x00,0x00,0x00,0x00,0x00,0x00,
 976          0x00,0x00,0x00,0x00,0x00,0x00,0x00,0x00,
 977          0x00,0x00,0x00,0x00,0x00,0x00,0x00,0x00,
 978          0x00,0x00,0x00,0x00,0x00,0x00,0x00,0x00,
 979          0x00,0x00,0x00,0x00,0x00,0x00,0x00,0x00,
 980          0x00,0x00,0x00,0x00,0x00,0x00,0x00,0x00,
 981          0x00,0x00,0x00,0x00,0x00,0x00,0x00,0x00,
 982          0x00,0x00,0x00,0x00,0x00,0x00,0x00,0x00,
 983          0x00,0x00,0x00,0x00,0x00,0x00,0x00,0x00,
 984          0x00,0x00,0x00,0x00,0x00,0x00,0x00,0x00,
C51 COMPILER V9.60.7.0   PICTURE                                                           11/01/2024 11:45:53 PAGE 17  

 985          0x00,0x00,0x00,0x00,0x00,0x00,0x00,0x00,
 986          0x00,0x00,0x00,0x00,0x00,0x00,0x00,0x00,
 987          0x00,0x00,0x00,0x00,0x00,0x00,0x00,0x00,
 988          0x00,0x00,0x00,0x00,0x00,0x00,0x00,0x00,
 989          0x00,0x00,0x00,0x00,0x00,0x00,0x00,0x00,
 990          0x00,0x00,0x00,0x00,0x00,0x00,0x00,0x00,
 991          0x00,0x00,0x00,0x00,0x00,0x00,0x00,0x00,
 992          0x00,0x00,0x00,0x00,0x00,0x00,0x00,0x00,
 993          0x00,0x00,0x00,0x00,0x00,0x00,0x00,0x00,
 994          0x00,0x00,0x00,0x00,0x00,0x00,0x00,0x00,
 995          0x00,0x00,0x00,0x00,0x00,0x00,0x00,0x00,
 996          0x00,0x00,0x00,0x00,0x00,0x00,0x00,0x00,
 997          0x00,0x00,0x00,0x00,0x00,0x00,0x00,0x00,
 998          0x00,0x00,0x00,0x00,0x00,0x00,0x00,0x00,
 999          0x00,0x00,0x00,0x00,0x00,0x00,0x00,0x00,
1000          0x00,0x00,0x00,0x00,0x00,0x00,0x00,0x00,
1001          0x00,0x00,0x00,0x00,0x00,0x00,0x00,0x00,
1002          0x00,0x00,0x00,0x00,0x00,0x00,0x00,0x00,
1003          0x00,0x00,0x00,0x00,0x00,0x00,0x00,0x00,
1004          0x00,0x00,0x00,0x00,0x00,0x00,0x00,0x00,
1005          0x00,0x00,0x00,0x00,0x00,0x00,0x00,0x00,
1006          0x00,0x00,0x00,0x00,0x00,0x00,0x00,0x00,
1007          0x00,0x00,0x00,0x00,0x00,0x00,0x00,0x00,
1008          0x00,0x00,0x00,0x00,0x00,0x00,0x00,0x00,
1009          0x00,0x00,0x00,0x00,0x00,0x00,0x00,0x00,
1010          0x00,0x00,0x00,0x00,0x00,0x00,0x00,0x00,
1011          0x00,0x00,0x00,0x00,0x00,0x00,0x00,0x00,
1012          0x00,0x00,0x00,0x00,0x00,0x00,0x00,0x00,
1013          0x00,0x00,0x00,0x00,0x00,0x00,0x00,0x00
1014          };
1015          extern unsigned int code picture6[]={80,20,
1016          0x00,0x00,0x00,0x00,0x00,0x00,0x00,0x00,
1017          0x00,0x00,0x00,0x00,0x00,0x00,0x00,0x00,
1018          0x00,0x00,0x00,0x00,0x00,0x00,0x00,0x00,
1019          0x00,0x00,0x00,0x00,0x00,0x00,0x00,0x00,
1020          0x00,0x00,0x00,0x00,0x00,0x00,0x00,0x00,
1021          0x00,0x00,0x00,0x00,0x00,0x00,0x00,0x00,
1022          0x00,0x00,0x00,0x00,0x00,0x00,0x00,0x00,
1023          0x00,0x00,0x00,0x00,0x00,0x00,0x00,0x00,
1024          0x00,0x00,0x00,0x00,0x00,0x00,0x00,0x00,
1025          0x00,0x00,0x00,0x00,0x00,0x00,0x00,0x00,
1026          0x00,0x00,0x00,0x00,0x00,0x00,0x00,0x00,
1027          0x00,0x00,0x00,0x00,0x00,0x00,0x00,0x00,
1028          0x00,0x00,0x00,0x00,0x00,0x00,0x00,0x00,
1029          0x00,0x00,0x00,0x00,0x00,0x00,0x00,0x00,
1030          0x00,0x00,0x00,0x00,0x00,0x00,0x00,0x00,
1031          0x00,0x00,0x00,0x00,0x00,0x00,0x00,0x00,
1032          0x00,0x00,0x00,0x00,0x00,0x00,0x00,0x00,
1033          0x00,0x00,0x00,0x00,0x00,0x00,0x00,0x00,
1034          0x00,0x00,0x00,0x00,0x00,0x00,0x00,0x00,
1035          0x00,0x00,0x00,0x00,0x00,0x00,0x00,0x00,
1036          0x00,0x00,0x00,0x00,0x00,0x00,0x00,0x00,
1037          0x00,0x00,0x00,0x00,0x00,0x00,0x00,0x00,
1038          0x00,0x00,0x00,0x00,0x00,0x00,0x00,0x00,
1039          0x00,0x00,0x00,0x00,0x00,0x00,0x00,0x00,
1040          0x00,0x00,0x00,0x00,0x00,0x00,0x00,0x00,
1041          0x00,0x00,0x00,0x00,0x00,0x00,0x00,0x00,
1042          0x00,0x00,0x00,0x00,0x00,0x00,0x00,0x00,
1043          0x00,0x00,0x00,0x00,0x00,0x00,0x00,0x00,
1044          0x00,0x00,0x00,0x00,0x00,0x00,0x00,0x00,
1045          0x00,0x00,0x00,0x00,0x00,0x00,0x00,0x00,
1046          0x00,0x00,0x00,0x00,0x00,0x00,0x00,0x00,
C51 COMPILER V9.60.7.0   PICTURE                                                           11/01/2024 11:45:53 PAGE 18  

1047          0x00,0x00,0x00,0x00,0x00,0x00,0x00,0x00,
1048          0x00,0x00,0x00,0x00,0x00,0x00,0x00,0x00,
1049          0x00,0x00,0x00,0x00,0x00,0x00,0x00,0x00,
1050          0x00,0x00,0x00,0x00,0x00,0x00,0x00,0x00,
1051          0x00,0x00,0x00,0x00,0x00,0x00,0x00,0x00,
1052          0x00,0x00,0x00,0x00,0x00,0x00,0x00,0x00,
1053          0x00,0x00,0x00,0x00,0x00,0x00,0x00,0x00,
1054          0x00,0x00,0x00,0x00,0x00,0x00,0x00,0x00,
1055          0x00,0x00,0x00,0x00,0x00,0x00,0x00,0x00,
1056          0x00,0x00,0x00,0x00,0x00,0x00,0x00,0x00,
1057          0x00,0x00,0x00,0x00,0x00,0x00,0x00,0x00,
1058          0x00,0x00,0x00,0x00,0x00,0x00,0x00,0x00,
1059          0x00,0x00,0x00,0x00,0x00,0x00,0x00,0x00,
1060          0x00,0x00,0x00,0x00,0x00,0x00,0x00,0x00,
1061          0x00,0x00,0x00,0x00,0x00,0x00,0x00,0x00,
1062          0x00,0x00,0x00,0x00,0x00,0x00,0x00,0x00,
1063          0x00,0x00,0x00,0x00,0x00,0x00,0x00,0x00,
1064          0x00,0x00,0x00,0x00,0x00,0x00,0x00,0x00,
1065          0x00,0x00,0x00,0x00,0x00,0x00,0x00,0x00,
1066          0x00,0x00,0x00,0x00,0x00,0x00,0x00,0x00,
1067          0x00,0x00,0x00,0x00,0x00,0x00,0x00,0x00,
1068          0x00,0x00,0x00,0x00,0x00,0x00,0x00,0x00,
1069          0x00,0x00,0x00,0x00,0x00,0x00,0x00,0x00,
1070          0x00,0x00,0x00,0x00,0x00,0x00,0x00,0x00,
1071          0x00,0x00,0x00,0x00,0x00,0x00,0x00,0x00,
1072          0x00,0x00,0x00,0x00,0x00,0x00,0x00,0x00,
1073          0x00,0x00,0x00,0x00,0x00,0x00,0x00,0x00,
1074          0x03,0x0C,0x30,0x00,0x00,0x00,0x00,0x00,
1075          0x00,0x00,0x00,0x00,0x00,0x00,0x00,0x00,
1076          0x00,0x00,0x00,0x00,0x03,0x0C,0x30,0x00,
1077          0x00,0x00,0x00,0x00,0x00,0x00,0x00,0x00,
1078          0x00,0x00,0x00,0x00,0x00,0x00,0x00,0x00,
1079          0x03,0x0C,0x30,0x00,0x00,0x00,0x00,0x00,
1080          0x00,0x00,0x00,0x00,0x00,0x00,0x00,0x00,
1081          0x00,0x00,0x00,0x00,0x01,0x9E,0x60,0x00,
1082          0x00,0x00,0x00,0x00,0x00,0x00,0x00,0x00,
1083          0x00,0x00,0x00,0x00,0x00,0x00,0x00,0x00,
1084          0x01,0x9E,0x60,0x00,0x00,0x00,0x00,0x00,
1085          0x00,0x00,0x00,0x00,0x00,0x00,0x00,0x00,
1086          0x00,0x00,0x00,0x00,0x00,0xF3,0xC0,0x00,
1087          0x00,0x00,0x00,0x00,0x00,0x00,0x00,0x00,
1088          0x00,0x00,0x00,0x00,0x00,0x00,0x00,0x00,
1089          0x00,0xF3,0xC0,0x00,0x00,0x00,0x00,0x00,
1090          0x00,0x00,0x00,0x00,0x00,0x00,0x00,0x00,
1091          0x00,0x00,0x00,0x00,0x00,0xF3,0xC0,0x00,
1092          0x00,0x00,0x00,0x00,0x00,0x00,0x00,0x00,
1093          0x00,0x00,0x00,0x00,0x00,0x00,0x00,0x00,
1094          0x00,0x61,0x80,0x00,0x00,0x00,0x00,0x00,
1095          0x00,0x00,0x00,0x00,0x00,0x00,0x00,0x00,
1096          0x00,0x00,0x00,0x00,0x00,0x61,0x80,0x00,
1097          0x00,0x00,0x00,0x00,0x00,0x00,0x00,0x00,
1098          0x00,0x00,0x00,0x00,0x00,0x00,0x00,0x00,
1099          0x00,0x00,0x00,0x00,0x00,0x00,0x00,0x00,
1100          0x00,0x00,0x00,0x00,0x00,0x00,0x00,0x00,
1101          0x00,0x00,0x00,0x00,0x00,0x00,0x00,0x00,
1102          0x00,0x00,0x00,0x00,0x00,0x00,0x00,0x00,
1103          0x00,0x00,0x00,0x00,0x00,0x00,0x00,0x00,
1104          0x00,0x00,0x00,0x00,0x00,0x00,0x00,0x00,
1105          0x00,0x00,0x00,0x00,0x00,0x00,0x00,0x00,
1106          0x00,0x00,0x00,0x00,0x00,0x00,0x00,0x00,
1107          0x00,0x00,0x00,0x00,0x00,0x00,0x00,0x00,
1108          0x00,0x00,0x00,0x00,0x00,0x00,0x00,0x00,
C51 COMPILER V9.60.7.0   PICTURE                                                           11/01/2024 11:45:53 PAGE 19  

1109          0x00,0x00,0x00,0x00,0x00,0x00,0x00,0x00,
1110          0x00,0x00,0x00,0x00,0x00,0x00,0x00,0x00,
1111          0x00,0x00,0x00,0x00,0x00,0x00,0x00,0x00,
1112          0x00,0x00,0x00,0x00,0x00,0x00,0x00,0x00,
1113          0x00,0x00,0x00,0x00,0x00,0x00,0x00,0x00,
1114          0x00,0x00,0x00,0x00,0x00,0x00,0x00,0x00,
1115          0x00,0x00,0x00,0x00,0x00,0x00,0x00,0x00,
1116          0x00,0x00,0x00,0x00,0x00,0x00,0x00,0x00,
1117          0x00,0x00,0x00,0x00,0x00,0x00,0x00,0x00,
1118          0x00,0x00,0x00,0x00,0x00,0x00,0x00,0x00,
1119          0x00,0x00,0x00,0x00,0x00,0x00,0x00,0x00,
1120          0x00,0x00,0x00,0x00,0x00,0x00,0x00,0x00,
1121          0x00,0x00,0x00,0x00,0x00,0x00,0x00,0x00,
1122          0x00,0x00,0x00,0x00,0x00,0x00,0x00,0x00,
1123          0x00,0x00,0x00,0x00,0x00,0x00,0x00,0x00,
1124          0x00,0x00,0x00,0x00,0x00,0x00,0x00,0x00,
1125          0x00,0x00,0x00,0x00,0x00,0x00,0x00,0x00,
1126          0x00,0x00,0x00,0x00,0x00,0x00,0x00,0x00,
1127          0x00,0x00,0x00,0x00,0x00,0x00,0x00,0x00,
1128          0x00,0x00,0x00,0x00,0x00,0x00,0x00,0x00,
1129          0x00,0x00,0x00,0x00,0x00,0x00,0x00,0x00,
1130          0x00,0x00,0x00,0x00,0x00,0x00,0x00,0x00,
1131          0x00,0x00,0x00,0x00,0x00,0x00,0x00,0x00,
1132          0x00,0x00,0x00,0x00,0x00,0x00,0x00,0x00,
1133          0x00,0x00,0x00,0x00,0x00,0x00,0x00,0x00,
1134          0x00,0x00,0x00,0x00,0x00,0x00,0x00,0x00,
1135          0x00,0x00,0x00,0x00,0x00,0x00,0x00,0x00,
1136          0x00,0x00,0x00,0x00,0x00,0x00,0x00,0x00,
1137          0x00,0x00,0x00,0x00,0x00,0x00,0x00,0x00,
1138          0x00,0x00,0x00,0x00,0x00,0x00,0x00,0x00,
1139          0x00,0x00,0x00,0x00,0x00,0x00,0x00,0x00,
1140          0x00,0x00,0x00,0x00,0x00,0x00,0x00,0x00,
1141          0x00,0x00,0x00,0x00,0x00,0x00,0x00,0x00,
1142          0x00,0x00,0x00,0x00,0x00,0x00,0x00,0x00,
1143          0x00,0x00,0x00,0x00,0x00,0x00,0x00,0x00,
1144          0x00,0x00,0x00,0x00,0x00,0x00,0x00,0x00,
1145          0x00,0x00,0x00,0x00,0x00,0x00,0x00,0x00,
1146          0x00,0x00,0x00,0x00,0x00,0x00,0x00,0x00,
1147          0x00,0x00,0x00,0x00,0x00,0x00,0x00,0x00,
1148          0x00,0x00,0x00,0x00,0x00,0x00,0x00,0x00,
1149          0x00,0x00,0x00,0x00,0x00,0x00,0x00,0x00,
1150          0x00,0x00,0x00,0x00,0x00,0x00,0x00,0x00,
1151          0x00,0x00,0x00,0x00,0x00,0x00,0x00,0x00,
1152          0x00,0x00,0x00,0x00,0x00,0x00,0x00,0x00,
1153          0x00,0x00,0x00,0x00,0x00,0x00,0x00,0x00,
1154          0x00,0x00,0x00,0x00,0x00,0x00,0x00,0x00,
1155          0x00,0x00,0x00,0x00,0x00,0x00,0x00,0x00,
1156          0x00,0x00,0x00,0x00,0x00,0x00,0x00,0x00,
1157          0x00,0x00,0x00,0x00,0x00,0x00,0x00,0x00,
1158          0x00,0x00,0x00,0x00,0x00,0x00,0x00,0x00,
1159          0x00,0x00,0x00,0x00,0x00,0x00,0x00,0x00,
1160          0x00,0x00,0x00,0x00,0x00,0x00,0x00,0x00,
1161          0x00,0x00,0x00,0x00,0x00,0x00,0x00,0x00,
1162          0x00,0x00,0x00,0x00,0x00,0x00,0x00,0x00,
1163          0x00,0x00,0x00,0x00,0x00,0x00,0x00,0x00,
1164          0x00,0x00,0x00,0x00,0x00,0x00,0x00,0x00,
1165          0x00,0x00,0x00,0x00,0x00,0x00,0x00,0x00,
1166          0x00,0x00,0x00,0x00,0x00,0x00,0x00,0x00,
1167          0x00,0x00,0x00,0x00,0x00,0x00,0x00,0x00,
1168          0x00,0x00,0x00,0x00,0x00,0x00,0x00,0x00,
1169          0x00,0x00,0x00,0x00,0x00,0x00,0x00,0x00,
1170          0x00,0x00,0x00,0x00,0x00,0x00,0x00,0x00,
C51 COMPILER V9.60.7.0   PICTURE                                                           11/01/2024 11:45:53 PAGE 20  

1171          0x00,0x00,0x00,0x00,0x00,0x00,0x00,0x00,
1172          0x00,0x00,0x00,0x00,0x00,0x00,0x00,0x00,
1173          0x00,0x00,0x00,0x00,0x00,0x00,0x00,0x00,
1174          0x00,0x00,0x00,0x00,0x00,0x00,0x00,0x00,
1175          0x00,0x00,0x00,0x00,0x00,0x00,0x00,0x00,
1176          0x00,0x00,0x00,0x00,0x00,0x00,0x00,0x00,
1177          0x00,0x00,0x00,0x00,0x00,0x00,0x00,0x00,
1178          0x00,0x00,0x00,0x00,0x00,0x00,0x00,0x00,
1179          0x00,0x00,0x00,0x00,0x00,0x00,0x00,0x00,
1180          0x00,0x00,0x00,0x00,0x00,0x00,0x00,0x00,
1181          0x00,0x00,0x00,0x00,0x00,0x00,0x00,0x00,
1182          0x00,0x00,0x00,0x00,0x00,0x00,0x00,0x00,
1183          0x00,0x00,0x00,0x00,0x00,0x00,0x00,0x00,
1184          0x00,0x00,0x00,0x00,0x00,0x00,0x00,0x00,
1185          0x00,0x00,0x00,0x00,0x00,0x00,0x00,0x00,
1186          0x00,0x00,0x00,0x00,0x00,0x00,0x00,0x00,
1187          0x00,0x00,0x00,0x00,0x00,0x00,0x00,0x00,
1188          0x00,0x00,0x00,0x00,0x00,0x00,0x00,0x00,
1189          0x00,0x00,0x00,0x00,0x00,0x00,0x00,0x00,
1190          0x00,0x00,0x00,0x00,0x00,0x00,0x00,0x00,
1191          0x00,0x00,0x00,0x00,0x00,0x00,0x00,0x00,
1192          0x00,0x00,0x00,0x00,0x00,0x00,0x00,0x00,
1193          0x00,0x00,0x00,0x00,0x00,0x00,0x00,0x00,
1194          0x00,0x00,0x00,0x00,0x00,0x00,0x00,0x00,
1195          0x00,0x00,0x00,0x00,0x00,0x00,0x00,0x00,
1196          0x00,0x00,0x00,0x00,0x00,0x00,0x00,0x00,
1197          0x00,0x00,0x00,0x00,0x00,0x00,0x00,0x00,
1198          0x00,0x00,0x00,0x00,0x00,0x00,0x00,0x00,
1199          0x00,0x00,0x00,0x00,0x00,0x00,0x00,0x00,
1200          0x00,0x00,0x00,0x00,0x00,0x00,0x00,0x00,
1201          0x00,0x00,0x00,0x00,0x00,0x00,0x00,0x00,
1202          0x00,0x00,0x00,0x00,0x00,0x00,0x00,0x00,
1203          0x00,0x00,0x00,0x00,0x00,0x00,0x00,0x00,
1204          0x00,0x00,0x00,0x00,0x00,0x00,0x00,0x00,
1205          0x00,0x00,0x00,0x00,0x00,0x00,0x00,0x00,
1206          0x00,0x00,0x00,0x00,0x00,0x00,0x00,0x00,
1207          0x00,0x00,0x00,0x00,0x00,0x00,0x00,0x00,
1208          0x00,0x00,0x00,0x00,0x00,0x00,0x00,0x00,
1209          0x00,0x00,0x00,0x00,0x00,0x00,0x00,0x00,
1210          0x00,0x00,0x00,0x00,0x00,0x00,0x00,0x00,
1211          0x00,0x00,0x00,0x00,0x00,0x00,0x00,0x00,
1212          0x00,0x00,0x00,0x00,0x00,0x00,0x00,0x00,
1213          0x00,0x00,0x00,0x00,0x00,0x00,0x00,0x00,
1214          0x00,0x00,0x00,0x00,0x00,0x00,0x00,0x00,
1215          0x00,0x00,0x00,0x00,0x00,0x00,0x00,0x00
1216          };
1217          
1218          
1219          
1220          
1221          
1222          unsigned char code EnglishCode[]={
1223          0x2e,    //001:[.]
1224          0x41,    //002:[A]
1225          0x43,    //003:[C]
1226          0x4d,    //004:[M]
1227          0x4e,    //005:[N]
1228          0x53,    //006:[S]
1229          0x55,    //007:[U]
1230          0x57     //003:[W]
1231          };
1232          unsigned char code EnglishCharDot[]={
C51 COMPILER V9.60.7.0   PICTURE                                                           11/01/2024 11:45:53 PAGE 21  

1233          0x00,0x00,0x00,0x00,0x00,0x00,0x00,0x00,   //001:[.]
1234          0x00,0x00,0x00,0x00,0x60,0x60,0x00,0x00,
1235          0x00,0x00,0x00,0x10,0x10,0x18,0x28,0x28,   //002:[A]
1236          0x24,0x3c,0x44,0x42,0x42,0xe7,0x00,0x00,
1237          0x00,0x00,0x00,0x3e,0x42,0x42,0x80,0x80,   //003:[C]
1238          0x80,0x80,0x80,0x42,0x44,0x38,0x00,0x00,
1239          0x00,0x00,0x00,0xee,0x6c,0x6c,0x6c,0x6c,   //004:[M]
1240          0x54,0x54,0x54,0x54,0x54,0xd6,0x00,0x00,
1241          0x00,0x00,0x00,0xc7,0x62,0x62,0x52,0x52,   //005:[N]
1242          0x4a,0x4a,0x4a,0x46,0x46,0xe2,0x00,0x00,
1243          0x00,0x00,0x00,0x3e,0x42,0x42,0x40,0x20,   //006:[S]
1244          0x18,0x04,0x02,0x42,0x42,0x7c,0x00,0x00,
1245          0x00,0x00,0x00,0xe7,0x42,0x42,0x42,0x42,   //007:[U]
1246          0x42,0x42,0x42,0x42,0x42,0x3c,0x00,0x00,
1247          0x00,0x00,0x00,0xd6,0x92,0x92,0x92,0x92,   //003:[W]
1248          0xaa,0xaa,0x6c,0x44,0x44,0x44,0x00,0x00
1249          };
1250          
1251          
1252          unsigned int code ChineseCode[]={
1253          0xb3a4,  //001:[]
1254          0xb5e7,  //002:[]
1255          0xb9ab,  //003:[]
1256          0xc8cb,  //004:[]
1257          0xc9b3,  //005:[]
1258          0xcbbe,  //006:[]
1259          0xccab,  //007:[]
1260          0xcfde,  //008:[]
1261          0xd1f4,  //009:[]
1262          0xd3d0,  //010:[]
1263          0xd7d3   //011:[]
1264          };
1265          
1266          
1267          unsigned char code ChineseCharDot[]={
1268          0x08,0x00,0x08,0x10,0x08,0x20,0x08,0x40,   //001:[]
1269          0x09,0x80,0x0e,0x00,0x08,0x00,0xff,0xfe,
1270          0x0a,0x00,0x09,0x00,0x08,0x80,0x08,0x40,
1271          0x09,0x30,0x0a,0x1c,0x0c,0x08,0x08,0x00,
1272          0x01,0x00,0x01,0x00,0x01,0x00,0x3f,0xf8,   //002:[]
1273          0x21,0x08,0x21,0x08,0x3f,0xf8,0x21,0x08,
1274          0x21,0x08,0x21,0x08,0x3f,0xf8,0x21,0x08,
1275          0x01,0x02,0x01,0x02,0x00,0xfe,0x00,0x00,
1276          0x00,0x00,0x04,0x40,0x06,0x40,0x04,0x40,   //003:[]
1277          0x08,0x20,0x08,0x10,0x10,0x18,0x22,0x0e,
1278          0x43,0x04,0x02,0x00,0x04,0x20,0x08,0x10,
1279          0x11,0xf8,0x3f,0x18,0x10,0x10,0x00,0x00,
1280          0x01,0x00,0x01,0x80,0x01,0x00,0x01,0x00,   //004:[]
1281          0x01,0x00,0x01,0x00,0x02,0x80,0x02,0x80,
1282          0x04,0x80,0x04,0x40,0x08,0x60,0x08,0x30,
1283          0x10,0x18,0x20,0x0e,0x40,0x04,0x00,0x00,
1284          0x20,0x40,0x10,0x40,0x10,0x40,0x01,0x50,   //005:[]
1285          0x41,0x48,0x2a,0x44,0x0a,0x42,0x14,0x40,
1286          0x10,0x44,0x20,0x44,0xe0,0x08,0x20,0x10,
1287          0x20,0x20,0x20,0xc0,0x23,0x00,0x2c,0x00,
1288          0x00,0x00,0x3f,0xfc,0x00,0x04,0x00,0x04,   //006:[]
1289          0x7f,0xe4,0x00,0x04,0x00,0x04,0x3f,0xc4,
1290          0x20,0x44,0x20,0x44,0x3f,0xc4,0x20,0x44,
1291          0x20,0x04,0x00,0x14,0x00,0x08,0x00,0x00,
1292          0x01,0x00,0x01,0x00,0x01,0x00,0x01,0x00,   //007:[]
1293          0x7f,0xfe,0x01,0x00,0x01,0x00,0x01,0x00,
1294          0x02,0x80,0x02,0x40,0x04,0x20,0x05,0x10,
C51 COMPILER V9.60.7.0   PICTURE                                                           11/01/2024 11:45:53 PAGE 22  

1295          0x08,0x98,0x10,0xcc,0x20,0x86,0x40,0x04,
1296          0x00,0x00,0xfb,0xf8,0x92,0x08,0x93,0xf8,   //008:[]
1297          0xa2,0x08,0xa2,0x08,0x93,0xf8,0x8a,0x80,
1298          0x8a,0x48,0xaa,0x50,0x92,0x20,0x82,0x20,
1299          0x82,0x10,0x82,0x8e,0x83,0x04,0x82,0x00,
1300          0x00,0x00,0x7d,0xfc,0x45,0x04,0x49,0x04,   //009:[]
1301          0x49,0x04,0x51,0x04,0x49,0xfc,0x45,0x04,
1302          0x45,0x04,0x45,0x04,0x69,0x04,0x51,0x04,
1303          0x41,0xfc,0x41,0x04,0x40,0x00,0x40,0x00,
1304          0x01,0x00,0x01,0x00,0x7f,0xfe,0x02,0x00,   //010:[]
1305          0x04,0x00,0x0f,0xf0,0x18,0x10,0x28,0x10,
1306          0x4f,0xf0,0x88,0x10,0x08,0x10,0x0f,0xf0,
1307          0x08,0x10,0x08,0x90,0x08,0x70,0x08,0x20,
1308          0x00,0x00,0x3f,0xf0,0x00,0x20,0x00,0x40,   //011:[]
1309          0x00,0x80,0x01,0x00,0x01,0x00,0x01,0x04,
1310          0xff,0xfe,0x01,0x00,0x01,0x00,0x01,0x00,
1311          0x01,0x00,0x01,0x00,0x05,0x00,0x02,0x00
1312          };
1313          
1314          unsigned char code Img_sunman_32[]={32,32,
1315              0x00, 0x3C, 0x3C, 0x00,
1316              0x00, 0x7E, 0x7E, 0x00,
1317              0x00, 0xFF, 0xFF, 0x00,
1318              0x01, 0xF0, 0x0F, 0x80,
1319              0x03, 0xE0, 0x07, 0xC0,
1320              0x07, 0xC0, 0x03, 0xE0,
1321              0x0F, 0x80, 0x01, 0xF0,
1322              0x1F, 0x00, 0x00, 0xF8,
1323              0x3E, 0x00, 0x00, 0x7C,
1324              0x7C, 0x00, 0x00, 0x3E,
1325              0xF8, 0x00, 0x00, 0x1F,
1326              0xF0, 0x00, 0x00, 0x0F,
1327              0xF8, 0x00, 0x00, 0x1F,
1328              0x7C, 0x00, 0x00, 0x3E,
1329              0x3E, 0x00, 0x00, 0x7C,
1330              0x1F, 0x00, 0x00, 0xF8,
1331              0x0F, 0x80, 0x01, 0xF0,
1332              0x07, 0xC0, 0x03, 0xE0,
1333              0x03, 0xE0, 0x07, 0xC0,
1334              0x01, 0xF0, 0x0F, 0x80,
1335              0x00, 0xFF, 0xFF, 0x00,
1336              0x00, 0x7E, 0x7E, 0x00,
1337              0x00, 0x3C, 0x3C, 0x00
1338          };


MODULE INFORMATION:   STATIC OVERLAYABLE
   CODE SIZE        =   ----    ----
   CONSTANT SIZE    =  19828    ----
   XDATA SIZE       =   ----    ----
   PDATA SIZE       =   ----    ----
   DATA SIZE        =   ----    ----
   IDATA SIZE       =   ----    ----
   BIT SIZE         =   ----    ----
END OF MODULE INFORMATION.


C51 COMPILATION COMPLETE.  0 WARNING(S),  0 ERROR(S)
