C51 COMPILER V9.60.7.0   MAIN                                                              12/11/2024 16:46:51 PAGE 1   


C51 COMPILER V9.60.7.0, COMPILATION OF MODULE MAIN
OBJECT MODULE PLACED IN .\Objects\main.obj
COMPILER INVOKED BY: D:\KEIL_STM32\C51\BIN\C51.EXE main.c OPTIMIZE(8,SPEED) BROWSE DEBUG OBJECTEXTEND PRINT(.\Listings\m
                    -ain.lst) OBJECT(.\Objects\main.obj)

line level    source

   1          #include <REGX52.H>
   2          #include "picture.h"
   3          #include "lcd12232.h"
   4          
   5          //unsigned char mode;
   6          //void main(void)
   7          //{
   8          //    Initial();
   9          //      Delay(50);
  10          //      Display_dot(0x00,0x00);
  11          //      Delay(2000);
  12          //      Display_dot(0x55,0xAA);
  13          //      Delay(2000);
  14          //      Display_dot(0xaa,0x55);
  15          //      Delay(2000);
  16          //      Display_dot(0x00,0xff);
  17          //      Delay(2000);
  18          //      Display_dot(0xff,0x00);
  19          //      Delay(2000);
  20          //      Display_dot(0x55,0x55);
  21          //      Delay(2000);
  22          //      Display_dot(0xaa,0xaa);
  23          //      Delay(2000);
  24          //      show_english();
  25          //      Delay(8000);
  26          //      Display_dot(0x00,0x00);
  27          //      show_chinese();
  28          //      while(1)
  29          //      {
  30          //              if(ReadKey1())
  31          //              mode++;
  32          //              mode%=8;
  33          //              switch(mode){   
  34          //              case 0:Display_dot(0xAA,0x55);
  35          //              break;
  36          //              case 1:Display_dot(0x55,0xaa);
  37          //              break;
  38          //              case 2:Display_dot(0x55,0x55);
  39          //              break;
  40          //              case 3:Display_dot(0x00,0xff);
  41          //              break;
  42          //              case 4:Display_dot(0xaa,0xaa);
  43          //              break;
  44          //              case 5:Display_dot(0xff,0xff);
  45          //              break;
  46          //              case 6:show_english();
  47          //              break;
  48          //              case 7:show_chinese();
  49          //              break;
  50          //}
  51          //      }
  52          //}
  53          
  54          
C51 COMPILER V9.60.7.0   MAIN                                                              12/11/2024 16:46:51 PAGE 2   

  55          void main(void)   
  56          {
  57   1      
  58   1              Initial(); 
  59   1              Delay(50);
  60   1              Display_dot(0x00,0x00);
  61   1              Delay(2000);
  62   1      
  63   1          while (1)  
  64   1          {
  65   2            
  66   2              if (ReadKey1()) 
  67   2              {
  68   3                  HandleKey(); 
  69   3              } 
  70   2              else 
  71   2              {
  72   3                
  73   3                  DisplayPatterns(); 
  74   3              }
  75   2          }   
  76   1      }


MODULE INFORMATION:   STATIC OVERLAYABLE
   CODE SIZE        =     36    ----
   CONSTANT SIZE    =   ----    ----
   XDATA SIZE       =   ----    ----
   PDATA SIZE       =   ----    ----
   DATA SIZE        =   ----    ----
   IDATA SIZE       =   ----    ----
   BIT SIZE         =   ----    ----
END OF MODULE INFORMATION.


C51 COMPILATION COMPLETE.  0 WARNING(S),  0 ERROR(S)
