C51 COMPILER V9.60.7.0   PICTURE                                                           10/15/2024 10:53:23 PAGE 1   


C51 COMPILER V9.60.7.0, COMPILATION OF MODULE PICTURE
OBJECT MODULE PLACED IN .\Objects\picture.obj
COMPILER INVOKED BY: D:\KEIL_STM32\C51\BIN\C51.EXE picture.c OPTIMIZE(8,SPEED) BROWSE DEBUG OBJECTEXTEND PRINT(.\Listing
                    -s\picture.lst) OBJECT(.\Objects\picture.obj)

line level    source

   1          unsigned char code Chinese_character[]=
   2          {
   3          
   4          
   5          /*-- ID:17,字符:"y",ASCII编码:79,对应字:宽x高=8x16,画布:宽W=8 高H=16,共16字节*/
   6          0x00,0x00,0x00,0x00,0x00,0x00,0xE7,0x42,0x24,0x24,0x18,0x18,0x10,0x10,0x60,0x00,
   7          
   8          
   9          /*-- ID:8,字符:"e",ASCII编码:65,对应字:宽x高=8x16,画布:宽W=8 高H=16,共16字节*/
  10          0x00,0x00,0x00,0x00,0x00,0x00,0x3C,0x42,0x42,0x7E,0x40,0x42,0x3C,0x00,0x00,0x00,
  11          
  12          
  13          /*-- ID:0,字符:"h",ASCII编码:68,对应字:宽x高=8x16,画布:宽W=8 高H=16,共16字节*/
  14          0x00,0x00,0x00,0xC0,0x40,0x40,0x5C,0x62,0x42,0x42,0x42,0x42,0xE7,0x00,0x00,0x00,
  15          
  16          
  17          /*-- ID:1,字符:"u",ASCII编码:75,对应字:宽x高=8x16,画布:宽W=8 高H=16,共16字节*/
  18          0x00,0x00,0x00,0x00,0x00,0x00,0xC6,0x42,0x42,0x42,0x42,0x46,0x3B,0x00,0x00,0x00,
  19          
  20          
  21          
  22          /*-- ID:10,字符:"i",ASCII编码:69,对应字:宽x高=8x16,画布:宽W=8 高H=16,共16字节*/
  23          0x00,0x00,0x30,0x30,0x00,0x00,0x70,0x10,0x10,0x10,0x10,0x10,0x7C,0x00,0x00,0x00,
  24          
  25          
  26          
  27          /*-- ID:7,字符:"d",ASCII编码:64,对应字:宽x高=8x16,画布:宽W=8 高H=16,共16字节*/
  28          0x00,0x00,0x00,0x06,0x02,0x02,0x3E,0x42,0x42,0x42,0x42,0x46,0x3B,0x00,0x00,0x00,
  29          
  30          
  31          /*-- ID:10,字符:"i",ASCII编码:69,对应字:宽x高=8x16,画布:宽W=8 高H=16,共16字节*/
  32          0x00,0x00,0x30,0x30,0x00,0x00,0x70,0x10,0x10,0x10,0x10,0x10,0x7C,0x00,0x00,0x00,
  33          
  34          
  35          
  36          /*-- ID:16,字符:"s",ASCII编码:73,对应字:宽x高=8x16,画布:宽W=8 高H=16,共16字节*/
  37          0x00,0x00,0x00,0x00,0x00,0x00,0x3E,0x42,0x40,0x3C,0x02,0x42,0x7C,0x00,0x00,0x00,
  38          
  39          
  40          
  41          /*-- ID:14,字符:"p",ASCII编码:70,对应字:宽x高=8x16,画布:宽W=8 高H=16,共16字节*/
  42          0x00,0x00,0x00,0x00,0x00,0x00,0xD8,0x64,0x42,0x42,0x42,0x64,0x58,0x40,0xE0,0x00,
  43          
  44          
  45          
  46          /*-- ID:11,字符:"l",ASCII编码:6C,对应字:宽x高=8x16,画布:宽W=8 高H=16,共16字节*/
  47          0x00,0x00,0x10,0x70,0x10,0x10,0x10,0x10,0x10,0x10,0x10,0x10,0x7C,0x00,0x00,0x00,
  48          
  49          
  50          
  51          /*-- ID:5,字符:"a",ASCII编码:61,对应字:宽x高=8x16,画布:宽W=8 高H=16,共16字节*/
  52          0x00,0x00,0x00,0x00,0x00,0x00,0x38,0x44,0x0C,0x34,0x44,0x4C,0x36,0x00,0x00,0x00,
  53          
  54          
C51 COMPILER V9.60.7.0   PICTURE                                                           10/15/2024 10:53:23 PAGE 2   

  55          
  56          /*-- ID:17,字符:"y",ASCII编码:79,对应字:宽x高=8x16,画布:宽W=8 高H=16,共16字节*/
  57          0x00,0x00,0x00,0x00,0x00,0x00,0xE7,0x42,0x24,0x24,0x18,0x18,0x10,0x10,0x60,0x00,
  58          
  59          
  60          
  61          /*-- ID:0,字符:".",ASCII编码:2E,对应字:宽x高=8x16,画布:宽W=8 高H=16,共16字节*/
  62          0x00,0x00,0x00,0x00,0x00,0x00,0x00,0x00,0x00,0x00,0x00,0x60,0x60,0x00,0x00,0x00,
  63          
  64          
  65          
  66          /*-- ID:6,字符:"c",ASCII编码:63,对应字:宽x高=8x16,画布:宽W=8 高H=16,共16字节*/
  67          0x00,0x00,0x00,0x00,0x00,0x00,0x1C,0x22,0x40,0x40,0x40,0x22,0x1C,0x00,0x00,0x00,
  68          
  69          
  70          /*-- ID:13,字符:"o",ASCII编码:6F,对应字:宽x高=8x16,画布:宽W=8 高H=16,共16字节*/
  71          0x00,0x00,0x00,0x00,0x00,0x00,0x3C,0x42,0x42,0x42,0x42,0x42,0x3C,0x00,0x00,0x00,
  72          
  73          
  74          /*-- ID:12,字符:"m",ASCII编码:6D,对应字:宽x高=8x16,画布:宽W=8 高H=16,共16字节*/
  75          0x00,0x00,0x00,0x00,0x00,0x00,0xFE,0x49,0x49,0x49,0x49,0x49,0xED,0x00,0x00,0x00,
  76          
  77          
  78          /*-- ID:4,字符:"Y",ASCII编码:59,对应字:宽x高=8x16,画布:宽W=8 高H=16,共16字节*/
  79          0x00,0x00,0xEE,0x44,0x44,0x28,0x28,0x10,0x10,0x10,0x10,0x10,0x38,0x00,0x00,0x00,
  80          
  81          
  82          
  83          /*-- ID:2,字符:"H",ASCII编码:48,对应字:宽x高=8x16,画布:宽W=8 高H=16,共16字节*/
  84          0x00,0x00,0xE7,0x42,0x42,0x42,0x42,0x7E,0x42,0x42,0x42,0x42,0xE7,0x00,0x00,0x00,
  85          
  86          
  87          
  88          /*-- ID:0,字符:"B",ASCII编码:42,对应字:宽x高=8x16,画布:宽W=8 高H=16,共16字节*/
  89          0x00,0x00,0xF8,0x44,0x44,0x44,0x78,0x44,0x42,0x42,0x42,0x44,0xF8,0x00,0x00,0x00,
  90          
  91          /*-- ID:0,字符:"G",ASCII编码:47,对应字:宽x高=8x16,画布:宽W=8 高H=16,共16字节*/
  92          0x00,0x00,0x3C,0x44,0x44,0x80,0x80,0x80,0x8E,0x84,0x44,0x44,0x38,0x00,0x00,0x00,
  93          
  94          /*-- ID:2,字符:"2",ASCII编码:32,对应字:宽x高=8x16,画布:宽W=8 高H=16,共16字节*/
  95          0x00,0x00,0x3C,0x42,0x42,0x42,0x02,0x04,0x08,0x10,0x20,0x42,0x7E,0x00,0x00,0x00,
  96          
  97          
  98          
  99          /*-- ID:3,字符:"4",ASCII编码:34,对应字:宽x高=8x16,画布:宽W=8 高H=16,共16字节*/
 100          0x00,0x00,0x04,0x0C,0x0C,0x14,0x24,0x24,0x44,0x7F,0x04,0x04,0x1F,0x00,0x00,0x00,
 101          
 102          
 103          
 104          /*-- ID:0,字符:"0",ASCII编码:30,对应字:宽x高=8x16,画布:宽W=8 高H=16,共16字节*/
 105          0x00,0x00,0x18,0x24,0x42,0x42,0x42,0x42,0x42,0x42,0x42,0x24,0x18,0x00,0x00,0x00,
 106          
 107          
 108          /*-- ID:1,字符:"1",ASCII编码:31,对应字:宽x高=8x16,画布:宽W=8 高H=16,共16字节*/
 109          0x00,0x00,0x08,0x38,0x08,0x08,0x08,0x08,0x08,0x08,0x08,0x08,0x3E,0x00,0x00,0x00,
 110          
 111          
 112          /*-- ID:2,字符:"2",ASCII编码:32,对应字:宽x高=8x16,画布:宽W=8 高H=16,共16字节*/
 113          0x00,0x00,0x3C,0x42,0x42,0x42,0x02,0x04,0x08,0x10,0x20,0x42,0x7E,0x00,0x00,0x00,
 114          
 115          
 116          
C51 COMPILER V9.60.7.0   PICTURE                                                           10/15/2024 10:53:23 PAGE 3   

 117          /*-- ID:4,字符:"8",ASCII编码:38,对应字:宽x高=8x16,画布:宽W=8 高H=16,共16字节*/
 118          0x00,0x00,0x3C,0x42,0x42,0x42,0x24,0x18,0x24,0x42,0x42,0x42,0x3C,0x00,0x00,0x00,
 119          
 120          
 121          /*-- ID:0,字符:"B",ASCII编码:42,对应字:宽x高=8x16,画布:宽W=8 高H=16,共16字节*/
 122          0x00,0x00,0xF8,0x44,0x44,0x44,0x78,0x44,0x42,0x42,0x42,0x44,0xF8,0x00,0x00,0x00,
 123          
 124          
 125          
 126          
 127          
 128          /*-- ID:0,字符:"-",ASCII编码:2D,对应字:宽x高=8x16,画布:宽W=8 高H=16,共16字节*/
 129          0x00,0x00,0x00,0x00,0x00,0x00,0x00,0x7E,0x00,0x00,0x00,0x00,0x00,0x00,0x00,0x00,
 130          
 131          
 132          
 133          /*-- ID:3,字符:"S",ASCII编码:53,对应字:宽x高=8x16,画布:宽W=8 高H=16,共16字节*/
 134          0x00,0x00,0x3E,0x42,0x42,0x40,0x20,0x18,0x04,0x02,0x42,0x42,0x7C,0x00,0x00,0x00,
 135          
 136          
 137          /*-- ID:8,字符:"e",ASCII编码:65,对应字:宽x高=8x16,画布:宽W=8 高H=16,共16字节*/
 138          0x00,0x00,0x00,0x00,0x00,0x00,0x3C,0x42,0x42,0x7E,0x40,0x42,0x3C,0x00,0x00,0x00,
 139          
 140          
 141          /*-- ID:15,字符:"r",ASCII编码:72,对应字:宽x高=8x16,画布:宽W=8 高H=16,共16字节*/
 142          0x00,0x00,0x00,0x00,0x00,0x00,0xEE,0x32,0x20,0x20,0x20,0x20,0xF8,0x00,0x00,0x00,
 143          
 144          
 145          
 146          /*-- ID:10,字符:"i",ASCII编码:69,对应字:宽x高=8x16,画布:宽W=8 高H=16,共16字节*/
 147          0x00,0x00,0x30,0x30,0x00,0x00,0x70,0x10,0x10,0x10,0x10,0x10,0x7C,0x00,0x00,0x00,
 148          
 149          
 150          
 151          /*-- ID:8,字符:"e",ASCII编码:65,对应字:宽x高=8x16,画布:宽W=8 高H=16,共16字节*/
 152          0x00,0x00,0x00,0x00,0x00,0x00,0x3C,0x42,0x42,0x7E,0x40,0x42,0x3C,0x00,0x00,0x00,
 153          
 154          
 155          
 156          /*-- ID:16,字符:"s",ASCII编码:73,对应字:宽x高=8x16,画布:宽W=8 高H=16,共16字节*/
 157          0x00,0x00,0x00,0x00,0x00,0x00,0x3E,0x42,0x40,0x3C,0x02,0x42,0x7C,0x00,0x00,0x00,
 158          
 159          
 160          /*-- ID:3,字符:"S",ASCII编码:53,对应字:宽x高=8x16,画布:宽W=8 高H=16,共16字节*/
 161          0x00,0x00,0x3E,0x42,0x42,0x40,0x20,0x18,0x04,0x02,0x42,0x42,0x7C,0x00,0x00,0x00,
 162          
 163          
 164          /*-- ID:10,字符:"i",ASCII编码:69,对应字:宽x高=8x16,画布:宽W=8 高H=16,共16字节*/
 165          0x00,0x00,0x30,0x30,0x00,0x00,0x70,0x10,0x10,0x10,0x10,0x10,0x7C,0x00,0x00,0x00,
 166          
 167          
 168          
 169          /*-- ID:0,字符:"z",ASCII编码:7A,对应字:宽x高=8x16,画布:宽W=8 高H=16,共16字节*/
 170          0x00,0x00,0x00,0x00,0x00,0x00,0x7E,0x44,0x08,0x10,0x10,0x22,0x7E,0x00,0x00,0x00,
 171          
 172          
 173          /*-- ID:8,字符:"e",ASCII编码:65,对应字:宽x高=8x16,画布:宽W=8 高H=16,共16字节*/
 174          0x00,0x00,0x00,0x00,0x00,0x00,0x3C,0x42,0x42,0x7E,0x40,0x42,0x3C,0x00,0x00,0x00,
 175          
 176          
 177          /*-- ID:0,字符:":",ASCII编码:3A,对应字:宽x高=8x16,画布:宽W=8 高H=16,共16字节*/
 178          0x00,0x00,0x00,0x00,0x00,0x18,0x18,0x00,0x00,0x00,0x00,0x18,0x18,0x00,0x00,0x00,
C51 COMPILER V9.60.7.0   PICTURE                                                           10/15/2024 10:53:23 PAGE 4   

 179          
 180          
 181          /*-- ID:1,字符:"1",ASCII编码:31,对应字:宽x高=8x16,画布:宽W=8 高H=16,共16字节*/
 182          0x00,0x00,0x08,0x38,0x08,0x08,0x08,0x08,0x08,0x08,0x08,0x08,0x3E,0x00,0x00,0x00,
 183          
 184          
 185          /*-- ID:3,字符:"4",ASCII编码:34,对应字:宽x高=8x16,画布:宽W=8 高H=16,共16字节*/
 186          0x00,0x00,0x04,0x0C,0x0C,0x14,0x24,0x24,0x44,0x7F,0x04,0x04,0x1F,0x00,0x00,0x00,
 187          
 188          /*-- ID:3,字符:"4",ASCII编码:34,对应字:宽x高=8x16,画布:宽W=8 高H=16,共16字节*/
 189          0x00,0x00,0x04,0x0C,0x0C,0x14,0x24,0x24,0x44,0x7F,0x04,0x04,0x1F,0x00,0x00,0x00,
 190          
 191          
 192          
 193          /*-- ID:43,字符:"*",ASCII编码:2A,对应字:宽x高=8x16,画布:宽W=8 高H=16,共16字节*/
 194          0x00,0x00,0x00,0x10,0x10,0xD6,0x38,0x38,0xD6,0x10,0x10,0x00,0x00,0x00,0x00,0x00,
 195          
 196          
 197          /*-- ID:1,字符:"1",ASCII编码:31,对应字:宽x高=8x16,画布:宽W=8 高H=16,共16字节*/
 198          0x00,0x00,0x08,0x38,0x08,0x08,0x08,0x08,0x08,0x08,0x08,0x08,0x3E,0x00,0x00,0x00,
 199          
 200          
 201          
 202          
 203          
 204          /*-- ID:0,字符:"0",ASCII编码:30,对应字:宽x高=8x16,画布:宽W=8 高H=16,共16字节*/
 205          0x00,0x00,0x18,0x24,0x42,0x42,0x42,0x42,0x42,0x42,0x42,0x24,0x18,0x00,0x00,0x00,
 206          
 207          
 208          
 209          /*-- ID:3,字符:"4",ASCII编码:34,对应字:宽x高=8x16,画布:宽W=8 高H=16,共16字节*/
 210          0x00,0x00,0x04,0x0C,0x0C,0x14,0x24,0x24,0x44,0x7F,0x04,0x04,0x1F,0x00,0x00,0x00,
 211          
 212          
 213          
 214          
 215          };
 216          
 217          
 218          unsigned char code BMP0[]={
 219          
 220          /*-[数据排列]:从左到右从上到下 [取模方式]:横向8点左高位 [正负反色]:否
 221          图像尺寸:240x128 画布尺寸:240x128，共3840个字节-*/
 222          0xFF,0xFF,0xFF,0xFF,0xFF,0xFF,0xFF,0xFF,0xFF,0xFF,0xFF,0xFF,0xFF,0xFF,0xFF,0xFF,
 223          0xFF,0xFF,0xFF,0xFF,0xFF,0xFF,0xFF,0xFF,0xFF,0xFF,0xFF,0xFF,0xFF,0xFF,0x80,0x00,
 224          0x00,0x00,0x00,0x00,0x00,0x00,0x00,0x00,0x00,0x00,0x00,0x00,0x00,0x00,0x00,0x00,
 225          0x00,0x00,0x00,0x00,0x00,0x00,0x00,0x00,0x00,0x00,0x00,0x01,0x80,0x00,0x00,0x00,
 226          0x00,0x00,0x00,0x00,0x00,0x00,0x00,0x00,0x00,0x00,0x00,0x00,0x00,0x00,0x00,0x00,
 227          0x00,0x00,0x00,0x00,0x00,0x00,0x00,0x00,0x00,0x01,0x80,0x00,0x00,0x00,0x00,0x00,
 228          0x00,0x00,0x00,0x00,0x00,0x00,0x00,0x00,0x00,0x00,0x00,0x00,0x00,0x00,0x00,0x00,
 229          0x00,0x00,0x00,0x00,0x00,0x00,0x00,0x01,0x80,0x00,0x00,0x00,0x00,0x00,0x00,0x00,
 230          0x00,0x00,0x00,0x00,0x00,0x00,0x00,0x00,0x00,0x00,0x00,0x00,0x00,0x00,0x00,0x00,
 231          0x00,0x00,0x00,0x00,0x00,0x01,0x80,0x00,0x00,0x00,0x00,0x00,0x00,0x00,0x00,0x00,
 232          0x00,0x00,0x00,0x00,0x00,0x00,0x00,0x00,0x00,0x00,0x00,0x00,0x00,0x00,0x00,0x00,
 233          0x00,0x00,0x00,0x01,0x80,0x00,0x00,0x00,0x00,0x00,0x00,0x00,0x00,0x00,0x00,0x00,
 234          0x00,0x00,0x00,0x00,0x00,0x00,0x00,0x00,0x00,0x00,0x00,0x00,0x00,0x00,0x00,0x00,
 235          0x00,0x01,0x80,0x00,0x00,0x00,0x00,0x00,0x00,0x00,0x00,0x00,0x00,0x00,0x00,0x00,
 236          0x00,0x00,0x00,0x00,0x00,0x00,0x00,0x00,0x00,0x00,0x00,0x00,0x00,0x00,0x00,0x01,
 237          0x80,0x00,0x00,0x00,0x00,0x00,0x00,0x00,0x00,0x00,0x00,0x00,0x00,0x00,0x00,0x00,
 238          0x00,0x00,0x00,0x00,0x00,0x00,0x00,0x00,0x00,0x00,0x00,0x00,0x00,0x01,0x80,0x00,
 239          0x00,0x00,0x00,0x00,0x00,0x00,0x00,0x00,0x00,0x00,0x00,0x00,0x00,0x00,0x00,0x00,
 240          0x00,0x00,0x00,0x00,0x00,0x00,0x00,0x00,0x00,0x00,0x00,0x01,0x80,0x00,0x00,0x00,
C51 COMPILER V9.60.7.0   PICTURE                                                           10/15/2024 10:53:23 PAGE 5   

 241          0x00,0x00,0x00,0x00,0x00,0x00,0x00,0x00,0x00,0x00,0x00,0x00,0x00,0x00,0x00,0x00,
 242          0x00,0x00,0x00,0x00,0x00,0x00,0x00,0x00,0x00,0x01,0x80,0x00,0x00,0x00,0x00,0x00,
 243          0x00,0x00,0x00,0x00,0x00,0x00,0x00,0x00,0x00,0x00,0x00,0x00,0x00,0x00,0x00,0x00,
 244          0x00,0x00,0x00,0x00,0x00,0x00,0x00,0x01,0x80,0x00,0x00,0x00,0x00,0x00,0x00,0x00,
 245          0x00,0x00,0x00,0x00,0x00,0x00,0x00,0x00,0x00,0x00,0x00,0x00,0x00,0x00,0x00,0x00,
 246          0x00,0x00,0x00,0x00,0x00,0x01,0x80,0x00,0x00,0x00,0x00,0x00,0x00,0x00,0x00,0x00,
 247          0x00,0x00,0x00,0x00,0x00,0x00,0x00,0x00,0x00,0x00,0x00,0x00,0x00,0x00,0x00,0x00,
 248          0x00,0x00,0x00,0x01,0x80,0x00,0x00,0x00,0x00,0x00,0x00,0x00,0x00,0x00,0x00,0x00,
 249          0x00,0x00,0x00,0x00,0x00,0x00,0x00,0x00,0x00,0x00,0x00,0x00,0x00,0x00,0x00,0x00,
 250          0x00,0x01,0x80,0x00,0x00,0x00,0x00,0x00,0x00,0x00,0x00,0x00,0x00,0x00,0x00,0x00,
 251          0x00,0x00,0x00,0x00,0x00,0x00,0x00,0x00,0x00,0x00,0x00,0x00,0x00,0x00,0x00,0x01,
 252          0x80,0x00,0x00,0x00,0x00,0x00,0x00,0x00,0x00,0x00,0x00,0x00,0x00,0x00,0x00,0x00,
 253          0x00,0x00,0x00,0x00,0x00,0x00,0x00,0x00,0x00,0x00,0x00,0x00,0x00,0x01,0x80,0x00,
 254          0x00,0x00,0x00,0x00,0x00,0x00,0x00,0x00,0x00,0x00,0x00,0x00,0x00,0x00,0x00,0x00,
 255          0x00,0x00,0x00,0x00,0x00,0x00,0x00,0x00,0x00,0x00,0x00,0x01,0x80,0x00,0x00,0x00,
 256          0x00,0x00,0x00,0x00,0x00,0x00,0x00,0x00,0x00,0x00,0x00,0x00,0x00,0x00,0x00,0x00,
 257          0x00,0x00,0x00,0x00,0x00,0x00,0x00,0x00,0x00,0x01,0x80,0x00,0x00,0x00,0x00,0x00,
 258          0x00,0x00,0x00,0x00,0x00,0x00,0x00,0x00,0x00,0x00,0x00,0x00,0x00,0x00,0x00,0x00,
 259          0x00,0x00,0x00,0x00,0x00,0x00,0x00,0x01,0x80,0x00,0x00,0x00,0x00,0x00,0x00,0x00,
 260          0x00,0x00,0x00,0x00,0x00,0x00,0x00,0x00,0x00,0x00,0x00,0x00,0x00,0x00,0x00,0x00,
 261          0x00,0x00,0x00,0x00,0x00,0x01,0x80,0x00,0x00,0x00,0x00,0x00,0x00,0x00,0x00,0x00,
 262          0x00,0x00,0x00,0x00,0x00,0x00,0x00,0x00,0x00,0x00,0x00,0x00,0x00,0x00,0x00,0x00,
 263          0x00,0x00,0x00,0x01,0x80,0x00,0x00,0x00,0x00,0x00,0x00,0x00,0x00,0x00,0x00,0x00,
 264          0x00,0x00,0x00,0x00,0x00,0x00,0x00,0x00,0x00,0x00,0x00,0x00,0x00,0x00,0x00,0x00,
 265          0x00,0x01,0x80,0x00,0x00,0x00,0x00,0x00,0x00,0x00,0x00,0x00,0x00,0x00,0x00,0x00,
 266          0x00,0x00,0x00,0x00,0x00,0x00,0x00,0x00,0x00,0x00,0x00,0x00,0x00,0x00,0x00,0x01,
 267          0x80,0x00,0x00,0x00,0x00,0x00,0x00,0x00,0x00,0x00,0x00,0x00,0x00,0x00,0x00,0x00,
 268          0x00,0x00,0x00,0x00,0x00,0x00,0x00,0x00,0x00,0x00,0x00,0x00,0x00,0x01,0x80,0x00,
 269          0x00,0x00,0x00,0x00,0x00,0x00,0x00,0x00,0x00,0x00,0x00,0x00,0x00,0x00,0x00,0x00,
 270          0x00,0x00,0x00,0x00,0x00,0x00,0x00,0x00,0x00,0x00,0x00,0x01,0x80,0x00,0x00,0x00,
 271          0x00,0x00,0x00,0x00,0x00,0x00,0x00,0x00,0x00,0x00,0x00,0x00,0x00,0x00,0x00,0x00,
 272          0x00,0x00,0x00,0x00,0x00,0x00,0x00,0x00,0x00,0x01,0x80,0x00,0x00,0x00,0x00,0x00,
 273          0x00,0x00,0x00,0x00,0x00,0x00,0x00,0x00,0x00,0x00,0x00,0x00,0x00,0x00,0x00,0x00,
 274          0x00,0x00,0x00,0x00,0x00,0x00,0x00,0x01,0x80,0x00,0x00,0x00,0x00,0x00,0x00,0x00,
 275          0x00,0x00,0x00,0x00,0x00,0x00,0x00,0x00,0x00,0x00,0x00,0x00,0x00,0x00,0x00,0x00,
 276          0x00,0x00,0x00,0x00,0x00,0x01,0x80,0x00,0x00,0x00,0x00,0x00,0x00,0x00,0x00,0x00,
 277          0x00,0x00,0x00,0x00,0x00,0x00,0x00,0x00,0x00,0x00,0x00,0x00,0x00,0x00,0x00,0x00,
 278          0x00,0x00,0x00,0x01,0x80,0x00,0x00,0x00,0x00,0x00,0x00,0x00,0x00,0x00,0x00,0x00,
 279          0x00,0x00,0x00,0x00,0x00,0x00,0x00,0x00,0x00,0x00,0x00,0x00,0x00,0x00,0x00,0x00,
 280          0x00,0x01,0x80,0x00,0x00,0x00,0x00,0x00,0x00,0x00,0x00,0x00,0x00,0x00,0x00,0x00,
 281          0x00,0x00,0x00,0x00,0x00,0x00,0x00,0x00,0x00,0x00,0x00,0x00,0x00,0x00,0x00,0x01,
 282          0x80,0x00,0x00,0x00,0x00,0x0C,0xFF,0xE0,0x00,0x00,0x00,0x00,0x00,0x00,0x00,0x00,
 283          0x00,0x00,0x00,0x00,0x00,0x00,0x00,0x00,0x00,0x00,0x00,0x00,0x00,0x01,0x80,0x00,
 284          0x00,0x00,0x00,0xFC,0xFF,0xE6,0x00,0x00,0x00,0x00,0x00,0x00,0x00,0x00,0x00,0x00,
 285          0x00,0x00,0x00,0x00,0x00,0x00,0x00,0x00,0x00,0x00,0x00,0x01,0x80,0x00,0x00,0x00,
 286          0x04,0xFC,0xFF,0xE7,0xC0,0x00,0x00,0x00,0x00,0x00,0x00,0x00,0x00,0x00,0x00,0x00,
 287          0x00,0x00,0x00,0x00,0x00,0x00,0x00,0x00,0x00,0x01,0x80,0x00,0x00,0x00,0x1C,0xE0,
 288          0x06,0x67,0xF0,0x00,0x00,0x00,0x00,0x00,0x00,0x00,0x00,0x00,0x00,0x00,0x00,0x00,
 289          0x00,0x00,0x00,0x00,0x00,0x00,0x00,0x01,0x80,0x00,0x00,0x00,0x7C,0xC0,0x06,0x67,
 290          0xFC,0x00,0x00,0x00,0x00,0x00,0x00,0x00,0x00,0x00,0x00,0x00,0x00,0x00,0x00,0x00,
 291          0x00,0x00,0x00,0x00,0x00,0x01,0x80,0x00,0x00,0x01,0xF8,0xC0,0xE6,0x66,0x3F,0x00,
 292          0x00,0x00,0x00,0x00,0x00,0x00,0x00,0x00,0x00,0x00,0x00,0x00,0x00,0x00,0x00,0x00,
 293          0x00,0x00,0x00,0x01,0x80,0x00,0x00,0x03,0xF8,0xC0,0xE6,0x66,0x0F,0x80,0x00,0x00,
 294          0x00,0x00,0x00,0x00,0x00,0x00,0x00,0x00,0x00,0x00,0x00,0x00,0x00,0x00,0x00,0x00,
 295          0x00,0x01,0x80,0x00,0x00,0x03,0x98,0xC0,0xE6,0x66,0x03,0xC0,0x00,0x00,0x00,0x00,
 296          0x00,0x00,0x00,0x00,0x00,0x00,0x00,0x00,0x00,0x00,0x00,0x00,0x00,0x00,0x00,0x01,
 297          0x80,0x00,0x00,0x13,0x18,0xC0,0xE6,0x66,0x00,0xF0,0x00,0x00,0x00,0x00,0x00,0x00,
 298          0x00,0x00,0x00,0x00,0x00,0x00,0x00,0x00,0x00,0x00,0x00,0x00,0x00,0x01,0x80,0x00,
 299          0x00,0x33,0x18,0xC0,0xE6,0x66,0x00,0x78,0x00,0x00,0x00,0x00,0x00,0x00,0x00,0x00,
 300          0x00,0x00,0x00,0x00,0x00,0x00,0x00,0x00,0x00,0x00,0x00,0x01,0x80,0x00,0x00,0x33,
 301          0x18,0xC8,0xE6,0x66,0x00,0x3C,0x00,0x00,0x00,0x00,0x00,0x00,0x00,0x00,0x00,0x00,
 302          0x00,0x00,0x00,0x00,0x00,0x00,0x00,0x00,0x00,0x01,0x80,0x00,0x00,0x33,0x18,0xFC,
C51 COMPILER V9.60.7.0   PICTURE                                                           10/15/2024 10:53:23 PAGE 6   

 303          0xE6,0x66,0x30,0x1C,0x00,0x00,0x00,0x00,0x00,0x00,0x00,0x00,0x00,0x00,0x00,0x00,
 304          0x00,0x00,0x00,0x00,0x00,0x00,0x00,0x01,0x80,0x00,0x00,0x33,0x18,0xFC,0xE6,0x66,
 305          0x30,0x0E,0x00,0x00,0x00,0x00,0x00,0x00,0x00,0x00,0x00,0x00,0x00,0x00,0x00,0x00,
 306          0x00,0x00,0x00,0x00,0x00,0x01,0x80,0x00,0x01,0x33,0x18,0xF0,0xE6,0x06,0x30,0x07,
 307          0x00,0x00,0x00,0x00,0x00,0x00,0x00,0x00,0x00,0x00,0x00,0x00,0x00,0x00,0x00,0x00,
 308          0x00,0x00,0x00,0x01,0x80,0x00,0x03,0x33,0x18,0xC0,0x06,0x00,0x30,0x1F,0x80,0x00,
 309          0x00,0x00,0x00,0x00,0x00,0x00,0x00,0x00,0x00,0x00,0x00,0x00,0x00,0x00,0x00,0x00,
 310          0x00,0x01,0x80,0x00,0x03,0x33,0x18,0xC0,0x06,0x00,0x30,0x1F,0x80,0x00,0x00,0x00,
 311          0x00,0x00,0x00,0x00,0x00,0x00,0x00,0x00,0x00,0x00,0x00,0x00,0x00,0x00,0x00,0x01,
 312          0x80,0x00,0x07,0x33,0x18,0xC0,0x06,0x00,0x30,0x1F,0xC0,0x00,0x00,0x00,0x00,0x00,
 313          0x00,0x00,0x00,0x00,0x00,0x00,0x00,0x00,0x00,0x00,0x00,0x00,0x00,0x01,0x80,0x00,
 314          0x06,0x33,0x18,0xC0,0x06,0x00,0x30,0x00,0x00,0x00,0x00,0x00,0x00,0x00,0x00,0x00,
 315          0x00,0x00,0x00,0x00,0x00,0x00,0x00,0x00,0x00,0x00,0x00,0x01,0x80,0x00,0x0E,0x33,
 316          0x18,0xC0,0x06,0x00,0x30,0x00,0x00,0x00,0x00,0x00,0x00,0x00,0x00,0x00,0x00,0x00,
 317          0x00,0x00,0x00,0x00,0x00,0x00,0x00,0x00,0x00,0x01,0x80,0x00,0x0E,0x33,0x00,0xFC,
 318          0xFF,0xE3,0xFF,0xFF,0xE0,0x00,0x00,0x00,0x00,0x00,0x00,0x00,0x00,0x00,0x00,0x00,
 319          0x00,0x00,0x00,0x00,0x00,0x00,0x00,0x01,0x80,0x00,0x0C,0x33,0x00,0xFC,0xFF,0xE3,
 320          0xFF,0xFF,0xE0,0x00,0x00,0x00,0x00,0x00,0x00,0x00,0x00,0x00,0x00,0x00,0x00,0x00,
 321          0x00,0x00,0x00,0x00,0x00,0x01,0x80,0x00,0x0C,0x30,0x00,0x7C,0xFF,0xE3,0xFF,0xFF,
 322          0xE0,0x00,0x00,0x00,0x00,0x00,0x00,0x00,0x00,0x00,0x00,0x00,0x00,0x00,0x00,0x00,
 323          0x00,0x00,0x00,0x01,0x80,0x00,0x0C,0x30,0x00,0x00,0x3B,0x80,0x30,0x00,0x60,0x00,
 324          0x00,0x00,0x00,0x00,0x00,0x00,0x00,0x00,0x00,0x00,0x00,0x00,0x00,0x00,0x00,0x00,
 325          0x00,0x01,0x80,0x00,0x1C,0x30,0x07,0x00,0x3B,0x80,0x30,0x00,0x60,0x00,0x00,0x00,
 326          0x00,0x00,0x00,0x00,0x00,0x00,0x00,0x00,0x00,0x00,0x00,0x00,0x00,0x00,0x00,0x01,
 327          0x80,0x00,0x1C,0x30,0x03,0x00,0x3B,0x80,0x30,0xC0,0x60,0x00,0x00,0x00,0x00,0x00,
 328          0x00,0x00,0x00,0x00,0x00,0x00,0x00,0x00,0x00,0x00,0x00,0x00,0x00,0x01,0x80,0x00,
 329          0x1C,0x3F,0x7F,0xFC,0x3B,0x80,0x30,0xC0,0x70,0x00,0x00,0x00,0x00,0x00,0x00,0x00,
 330          0x00,0x00,0x00,0x00,0x00,0x00,0x00,0x00,0x00,0x00,0x00,0x01,0x80,0x00,0x1C,0x3F,
 331          0x7F,0xFC,0x3B,0x80,0x30,0xC0,0x60,0x00,0x00,0x00,0x00,0x00,0x00,0x00,0x00,0x00,
 332          0x00,0x00,0x00,0x00,0x00,0x00,0x00,0x00,0x00,0x01,0x80,0x00,0x1C,0x3F,0x7F,0xFC,
 333          0x3B,0x80,0x30,0xC0,0x60,0x00,0x00,0x00,0x00,0x00,0x00,0x00,0x00,0x00,0x00,0x00,
 334          0x00,0x00,0x00,0x00,0x00,0x00,0x00,0x01,0x80,0x00,0x0C,0x33,0x07,0x00,0x3B,0x80,
 335          0x3F,0xFF,0xE0,0x00,0x00,0x00,0x00,0x00,0x00,0x00,0x00,0x00,0x00,0x00,0x00,0x00,
 336          0x00,0x00,0x00,0x00,0x00,0x01,0x80,0x00,0x0C,0x33,0x07,0x00,0x3B,0x80,0x3F,0xFF,
 337          0xE0,0x00,0x00,0x00,0x00,0x00,0x00,0x00,0x00,0x00,0x00,0x00,0x00,0x00,0x00,0x00,
 338          0x00,0x00,0x00,0x01,0x80,0x00,0x08,0x33,0x07,0x00,0x3B,0x80,0x21,0xC0,0xE0,0x00,
 339          0x00,0x00,0x00,0x00,0x00,0x00,0x00,0x00,0x00,0x00,0x00,0x00,0x00,0x00,0x00,0x00,
 340          0x00,0x01,0x80,0x00,0x02,0x33,0x07,0x00,0x3B,0x80,0x00,0xC0,0xE0,0x00,0x00,0x00,
 341          0x00,0x00,0x00,0x00,0x00,0x00,0x00,0x00,0x00,0x00,0x00,0x00,0x00,0x00,0x00,0x01,
 342          0x80,0x00,0x06,0x33,0x07,0x00,0x3B,0x80,0x00,0xC0,0xC0,0x00,0x00,0x00,0x00,0x00,
 343          0x00,0x00,0x00,0x00,0x00,0x00,0x00,0x00,0x00,0x00,0x00,0x00,0x00,0x01,0x80,0x00,
 344          0x07,0x33,0x07,0x00,0x3B,0x80,0x00,0xC1,0xC0,0x00,0x00,0x00,0x00,0x00,0x00,0x00,
 345          0x00,0x00,0x00,0x00,0x00,0x00,0x00,0x00,0x00,0x00,0x00,0x01,0x80,0x00,0x03,0x33,
 346          0x07,0x00,0x3B,0x83,0xFF,0xFF,0x80,0x00,0x00,0x00,0x00,0x00,0x00,0x00,0x00,0x00,
 347          0x00,0x00,0x00,0x00,0x00,0x00,0x00,0x00,0x00,0x01,0x80,0x00,0x03,0xB3,0x07,0x00,
 348          0x3B,0x83,0xFF,0xFF,0x80,0x00,0x00,0x00,0x00,0x00,0x00,0x00,0x00,0x00,0x00,0x00,
 349          0x00,0x00,0x00,0x00,0x00,0x00,0x00,0x01,0x80,0x00,0x01,0xF3,0x07,0x00,0x3B,0x83,
 350          0xFF,0xFF,0x00,0x00,0x00,0x00,0x00,0x00,0x00,0x00,0x00,0x00,0x00,0x00,0x00,0x00,
 351          0x00,0x00,0x00,0x00,0x00,0x01,0x80,0x00,0x01,0xF3,0x07,0x00,0x3B,0x80,0x00,0xC7,
 352          0x00,0x00,0x00,0x00,0x00,0x00,0x00,0x00,0x00,0x00,0x00,0x00,0x00,0x00,0x00,0x00,
 353          0x00,0x00,0x00,0x01,0x80,0x00,0x00,0xF3,0x07,0x00,0x3B,0x80,0x00,0xCE,0x00,0x00,
 354          0x00,0x00,0x00,0x00,0x00,0x00,0x00,0x00,0x00,0x00,0x00,0x00,0x00,0x00,0x00,0x00,
 355          0x00,0x01,0x80,0x00,0x00,0x73,0x07,0x00,0x3B,0x80,0x00,0xDC,0x00,0x00,0x00,0x00,
 356          0x00,0x00,0x00,0x00,0x00,0x00,0x00,0x00,0x00,0x00,0x00,0x00,0x00,0x00,0x00,0x01,
 357          0x80,0x00,0x00,0x33,0x07,0x00,0x3B,0x80,0x00,0xF8,0x00,0x00,0x00,0x00,0x00,0x00,
 358          0x00,0x00,0x00,0x00,0x00,0x00,0x00,0x00,0x00,0x00,0x00,0x00,0x00,0x01,0x80,0x00,
 359          0x00,0x13,0x07,0x00,0x3B,0x80,0x00,0xF0,0x00,0x00,0x00,0x00,0x00,0x00,0x00,0x00,
 360          0x00,0x00,0x00,0x00,0x00,0x00,0x00,0x00,0x00,0x00,0x00,0x01,0x80,0x00,0x00,0x03,
 361          0x07,0x00,0x3B,0x80,0x00,0xE0,0x00,0x00,0x00,0x00,0x00,0x00,0x00,0x00,0x00,0x00,
 362          0x00,0x00,0x00,0x00,0x00,0x00,0x00,0x00,0x00,0x01,0x80,0x00,0x00,0x03,0xC7,0x00,
 363          0x3B,0x80,0x04,0xC0,0x00,0x00,0x00,0x00,0x00,0x00,0x00,0x00,0x00,0x00,0x00,0x00,
 364          0x00,0x00,0x00,0x00,0x00,0x00,0x00,0x01,0x80,0x00,0x00,0x01,0xF3,0x00,0x3B,0x80,
C51 COMPILER V9.60.7.0   PICTURE                                                           10/15/2024 10:53:23 PAGE 7   

 365          0x1C,0x00,0x00,0x00,0x00,0x00,0x00,0x00,0x00,0x00,0x00,0x00,0x00,0x00,0x00,0x00,
 366          0x00,0x00,0x00,0x00,0x00,0x01,0x80,0x00,0x00,0x00,0xFF,0x00,0x73,0x80,0x7C,0x00,
 367          0x00,0x00,0x00,0x00,0x00,0x00,0x00,0x00,0x00,0x00,0x00,0x00,0x00,0x00,0x00,0x00,
 368          0x00,0x00,0x00,0x01,0x80,0x00,0x00,0x00,0x3F,0x80,0xE3,0x87,0xF8,0x00,0x00,0x00,
 369          0x00,0x00,0x00,0x00,0x00,0x00,0x00,0x00,0x00,0x00,0x00,0x00,0x00,0x00,0x00,0x00,
 370          0x00,0x01,0x80,0x00,0x00,0x00,0x0F,0xFC,0xE3,0xFF,0xE0,0x00,0x00,0x00,0x00,0x00,
 371          0x00,0x00,0x00,0x00,0x00,0x00,0x00,0x00,0x00,0x00,0x00,0x00,0x00,0x00,0x00,0x01,
 372          0x80,0x00,0x00,0x00,0x01,0xFC,0xFF,0xFF,0x00,0x00,0x00,0x00,0x00,0x00,0x00,0x00,
 373          0x00,0x00,0x00,0x00,0x00,0x00,0x00,0x00,0x00,0x00,0x00,0x00,0x00,0x01,0x80,0x00,
 374          0x00,0x00,0x00,0x3C,0xFF,0xF0,0x00,0x00,0x00,0x00,0x00,0x00,0x00,0x00,0x00,0x00,
 375          0x00,0x00,0x00,0x00,0x00,0x00,0x00,0x00,0x00,0x00,0x00,0x01,0x80,0x00,0x00,0x00,
 376          0x00,0x00,0x10,0x00,0x00,0x00,0x00,0x00,0x00,0x00,0x00,0x00,0x00,0x00,0x00,0x00,
 377          0x00,0x00,0x00,0x00,0x00,0x00,0x00,0x00,0x00,0x01,0x80,0x00,0x00,0x00,0x00,0x00,
 378          0x00,0x00,0x00,0x00,0x00,0x00,0x00,0x00,0x00,0x00,0x00,0x00,0x00,0x00,0x00,0x00,
 379          0x00,0x00,0x00,0x00,0x00,0x00,0x00,0x01,0x80,0x00,0x00,0x00,0x00,0x00,0x00,0x00,
 380          0x00,0x00,0x00,0x00,0x00,0x00,0x00,0x00,0x00,0x00,0x00,0x00,0x00,0x00,0x00,0x00,
 381          0x00,0x00,0x00,0x00,0x00,0x01,0x80,0x00,0x00,0x00,0x00,0x00,0x00,0x00,0x00,0x00,
 382          0x00,0x00,0x00,0x00,0x00,0x00,0x00,0x00,0x00,0x00,0x00,0x00,0x00,0x00,0x00,0x00,
 383          0x00,0x00,0x00,0x01,0x80,0x00,0x00,0x00,0x00,0x00,0x00,0x00,0x00,0x00,0x00,0x00,
 384          0x00,0x00,0x00,0x00,0x00,0x00,0x00,0x00,0x00,0x00,0x00,0x00,0x00,0x00,0x00,0x00,
 385          0x00,0x01,0x80,0x00,0x00,0x00,0x00,0x00,0x00,0x00,0x00,0x00,0x00,0x00,0x00,0x00,
 386          0x00,0x00,0x00,0x00,0x00,0x00,0x00,0x00,0x00,0x00,0x00,0x00,0x00,0x00,0x00,0x01,
 387          0x80,0x00,0x3F,0x9F,0xE0,0x0C,0x67,0xF9,0x83,0x30,0xCC,0x00,0x00,0x00,0x00,0x00,
 388          0x00,0x00,0x00,0x00,0x00,0x00,0x00,0x00,0x00,0x00,0x00,0x00,0x00,0x01,0x80,0x00,
 389          0x7F,0x9F,0xF0,0x0C,0x67,0xF9,0x83,0x30,0xCC,0x00,0x00,0x00,0x00,0x00,0x00,0x00,
 390          0x00,0x00,0x00,0x00,0x00,0x00,0x00,0x00,0x00,0x00,0x00,0x01,0x80,0x00,0x60,0x00,
 391          0x30,0x06,0xC0,0x01,0x83,0x30,0xC0,0x00,0x00,0x00,0x00,0x00,0x00,0x00,0x00,0x00,
 392          0x00,0x00,0x00,0x00,0x00,0x00,0x00,0x00,0x00,0x01,0x80,0x00,0x60,0x00,0x30,0x07,
 393          0xC0,0x01,0x83,0x30,0xC0,0x00,0x00,0x00,0x00,0x00,0x00,0x00,0x00,0x00,0x00,0x00,
 394          0x00,0x00,0x00,0x00,0x00,0x00,0x00,0x01,0x80,0x00,0x63,0x98,0x33,0xE3,0x87,0xF9,
 395          0xFF,0x30,0xCC,0x00,0x00,0x00,0x00,0x00,0x00,0x00,0x00,0x00,0x00,0x00,0x00,0x00,
 396          0x00,0x00,0x00,0x00,0x00,0x01,0x80,0x00,0x63,0x98,0x33,0xE3,0x87,0xF9,0xFF,0x30,
 397          0xCC,0x00,0x00,0x00,0x00,0x00,0x00,0x00,0x00,0x00,0x00,0x00,0x00,0x00,0x00,0x00,
 398          0x00,0x00,0x00,0x01,0x80,0x00,0x61,0x98,0x30,0x01,0x06,0x01,0x83,0x20,0xCC,0x00,
 399          0x00,0x00,0x00,0x00,0x00,0x00,0x00,0x00,0x00,0x00,0x00,0x00,0x00,0x00,0x00,0x00,
 400          0x00,0x01,0x80,0x00,0x61,0x98,0x30,0x01,0x06,0x01,0x83,0x30,0xCC,0x00,0x00,0x00,
 401          0x00,0x00,0x00,0x00,0x00,0x00,0x00,0x00,0x00,0x00,0x00,0x00,0x00,0x00,0x00,0x01,
 402          0x80,0x00,0x7F,0x9F,0xF0,0x01,0x07,0xF9,0x83,0x3F,0xCC,0x00,0x00,0x00,0x00,0x00,
 403          0x00,0x00,0x00,0x00,0x00,0x00,0x00,0x00,0x00,0x00,0x00,0x00,0x00,0x01,0x80,0x00,
 404          0x3F,0x9F,0xE0,0x01,0x07,0xF9,0x83,0x1F,0xCC,0x00,0x00,0x00,0x00,0x00,0x00,0x00,
 405          0x00,0x00,0x00,0x00,0x00,0x00,0x00,0x00,0x00,0x00,0x00,0x01,0x80,0x00,0x00,0x00,
 406          0x00,0x00,0x00,0x00,0x00,0x00,0x00,0x00,0x00,0x00,0x00,0x00,0x00,0x00,0x00,0x00,
 407          0x00,0x00,0x00,0x00,0x00,0x00,0x00,0x00,0x00,0x01,0x80,0x00,0x00,0x00,0x00,0x00,
 408          0x00,0x00,0x00,0x00,0x00,0x00,0x00,0x00,0x00,0x00,0x00,0x00,0x00,0x00,0x00,0x00,
 409          0x00,0x00,0x00,0x00,0x00,0x00,0x00,0x01,0x80,0x00,0x00,0x00,0x00,0x00,0x00,0x00,
 410          0x00,0x00,0x00,0x00,0x00,0x00,0x00,0x00,0x00,0x00,0x00,0x00,0x00,0x00,0x00,0x00,
 411          0x00,0x00,0x00,0x00,0x00,0x01,0x80,0x00,0x00,0x00,0x00,0x00,0x00,0x00,0x00,0x00,
 412          0x00,0x00,0x00,0x00,0x00,0x00,0x00,0x00,0x00,0x00,0x00,0x00,0x00,0x00,0x00,0x00,
 413          0x00,0x00,0x00,0x01,0x80,0x00,0x00,0x00,0x00,0x00,0x00,0x00,0x00,0x00,0x00,0x00,
 414          0x00,0x00,0x00,0x00,0x00,0x00,0x00,0x00,0x00,0x00,0x00,0x00,0x00,0x00,0x00,0x00,
 415          0x00,0x01,0x80,0x00,0x00,0x00,0x00,0x00,0x00,0x00,0x00,0x00,0x00,0x00,0x00,0x00,
 416          0x00,0x00,0x00,0x00,0x00,0x00,0x00,0x00,0x00,0x00,0x00,0x00,0x00,0x00,0x00,0x01,
 417          0x80,0x00,0x00,0x00,0x00,0x00,0x00,0x00,0x00,0x00,0x00,0x00,0x00,0x00,0x00,0x00,
 418          0x00,0x00,0x00,0x00,0x00,0x00,0x00,0x00,0x00,0x00,0x00,0x00,0x00,0x01,0x80,0x00,
 419          0x00,0x00,0x00,0x00,0x00,0x00,0x00,0x00,0x00,0x00,0x00,0x00,0x00,0x00,0x00,0x00,
 420          0x00,0x00,0x00,0x00,0x00,0x00,0x00,0x00,0x00,0x00,0x00,0x01,0x80,0x00,0x00,0x00,
 421          0x00,0x00,0x00,0x00,0x00,0x00,0x00,0x00,0x00,0x00,0x00,0x00,0x00,0x00,0x00,0x00,
 422          0x00,0x00,0x00,0x00,0x00,0x00,0x00,0x00,0x00,0x01,0x80,0x00,0x00,0x00,0x00,0x00,
 423          0x00,0x00,0x00,0x00,0x00,0x00,0x00,0x00,0x00,0x00,0x00,0x00,0x00,0x00,0x00,0x00,
 424          0x00,0x00,0x00,0x00,0x00,0x00,0x00,0x01,0x80,0x00,0x00,0x00,0x00,0x00,0x00,0x00,
 425          0x00,0x00,0x00,0x00,0x00,0x00,0x00,0x00,0x00,0x00,0x00,0x00,0x00,0x00,0x00,0x00,
 426          0x00,0x00,0x00,0x00,0x00,0x01,0x80,0x00,0x00,0x00,0x00,0x00,0x00,0x00,0x00,0x00,
C51 COMPILER V9.60.7.0   PICTURE                                                           10/15/2024 10:53:23 PAGE 8   

 427          0x00,0x00,0x00,0x00,0x00,0x00,0x00,0x00,0x00,0x00,0x00,0x00,0x00,0x00,0x00,0x00,
 428          0x00,0x00,0x00,0x01,0x80,0x00,0x00,0x00,0x00,0x00,0x00,0x00,0x00,0x00,0x00,0x00,
 429          0x00,0x00,0x00,0x00,0x00,0x00,0x00,0x00,0x00,0x00,0x00,0x00,0x00,0x00,0x00,0x00,
 430          0x00,0x01,0x80,0x00,0x00,0x00,0x00,0x00,0x00,0x00,0x00,0x00,0x00,0x00,0x00,0x00,
 431          0x00,0x00,0x00,0x00,0x00,0x00,0x00,0x00,0x00,0x00,0x00,0x00,0x00,0x00,0x00,0x01,
 432          0x80,0x00,0x00,0x00,0x00,0x00,0x00,0x00,0x00,0x00,0x00,0x00,0x00,0x00,0x00,0x00,
 433          0x00,0x00,0x00,0x00,0x00,0x00,0x00,0x00,0x00,0x00,0x00,0x00,0x00,0x01,0x80,0x00,
 434          0x00,0x00,0x00,0x00,0x00,0x00,0x00,0x00,0x00,0x00,0x00,0x00,0x00,0x00,0x00,0x00,
 435          0x00,0x00,0x00,0x00,0x00,0x00,0x00,0x00,0x00,0x00,0x00,0x01,0x80,0x00,0x00,0x00,
 436          0x00,0x00,0x00,0x00,0x00,0x00,0x00,0x00,0x00,0x00,0x00,0x00,0x00,0x00,0x00,0x00,
 437          0x00,0x00,0x00,0x00,0x00,0x00,0x00,0x00,0x00,0x01,0x80,0x00,0x00,0x00,0x00,0x00,
 438          0x00,0x00,0x00,0x00,0x00,0x00,0x00,0x00,0x00,0x00,0x00,0x00,0x00,0x00,0x00,0x00,
 439          0x00,0x00,0x00,0x00,0x00,0x00,0x00,0x01,0x80,0x00,0x00,0x00,0x00,0x00,0x00,0x00,
 440          0x00,0x00,0x00,0x00,0x00,0x00,0x00,0x00,0x00,0x00,0x00,0x00,0x00,0x00,0x00,0x00,
 441          0x00,0x00,0x00,0x00,0x00,0x01,0x80,0x00,0x00,0x00,0x00,0x00,0x00,0x00,0x00,0x00,
 442          0x00,0x00,0x00,0x00,0x00,0x00,0x00,0x00,0x00,0x00,0x00,0x00,0x00,0x00,0x00,0x00,
 443          0x00,0x00,0x00,0x01,0x80,0x00,0x00,0x00,0x00,0x00,0x00,0x00,0x00,0x00,0x00,0x00,
 444          0x00,0x00,0x00,0x00,0x00,0x00,0x00,0x00,0x00,0x00,0x00,0x00,0x00,0x00,0x00,0x00,
 445          0x00,0x01,0x80,0x00,0x00,0x00,0x00,0x00,0x00,0x00,0x00,0x00,0x00,0x00,0x00,0x00,
 446          0x00,0x00,0x00,0x00,0x00,0x00,0x00,0x00,0x00,0x00,0x00,0x00,0x00,0x00,0x00,0x01,
 447          0x80,0x00,0x00,0x00,0x00,0x00,0x00,0x00,0x00,0x00,0x00,0x00,0x00,0x00,0x00,0x00,
 448          0x00,0x00,0x00,0x00,0x00,0x00,0x00,0x00,0x00,0x00,0x00,0x00,0x00,0x01,0x80,0x00,
 449          0x00,0x00,0x00,0x00,0x00,0x00,0x00,0x00,0x00,0x00,0x00,0x00,0x00,0x00,0x00,0x00,
 450          0x00,0x00,0x00,0x00,0x00,0x00,0x00,0x00,0x00,0x00,0x00,0x01,0x80,0x00,0x00,0x00,
 451          0x00,0x00,0x00,0x00,0x00,0x00,0x00,0x00,0x00,0x00,0x00,0x00,0x00,0x00,0x00,0x00,
 452          0x00,0x00,0x00,0x00,0x00,0x00,0x00,0x00,0x00,0x01,0x80,0x00,0x00,0x00,0x00,0x00,
 453          0x00,0x00,0x00,0x00,0x00,0x00,0x00,0x00,0x00,0x00,0x00,0x00,0x00,0x00,0x00,0x00,
 454          0x00,0x00,0x00,0x00,0x00,0x00,0x00,0x01,0x80,0x00,0x00,0x00,0x00,0x00,0x00,0x00,
 455          0x00,0x00,0x00,0x00,0x00,0x00,0x00,0x00,0x00,0x00,0x00,0x00,0x00,0x00,0x00,0x00,
 456          0x00,0x00,0x00,0x00,0x00,0x01,0x80,0x00,0x00,0x00,0x00,0x00,0x00,0x00,0x00,0x00,
 457          0x00,0x00,0x00,0x00,0x00,0x00,0x00,0x00,0x00,0x00,0x00,0x00,0x00,0x00,0x00,0x00,
 458          0x00,0x00,0x00,0x01,0x80,0x00,0x00,0x00,0x00,0x00,0x00,0x00,0x00,0x00,0x00,0x00,
 459          0x00,0x00,0x00,0x00,0x00,0x00,0x00,0x00,0x00,0x00,0x00,0x00,0x00,0x00,0x00,0x00,
 460          0x00,0x01,0xFF,0xFF,0xFF,0xFF,0xFF,0xFF,0xFF,0xFF,0xFF,0xFF,0xFF,0xFF,0xFF,0xFF,
 461          0xFF,0xFF,0xFF,0xFF,0xFF,0xFF,0xFF,0xFF,0xFF,0xFF,0xFF,0xFF,0xFF,0xFF,0xFF,0xFF
 462          };
 463           
 464          unsigned char code BMP1[]={ 
 465          /*--  调入了一幅图像：d:\My Documents\My Pictures\240128.bmp  --*/
 466          /*--  宽度x高度=240x128  --*/
 467          0x00,0x00,0x00,0x00,0x00,0x00,0x00,0x00,0x00,0x00,0x00,0x00,0x00,0x00,0x00,0x00,
 468          0x00,0x00,0x00,0x00,0x00,0x00,0x00,0x00,0x00,0x00,0x00,0x00,0x00,0x00,0x00,0x00,
 469          0x00,0x00,0x00,0x00,0x00,0x00,0x00,0x00,0x00,0x00,0x00,0x00,0x00,0x00,0x00,0x00,
 470          0x00,0x00,0x00,0x00,0x00,0x00,0x00,0x00,0x00,0x00,0x00,0x00,0x00,0x3F,0xff,0xFF,
 471          0xFF,0xFF,0xFE,0x00,0x00,0x00,0x00,0x00,0x00,0x00,0x00,0x00,0x00,0x00,0x00,0x00,
 472          0x00,0x00,0x00,0xFF,0xFF,0xFF,0xFF,0xFF,0xFE,0x00,0x00,0xC0,0x00,0x00,0x00,0x00,
 473          0x01,0x80,0x00,0x00,0x00,0x00,0x00,0x00,0x00,0x00,0x00,0x00,0x00,0x00,0x00,0x00,
 474          0x03,0x00,0x00,0x00,0x00,0x00,0x01,0x80,0x01,0x00,0x00,0x00,0x00,0x00,0x00,0x40,
 475          0x00,0x00,0x00,0x00,0x00,0x00,0x00,0x00,0x00,0x00,0x00,0x00,0x00,0x00,0x04,0x00,
 476          0x00,0x00,0x00,0x00,0x00,0x40,0x02,0x00,0x00,0x00,0x00,0x00,0x00,0x20,0x00,0x00,
 477          0x00,0x00,0x00,0x00,0x00,0x00,0x00,0x00,0x00,0x00,0x00,0x00,0x08,0x00,0x00,0x00,
 478          0x00,0x00,0x00,0x20,0x04,0x00,0x00,0x00,0x00,0x00,0x00,0x10,0x00,0x00,0x00,0x00,
 479          0x00,0x00,0x00,0x00,0x00,0x00,0x00,0x00,0x00,0x00,0x10,0x00,0x00,0x00,0x00,0x00,
 480          0x00,0x10,0x04,0x00,0x00,0x00,0x00,0x00,0x00,0x10,0x00,0x7F,0xFF,0xFF,0xFF,0xFF,
 481          0xFF,0xFF,0xFF,0xFF,0xFF,0xFF,0xFE,0x00,0x10,0x00,0x00,0x00,0x00,0x00,0x00,0x10,
 482          0x08,0x00,0x00,0x00,0x00,0x00,0x00,0x08,0x01,0x80,0x00,0x00,0x00,0x00,0x00,0x00,
 483          0x00,0x00,0x00,0x00,0x01,0x80,0x20,0x00,0x00,0x00,0x00,0x00,0x00,0x08,0x08,0x00,
 484          0x00,0x00,0x00,0x00,0x00,0x08,0x02,0x00,0x00,0x00,0x00,0x00,0x00,0x00,0x00,0x00,
 485          0x00,0x00,0x00,0x40,0x20,0x00,0x00,0x00,0x00,0x00,0x00,0x08,0x08,0x00,0x00,0x00,
 486          0x00,0x00,0x00,0x08,0x04,0x00,0x00,0x00,0x00,0x00,0x00,0x00,0x00,0x00,0x00,0x00,
 487          0x00,0x20,0x20,0x00,0x00,0x00,0x00,0x00,0x00,0x08,0x08,0x00,0x00,0x00,0x00,0x00,
 488          0x00,0x08,0x08,0x00,0x00,0x00,0x00,0x00,0x00,0x00,0x00,0x00,0x00,0x00,0x00,0x10,
C51 COMPILER V9.60.7.0   PICTURE                                                           10/15/2024 10:53:23 PAGE 9   

 489          0x20,0x00,0x00,0x00,0x00,0x00,0x00,0x08,0x08,0x00,0x84,0x01,0x00,0x80,0x40,0x08,
 490          0x08,0x00,0x00,0x00,0x12,0x00,0x40,0x00,0x20,0x80,0x00,0x00,0x00,0x10,0x22,0x08,
 491          0x04,0x00,0x40,0x02,0x10,0x08,0x08,0x00,0x48,0x01,0x00,0x5F,0xE0,0x08,0x10,0x00,
 492          0x00,0x00,0x12,0x00,0x20,0x00,0x20,0x5F,0x80,0x00,0x00,0x08,0x21,0x7F,0x84,0x00,
 493          0x4F,0xE2,0x14,0x08,0x08,0x00,0x10,0x1F,0xF0,0x11,0x00,0x08,0x10,0x00,0x00,0x00,
 494          0x12,0x0F,0xFF,0x3C,0x21,0x00,0x80,0x00,0x00,0x08,0x20,0x08,0x07,0xF8,0x41,0x02,
 495          0x12,0x08,0x08,0x01,0xFE,0x11,0x11,0x17,0xC0,0x08,0x10,0x00,0x00,0x00,0x12,0x40,
 496          0x00,0x25,0xF9,0x3C,0x80,0x00,0x00,0x08,0x20,0x3F,0x09,0x49,0xF1,0x0F,0x90,0x08,
 497          0x08,0x01,0x02,0x11,0x10,0x94,0x40,0x08,0x10,0x00,0x00,0x01,0xF2,0x81,0xFC,0x24,
 498          0x21,0x24,0x80,0x00,0x00,0x08,0x27,0x08,0x11,0x48,0x41,0x02,0x7F,0x08,0x08,0x01,
 499          0x02,0x1F,0xF0,0x17,0xC0,0x08,0x10,0x00,0x00,0x00,0x13,0x01,0x04,0x3D,0x21,0x24,
 500          0x80,0x00,0x00,0x08,0x21,0x7F,0xA2,0x48,0x51,0x03,0x10,0x08,0x08,0x01,0xFE,0x11,
 501          0x10,0x54,0x40,0x08,0x10,0x00,0x00,0x00,0x12,0x01,0x04,0x24,0xA1,0x3C,0x80,0x00,
 502          0x00,0x08,0x21,0x21,0x04,0x48,0x61,0x06,0x10,0x08,0x08,0x00,0x00,0x11,0x10,0x97,
 503          0xC0,0x08,0x10,0x00,0x00,0x00,0x12,0x01,0xFC,0x24,0x21,0x24,0x80,0x00,0x00,0x08,
 504          0x21,0x3F,0x08,0x89,0xC1,0x0A,0x28,0x08,0x08,0x02,0xA2,0x1F,0xF1,0x91,0x00,0x08,
 505          0x10,0x00,0x00,0x00,0x32,0x01,0x28,0x24,0x21,0x3C,0x80,0x00,0x00,0x08,0x21,0x21,
 506          0x11,0x08,0x41,0x02,0x28,0x08,0x08,0x02,0x95,0x01,0x04,0x95,0x40,0x08,0x10,0x00,
 507          0x00,0x00,0x52,0x22,0x24,0x3C,0x21,0x24,0x80,0x00,0x00,0x08,0x21,0xBF,0x02,0x08,
 508          0x41,0x02,0x49,0x08,0x08,0x04,0x84,0x81,0x04,0xA9,0x20,0x08,0x10,0x00,0x00,0x01,
 509          0x92,0x24,0x22,0x20,0x21,0x00,0x80,0x00,0x00,0x08,0x21,0x21,0x0C,0x90,0x41,0x02,
 510          0x89,0x08,0x08,0x00,0x7C,0x00,0xFC,0xC3,0x00,0x08,0x10,0x00,0x00,0x00,0x11,0xE0,
 511          0x60,0x00,0x61,0x01,0x80,0x00,0x00,0x08,0x20,0x23,0x00,0x60,0xC3,0x07,0x07,0x08,
 512          0x08,0x00,0x00,0x00,0x00,0x00,0x00,0x08,0x10,0x00,0x00,0x00,0x00,0x00,0x00,0x00,
 513          0x00,0x00,0x00,0x00,0x00,0x08,0x20,0x00,0x00,0x00,0x00,0x00,0x00,0x08,0x08,0x00,
 514          0x00,0x00,0x00,0x00,0x00,0x08,0x10,0x00,0x00,0x00,0x00,0x00,0x00,0x00,0x00,0x00,
 515          0x00,0x00,0x00,0x08,0x20,0x00,0x00,0x00,0x00,0x00,0x00,0x08,0x08,0x00,0x00,0x00,
 516          0x00,0x00,0x00,0x08,0x10,0x00,0x00,0x00,0x00,0x00,0x00,0x00,0x00,0x00,0x00,0x00,
 517          0x00,0x08,0x20,0x00,0x00,0x00,0x00,0x00,0x00,0x08,0x08,0x00,0x00,0x00,0x00,0x00,
 518          0x00,0x08,0x10,0x00,0x00,0x00,0x00,0x00,0x00,0x00,0x00,0x00,0x00,0x00,0x00,0x08,
 519          0x20,0x00,0x00,0x00,0x00,0x00,0x00,0x08,0x08,0x00,0x00,0x00,0x00,0x00,0x00,0x08,
 520          0x10,0x00,0x00,0x00,0x00,0x00,0x00,0x00,0x00,0x00,0x00,0x00,0x00,0x08,0x20,0x00,
 521          0x00,0x00,0x00,0x00,0x00,0x08,0x08,0x00,0x00,0x00,0x00,0x00,0x00,0x08,0x10,0x00,
 522          0x00,0x00,0x00,0x00,0x00,0x00,0x00,0x00,0x00,0x00,0x00,0x08,0x20,0x00,0x00,0x00,
 523          0x00,0x00,0x00,0x08,0x08,0x00,0x00,0x00,0x00,0x00,0x00,0x08,0x10,0x00,0x00,0x00,
 524          0x00,0x00,0x00,0x00,0x00,0x00,0x00,0x00,0x00,0x08,0x20,0x00,0x00,0x00,0x00,0x00,
 525          0x00,0x08,0x08,0x00,0x00,0x00,0x00,0x00,0x00,0x08,0x10,0x00,0x00,0x00,0x00,0x00,
 526          0x00,0x00,0x00,0x00,0x00,0x00,0x00,0x08,0x20,0x00,0x00,0x00,0x00,0x00,0x00,0x08,
 527          0x08,0x00,0x00,0x00,0x00,0x00,0x00,0x08,0x10,0x00,0x00,0x00,0x00,0x00,0x00,0x00,
 528          0x00,0x00,0x00,0x00,0x00,0x08,0x20,0x00,0x00,0x00,0x00,0x00,0x00,0x08,0x08,0x0E,
 529          0xE2,0x0F,0x3E,0xFD,0xF0,0x08,0x10,0x00,0x00,0x00,0x03,0x87,0x00,0x00,0x70,0xE0,
 530          0x00,0x00,0x00,0x08,0x20,0x00,0xF0,0x03,0xB8,0x0F,0x00,0x08,0x08,0x06,0xC2,0x11,
 531          0x2A,0x44,0x88,0x08,0x10,0x00,0x00,0x00,0x04,0x48,0x80,0x00,0x89,0x10,0x00,0x00,
 532          0x00,0x08,0x20,0x00,0x48,0x01,0x90,0x04,0x80,0x08,0x08,0x06,0xC5,0x10,0x08,0x40,
 533          0x88,0x08,0x10,0x00,0x00,0x00,0x04,0x48,0x81,0x80,0x89,0x10,0x00,0x00,0x00,0x08,
 534          0x20,0x00,0x44,0x01,0x90,0x04,0x40,0x08,0x08,0x06,0xC5,0x08,0x08,0x48,0xF0,0x08,
 535          0x10,0x00,0x00,0x00,0x04,0x48,0x81,0x80,0x89,0x10,0x00,0x00,0x00,0x08,0x20,0x00,
 536          0x44,0x01,0x50,0x04,0x40,0x08,0x08,0x05,0x45,0x06,0x08,0x78,0xA0,0x08,0x10,0x00,
 537          0x00,0x00,0x04,0x48,0x80,0x00,0x89,0x10,0x00,0x00,0x00,0x08,0x20,0x00,0x44,0x01,
 538          0x50,0x04,0x40,0x08,0x08,0x05,0x47,0x01,0x08,0x48,0x90,0x08,0x10,0x00,0x00,0x00,
 539          0x04,0x48,0x80,0x00,0x89,0x10,0x00,0x00,0x00,0x08,0x20,0x00,0x44,0x01,0x50,0x04,
 540          0x40,0x08,0x08,0x05,0x48,0x81,0x08,0x40,0x90,0x08,0x10,0x00,0x00,0x00,0x04,0x48,
 541          0x81,0x80,0x89,0x10,0x00,0x00,0x00,0x08,0x20,0x00,0x44,0x01,0x30,0x04,0x40,0x08,
 542          0x08,0x05,0x48,0x91,0x08,0x44,0x88,0x08,0x10,0x00,0x00,0x00,0x04,0x48,0x81,0x80,
 543          0x89,0x10,0x00,0x00,0x00,0x08,0x20,0x00,0x48,0xC1,0x33,0x04,0x80,0x08,0x08,0x0D,
 544          0x7D,0xDE,0x1C,0xFD,0xCC,0x08,0x10,0x00,0x00,0x00,0x03,0x87,0x00,0x00,0x70,0xE0,
 545          0x00,0x00,0x00,0x08,0x20,0x00,0xF0,0xC3,0x93,0x0F,0x00,0x08,0x08,0x00,0x00,0x00,
 546          0x00,0x00,0x00,0x08,0x10,0x00,0x00,0x00,0x00,0x00,0x00,0x00,0x00,0x00,0x00,0x00,
 547          0x00,0x08,0x20,0x00,0x00,0x00,0x00,0x00,0x00,0x08,0x08,0x00,0x00,0x00,0x00,0x00,
 548          0x00,0x08,0x10,0x00,0x00,0x00,0x00,0x00,0x00,0x00,0x00,0x00,0x00,0x00,0x00,0x08,
 549          0x20,0x00,0x00,0x00,0x00,0x00,0x00,0x08,0x08,0x00,0x00,0x00,0x00,0x00,0x00,0x08,
 550          0x10,0x00,0x00,0x00,0x00,0x00,0x00,0x00,0x00,0x00,0x00,0x00,0x00,0x08,0x20,0x00,
C51 COMPILER V9.60.7.0   PICTURE                                                           10/15/2024 10:53:23 PAGE 10  

 551          0x00,0x00,0x00,0x00,0x00,0x08,0x08,0x00,0x00,0x00,0x00,0x00,0x00,0x08,0x10,0x00,
 552          0x00,0x00,0x00,0x00,0x00,0x00,0x00,0x00,0x00,0x00,0x00,0x08,0x20,0x00,0x00,0x00,
 553          0x00,0x00,0x00,0x08,0x08,0x00,0x00,0x00,0x00,0x00,0x00,0x08,0x08,0x00,0x00,0x00,
 554          0x00,0x00,0x00,0x00,0x00,0x00,0x00,0x00,0x00,0x10,0x20,0x00,0x00,0x00,0x00,0x00,
 555          0x00,0x08,0x08,0x00,0x00,0x00,0x00,0x00,0x00,0x08,0x08,0x00,0x00,0x00,0x00,0x00,
 556          0x00,0x00,0x00,0x00,0x00,0x00,0x00,0x10,0x20,0x00,0x00,0x00,0x00,0x00,0x00,0x08,
 557          0x08,0x00,0x00,0x00,0x00,0x00,0x00,0x08,0x04,0x00,0x00,0x00,0x00,0x00,0x00,0x00,
 558          0x00,0x00,0x00,0x00,0x00,0x20,0x20,0x00,0x00,0x00,0x00,0x00,0x00,0x08,0x08,0x00,
 559          0x00,0x00,0x00,0x00,0x00,0x08,0x02,0x00,0x00,0x00,0x00,0x00,0x00,0x00,0x00,0x00,
 560          0x00,0x00,0x00,0x40,0x20,0x00,0x00,0x00,0x00,0x00,0x00,0x08,0x08,0x00,0x00,0x00,
 561          0x00,0x00,0x00,0x08,0x01,0x80,0x00,0x00,0x00,0x00,0x00,0x00,0x00,0x00,0x00,0x00,
 562          0x01,0x80,0x20,0x00,0x00,0x00,0x00,0x00,0x00,0x08,0x04,0x00,0x00,0x00,0x00,0x00,
 563          0x00,0x10,0x00,0x7F,0xFF,0xFF,0xFF,0xFF,0xFF,0xFF,0xFF,0xFF,0xFF,0xFF,0xFE,0x00,
 564          0x10,0x00,0x00,0x00,0x00,0x00,0x00,0x10,0x02,0x00,0x00,0x00,0x00,0x00,0x00,0x20,
 565          0x00,0x00,0x00,0x00,0x00,0x00,0x00,0x00,0x00,0x00,0x00,0x00,0x00,0x00,0x10,0x00,
 566          0x00,0x00,0x00,0x00,0x00,0x10,0x01,0x00,0x00,0x00,0x00,0x00,0x00,0x40,0x00,0x00,
 567          0x00,0x00,0x00,0x00,0x00,0x00,0x00,0x00,0x00,0x00,0x00,0x00,0x08,0x00,0x00,0x00,
 568          0x00,0x00,0x00,0x20,0x00,0xC0,0x00,0x00,0x00,0x00,0x01,0x80,0x00,0x00,0x00,0x00,
 569          0x00,0x00,0x00,0x00,0x00,0x00,0x00,0x00,0x00,0x00,0x04,0x00,0x00,0x00,0x00,0x00,
 570          0x00,0x40,0x00,0x3F,0xFF,0xFF,0xFF,0xFF,0xFE,0x00,0x00,0x00,0x00,0x00,0x00,0x00,
 571          0x00,0x00,0x00,0x00,0x00,0x00,0x00,0x00,0x03,0x00,0x00,0x00,0x00,0x00,0x01,0x80,
 572          0x00,0x00,0x00,0x00,0x00,0x00,0x00,0x00,0x00,0x00,0x00,0x00,0x00,0x00,0x00,0x00,
 573          0x00,0x00,0x00,0x00,0x00,0x00,0x00,0xFF,0xFF,0xFF,0xFF,0xFF,0xFE,0x00,0x00,0x00,
 574          0x00,0x00,0x00,0x00,0x00,0x00,0x00,0x00,0x00,0x00,0x00,0x00,0x00,0x00,0x00,0x00,
 575          0x00,0x00,0x00,0x00,0x00,0x00,0x00,0x00,0x00,0x00,0x00,0x00,0x00,0x00,0x00,0x00,
 576          0x00,0x00,0x00,0x00,0x00,0x00,0x00,0x00,0x00,0x00,0x00,0x00,0x00,0x00,0x00,0x00,
 577          0x00,0x00,0x00,0x00,0x00,0x00,0x00,0x00,0x00,0x00,0x00,0x00,0x00,0x00,0x00,0x00,
 578          0x00,0x00,0x00,0x00,0x00,0x00,0x00,0x00,0x00,0x00,0x00,0x00,0x00,0x00,0x00,0x00,
 579          0x00,0x00,0x00,0x00,0x00,0x00,0x00,0x00,0x00,0x00,0x00,0x00,0x00,0x00,0x00,0x00,
 580          0x00,0x00,0x00,0x00,0x00,0x00,0x00,0x00,0x00,0x00,0x00,0x00,0x00,0x00,0x00,0x00,
 581          0x00,0x00,0x00,0x00,0x00,0x00,0x00,0x00,0x00,0x00,0x00,0x00,0x00,0x00,0x00,0x00,
 582          0x00,0x00,0x00,0x00,0x00,0x00,0x00,0x00,0x00,0x00,0x00,0x00,0x00,0x00,0x00,0x00,
 583          0x00,0x00,0x00,0x00,0x00,0x00,0x00,0x00,0x00,0x00,0x00,0x00,0x00,0x00,0x00,0x00,
 584          0x00,0x00,0x00,0x00,0x00,0x00,0x00,0x00,0x00,0x00,0x00,0x00,0x00,0x00,0x00,0x00,
 585          0x00,0x00,0x00,0x00,0x00,0x00,0x00,0x00,0x00,0x00,0x00,0x00,0x00,0x00,0x00,0x00,
 586          0x00,0x00,0x00,0x00,0x00,0x00,0x00,0x00,0x00,0x00,0x00,0x00,0x00,0x00,0x00,0x00,
 587          0x00,0x00,0x00,0x00,0x00,0x00,0x00,0x00,0x00,0x00,0x00,0x00,0x00,0x00,0x00,0x03,
 588          0xFF,0xFF,0xFF,0xFF,0xFF,0x80,0x00,0x00,0x00,0x00,0x00,0x00,0x00,0x00,0x00,0x1F,
 589          0xFF,0xFF,0xFF,0xFF,0xFC,0x00,0x00,0xFF,0xFF,0xFF,0xFF,0xFE,0x00,0x0C,0x00,0x00,
 590          0x00,0x00,0x00,0x60,0x00,0x1F,0xFF,0xFF,0xFF,0xFF,0xFC,0x00,0x00,0x60,0x00,0x00,
 591          0x00,0x00,0x03,0x00,0x03,0x00,0x00,0x00,0x00,0x01,0x80,0x10,0x00,0x00,0x00,0x00,
 592          0x00,0x10,0x00,0x60,0x00,0x00,0x00,0x00,0x03,0x00,0x00,0x80,0x00,0x00,0x00,0x00,
 593          0x00,0x80,0x04,0x00,0x04,0x02,0x01,0x00,0x40,0x20,0x00,0x42,0x02,0x00,0x00,0x08,
 594          0x00,0x80,0x00,0x00,0x00,0x00,0x00,0x80,0x01,0x00,0x00,0x01,0x00,0x00,0x00,0x40,
 595          0x08,0x00,0x04,0x01,0x3F,0x80,0x20,0x40,0x00,0x4F,0xC2,0x7F,0x00,0x04,0x01,0x00,
 596          0x00,0x01,0x00,0x00,0x00,0x40,0x02,0x00,0x00,0x03,0x80,0x00,0x00,0x20,0x10,0x00,
 597          0x7F,0xC7,0xA1,0x00,0x10,0x40,0x00,0x68,0x82,0x08,0x00,0x04,0x02,0x00,0x00,0x03,
 598          0x80,0x00,0x00,0x20,0x02,0x00,0x00,0x07,0xC0,0x00,0x00,0x20,0x10,0x00,0x44,0x40,
 599          0xA5,0x00,0x10,0x80,0x00,0x85,0x0A,0x88,0x00,0x02,0x02,0x00,0x00,0x07,0xC0,0x00,
 600          0x00,0x20,0x04,0x00,0x00,0x0F,0xE0,0x00,0x00,0x10,0x20,0x00,0x44,0x41,0x25,0x00,
 601          0x08,0x80,0x01,0xFF,0xEB,0x08,0x00,0x02,0x04,0x00,0x00,0x0F,0xE0,0x00,0x00,0x10,
 602          0x04,0x00,0x00,0x1F,0xF0,0x00,0x00,0x10,0x20,0x00,0x7F,0xC3,0xA5,0x00,0x08,0x80,
 603          0x00,0x48,0x4A,0x08,0x00,0x02,0x04,0x00,0x00,0x1F,0xF0,0x00,0x00,0x10,0x04,0x00,
 604          0x00,0x3F,0xF8,0x00,0x00,0x10,0x20,0x00,0x44,0x45,0x65,0x00,0x08,0x80,0x00,0x4F,
 605          0xC2,0x08,0x00,0x02,0x04,0x00,0x00,0x3F,0xF8,0x00,0x00,0x10,0x04,0x00,0x00,0x7F,
 606          0xFC,0x00,0x00,0x10,0x20,0x00,0x44,0x41,0x25,0x00,0x08,0x80,0x01,0xE8,0x42,0x08,
 607          0x00,0x02,0x04,0x00,0x00,0x7F,0xFC,0x00,0x00,0x10,0x04,0x00,0x00,0xFF,0xFE,0x00,
 608          0x00,0x10,0x20,0x00,0x7F,0xC1,0x0C,0x00,0x08,0x80,0x00,0x4F,0xC3,0x08,0x00,0x02,
 609          0x04,0x00,0x00,0xFF,0xFE,0x00,0x00,0x10,0x04,0x00,0x01,0xFF,0xFF,0x00,0x00,0x10,
 610          0x20,0x00,0x04,0x11,0x14,0x80,0x08,0x80,0x00,0x45,0x04,0x88,0x00,0x02,0x04,0x00,
 611          0x01,0xFF,0xFF,0x00,0x00,0x10,0x04,0x00,0x03,0xFF,0xFF,0x80,0x00,0x10,0x20,0x00,
 612          0x04,0x11,0x24,0x80,0x08,0x80,0x00,0x69,0x24,0x48,0x00,0x02,0x04,0x00,0x03,0xFF,
C51 COMPILER V9.60.7.0   PICTURE                                                           10/15/2024 10:53:23 PAGE 11  

 613          0xFF,0x80,0x00,0x10,0x04,0x00,0x07,0xFF,0xFF,0xC0,0x00,0x10,0x20,0x00,0x03,0xF1,
 614          0x43,0x80,0x08,0x80,0x00,0x50,0xE8,0x18,0x00,0x02,0x04,0x00,0x07,0xFF,0xFF,0xC0,
 615          0x00,0x10,0x04,0x00,0x0F,0xFF,0xFF,0xE0,0x00,0x10,0x20,0x00,0x00,0x00,0x00,0x00,
 616          0x08,0x80,0x00,0x00,0x00,0x00,0x00,0x02,0x04,0x00,0x0F,0xFF,0xFF,0xE0,0x00,0x10,
 617          0x04,0x00,0x00,0x00,0x00,0x00,0x00,0x10,0x20,0x00,0x00,0x00,0x00,0x00,0x08,0x80,
 618          0x00,0x00,0x00,0x00,0x00,0x02,0x04,0x00,0x00,0x00,0x00,0x00,0x00,0x10,0x04,0x00,
 619          0x00,0x00,0x00,0x00,0x00,0x10,0x20,0x00,0x00,0x00,0x00,0x00,0x08,0x80,0x00,0x00,
 620          0x00,0x00,0x00,0x02,0x04,0x00,0x00,0x00,0x00,0x00,0x00,0x10,0x04,0x00,0x08,0x00,
 621          0x40,0x20,0x00,0x10,0x20,0x00,0x00,0x00,0x00,0x00,0x08,0x80,0x00,0x00,0x00,0x00,
 622          0x00,0x02,0x04,0x00,0x08,0x00,0x40,0x20,0x00,0x10,0x04,0x01,0xFF,0xC2,0x40,0x27,
 623          0xF0,0x10,0x20,0x00,0x01,0xF7,0x70,0x00,0x08,0x81,0xDD,0xF7,0xCF,0x86,0x3E,0x02,
 624          0x04,0x01,0xFF,0xC2,0x40,0x27,0xF0,0x10,0x04,0x01,0x00,0x01,0x40,0x20,0x80,0x10,
 625          0x20,0x00,0x01,0x52,0x20,0x00,0x08,0x80,0xD8,0x42,0x24,0x49,0x11,0x02,0x04,0x01,
 626          0x00,0x01,0x40,0x20,0x80,0x10,0x04,0x01,0x08,0x08,0x40,0xA8,0x80,0x10,0x20,0x00,
 627          0x00,0x42,0x20,0x00,0x08,0x80,0xD8,0x42,0x24,0x50,0x91,0x02,0x04,0x01,0x08,0x08,
 628          0x40,0xA8,0x80,0x10,0x04,0x01,0x08,0x04,0x40,0xB0,0x80,0x10,0x20,0x00,0x00,0x41,
 629          0x40,0x00,0x08,0x80,0xD8,0x43,0xC7,0x90,0x9E,0x02,0x04,0x01,0x08,0x04,0x40,0xB0,
 630          0x80,0x10,0x04,0x01,0xFF,0xC0,0x40,0xA0,0x80,0x10,0x20,0x00,0x00,0x41,0x40,0x00,
 631          0x08,0x80,0xA8,0x42,0x85,0x10,0x94,0x02,0x04,0x01,0xFF,0xC0,0x40,0xA0,0x80,0x10,
 632          0x04,0x01,0x0C,0x1F,0xFE,0x20,0x80,0x10,0x10,0x00,0x00,0x41,0x40,0x00,0x10,0x40,
 633          0xA8,0x42,0x44,0x90,0x92,0x04,0x04,0x01,0x0C,0x1F,0xFE,0x20,0x80,0x10,0x04,0x01,
 634          0x1A,0x00,0x40,0x20,0x80,0x10,0x10,0x00,0x00,0x41,0x40,0x00,0x10,0x40,0xA8,0x42,
 635          0x44,0x90,0x92,0x04,0x04,0x01,0x1A,0x00,0x40,0x20,0x80,0x10,0x04,0x01,0x29,0x00,
 636          0xA0,0x30,0x80,0x10,0x08,0x00,0x00,0x40,0x80,0x00,0x20,0x20,0xA8,0x42,0x24,0x49,
 637          0x11,0x08,0x04,0x01,0x29,0x00,0xA0,0x30,0x80,0x10,0x04,0x01,0x48,0x81,0x10,0x48,
 638          0x80,0x10,0x04,0x00,0x00,0xE0,0x80,0x00,0x40,0x11,0xAD,0xF7,0x3E,0x66,0x39,0x90,
 639          0x04,0x01,0x48,0x81,0x10,0x48,0x80,0x10,0x04,0x02,0x88,0x42,0x0C,0x44,0x80,0x10,
 640          0x03,0x00,0x00,0x00,0x00,0x01,0x80,0x0C,0x00,0x00,0x00,0x00,0x00,0x60,0x04,0x02,
 641          0x88,0x42,0x0C,0x44,0x80,0x10,0x04,0x02,0x08,0x0C,0x04,0x81,0x80,0x10,0x00,0xFF,
 642          0xFF,0xFF,0xFF,0xFE,0x00,0x03,0xFF,0xFF,0xFF,0xFF,0xFF,0x80,0x04,0x02,0x08,0x0C,
 643          0x04,0x81,0x80,0x10,0x04,0x00,0x00,0x00,0x00,0x00,0x00,0x10,0x00,0x00,0x00,0x00,
 644          0x00,0x00,0x00,0x00,0x00,0x00,0x00,0x00,0x00,0x00,0x04,0x00,0x00,0x00,0x00,0x00,
 645          0x00,0x10,0x04,0x00,0x00,0x00,0x00,0x00,0x00,0x10,0x00,0x00,0x00,0x00,0x00,0x00,
 646          0x00,0x00,0x00,0x00,0x00,0x00,0x00,0x00,0x04,0x00,0x00,0x00,0x00,0x00,0x00,0x10,
 647          0x04,0x00,0x00,0x00,0x00,0x00,0x00,0x10,0x00,0xFF,0xFF,0xFF,0xFF,0xFE,0x00,0x00,
 648          0xFF,0xFF,0xFF,0xFF,0xFF,0x80,0x04,0x00,0x00,0x00,0x00,0x00,0x00,0x10,0x04,0x00,
 649          0x00,0x00,0x00,0x00,0x00,0x10,0x03,0x00,0x00,0x80,0x40,0x01,0x80,0x03,0x00,0x00,
 650          0x00,0x00,0x00,0x60,0x04,0x00,0x00,0x00,0x00,0x00,0x00,0x10,0x04,0x00,0x00,0x00,
 651          0x00,0x00,0x00,0x10,0x04,0x00,0x1F,0xFC,0x4F,0xE0,0x40,0x04,0x02,0x20,0x21,0x01,
 652          0x00,0x10,0x04,0x00,0x00,0x00,0x00,0x00,0x00,0x10,0x04,0x00,0x00,0x00,0x00,0x00,
 653          0x00,0x10,0x08,0x00,0x12,0x00,0x41,0x00,0x20,0x08,0x1F,0xFE,0x21,0x01,0x3F,0x88,
 654          0x04,0x00,0x00,0x00,0x00,0x00,0x00,0x10,0x04,0x00,0x00,0x00,0x00,0x00,0x00,0x10,
 655          0x10,0x00,0x17,0xBD,0x51,0x00,0x10,0x10,0x02,0x20,0x25,0x01,0x04,0x04,0x04,0x00,
 656          0x00,0x00,0x00,0x00,0x00,0x10,0x04,0x00,0x03,0xE7,0xEF,0x00,0x00,0x10,0x10,0x00,
 657          0x14,0xA5,0x61,0x00,0x10,0x10,0x08,0x80,0x25,0x65,0x44,0x04,0x04,0x00,0x03,0xE7,
 658          0xEF,0x00,0x00,0x10,0x04,0x00,0x01,0x12,0x24,0x80,0x00,0x10,0x20,0x00,0x17,0xA9,
 659          0x41,0x00,0x08,0x20,0x04,0xF8,0xF5,0xA5,0x84,0x02,0x04,0x00,0x01,0x12,0x24,0x80,
 660          0x00,0x10,0x04,0x00,0x01,0x12,0x04,0x40,0x00,0x10,0x20,0x00,0x14,0xB0,0x41,0x00,
 661          0x08,0x20,0x11,0x48,0x27,0x25,0x04,0x02,0x04,0x00,0x01,0x12,0x04,0x40,0x00,0x10,
 662          0x04,0x00,0x01,0xE2,0x44,0x40,0x00,0x10,0x20,0x00,0x17,0xA8,0x41,0x00,0x08,0x20,
 663          0x08,0x30,0x2D,0x21,0x04,0x02,0x04,0x00,0x01,0xE2,0x44,0x40,0x00,0x10,0x04,0x00,
 664          0x01,0x13,0xC4,0x40,0x00,0x10,0x20,0x00,0x14,0x24,0x61,0x00,0x08,0x20,0x04,0xC8,
 665          0x25,0x21,0x04,0x02,0x04,0x00,0x01,0x13,0xC4,0x40,0x00,0x10,0x04,0x00,0x01,0x12,
 666          0x44,0x40,0x00,0x10,0x20,0x00,0x15,0xB4,0x91,0x00,0x08,0x20,0x1B,0xFE,0x25,0xC1,
 667          0x84,0x02,0x04,0x00,0x01,0x12,0x44,0x40,0x00,0x10,0x04,0x00,0x01,0x12,0x04,0x40,
 668          0x00,0x10,0x20,0x00,0x26,0xA8,0x89,0x00,0x08,0x20,0x08,0x88,0x35,0x12,0x44,0x02,
 669          0x04,0x00,0x01,0x12,0x04,0x40,0x00,0x10,0x04,0x00,0x01,0x12,0x24,0x80,0x00,0x10,
 670          0x20,0x00,0x20,0x21,0x03,0x00,0x08,0x20,0x08,0x88,0xC4,0x12,0x24,0x02,0x04,0x00,
 671          0x01,0x12,0x24,0x80,0x00,0x10,0x04,0x00,0x03,0xE7,0xEF,0x00,0x00,0x10,0x20,0x00,
 672          0x00,0x00,0x00,0x00,0x08,0x20,0x08,0xF8,0x03,0xF4,0x0C,0x02,0x04,0x00,0x03,0xE7,
 673          0xEF,0x00,0x00,0x10,0x04,0x00,0x00,0x00,0x00,0x00,0x00,0x10,0x20,0x00,0x00,0x00,
 674          0x00,0x00,0x08,0x20,0x00,0x00,0x00,0x00,0x00,0x02,0x04,0x00,0x00,0x00,0x00,0x00,
C51 COMPILER V9.60.7.0   PICTURE                                                           10/15/2024 10:53:23 PAGE 12  

 675          0x00,0x10,0x04,0x00,0x00,0x00,0x00,0x00,0x00,0x10,0x20,0x00,0x00,0x00,0x00,0x00,
 676          0x08,0x20,0x00,0x00,0x00,0x00,0x00,0x02,0x04,0x00,0x00,0x00,0x00,0x00,0x00,0x10,
 677          0x04,0x00,0x0F,0xFF,0xFF,0xE0,0x00,0x10,0x20,0x07,0xEF,0x86,0x3B,0xBE,0x08,0x20,
 678          0x00,0x00,0x00,0x00,0x00,0x02,0x04,0x00,0x0F,0xFF,0xFF,0xE0,0x00,0x10,0x04,0x00,
 679          0x07,0xFF,0xFF,0xC0,0x00,0x10,0x20,0x02,0x24,0x49,0x19,0x2A,0x08,0x20,0x0F,0xDC,
 680          0x0C,0x18,0xF8,0x02,0x04,0x00,0x07,0xFF,0xFF,0xC0,0x00,0x10,0x04,0x00,0x03,0xFF,
 681          0xFF,0x80,0x00,0x10,0x20,0x02,0x04,0x50,0x99,0x08,0x08,0x20,0x04,0x48,0x12,0x24,
 682          0x44,0x02,0x04,0x00,0x03,0xFF,0xFF,0x80,0x00,0x10,0x04,0x00,0x01,0xFF,0xFF,0x00,
 683          0x00,0x10,0x20,0x02,0x47,0x90,0x95,0x08,0x08,0x20,0x04,0x08,0x21,0x42,0x44,0x02,
 684          0x04,0x00,0x01,0xFF,0xFF,0x00,0x00,0x10,0x04,0x00,0x00,0xFF,0xFE,0x00,0x00,0x10,
 685          0x20,0x03,0xC5,0x10,0x95,0x08,0x08,0x20,0x04,0x88,0x21,0x42,0x78,0x02,0x04,0x00,
 686          0x00,0xFF,0xFE,0x00,0x00,0x10,0x04,0x00,0x00,0x7F,0xFC,0x00,0x00,0x10,0x20,0x02,
 687          0x44,0x90,0x95,0x08,0x08,0x20,0x07,0x88,0x21,0x42,0x50,0x02,0x04,0x00,0x00,0x7F,
 688          0xFC,0x00,0x00,0x10,0x04,0x00,0x00,0x3F,0xF8,0x00,0x00,0x10,0x10,0x02,0x04,0x90,
 689          0x93,0x08,0x10,0x10,0x04,0x88,0x21,0x42,0x48,0x04,0x04,0x00,0x00,0x3F,0xF8,0x00,
 690          0x00,0x10,0x04,0x00,0x00,0x1F,0xF0,0x00,0x00,0x10,0x10,0x02,0x04,0x49,0x13,0x08,
 691          0x10,0x10,0x04,0x08,0x21,0x42,0x48,0x04,0x04,0x00,0x00,0x1F,0xF0,0x00,0x00,0x10,
 692          0x02,0x00,0x00,0x0F,0xE0,0x00,0x00,0x20,0x08,0x07,0x0E,0x66,0x39,0x1C,0x20,0x08,
 693          0x04,0x08,0x92,0x24,0x44,0x08,0x02,0x00,0x00,0x0F,0xE0,0x00,0x00,0x20,0x02,0x00,
 694          0x00,0x07,0xC0,0x00,0x00,0x20,0x04,0x00,0x00,0x00,0x00,0x00,0x40,0x04,0x0E,0x1F,
 695          0x8C,0x18,0xE6,0x10,0x02,0x00,0x00,0x07,0xC0,0x00,0x00,0x20,0x01,0x00,0x00,0x03,
 696          0x80,0x00,0x00,0x40,0x03,0x00,0x00,0x00,0x00,0x01,0x80,0x03,0x00,0x00,0x00,0x00,
 697          0x00,0x60,0x01,0x00,0x00,0x03,0x80,0x00,0x00,0x40,0x00,0x80,0x00,0x01,0x00,0x00,
 698          0x00,0x80,0x00,0xFF,0xFF,0xFF,0xFF,0xFE,0x00,0x00,0xFF,0xFF,0xFF,0xFF,0xFF,0x80,
 699          0x00,0x80,0x00,0x01,0x00,0x00,0x00,0x80,0x00,0x60,0x00,0x00,0x00,0x00,0x03,0x00,
 700          0x00,0x00,0x00,0x00,0x00,0x00,0x00,0x00,0x00,0x00,0x00,0x00,0x00,0x00,0x00,0x60,
 701          0x00,0x00,0x00,0x00,0x03,0x00,0x00,0x1F,0xFF,0xFF,0xFF,0xFF,0xFC,0x00,0x00,0x00,
 702          0x00,0x00,0x00,0x00,0x00,0x00,0x00,0x00,0x00,0x00,0x00,0x00,0x00,0x1F,0xFF,0xFF,
 703          0xFF,0xFF,0xFC,0x00,0x00,0x00,0x00,0x00,0x00,0x00,0x00,0x00,0x00,0x00,0x00,0x00,
 704          0x00,0x00,0x00,0x00,0x00,0x00,0x00,0x00,0x00,0x00,0x00,0x00,0x00,0x00,0x00,0x00,
 705          0x00,0x00,0x00,0x00,0x00,0x00,0x00,0x00,0x00,0x00,0x00,0x00,0x00,0x00,0x00,0x00,
 706          0x00,0x00,0x00,0x00,0x00,0x00,0x00,0x00,0x00,0x00,0x00,0x00,0x00,0x00,0x00,0x00
 707          
 708          };  
 709          
 710          
 711          
 712          unsigned char code EnglishCode[]={
 713          
 714          
 715          0x20, // 字符001: [ ] (空格)
 716          0x2A, // 字符002: [*]
 717          0x2D, // 字符003: [-]
 718          0x2E, // 字符004: [.]
 719          0x30, // 字符005: [0]
 720          0x31, // 字符006: [1]
 721          0x32, // 字符007: [2]
 722          0x34, // 字符008: [4]
 723          0x38, // 字符009: [8]
 724          0x3A, // 字符010: [:]
 725          0x42, // 字符011: [B]
 726          0x47, // 字符012: [G]
 727          0x48, // 字符013: [H]
 728          0x53, // 字符014: [S]
 729          0x59, // 字符015: [Y]
 730          0x61, // 字符016: [a]
 731          0x63, // 字符017: [c]
 732          0x64, // 字符018: [d]
 733          0x65, // 字符019: [e]
 734          0x67, // 字符020: [g]
 735          0x68, // 字符021：[h]
 736          0x69, // 字符022: [i]
C51 COMPILER V9.60.7.0   PICTURE                                                           10/15/2024 10:53:23 PAGE 13  

 737          0x6C, // 字符023: [l]
 738          0x6D, // 字符024: [m]
 739          0x6F, // 字符025: [o]
 740          0x70, // 字符026: [p]
 741          0x72, // 字符027: [r]
 742          0x73, // 字符028: [s]
 743          0x75, // 字符029: [u]
 744          0x79, // 字符030: [y]
 745          0x7a  // 字符031: [z]
 746          
 747          
 748          };
 749          
 750          unsigned char code EnglishCharDot[]={
 751          
 752          
 753          /*-- ID:0,字符:" ",ASCII编码:20,对应字:宽x高=8x16,画布:宽W=8 高H=16,共16字节*/
 754          0x00,0x00,0x00,0x00,0x00,0x00,0x00,0x00,0x00,0x00,0x00,0x00,0x00,0x00,0x00,0x00,
 755          
 756          /*-- ID:43,字符:"*",ASCII编码:2A,对应字:宽x高=8x16,画布:宽W=8 高H=16,共16字节*/
 757          0x00,0x00,0x00,0x10,0x10,0xD6,0x38,0x38,0xD6,0x10,0x10,0x00,0x00,0x00,0x00,0x00,
 758          
 759          /*-- ID:0,字符:"-",ASCII编码:2D,对应字:宽x高=8x16,画布:宽W=8 高H=16,共16字节*/
 760          0x00,0x00,0x00,0x00,0x00,0x00,0x00,0x7E,0x00,0x00,0x00,0x00,0x00,0x00,0x00,0x00,
 761          
 762          /*-- ID:0,字符:".",ASCII编码:2E,对应字:宽x高=8x16,画布:宽W=8 高H=16,共16字节*/
 763          0x00,0x00,0x00,0x00,0x00,0x00,0x00,0x00,0x00,0x00,0x00,0x60,0x60,0x00,0x00,0x00,
 764          
 765          /*-- ID:0,字符:"0",ASCII编码:30,对应字:宽x高=8x16,画布:宽W=8 高H=16,共16字节*/
 766          0x00,0x00,0x18,0x24,0x42,0x42,0x42,0x42,0x42,0x42,0x42,0x24,0x18,0x00,0x00,0x00,
 767          
 768          /*-- ID:1,字符:"1",ASCII编码:31,对应字:宽x高=8x16,画布:宽W=8 高H=16,共16字节*/
 769          0x00,0x00,0x08,0x38,0x08,0x08,0x08,0x08,0x08,0x08,0x08,0x08,0x3E,0x00,0x00,0x00,
 770          
 771          /*-- ID:2,字符:"2",ASCII编码:32,对应字:宽x高=8x16,画布:宽W=8 高H=16,共16字节*/
 772          0x00,0x00,0x3C,0x42,0x42,0x42,0x02,0x04,0x08,0x10,0x20,0x42,0x7E,0x00,0x00,0x00,
 773          
 774          /*-- ID:3,字符:"4",ASCII编码:34,对应字:宽x高=8x16,画布:宽W=8 高H=16,共16字节*/
 775          0x00,0x00,0x04,0x0C,0x0C,0x14,0x24,0x24,0x44,0x7F,0x04,0x04,0x1F,0x00,0x00,0x00,
 776          
 777          /*-- ID:4,字符:"8",ASCII编码:38,对应字:宽x高=8x16,画布:宽W=8 高H=16,共16字节*/
 778          0x00,0x00,0x3C,0x42,0x42,0x42,0x24,0x18,0x24,0x42,0x42,0x42,0x3C,0x00,0x00,0x00,
 779          
 780          /*-- ID:0,字符:":",ASCII编码:3A,对应字:宽x高=8x16,画布:宽W=8 高H=16,共16字节*/
 781          0x00,0x00,0x00,0x00,0x00,0x18,0x18,0x00,0x00,0x00,0x00,0x18,0x18,0x00,0x00,0x00,
 782          
 783          /*-- ID:0,字符:"B",ASCII编码:42,对应字:宽x高=8x16,画布:宽W=8 高H=16,共16字节*/
 784          0x00,0x00,0xF8,0x44,0x44,0x44,0x78,0x44,0x42,0x42,0x42,0x44,0xF8,0x00,0x00,0x00,
 785          
 786          /*-- ID:1,字符:"G",ASCII编码:47,对应字:宽x高=8x16,画布:宽W=8 高H=16,共16字节*/
 787          0x00,0x00,0x3C,0x44,0x44,0x80,0x80,0x80,0x8E,0x84,0x44,0x44,0x38,0x00,0x00,0x00,
 788          
 789          /*-- ID:2,字符:"H",ASCII编码:48,对应字:宽x高=8x16,画布:宽W=8 高H=16,共16字节*/
 790          0x00,0x00,0xE7,0x42,0x42,0x42,0x42,0x7E,0x42,0x42,0x42,0x42,0xE7,0x00,0x00,0x00,
 791          
 792          /*-- ID:3,字符:"S",ASCII编码:53,对应字:宽x高=8x16,画布:宽W=8 高H=16,共16字节*/
 793          0x00,0x00,0x3E,0x42,0x42,0x40,0x20,0x18,0x04,0x02,0x42,0x42,0x7C,0x00,0x00,0x00,
 794          
 795          
 796          /*-- ID:4,字符:"Y",ASCII编码:59,对应字:宽x高=8x16,画布:宽W=8 高H=16,共16字节*/
 797          0x00,0x00,0xEE,0x44,0x44,0x28,0x28,0x10,0x10,0x10,0x10,0x10,0x38,0x00,0x00,0x00,
 798          
C51 COMPILER V9.60.7.0   PICTURE                                                           10/15/2024 10:53:23 PAGE 14  

 799          /*-- ID:5,字符:"a",ASCII编码:61,对应字:宽x高=8x16,画布:宽W=8 高H=16,共16字节*/
 800          0x00,0x00,0x00,0x00,0x00,0x00,0x38,0x44,0x0C,0x34,0x44,0x4C,0x36,0x00,0x00,0x00,
 801          
 802          /*-- ID:6,字符:"c",ASCII编码:63,对应字:宽x高=8x16,画布:宽W=8 高H=16,共16字节*/
 803          0x00,0x00,0x00,0x00,0x00,0x00,0x1C,0x22,0x40,0x40,0x40,0x22,0x1C,0x00,0x00,0x00,
 804          
 805          /*-- ID:7,字符:"d",ASCII编码:64,对应字:宽x高=8x16,画布:宽W=8 高H=16,共16字节*/
 806          0x00,0x00,0x00,0x06,0x02,0x02,0x3E,0x42,0x42,0x42,0x42,0x46,0x3B,0x00,0x00,0x00,
 807          
 808          /*-- ID:8,字符:"e",ASCII编码:65,对应字:宽x高=8x16,画布:宽W=8 高H=16,共16字节*/
 809          0x00,0x00,0x00,0x00,0x00,0x00,0x3C,0x42,0x42,0x7E,0x40,0x42,0x3C,0x00,0x00,0x00,
 810          
 811          /*-- ID:9,字符:"g",ASCII编码:67,对应字:宽x高=8x16,画布:宽W=8 高H=16,共16字节*/
 812          0x00,0x00,0x00,0x00,0x00,0x00,0x3E,0x44,0x44,0x38,0x40,0x3C,0x42,0x42,0x3C,0x00,
 813          
 814          /*-- ID:0,字符:"h",ASCII编码:68,对应字:宽x高=8x16,画布:宽W=8 高H=16,共16字节*/
 815          0x00,0x00,0x00,0xC0,0x40,0x40,0x5C,0x62,0x42,0x42,0x42,0x42,0xE7,0x00,0x00,0x00,
 816          
 817          /*-- ID:10,字符:"i",ASCII编码:69,对应字:宽x高=8x16,画布:宽W=8 高H=16,共16字节*/
 818          0x00,0x00,0x30,0x30,0x00,0x00,0x70,0x10,0x10,0x10,0x10,0x10,0x7C,0x00,0x00,0x00,
 819          
 820          /*-- ID:11,字符:"l",ASCII编码:6C,对应字:宽x高=8x16,画布:宽W=8 高H=16,共16字节*/
 821          0x00,0x00,0x10,0x70,0x10,0x10,0x10,0x10,0x10,0x10,0x10,0x10,0x7C,0x00,0x00,0x00,
 822          
 823          /*-- ID:12,字符:"m",ASCII编码:6D,对应字:宽x高=8x16,画布:宽W=8 高H=16,共16字节*/
 824          0x00,0x00,0x00,0x00,0x00,0x00,0xFE,0x49,0x49,0x49,0x49,0x49,0xED,0x00,0x00,0x00,
 825          
 826          /*-- ID:13,字符:"o",ASCII编码:6F,对应字:宽x高=8x16,画布:宽W=8 高H=16,共16字节*/
 827          0x00,0x00,0x00,0x00,0x00,0x00,0x3C,0x42,0x42,0x42,0x42,0x42,0x3C,0x00,0x00,0x00,
 828          
 829          /*-- ID:14,字符:"p",ASCII编码:70,对应字:宽x高=8x16,画布:宽W=8 高H=16,共16字节*/
 830          0x00,0x00,0x00,0x00,0x00,0x00,0xD8,0x64,0x42,0x42,0x42,0x64,0x58,0x40,0xE0,0x00,
 831          
 832          /*-- ID:15,字符:"r",ASCII编码:72,对应字:宽x高=8x16,画布:宽W=8 高H=16,共16字节*/
 833          0x00,0x00,0x00,0x00,0x00,0x00,0xEE,0x32,0x20,0x20,0x20,0x20,0xF8,0x00,0x00,0x00,
 834          
 835          /*-- ID:16,字符:"s",ASCII编码:73,对应字:宽x高=8x16,画布:宽W=8 高H=16,共16字节*/
 836          0x00,0x00,0x00,0x00,0x00,0x00,0x3E,0x42,0x40,0x3C,0x02,0x42,0x7C,0x00,0x00,0x00,
 837          
 838          /*-- ID:1,字符:"u",ASCII编码:75,对应字:宽x高=8x16,画布:宽W=8 高H=16,共16字节*/
 839          0x00,0x00,0x00,0x00,0x00,0x00,0xC6,0x42,0x42,0x42,0x42,0x46,0x3B,0x00,0x00,0x00,
 840          
 841          /*-- ID:17,字符:"y",ASCII编码:79,对应字:宽x高=8x16,画布:宽W=8 高H=16,共16字节*/
 842          0x00,0x00,0x00,0x00,0x00,0x00,0xE7,0x42,0x24,0x24,0x18,0x18,0x10,0x10,0x60,0x00,
 843          
 844          /*-- ID:0,字符:"z",ASCII编码:7A,对应字:宽x高=8x16,画布:宽W=8 高H=16,共16字节*/
 845          0x00,0x00,0x00,0x00,0x00,0x00,0x7E,0x44,0x08,0x10,0x10,0x22,0x7E,0x00,0x00,0x00,
 846          
 847          
 848                  
 849          };
 850          
 851          
 852          


MODULE INFORMATION:   STATIC OVERLAYABLE
   CODE SIZE        =   ----    ----
   CONSTANT SIZE    =   8943    ----
   XDATA SIZE       =   ----    ----
   PDATA SIZE       =   ----    ----
   DATA SIZE        =   ----    ----
C51 COMPILER V9.60.7.0   PICTURE                                                           10/15/2024 10:53:23 PAGE 15  

   IDATA SIZE       =   ----    ----
   BIT SIZE         =   ----    ----
END OF MODULE INFORMATION.


C51 COMPILATION COMPLETE.  0 WARNING(S),  0 ERROR(S)
