C51 COMPILER V9.60.7.0   MAIN                                                              11/15/2024 20:48:56 PAGE 1   


C51 COMPILER V9.60.7.0, COMPILATION OF MODULE MAIN
OBJECT MODULE PLACED IN .\Objects\main.obj
COMPILER INVOKED BY: D:\KEIL_STM32\C51\BIN\C51.EXE main.c OPTIMIZE(8,SPEED) BROWSE DEBUG OBJECTEXTEND PRINT(.\Listings\m
                    -ain.lst) OBJECT(.\Objects\main.obj)

line level    source

   1          #include <REGX52.H>
   2          #include "LCD4002.h"
   3                  unsigned char mode;
   4                  unsigned char data pattern1[8] = {0x15, 0x0A, 0x15, 0x0A, 0x15, 0x0A, 0x15}; // 棋盘
   5                  unsigned char data pattern2[8] = {0x0A, 0x15, 0x0A, 0x15, 0x0A, 0x15, 0x0A};    
   6                  unsigned char data pattern3[8] = {0x15, 0x15, 0x15, 0x15, 0x15, 0x15, 0x15, 0x15}; //竖线
   7              unsigned char data pattern4[8] = {0x0A, 0x0A, 0x0A, 0x0A, 0x0A, 0x0A, 0x0A, 0x0A}; 
   8              unsigned char data pattern5[8] = {0x1F, 0x00, 0x1F, 0x00, 0x1F, 0x00, 0x1F, 0x00};//横线 
   9                  unsigned char data pattern6[8] = {0x00, 0x1F, 0x00, 0x1F, 0x00, 0x1F, 0x00, 0x1F};      
  10                  unsigned char data pattern7[8] = {0x00, 0x15, 0x00, 0x15, 0x00, 0x15, 0x00, 0x15}; //麻点
  11                  
  12                  
  13          
  14          int main() 
  15          {
  16   1              
  17   1              LCD_Init(); 
  18   1              LCD_Clear();
  19   1      
  20   1              displayCustomCharacter1(pattern1); // 显示棋盘
  21   1              Delay(80); 
  22   1              displayCustomCharacter1(pattern2); 
  23   1              Delay(80); 
  24   1              displayCustomCharacter1(pattern3); // 显示竖线
  25   1              Delay(80); 
  26   1              displayCustomCharacter1(pattern4); 
  27   1              Delay(80); 
  28   1              displayCustomCharacter1(pattern5); // 显示横线
  29   1              Delay(80); 
  30   1              displayCustomCharacter1(pattern6); 
  31   1              Delay(80); 
  32   1              displayCustomCharacter1(pattern7); // 显示麻点
  33   1              Delay(80); 
  34   1              write_CGROM(0x21);//内置
  35   1              Delay(80);
  36   1              write_CGROM(0xA1);//内置
  37   1              Delay(80);
  38   1              Write_DDRAM(0xCE);//内置字符
  39   1              Delay(80);
  40   1              LCD_Clear();
  41   1              LCD_ShowString(1,15,"LCM4002_01");
  42   1              LCD_ShowString(0,12,"YeHuiDisplay.com");
  43   1                              
  44   1      while (1) 
  45   1      {
  46   2      
  47   2                      if (ReadKey1()) 
  48   2                {  
  49   3                      LCD_Clear();
  50   3                      mode++;
  51   3                      mode %= 10;                     
  52   3                      switch (mode) 
  53   3                {
  54   4              case 0:            
C51 COMPILER V9.60.7.0   MAIN                                                              11/15/2024 20:48:56 PAGE 2   

  55   4                              displayCustomCharacter1(pattern1); 
  56   4                  break;
  57   4              case 1:
  58   4                  displayCustomCharacter1(pattern2);  
  59   4                  break;
  60   4              case 2:
  61   4                  displayCustomCharacter1(pattern3); 
  62   4                  break;
  63   4              case 3:
  64   4                 displayCustomCharacter1(pattern4);  
  65   4                  break;
  66   4              case 4:
  67   4                  displayCustomCharacter1(pattern5);  
  68   4                  break;
  69   4              case 5:
  70   4                  displayCustomCharacter1(pattern6);  
  71   4                  break;
  72   4                      case 6:
  73   4                              displayCustomCharacter1(pattern7);
  74   4                              break;
  75   4                      case 7:
  76   4                              write_CGROM(0x21); 
  77   4                         break;
  78   4                      case 8:
  79   4                              write_CGROM(0xA1); 
  80   4                         break;
  81   4                      case 9:
  82   4                              Write_DDRAM(0xFF); 
  83   4                         break;
  84   4      
  85   4          
  86   4                      }
  87   3              }                       
  88   2      }
  89   1      
  90   1              }


MODULE INFORMATION:   STATIC OVERLAYABLE
   CODE SIZE        =    327    ----
   CONSTANT SIZE    =     28    ----
   XDATA SIZE       =   ----    ----
   PDATA SIZE       =   ----    ----
   DATA SIZE        =     57    ----
   IDATA SIZE       =   ----    ----
   BIT SIZE         =   ----    ----
END OF MODULE INFORMATION.


C51 COMPILATION COMPLETE.  0 WARNING(S),  0 ERROR(S)
