C51 COMPILER V9.60.7.0   PICTURE                                                           11/21/2024 17:05:42 PAGE 1   


C51 COMPILER V9.60.7.0, COMPILATION OF MODULE PICTURE
OBJECT MODULE PLACED IN .\Objects\picture.obj
COMPILER INVOKED BY: D:\KEIL_STM32\C51\BIN\C51.EXE picture.c OPTIMIZE(8,SPEED) BROWSE DEBUG OBJECTEXTEND PRINT(.\Listing
                    -s\picture.lst) OBJECT(.\Objects\picture.obj)

line level    source

   1          unsigned char code ft[]=
   2          {
   3          
   4          /* [×Ö¿â]£º[HZK1616ËÎÌå] [Êý¾ÝÅÅÁÐ]:´Ó×óµ½ÓÒ´ÓÉÏµ½ÏÂ [È¡Ä£·½Ê½]:×ÝÏò8µãÏÂ¸ßÎ» [Õý¸º·´É«]:·ñ [È¥µôÖØ¸´ºó]¹²
             -10¸ö×Ö·û
   5          [×Ü×Ö·û¿â]£º"¹ã¶«ìÇ»Ô¿Æ¼¼ÓÐÏÞ¹«Ë¾"*/
   6          
   7          /*-- ID:0,×Ö·û:"¹ã",ASCII±àÂë:B9E3,¶ÔÓ¦×Ö:¿íx¸ß=16x16,»­²¼:¿íW=16 ¸ßH=16,¹²32×Ö½Ú*/
   8          0x00,0x00,0xfc,0x04,0x04,0x04,0x04,0x05,0x06,0x04,0x04,0x04,0x04,0x04,0x04,0x00,
   9          0x40,0x30,0x0f,0x00,0x00,0x00,0x00,0x00,0x00,0x00,0x00,0x00,0x00,0x00,0x00,0x00,
  10          
  11          /*-- ID:1,×Ö·û:"¶«",ASCII±àÂë:B6AB,¶ÔÓ¦×Ö:¿íx¸ß=16x16,»­²¼:¿íW=16 ¸ßH=16,¹²32×Ö½Ú*/
  12          0x00,0x08,0x08,0x88,0x68,0x18,0x0f,0xe8,0x08,0x08,0x08,0x08,0x08,0x00,0x00,0x00,
  13          0x00,0x40,0x21,0x11,0x0d,0x41,0x81,0x7f,0x01,0x0d,0x11,0x21,0x41,0x00,0x00,0x00,
  14          
  15          /*-- ID:2,×Ö·û:"ìÇ",ASCII±àÂë:ECC7,¶ÔÓ¦×Ö:¿íx¸ß=16x16,»­²¼:¿íW=16 ¸ßH=16,¹²32×Ö½Ú*/
  16          0x80,0x70,0x00,0xff,0x20,0x98,0x40,0xf8,0x07,0x40,0x7f,0xa0,0x90,0xc8,0x00,0x00,
  17          0x80,0x60,0x18,0x07,0x08,0x34,0x04,0x05,0x04,0xff,0x04,0x04,0x04,0x04,0x04,0x00,
  18          
  19          /*-- ID:3,×Ö·û:"»Ô",ASCII±àÂë:BBD4,¶ÔÓ¦×Ö:¿íx¸ß=16x16,»­²¼:¿íW=16 ¸ßH=16,¹²32×Ö½Ú*/
  20          0x44,0x48,0xd0,0x7f,0xd0,0x4c,0x40,0xa6,0x62,0x3a,0xa2,0x22,0x22,0x22,0x06,0x00,
  21          0x40,0x30,0x0f,0x00,0x3f,0x10,0x08,0x09,0x09,0x09,0xff,0x09,0x09,0x09,0x08,0x00,
  22          
  23          /*-- ID:4,×Ö·û:"¿Æ",ASCII±àÂë:BFC6,¶ÔÓ¦×Ö:¿íx¸ß=16x16,»­²¼:¿íW=16 ¸ßH=16,¹²32×Ö½Ú*/
  24          0x24,0x24,0x24,0xa4,0xfe,0xa3,0x22,0x00,0x24,0x48,0x00,0xff,0x00,0x00,0x00,0x00,
  25          0x10,0x08,0x06,0x01,0xff,0x00,0x01,0x02,0x02,0x02,0x02,0xff,0x02,0x02,0x02,0x00,
  26          
  27          /*-- ID:5,×Ö·û:"¼¼",ASCII±àÂë:BCBC,¶ÔÓ¦×Ö:¿íx¸ß=16x16,»­²¼:¿íW=16 ¸ßH=16,¹²32×Ö½Ú*/
  28          0x10,0x10,0x10,0xff,0x10,0x10,0x88,0x88,0x88,0xff,0x88,0x88,0x88,0x08,0x00,0x00,
  29          0x04,0x44,0x82,0x7f,0x01,0x80,0x81,0x46,0x28,0x10,0x28,0x46,0x81,0x80,0x00,0x00,
  30          
  31          /*-- ID:6,×Ö·û:"ÓÐ",ASCII±àÂë:D3D0,¶ÔÓ¦×Ö:¿íx¸ß=16x16,»­²¼:¿íW=16 ¸ßH=16,¹²32×Ö½Ú*/
  32          0x04,0x04,0x04,0x84,0xe4,0x3c,0x27,0x24,0x24,0x24,0x24,0xe4,0x04,0x04,0x04,0x00,
  33          0x04,0x02,0x01,0x00,0xff,0x09,0x09,0x09,0x09,0x49,0x89,0x7f,0x00,0x00,0x00,0x00,
  34          
  35          /*-- ID:7,×Ö·û:"ÏÞ",ASCII±àÂë:CFDE,¶ÔÓ¦×Ö:¿íx¸ß=16x16,»­²¼:¿íW=16 ¸ßH=16,¹²32×Ö½Ú*/
  36          0x00,0xfe,0x02,0x22,0xda,0x06,0x00,0xfe,0x92,0x92,0x92,0x92,0xfe,0x00,0x00,0x00,
  37          0x00,0xff,0x08,0x10,0x08,0x07,0x00,0xff,0x42,0x24,0x08,0x14,0x22,0x20,0x20,0x00,
  38          
  39          /*-- ID:8,×Ö·û:"¹«",ASCII±àÂë:B9AB,¶ÔÓ¦×Ö:¿íx¸ß=16x16,»­²¼:¿íW=16 ¸ßH=16,¹²32×Ö½Ú*/
  40          0x00,0x00,0x80,0x40,0x30,0x0c,0x00,0xc0,0x06,0x18,0x20,0x40,0x80,0x80,0x80,0x00,
  41          0x01,0x01,0x00,0x30,0x28,0x24,0x23,0x20,0x20,0x28,0x30,0x60,0x00,0x01,0x00,0x00,
  42          
  43          /*-- ID:9,×Ö·û:"Ë¾",ASCII±àÂë:CBBE,¶ÔÓ¦×Ö:¿íx¸ß=16x16,»­²¼:¿íW=16 ¸ßH=16,¹²32×Ö½Ú*/
  44          0x10,0x10,0x92,0x92,0x92,0x92,0x92,0x92,0x92,0x92,0x92,0x92,0xfe,0x00,0x00,0x00,
  45          0x00,0x00,0x3f,0x10,0x10,0x10,0x10,0x10,0x3f,0x00,0x40,0x80,0x7f,0x00,0x00,0x00
  46          
  47          
  48          };
  49          
  50          
  51          unsigned char code English_character[]=
  52          {
  53          /* [×Ö¿â]£º[ASC8x16E×Ö¿â] [Êý¾ÝÅÅÁÐ]:´Ó×óµ½ÓÒ´ÓÉÏµ½ÏÂ [È¡Ä£·½Ê½]:×ÝÏò8µãÏÂ¸ßÎ» [Õý¸º·´É«]:·ñ [È¥µôÖØ¸´ºó]¹
C51 COMPILER V9.60.7.0   PICTURE                                                           11/21/2024 17:05:42 PAGE 2   

             -²45¸ö×Ö·û
  54          [×Ü×Ö·û¿â]£º"yehuidisplay.comYHBG12232A-SeriesSize:84*44MM"*/
  55          
  56          /*-- ID:0,×Ö·û:"y",ASCII±àÂë:79,¶ÔÓ¦×Ö:¿íx¸ß=8x16,»­²¼:¿íW=8 ¸ßH=16,¹²16×Ö½Ú*/
  57          0x40,0xc0,0x40,0x00,0x00,0x40,0xc0,0x40,0x00,0x40,0x43,0x3c,0x0c,0x03,0x00,0x00,
  58          
  59          /*-- ID:1,×Ö·û:"e",ASCII±àÂë:65,¶ÔÓ¦×Ö:¿íx¸ß=8x16,»­²¼:¿íW=8 ¸ßH=16,¹²16×Ö½Ú*/
  60          0x00,0x80,0x40,0x40,0x40,0x40,0x80,0x00,0x00,0x0f,0x12,0x12,0x12,0x12,0x0b,0x00,
  61          
  62          /*-- ID:2,×Ö·û:"h",ASCII±àÂë:68,¶ÔÓ¦×Ö:¿íx¸ß=8x16,»­²¼:¿íW=8 ¸ßH=16,¹²16×Ö½Ú*/
  63          0x08,0xf8,0x80,0x40,0x40,0x40,0x80,0x00,0x10,0x1f,0x10,0x00,0x00,0x10,0x1f,0x10,
  64          
  65          /*-- ID:3,×Ö·û:"u",ASCII±àÂë:75,¶ÔÓ¦×Ö:¿íx¸ß=8x16,»­²¼:¿íW=8 ¸ßH=16,¹²16×Ö½Ú*/
  66          0x40,0xc0,0x00,0x00,0x00,0x40,0xc0,0x00,0x00,0x0f,0x10,0x10,0x10,0x08,0x1f,0x10,
  67          
  68          /*-- ID:4,×Ö·û:"i",ASCII±àÂë:69,¶ÔÓ¦×Ö:¿íx¸ß=8x16,»­²¼:¿íW=8 ¸ßH=16,¹²16×Ö½Ú*/
  69          0x00,0x40,0x4c,0xcc,0x00,0x00,0x00,0x00,0x00,0x10,0x10,0x1f,0x10,0x10,0x00,0x00,
  70          
  71          /*-- ID:5,×Ö·û:"d",ASCII±àÂë:64,¶ÔÓ¦×Ö:¿íx¸ß=8x16,»­²¼:¿íW=8 ¸ßH=16,¹²16×Ö½Ú*/
  72          0x00,0x80,0x40,0x40,0x40,0x48,0xf8,0x00,0x00,0x0f,0x10,0x10,0x10,0x08,0x1f,0x10,
  73          
  74          /*-- ID:6,×Ö·û:"i",ASCII±àÂë:69,¶ÔÓ¦×Ö:¿íx¸ß=8x16,»­²¼:¿íW=8 ¸ßH=16,¹²16×Ö½Ú*/
  75          0x00,0x40,0x4c,0xcc,0x00,0x00,0x00,0x00,0x00,0x10,0x10,0x1f,0x10,0x10,0x00,0x00,
  76          
  77          /*-- ID:7,×Ö·û:"s",ASCII±àÂë:73,¶ÔÓ¦×Ö:¿íx¸ß=8x16,»­²¼:¿íW=8 ¸ßH=16,¹²16×Ö½Ú*/
  78          0x00,0x80,0x40,0x40,0x40,0x40,0xc0,0x00,0x00,0x19,0x12,0x12,0x12,0x12,0x0c,0x00,
  79          
  80          /*-- ID:8,×Ö·û:"p",ASCII±àÂë:70,¶ÔÓ¦×Ö:¿íx¸ß=8x16,»­²¼:¿íW=8 ¸ßH=16,¹²16×Ö½Ú*/
  81          0x40,0xc0,0x80,0x40,0x40,0x80,0x00,0x00,0x40,0x7f,0x48,0x10,0x10,0x08,0x07,0x00,
  82          
  83          /*-- ID:9,×Ö·û:"l",ASCII±àÂë:6C,¶ÔÓ¦×Ö:¿íx¸ß=8x16,»­²¼:¿íW=8 ¸ßH=16,¹²16×Ö½Ú*/
  84          0x00,0x08,0x08,0xfc,0x00,0x00,0x00,0x00,0x00,0x10,0x10,0x1f,0x10,0x10,0x00,0x00,
  85          
  86          /*-- ID:10,×Ö·û:"a",ASCII±àÂë:61,¶ÔÓ¦×Ö:¿íx¸ß=8x16,»­²¼:¿íW=8 ¸ßH=16,¹²16×Ö½Ú*/
  87          0x00,0x80,0x40,0x40,0x40,0x80,0x00,0x00,0x00,0x0c,0x12,0x12,0x09,0x1f,0x10,0x00,
  88          
  89          /*-- ID:11,×Ö·û:"y",ASCII±àÂë:79,¶ÔÓ¦×Ö:¿íx¸ß=8x16,»­²¼:¿íW=8 ¸ßH=16,¹²16×Ö½Ú*/
  90          0x40,0xc0,0x40,0x00,0x00,0x40,0xc0,0x40,0x00,0x40,0x43,0x3c,0x0c,0x03,0x00,0x00,
  91          
  92          /*-- ID:12,×Ö·û:".",ASCII±àÂë:2E,¶ÔÓ¦×Ö:¿íx¸ß=8x16,»­²¼:¿íW=8 ¸ßH=16,¹²16×Ö½Ú*/
  93          0x00,0x00,0x00,0x00,0x00,0x00,0x00,0x00,0x00,0x18,0x18,0x00,0x00,0x00,0x00,0x00,
  94          
  95          /*-- ID:13,×Ö·û:"c",ASCII±àÂë:63,¶ÔÓ¦×Ö:¿íx¸ß=8x16,»­²¼:¿íW=8 ¸ßH=16,¹²16×Ö½Ú*/
  96          0x00,0x00,0x80,0x40,0x40,0x40,0x80,0x00,0x00,0x07,0x08,0x10,0x10,0x10,0x08,0x00,
  97          
  98          /*-- ID:14,×Ö·û:"o",ASCII±àÂë:6F,¶ÔÓ¦×Ö:¿íx¸ß=8x16,»­²¼:¿íW=8 ¸ßH=16,¹²16×Ö½Ú*/
  99          0x00,0x80,0x40,0x40,0x40,0x40,0x80,0x00,0x00,0x0f,0x10,0x10,0x10,0x10,0x0f,0x00,
 100          
 101          /*-- ID:15,×Ö·û:"m",ASCII±àÂë:6D,¶ÔÓ¦×Ö:¿íx¸ß=8x16,»­²¼:¿íW=8 ¸ßH=16,¹²16×Ö½Ú*/
 102          0x40,0xc0,0x40,0x40,0xc0,0x40,0x40,0x80,0x10,0x1f,0x10,0x00,0x1f,0x10,0x00,0x1f,
 103          
 104          /*-- ID:16,×Ö·û:"Y",ASCII±àÂë:59,¶ÔÓ¦×Ö:¿íx¸ß=8x16,»­²¼:¿íW=8 ¸ßH=16,¹²16×Ö½Ú*/
 105          0x04,0x1c,0x64,0x80,0x64,0x1c,0x04,0x00,0x00,0x00,0x10,0x1f,0x10,0x00,0x00,0x00,
 106          
 107          /*-- ID:17,×Ö·û:"H",ASCII±àÂë:48,¶ÔÓ¦×Ö:¿íx¸ß=8x16,»­²¼:¿íW=8 ¸ßH=16,¹²16×Ö½Ú*/
 108          0x04,0xfc,0x84,0x80,0x80,0x84,0xfc,0x04,0x10,0x1f,0x10,0x00,0x00,0x10,0x1f,0x10,
 109          
 110          /*-- ID:18,×Ö·û:"B",ASCII±àÂë:42,¶ÔÓ¦×Ö:¿íx¸ß=8x16,»­²¼:¿íW=8 ¸ßH=16,¹²16×Ö½Ú*/
 111          0x04,0xfc,0x44,0x44,0x44,0xb8,0x00,0x00,0x10,0x1f,0x10,0x10,0x10,0x08,0x07,0x00,
 112          
 113          /*-- ID:19,×Ö·û:"G",ASCII±àÂë:47,¶ÔÓ¦×Ö:¿íx¸ß=8x16,»­²¼:¿íW=8 ¸ßH=16,¹²16×Ö½Ú*/
 114          0xe0,0x18,0x04,0x04,0x04,0x1c,0x00,0x00,0x03,0x0c,0x10,0x10,0x11,0x0f,0x01,0x00,
C51 COMPILER V9.60.7.0   PICTURE                                                           11/21/2024 17:05:42 PAGE 3   

 115          
 116          /*-- ID:20,×Ö·û:"1",ASCII±àÂë:31,¶ÔÓ¦×Ö:¿íx¸ß=8x16,»­²¼:¿íW=8 ¸ßH=16,¹²16×Ö½Ú*/
 117          0x00,0x00,0x08,0x08,0xfc,0x00,0x00,0x00,0x00,0x00,0x10,0x10,0x1f,0x10,0x10,0x00,
 118          
 119          /*-- ID:21,×Ö·û:"2",ASCII±àÂë:32,¶ÔÓ¦×Ö:¿íx¸ß=8x16,»­²¼:¿íW=8 ¸ßH=16,¹²16×Ö½Ú*/
 120          0x00,0x38,0x04,0x04,0x04,0x84,0x78,0x00,0x00,0x18,0x14,0x12,0x11,0x10,0x18,0x00,
 121          
 122          /*-- ID:22,×Ö·û:"2",ASCII±àÂë:32,¶ÔÓ¦×Ö:¿íx¸ß=8x16,»­²¼:¿íW=8 ¸ßH=16,¹²16×Ö½Ú*/
 123          0x00,0x38,0x04,0x04,0x04,0x84,0x78,0x00,0x00,0x18,0x14,0x12,0x11,0x10,0x18,0x00,
 124          
 125          /*-- ID:23,×Ö·û:"3",ASCII±àÂë:33,¶ÔÓ¦×Ö:¿íx¸ß=8x16,»­²¼:¿íW=8 ¸ßH=16,¹²16×Ö½Ú*/
 126          0x00,0x18,0x04,0x84,0x84,0x44,0x38,0x00,0x00,0x0c,0x10,0x10,0x10,0x11,0x0e,0x00,
 127          
 128          /*-- ID:24,×Ö·û:"2",ASCII±àÂë:32,¶ÔÓ¦×Ö:¿íx¸ß=8x16,»­²¼:¿íW=8 ¸ßH=16,¹²16×Ö½Ú*/
 129          0x00,0x38,0x04,0x04,0x04,0x84,0x78,0x00,0x00,0x18,0x14,0x12,0x11,0x10,0x18,0x00,
 130          
 131          /*-- ID:25,×Ö·û:"A",ASCII±àÂë:41,¶ÔÓ¦×Ö:¿íx¸ß=8x16,»­²¼:¿íW=8 ¸ßH=16,¹²16×Ö½Ú*/
 132          0x00,0x00,0xe0,0x1c,0x70,0x80,0x00,0x00,0x10,0x1e,0x11,0x01,0x01,0x13,0x1c,0x10,
 133          
 134          /*-- ID:26,×Ö·û:"-",ASCII±àÂë:2D,¶ÔÓ¦×Ö:¿íx¸ß=8x16,»­²¼:¿íW=8 ¸ßH=16,¹²16×Ö½Ú*/
 135          0x00,0x80,0x80,0x80,0x80,0x80,0x80,0x00,0x00,0x00,0x00,0x00,0x00,0x00,0x00,0x00,
 136          
 137          /*-- ID:0,×Ö·û:"0",ASCII±àÂë:30,¶ÔÓ¦×Ö:¿íx¸ß=8x16,»­²¼:¿íW=8 ¸ßH=16,¹²16×Ö½Ú*/
 138          0x00,0xf0,0x08,0x04,0x04,0x08,0xf0,0x00,0x00,0x07,0x08,0x10,0x10,0x08,0x07,0x00,
 139          
 140          /*-- ID:0,×Ö·û:"8",ASCII±àÂë:38,¶ÔÓ¦×Ö:¿íx¸ß=8x16,»­²¼:¿íW=8 ¸ßH=16,¹²16×Ö½Ú*/
 141          0x00,0x38,0x44,0x84,0x84,0x44,0x38,0x00,0x00,0x0e,0x11,0x10,0x10,0x11,0x0e,0x00,
 142          
 143          /*-- ID:27,×Ö·û:"S",ASCII±àÂë:53,¶ÔÓ¦×Ö:¿íx¸ß=8x16,»­²¼:¿íW=8 ¸ßH=16,¹²16×Ö½Ú*/
 144          0x00,0x38,0x44,0x84,0x84,0x04,0x1c,0x00,0x00,0x1c,0x10,0x10,0x10,0x11,0x0e,0x00,
 145          
 146          /*-- ID:28,×Ö·û:"e",ASCII±àÂë:65,¶ÔÓ¦×Ö:¿íx¸ß=8x16,»­²¼:¿íW=8 ¸ßH=16,¹²16×Ö½Ú*/
 147          0x00,0x80,0x40,0x40,0x40,0x40,0x80,0x00,0x00,0x0f,0x12,0x12,0x12,0x12,0x0b,0x00,
 148          
 149          /*-- ID:29,×Ö·û:"r",ASCII±àÂë:72,¶ÔÓ¦×Ö:¿íx¸ß=8x16,»­²¼:¿íW=8 ¸ßH=16,¹²16×Ö½Ú*/
 150          0x40,0x40,0xc0,0x80,0x40,0x40,0xc0,0x00,0x10,0x10,0x1f,0x10,0x10,0x00,0x00,0x00,
 151          
 152          /*-- ID:30,×Ö·û:"i",ASCII±àÂë:69,¶ÔÓ¦×Ö:¿íx¸ß=8x16,»­²¼:¿íW=8 ¸ßH=16,¹²16×Ö½Ú*/
 153          0x00,0x40,0x4c,0xcc,0x00,0x00,0x00,0x00,0x00,0x10,0x10,0x1f,0x10,0x10,0x00,0x00,
 154          
 155          /*-- ID:31,×Ö·û:"e",ASCII±àÂë:65,¶ÔÓ¦×Ö:¿íx¸ß=8x16,»­²¼:¿íW=8 ¸ßH=16,¹²16×Ö½Ú*/
 156          0x00,0x80,0x40,0x40,0x40,0x40,0x80,0x00,0x00,0x0f,0x12,0x12,0x12,0x12,0x0b,0x00,
 157          
 158          /*-- ID:32,×Ö·û:"s",ASCII±àÂë:73,¶ÔÓ¦×Ö:¿íx¸ß=8x16,»­²¼:¿íW=8 ¸ßH=16,¹²16×Ö½Ú*/
 159          0x00,0x80,0x40,0x40,0x40,0x40,0xc0,0x00,0x00,0x19,0x12,0x12,0x12,0x12,0x0c,0x00,
 160          
 161          /*-- ID:33,×Ö·û:"S",ASCII±àÂë:53,¶ÔÓ¦×Ö:¿íx¸ß=8x16,»­²¼:¿íW=8 ¸ßH=16,¹²16×Ö½Ú*/
 162          0x00,0x38,0x44,0x84,0x84,0x04,0x1c,0x00,0x00,0x1c,0x10,0x10,0x10,0x11,0x0e,0x00,
 163          
 164          /*-- ID:34,×Ö·û:"i",ASCII±àÂë:69,¶ÔÓ¦×Ö:¿íx¸ß=8x16,»­²¼:¿íW=8 ¸ßH=16,¹²16×Ö½Ú*/
 165          0x00,0x40,0x4c,0xcc,0x00,0x00,0x00,0x00,0x00,0x10,0x10,0x1f,0x10,0x10,0x00,0x00,
 166          
 167          /*-- ID:35,×Ö·û:"z",ASCII±àÂë:7A,¶ÔÓ¦×Ö:¿íx¸ß=8x16,»­²¼:¿íW=8 ¸ßH=16,¹²16×Ö½Ú*/
 168          0x00,0xc0,0x40,0x40,0x40,0xc0,0x40,0x00,0x00,0x10,0x18,0x16,0x11,0x10,0x18,0x00,
 169          
 170          /*-- ID:36,×Ö·û:"e",ASCII±àÂë:65,¶ÔÓ¦×Ö:¿íx¸ß=8x16,»­²¼:¿íW=8 ¸ßH=16,¹²16×Ö½Ú*/
 171          0x00,0x80,0x40,0x40,0x40,0x40,0x80,0x00,0x00,0x0f,0x12,0x12,0x12,0x12,0x0b,0x00,
 172          
 173          /*-- ID:37,×Ö·û:":",ASCII±àÂë:3A,¶ÔÓ¦×Ö:¿íx¸ß=8x16,»­²¼:¿íW=8 ¸ßH=16,¹²16×Ö½Ú*/
 174          0x00,0x00,0x00,0x60,0x60,0x00,0x00,0x00,0x00,0x00,0x00,0x18,0x18,0x00,0x00,0x00,
 175          
 176          /*-- ID:38,×Ö·û:"8",ASCII±àÂë:38,¶ÔÓ¦×Ö:¿íx¸ß=8x16,»­²¼:¿íW=8 ¸ßH=16,¹²16×Ö½Ú*/
C51 COMPILER V9.60.7.0   PICTURE                                                           11/21/2024 17:05:42 PAGE 4   

 177          0x00,0x38,0x44,0x84,0x84,0x44,0x38,0x00,0x00,0x0e,0x11,0x10,0x10,0x11,0x0e,0x00,
 178          
 179          /*-- ID:39,×Ö·û:"4",ASCII±àÂë:34,¶ÔÓ¦×Ö:¿íx¸ß=8x16,»­²¼:¿íW=8 ¸ßH=16,¹²16×Ö½Ú*/
 180          0x00,0x00,0xc0,0x20,0x18,0xfc,0x00,0x00,0x00,0x03,0x02,0x12,0x12,0x1f,0x12,0x12,
 181          
 182          /*-- ID:40,×Ö·û:"*",ASCII±àÂë:2A,¶ÔÓ¦×Ö:¿íx¸ß=8x16,»­²¼:¿íW=8 ¸ßH=16,¹²16×Ö½Ú*/
 183          0x20,0x20,0xc0,0xf8,0xc0,0x20,0x20,0x00,0x01,0x01,0x00,0x07,0x00,0x01,0x01,0x00,
 184          
 185          /*-- ID:41,×Ö·û:"4",ASCII±àÂë:34,¶ÔÓ¦×Ö:¿íx¸ß=8x16,»­²¼:¿íW=8 ¸ßH=16,¹²16×Ö½Ú*/
 186          0x00,0x00,0xc0,0x20,0x18,0xfc,0x00,0x00,0x00,0x03,0x02,0x12,0x12,0x1f,0x12,0x12,
 187          
 188          /*-- ID:42,×Ö·û:"4",ASCII±àÂë:34,¶ÔÓ¦×Ö:¿íx¸ß=8x16,»­²¼:¿íW=8 ¸ßH=16,¹²16×Ö½Ú*/
 189          0x00,0x00,0xc0,0x20,0x18,0xfc,0x00,0x00,0x00,0x03,0x02,0x12,0x12,0x1f,0x12,0x12,
 190          
 191          /*-- ID:43,×Ö·û:"M",ASCII±àÂë:4D,¶ÔÓ¦×Ö:¿íx¸ß=8x16,»­²¼:¿íW=8 ¸ßH=16,¹²16×Ö½Ú*/
 192          0x04,0xfc,0xfc,0x00,0xfc,0xfc,0x04,0x00,0x10,0x1f,0x00,0x1f,0x00,0x1f,0x10,0x00,
 193          
 194          /*-- ID:44,×Ö·û:"M",ASCII±àÂë:4D,¶ÔÓ¦×Ö:¿íx¸ß=8x16,»­²¼:¿íW=8 ¸ßH=16,¹²16×Ö½Ú*/
 195          0x04,0xfc,0xfc,0x00,0xfc,0xfc,0x04,0x00,0x10,0x1f,0x00,0x1f,0x00,0x1f,0x10,0x00
 196          
 197          
 198          
 199          };
 200          
 201          
 202          unsigned char code pic1[]=
 203          {/*-[Êý¾ÝÅÅÁÐ]:´Ó×óµ½ÓÒ´ÓÉÏµ½ÏÂ [È¡Ä£·½Ê½]:×ÝÏò8µãÏÂ¸ßÎ» [Õý¸º·´É«]:·ñ
 204          Í¼Ïñ³ß´ç:122x32 »­²¼³ß´ç:122x32£¬¹²488¸ö×Ö½Ú-*/
 205          0xff,0xff,0xff,0xff,0xff,0xff,0xff,0xff,0xff,0xff,0xff,0xff,0xff,0xff,0xff,0xff,
 206          0xff,0xff,0xff,0xff,0xff,0xff,0xff,0xff,0xff,0xff,0xff,0xff,0xff,0xff,0xff,0xff,
 207          0xff,0xff,0xff,0xff,0xff,0xff,0xff,0xff,0xff,0xff,0xff,0xff,0xff,0xff,0xff,0xff,
 208          0xff,0xff,0xff,0xff,0xff,0xff,0xff,0xff,0xff,0xff,0xff,0xff,0xff,0xff,0xff,0xff,
 209          0x00,0x00,0x00,0x00,0x00,0x00,0x00,0x00,0x00,0x00,0x00,0x00,0x00,0x00,0x00,0x00,
 210          0x00,0x00,0x00,0x00,0x00,0x00,0x00,0x00,0x00,0x00,0x00,0x00,0x00,0x00,0x00,0x00,
 211          0x00,0x00,0x00,0x00,0x00,0x00,0x00,0x00,0x00,0x00,0x00,0x00,0x00,0x00,0x00,0x00,
 212          0x00,0x00,0x00,0x00,0x00,0x00,0x00,0x00,0x00,0x00,0x00,0x00,0x00,0x00,0x00,0x00,
 213          0x00,0x00,0x00,0x00,0x00,0x00,0x00,0x00,0x00,0x00,0x00,0x00,0x00,0x00,0x00,0x00,
 214          0x00,0x00,0x00,0x00,0x00,0x00,0x00,0x00,0x00,0x00,0x00,0x00,0x00,0x00,0x00,0x00,
 215          0x00,0x00,0x00,0x00,0x00,0x00,0x00,0x00,0x00,0x00,0x00,0x00,0x00,0x00,0x00,0x00,
 216          0x00,0x00,0x00,0x00,0x00,0x00,0x00,0x00,0x00,0x00,0x00,0x00,0x00,0x00,0x00,0x00,
 217          0x00,0x00,0x00,0x00,0x00,0x00,0x00,0x00,0x00,0x00,0x00,0x00,0x00,0x00,0x00,0x00,
 218          0x00,0x00,0x00,0x00,0x00,0x00,0x00,0x00,0x00,0x00,0x00,0x00,0x00,0x00,0x00,0x00,
 219          0x00,0x00,0x00,0x00,0x00,0x00,0x00,0x00,0x00,0x00,0x00,0x00,0x00,0x00,0x00,0x00,
 220          0x00,0x00,0x00,0x00,0x00,0x00,0x00,0x00,0x00,0x00,0x00,0x00,0x00,0x00,0x00,0x00,
 221          0x00,0x00,0x00,0x00,0x00,0x00,0x00,0x00,0x00,0x00,0x00,0x00,0x00,0x00,0x00,0x00,
 222          0x00,0x00,0x00,0x00,0x00,0x00,0x00,0x00,0x00,0x00,0x00,0x00,0x00,0x00,0x00,0x00,
 223          0x00,0x00,0x00,0x00,0x00,0x00,0x00,0x00,0x00,0x00,0x00,0x00,0x00,0x00,0x00,0x00,
 224          0x00,0x00,0x00,0x00,0x00,0x00,0x00,0x00,0x00,0x00,0x00,0x00,0x00,0x00,0x00,0x00,
 225          0x00,0x00,0x00,0x00,0x00,0x00,0x00,0x00,0x00,0x00,0x00,0x00,0x00,0x00,0x00,0x00,
 226          0x00,0x00,0x00,0x00,0x00,0x00,0x00,0x00,0x00,0x00,0x00,0x00,0x00,0x00,0x00,0x00,
 227          0x00,0x00,0x00,0x00,0x00,0x00,0x00,0x00,0x00,0x00,0x00,0x00,0x00,0x00,0x00,0x00,
 228          0x00,0x00,0x00,0x00,0x00,0x00,0x00,0x00,0x00,0x00,0x00,0x00,0x00,0x00,0x00,0x00,
 229          0x00,0x00,0x00,0x00,0x00,0x00,0x00,0x00,0x00,0x00,0x00,0x00,0x00,0x00,0x00,0x00,
 230          0x00,0x00,0x00,0x00,0x00,0x00,0x00,0x00,0x00,0x00,0x00,0x00,0x00,0x00,0x00,0x00,
 231          0x00,0x00,0x00,0x00,0x00,0x00,0x00,0x00,0x00,0x00,0x00,0x00,0x00,0x00,0x00,0x00,
 232          0x00,0x00,0x00,0x00,0x00,0x00,0x00,0x00,0x00,0x00,0x00,0x00,0x00,0x00,0x00,0x00,
 233          0x00,0x00,0x00,0x00,0x00,0x00,0x00,0x00,0x00,0x00,0x00,0x00,0x00,0x00,0x00,0x00,
 234          0x00,0x00,0x00,0x00,0x00,0x00,0x00,0x00,0x00,0x00,0x00,0x00,0x00,0x00,0x00,0x00,
 235          0x00,0x00,0x00,0x00,0x00,0x00,0x00,0x00
 236          };
 237          
 238          unsigned char code pic2[]=
C51 COMPILER V9.60.7.0   PICTURE                                                           11/21/2024 17:05:42 PAGE 5   

 239          {/*-- 122x32  --*/
 240          0x07,0x01,0x01,0x00,0x00,0x00,0x00,0x00,0x00,0x00,0x00,0x10,0xFE,0x10,0xF0,0x00,
 241          0xFC,0x24,0x24,0x24,0xFC,0x00,0x00,0x00,0x00,0xFE,0x22,0x22,0x22,0x22,0x22,0x22,
 242          0xFE,0x00,0x00,0x04,0x44,0x64,0x54,0x4C,0xF6,0x44,0xC4,0x44,0x44,0x04,0x00,0x08,
 243          0x08,0x08,0x08,0xF8,0x2A,0x2C,0x28,0xE8,0x0C,0x08,0x00,0x00,0x00,0x00,0x00,0x00,
 244          0x00,0x00,0x00,0x00,0x80,0xE0,0x78,0x7E,0xFE,0xC0,0x00,0x00,0x00,0x00,0x00,0x00,
 245          0x00,0x00,0x00,0xE0,0xF0,0xF8,0xFC,0xFC,0xFE,0xFE,0x7C,0x7C,0x30,0xF8,0x28,0x00,
 246          0x04,0x06,0x06,0x02,0x04,0x04,0x04,0x04,0x04,0x04,0x4C,0xDC,0x60,0x80,0x80,0x00,
 247          0xC0,0xC0,0xE0,0xE0,0xC0,0x80,0x00,0x01,0x01,0x07,0x00,0x00,0x00,0x00,0x00,0xC0,
 248          0xC0,0x40,0x40,0x40,0x00,0x0C,0x03,0x00,0x0F,0x08,0x0B,0x09,0x09,0x09,0x0B,0x0C,
 249          0x00,0x00,0x80,0xCF,0x04,0x04,0xC4,0xC4,0x44,0x44,0xCF,0x80,0x00,0x44,0x44,0x02,
 250          0x01,0x08,0x0F,0x00,0x00,0x01,0x02,0x44,0x40,0x08,0x08,0x04,0x03,0x00,0x08,0x08,
 251          0x08,0x07,0x00,0x00,0x00,0x00,0x00,0x00,0x00,0x00,0x18,0x18,0x3C,0x3E,0x3F,0x38,
 252          0x33,0x30,0x38,0x3F,0x3E,0xC0,0x00,0x00,0x00,0x00,0x00,0x00,0x00,0x03,0xC7,0x3F,
 253          0x0F,0x0F,0x1F,0x3F,0x7F,0xFF,0xFD,0xF9,0xFB,0xFB,0x62,0x24,0x0C,0x0C,0x3C,0x7C,
 254          0xFC,0xFC,0xFE,0xFA,0xFA,0xF7,0xF4,0x4C,0x38,0x03,0x0F,0x7F,0xFF,0x7F,0x7F,0x3F,
 255          0x1F,0x00,0x00,0x00,0x00,0x00,0x00,0x00,0x00,0x3F,0x3F,0x22,0x22,0x22,0x00,0x1A,
 256          0x3D,0x25,0x3F,0x3E,0x00,0x16,0x37,0x2D,0x2D,0x3B,0x1A,0x01,0x1F,0x3F,0x21,0x00,
 257          0x3F,0x3F,0x04,0x0C,0x1F,0x33,0x20,0x3F,0x3F,0x00,0x16,0x37,0x2D,0x2D,0x3B,0x1A,
 258          0x00,0x3F,0x3F,0x00,0x3F,0x3F,0x01,0x01,0x3F,0x3E,0x00,0x5E,0xBF,0xA1,0xA1,0xFF,
 259          0x7F,0x00,0x00,0x00,0x00,0x00,0x00,0x00,0x00,0x00,0x00,0x00,0x00,0x00,0xE0,0x91,
 260          0xFE,0xA4,0x24,0x24,0xC4,0x3C,0x18,0x06,0xF1,0xF8,0xFC,0xFE,0x0F,0x27,0x27,0x37,
 261          0x6F,0x3E,0x18,0x00,0x00,0x00,0x00,0x60,0x58,0x4C,0xCC,0x9C,0xFC,0xFC,0xFC,0xF8,
 262          0xF0,0xE0,0x00,0x00,0x00,0x00,0xFF,0x00,0x00,0x00,0x00,0x00,0x00,0x00,0xF0,0x80,
 263          0x80,0x00,0x7F,0x44,0x44,0x44,0x38,0x00,0x3C,0x40,0x40,0x40,0x7C,0x00,0x04,0x38,
 264          0xC0,0x38,0x04,0x38,0x44,0x44,0x44,0x7F,0x00,0x7D,0x00,0x00,0x48,0x54,0x54,0x24,
 265          0x00,0xFC,0x44,0x44,0x44,0x38,0x00,0x7F,0x00,0x00,0x24,0x54,0x54,0x78,0x00,0x04,
 266          0x38,0xC0,0x38,0x04,0x00,0x40,0x00,0x38,0x44,0x44,0x28,0x00,0x38,0x44,0x44,0x44,
 267          0x38,0x00,0x7C,0x04,0x04,0x78,0x04,0x04,0x78,0x00,0x00,0x00,0x01,0x01,0x0F,0xFC,
 268          0xB0,0x60,0xC1,0x83,0x07,0x07,0x07,0x06,0x82,0x87,0x46,0x44,0x00,0x40,0x00,0x00,
 269          0x00,0x00,0x02,0x06,0x0E,0x0E,0x1F,0x1F,0x1F,0x1F,0x0F,0x07,0x00,0x80,0xC0,0x70,
 270          0x1F,0x00,0x00,0x00,0x00,0x80,0x80,0xE0,
 271          
 272          
 273          };
 274          
 275          
 276          
 277          unsigned char code pic3[]=
 278          {
 279          /*-- 122x32  --*/
 280          0x00,0x00,0x00,0x00,0x00,0x00,0x00,0x00,0x00,0x00,0x00,0x00,0x00,0x00,0x00,0x00,
 281          0x00,0x00,0x00,0x00,0x00,0x00,0xF8,0x08,0x08,0xF8,0x08,0x08,0xF0,0x00,0xF8,0x88,
 282          0x88,0x70,0x00,0x44,0x82,0x92,0x6C,0x00,0x00,0x00,0x00,0xF8,0x08,0x08,0xF8,0x08,
 283          0x08,0xF0,0x00,0x70,0xA8,0xA8,0xB0,0x00,0x70,0x88,0x88,0xFE,0x00,0xFA,0x00,0xC8,
 284          0xA8,0xA8,0xF8,0x00,0x00,0x00,0x00,0xF8,0x88,0x88,0x70,0x00,0xFE,0x00,0xC8,0xA8,
 285          0xA8,0xF8,0x00,0x08,0x70,0x80,0x70,0x08,0x00,0x70,0xA8,0xA8,0xB0,0x00,0xF8,0x08,
 286          0x08,0x00,0x00,0x00,0x00,0x00,0x00,0x00,0x00,0x00,0x00,0x00,0x00,0x00,0x00,0x00,
 287          0x00,0x00,0x00,0x00,0x00,0x00,0x00,0x00,0x00,0x00,0x00,0x00,0x00,0x00,0x00,0x00,
 288          0x00,0x00,0x00,0x00,0x00,0x00,0x00,0x00,0x00,0x00,0x00,0x00,0x00,0xE0,0x00,0x80,
 289          0x80,0x80,0x00,0x00,0x00,0x00,0x00,0x80,0x83,0x80,0x80,0x80,0x80,0x00,0x00,0x80,
 290          0x00,0x00,0x00,0x80,0x00,0x00,0x00,0x00,0xE0,0x80,0x80,0x00,0x00,0x00,0x80,0x80,
 291          0x00,0x00,0x80,0x80,0x80,0x80,0x00,0x80,0x80,0x80,0xC0,0x80,0x00,0x00,0x00,0x00,
 292          0x00,0x03,0x00,0x00,0x00,0x00,0x80,0x80,0x80,0x80,0x80,0x80,0x00,0x00,0x02,0x81,
 293          0x80,0x00,0x00,0xE0,0x80,0x80,0x00,0x00,0x80,0x00,0x00,0x00,0x80,0x00,0x00,0x00,
 294          0x00,0x00,0x00,0x00,0x00,0x00,0x00,0x00,0x00,0x00,0x00,0x00,0x00,0x00,0x00,0x00,
 295          0x00,0x00,0x00,0x00,0x00,0x00,0x00,0x00,0x00,0x00,0x00,0x00,0x00,0x00,0x00,0x00,
 296          0x00,0x00,0x00,0x00,0x00,0x00,0x00,0x0F,0x00,0x0F,0x00,0x00,0x0F,0x00,0x00,0x00,
 297          0x00,0x0F,0x00,0x00,0x0F,0x00,0x00,0x0F,0x00,0x00,0x27,0x18,0x07,0x00,0x00,0x00,
 298          0x00,0x00,0x0F,0x00,0x00,0x0F,0x00,0x07,0x0A,0x0A,0x0B,0x00,0x0C,0x0A,0x0A,0x0F,
 299          0x00,0x0F,0x00,0x00,0x0F,0x08,0x00,0x00,0x00,0x00,0x00,0x00,0x00,0x00,0x00,0x00,
 300          0x0F,0x00,0x00,0x0F,0x00,0x00,0x0F,0x00,0x07,0x08,0x08,0x07,0x00,0x0F,0x08,0x08,
C51 COMPILER V9.60.7.0   PICTURE                                                           11/21/2024 17:05:42 PAGE 6   

 301          0x07,0x00,0x00,0x27,0x18,0x07,0x00,0x00,0x00,0x00,0x00,0x00,0x00,0x00,0x00,0x00,
 302          0x00,0x00,0x00,0x00,0x00,0x00,0x00,0x00,0x00,0x00,0x00,0x00,0x00,0x00,0xFE,0xFE,
 303          0x38,0x7C,0xFE,0x10,0x38,0x7C,0xFE,0x00,0x00,0x00,0x00,0xFE,0xFE,0x00,0xFE,0xFE,
 304          0x00,0x00,0x00,0x00,0x00,0xFE,0x7C,0x38,0x10,0xFE,0x7C,0x38,0xFE,0xFE,0x00,0x00,
 305          0x00,0x00,0x00,0x00,0x00,0x00,0x00,0x00,0xFC,0x82,0x82,0x7C,0x00,0x00,0x04,0xFE,
 306          0x00,0x00,0x00,0x88,0x00,0x58,0x8E,0x8A,0x72,0x00,0x84,0xC2,0xB2,0x8C,0x00,0xC0,
 307          0x38,0x06,0x44,0x82,0x92,0x6C,0x00,0x00,0x88,0x00,0x58,0x8E,0x8A,0x72,0x00,0x6C,
 308          0x92,0x92,0x6C,0x00,0x00,0x00,0x00,0x00,0x7C,0x7C,0x7C,0x7C,0x7C,0x7C,0x7C,0x7C,
 309          0x7C,0x7C,0x7C,0x7C,0x7C,0x7C,0x7C,0x7C,0x44,0x44,0x44,0x44,0x44,0x44,0x44,0x44,
 310          0x44,0x44,0x44,0x44,0x44,0x44,0x44,0x7C,
 311          };


MODULE INFORMATION:   STATIC OVERLAYABLE
   CODE SIZE        =   ----    ----
   CONSTANT SIZE    =   2536    ----
   XDATA SIZE       =   ----    ----
   PDATA SIZE       =   ----    ----
   DATA SIZE        =   ----    ----
   IDATA SIZE       =   ----    ----
   BIT SIZE         =   ----    ----
END OF MODULE INFORMATION.


C51 COMPILATION COMPLETE.  0 WARNING(S),  0 ERROR(S)
