C51 COMPILER V9.60.7.0   MAIN                                                              11/01/2024 16:33:15 PAGE 1   


C51 COMPILER V9.60.7.0, COMPILATION OF MODULE MAIN
OBJECT MODULE PLACED IN .\Objects\main.obj
COMPILER INVOKED BY: D:\KEIL_STM32\C51\BIN\C51.EXE main.c OPTIMIZE(8,SPEED) BROWSE DEBUG OBJECTEXTEND PRINT(.\Listings\m
                    -ain.lst) OBJECT(.\Objects\main.obj)

line level    source

   1          #include <REGX52.H>
   2          #include "LCD2004.h"
   3          
   4          
   5          unsigned char mode=0;
   6          
   7          int main() 
   8          {
   9   1                              LCD_Init(); 
  10   1                              LCD_Clear();
  11   1                              Write_DDRAM(0xd0); 
  12   1                              Delay(30); 
  13   1                  Write_DDRAM(0xd2);  
  14   1                              Delay(30);
  15   1                  Write_DDRAM(0xc2);  
  16   1                              Delay(30);
  17   1                  Write_DDRAM(0xcf);  
  18   1                              Delay(30);
  19   1                  Write_DDRAM(0xf2);  
  20   1                              Delay(30);
  21   1                  Write_DDRAM(0x8f);  
  22   1                              Delay(30);
  23   1                          Write_DDRAM(0x2a); 
  24   1                              Delay(30);
  25   1                              write_CGROM(0x10);//ÄÚÖÃ
  26   1                              Delay(30);
  27   1                              Write_DDRAM(0xfa);
  28   1                              Delay(30);
  29   1      //                      LCD_Clear();
  30   1      //                      LCD_ShowString(1,1,"YH");
  31   1      
  32   1                              
  33   1      while (1) 
  34   1      {
  35   2      
  36   2                      if (ReadKey1()) {
  37   3                      mode++;
  38   3                      mode %= 8;
  39   3                      switch (mode) {
  40   4              case 1:
  41   4                  
  42   4                              displayCustomCharacter1(); 
  43   4                  break;
  44   4              case 2:
  45   4                  Write_DDRAM(0xd2);  
  46   4                  break;
  47   4              case 3:
  48   4                  Write_DDRAM(0xc2);  
  49   4                  break;
  50   4              case 4:
  51   4                  Write_DDRAM(0xcf);  
  52   4                  break;
  53   4              case 5:
  54   4                  Write_DDRAM(0xf2);  
C51 COMPILER V9.60.7.0   MAIN                                                              11/01/2024 16:33:15 PAGE 2   

  55   4                  break;
  56   4              case 6:
  57   4                  Write_DDRAM(0x8f);  
  58   4                  break;
  59   4                      case 7:
  60   4                          Write_DDRAM(0x2a);
  61   4      //                      write_CGROM(0x10);
  62   4                                break;
  63   4              default:
  64   4                  Write_DDRAM(0xfa);  
  65   4                  break;
  66   4          
  67   4                      }
  68   3              }                       
  69   2      }
  70   1      
  71   1              }
  72          


MODULE INFORMATION:   STATIC OVERLAYABLE
   CODE SIZE        =    208    ----
   CONSTANT SIZE    =   ----    ----
   XDATA SIZE       =   ----    ----
   PDATA SIZE       =   ----    ----
   DATA SIZE        =      1    ----
   IDATA SIZE       =   ----    ----
   BIT SIZE         =   ----    ----
END OF MODULE INFORMATION.


C51 COMPILATION COMPLETE.  0 WARNING(S),  0 ERROR(S)
