C51 COMPILER V9.60.7.0   PICTURE                                                           11/19/2024 16:52:59 PAGE 1   


C51 COMPILER V9.60.7.0, COMPILATION OF MODULE PICTURE
OBJECT MODULE PLACED IN .\Objects\picture.obj
COMPILER INVOKED BY: D:\KEIL_STM32\C51\BIN\C51.EXE picture.c OPTIMIZE(8,SPEED) BROWSE DEBUG OBJECTEXTEND PRINT(.\Listing
                    -s\picture.lst) OBJECT(.\Objects\picture.obj)

line level    source

   1          unsigned char code character[]=
   2          {  
   3          0x41,0x22,0x14,0x08,0x14,0x22,0x41,0x00, // X 
   4          0x1c,0x22,0x41,0x55,0x49,0x22,0x1c,0x00, // O 
   5          0x22,0x14,0x08,0x1c,0x08,0x14,0x22,0x00, // Y 
   6          
   7          };               
   8                  
   9                           
  10          unsigned char code font[]=
  11          {
  12          
  13          /*-- ID:0,字符:"广",ASCII编码:B9E3,对应字:宽x高=16x16,画布:宽W=16 高H=16,共32字节*/
  14          0x00,0x00,0xfc,0x04,0x04,0x04,0x04,0x05,0x06,0x04,0x04,0x04,0x04,0x04,0x04,0x00,
  15          0x40,0x30,0x0f,0x00,0x00,0x00,0x00,0x00,0x00,0x00,0x00,0x00,0x00,0x00,0x00,0x00,
  16          
  17          /*-- ID:1,字符:"东",ASCII编码:B6AB,对应字:宽x高=16x16,画布:宽W=16 高H=16,共32字节*/
  18          0x00,0x08,0x08,0x88,0x68,0x18,0x0f,0xe8,0x08,0x08,0x08,0x08,0x08,0x00,0x00,0x00,
  19          0x00,0x40,0x21,0x11,0x0d,0x41,0x81,0x7f,0x01,0x0d,0x11,0x21,0x41,0x00,0x00,0x00,
  20          
  21          /*-- ID:2,字符:"烨",ASCII编码:ECC7,对应字:宽x高=16x16,画布:宽W=16 高H=16,共32字节*/
  22          0x80,0x70,0x00,0xff,0x20,0x98,0x40,0xf8,0x07,0x40,0x7f,0xa0,0x90,0xc8,0x00,0x00,
  23          0x80,0x60,0x18,0x07,0x08,0x34,0x04,0x05,0x04,0xff,0x04,0x04,0x04,0x04,0x04,0x00,
  24          
  25          /*-- ID:3,字符:"辉",ASCII编码:BBD4,对应字:宽x高=16x16,画布:宽W=16 高H=16,共32字节*/
  26          0x44,0x48,0xd0,0x7f,0xd0,0x4c,0x40,0xa6,0x62,0x3a,0xa2,0x22,0x22,0x22,0x06,0x00,
  27          0x40,0x30,0x0f,0x00,0x3f,0x10,0x08,0x09,0x09,0x09,0xff,0x09,0x09,0x09,0x08,0x00,
  28          
  29          /*-- ID:4,字符:"科",ASCII编码:BFC6,对应字:宽x高=16x16,画布:宽W=16 高H=16,共32字节*/
  30          0x24,0x24,0x24,0xa4,0xfe,0xa3,0x22,0x00,0x24,0x48,0x00,0xff,0x00,0x00,0x00,0x00,
  31          0x10,0x08,0x06,0x01,0xff,0x00,0x01,0x02,0x02,0x02,0x02,0xff,0x02,0x02,0x02,0x00,
  32          
  33          /*-- ID:5,字符:"技",ASCII编码:BCBC,对应字:宽x高=16x16,画布:宽W=16 高H=16,共32字节*/
  34          0x10,0x10,0x10,0xff,0x10,0x10,0x88,0x88,0x88,0xff,0x88,0x88,0x88,0x08,0x00,0x00,
  35          0x04,0x44,0x82,0x7f,0x01,0x80,0x81,0x46,0x28,0x10,0x28,0x46,0x81,0x80,0x00,0x00,
  36          
  37          /*-- ID:6,字符:"有",ASCII编码:D3D0,对应字:宽x高=16x16,画布:宽W=16 高H=16,共32字节*/
  38          0x04,0x04,0x04,0x84,0xe4,0x3c,0x27,0x24,0x24,0x24,0x24,0xe4,0x04,0x04,0x04,0x00,
  39          0x04,0x02,0x01,0x00,0xff,0x09,0x09,0x09,0x09,0x49,0x89,0x7f,0x00,0x00,0x00,0x00,
  40          
  41          /*-- ID:7,字符:"限",ASCII编码:CFDE,对应字:宽x高=16x16,画布:宽W=16 高H=16,共32字节*/
  42          0x00,0xfe,0x02,0x22,0xda,0x06,0x00,0xfe,0x92,0x92,0x92,0x92,0xfe,0x00,0x00,0x00,
  43          0x00,0xff,0x08,0x10,0x08,0x07,0x00,0xff,0x42,0x24,0x08,0x14,0x22,0x20,0x20,0x00,
  44          
  45          /*-- ID:8,字符:"公",ASCII编码:B9AB,对应字:宽x高=16x16,画布:宽W=16 高H=16,共32字节*/
  46          0x00,0x00,0x80,0x40,0x30,0x0c,0x00,0xc0,0x06,0x18,0x20,0x40,0x80,0x80,0x80,0x00,
  47          0x01,0x01,0x00,0x30,0x28,0x24,0x23,0x20,0x20,0x28,0x30,0x60,0x00,0x01,0x00,0x00,
  48          
  49          /*-- ID:9,字符:"司",ASCII编码:CBBE,对应字:宽x高=16x16,画布:宽W=16 高H=16,共32字节*/
  50          0x10,0x10,0x92,0x92,0x92,0x92,0x92,0x92,0x92,0x92,0x92,0x92,0xfe,0x00,0x00,0x00,
  51          0x00,0x00,0x3f,0x10,0x10,0x10,0x10,0x10,0x3f,0x00,0x40,0x80,0x7f,0x00,0x00,0x00,
  52          
  53          /*-- ID:10,字符:"Ｌ",ASCII编码:A3CC,对应字:宽x高=16x16,画布:宽W=16 高H=16,共32字节*/
  54          0x00,0x00,0x00,0x04,0xfc,0xfc,0x04,0x00,0x00,0x00,0x00,0x00,0x00,0x00,0x00,0x00,
C51 COMPILER V9.60.7.0   PICTURE                                                           11/19/2024 16:52:59 PAGE 2   

  55          0x00,0x00,0x00,0x20,0x3f,0x3f,0x20,0x20,0x20,0x20,0x20,0x30,0x38,0x00,0x00,0x00,
  56          
  57          /*-- ID:11,字符:"Ｃ",ASCII编码:A3C3,对应字:宽x高=16x16,画布:宽W=16 高H=16,共32字节*/
  58          0x00,0x00,0x00,0xe0,0xf0,0x18,0x0c,0x04,0x04,0x04,0x0c,0x18,0x18,0x00,0x00,0x00,
  59          0x00,0x00,0x00,0x07,0x0f,0x18,0x30,0x20,0x20,0x20,0x30,0x10,0x08,0x00,0x00,0x00,
  60          
  61          /*-- ID:12,字符:"Ｍ",ASCII编码:A3CD,对应字:宽x高=16x16,画布:宽W=16 高H=16,共32字节*/
  62          0x00,0x00,0x04,0xfc,0x1c,0x70,0xe0,0x80,0x00,0x80,0xe0,0x10,0xfc,0xfc,0x04,0x00,
  63          0x00,0x00,0x20,0x3f,0x20,0x00,0x01,0x07,0x1c,0x07,0x00,0x20,0x3f,0x3f,0x20,0x00,
  64          
  65          /*-- ID:13,字符:"１",ASCII编码:A3B1,对应字:宽x高=16x16,画布:宽W=16 高H=16,共32字节*/
  66          0x00,0x00,0x00,0x00,0x00,0x00,0x08,0xf8,0xfc,0x00,0x00,0x00,0x00,0x00,0x00,0x00,
  67          0x00,0x00,0x00,0x00,0x00,0x00,0x20,0x3f,0x3f,0x20,0x00,0x00,0x00,0x00,0x00,0x00,
  68          
  69          /*-- ID:14,字符:"９",ASCII编码:A3B9,对应字:宽x高=16x16,画布:宽W=16 高H=16,共32字节*/
  70          0x00,0x00,0x00,0x00,0xf0,0xf8,0x0c,0x04,0x04,0x0c,0xf8,0xf0,0x00,0x00,0x00,0x00,
  71          0x00,0x00,0x00,0x00,0x08,0x19,0x33,0x22,0x22,0x33,0x1f,0x0f,0x00,0x00,0x00,0x00,
  72          
  73          /*-- ID:15,字符:"２",ASCII编码:A3B2,对应字:宽x高=16x16,画布:宽W=16 高H=16,共32字节*/
  74          0x00,0x00,0x00,0x00,0x30,0x38,0x0c,0x04,0x04,0x0c,0xf8,0xf0,0x00,0x00,0x00,0x00,
  75          0x00,0x00,0x00,0x00,0x20,0x30,0x38,0x2c,0x26,0x23,0x21,0x38,0x00,0x00,0x00,0x00,
  76          
  77          /*-- ID:16,字符:"６",ASCII编码:A3B6,对应字:宽x高=16x16,画布:宽W=16 高H=16,共32字节*/
  78          0x00,0x00,0x00,0x00,0xf0,0xf8,0x8c,0x44,0x44,0xcc,0x98,0x10,0x00,0x00,0x00,0x00,
  79          0x00,0x00,0x00,0x00,0x0f,0x1f,0x30,0x20,0x20,0x30,0x1f,0x0f,0x00,0x00,0x00,0x00,
  80          
  81          /*-- ID:17,字符:"４",ASCII编码:A3B4,对应字:宽x高=16x16,画布:宽W=16 高H=16,共32字节*/
  82          0x00,0x00,0x00,0x00,0x80,0xc0,0x70,0x18,0xfc,0xfe,0x00,0x00,0x00,0x00,0x00,0x00,
  83          0x00,0x00,0x00,0x06,0x07,0x05,0x04,0x24,0x3f,0x3f,0x24,0x04,0x00,0x00,0x00,0x00,
  84          
  85          /*-- ID:18,字符:"－",ASCII编码:A3AD,对应字:宽x高=16x16,画布:宽W=16 高H=16,共32字节*/
  86          0x00,0x00,0x00,0x00,0x80,0x80,0x80,0x80,0x80,0x80,0x80,0x80,0x80,0x00,0x00,0x00,
  87          0x00,0x00,0x00,0x00,0x00,0x00,0x00,0x00,0x00,0x00,0x00,0x00,0x00,0x00,0x00,0x00,
  88          
  89          /*-- ID:19,字符:"３",ASCII编码:A3B3,对应字:宽x高=16x16,画布:宽W=16 高H=16,共32字节*/
  90          0x00,0x00,0x00,0x00,0x10,0x18,0x0c,0x84,0x84,0xcc,0x78,0x30,0x00,0x00,0x00,0x00,
  91          0x00,0x00,0x00,0x00,0x08,0x18,0x30,0x20,0x20,0x31,0x1f,0x0e,0x00,0x00,0x00,0x00
  92          
  93          
  94          
  95          
  96          };
  97          
  98          
  99          unsigned char code BMP0[]={
 100          /*-[数据排列]:从左到右从上到下 [取模方式]:纵向8点下高位 [正负反色]:否
 101          图像尺寸:192x64 画布尺寸:192x64，共1536个字节-*/
 102          0xff,0x01,0x01,0x01,0x01,0x01,0x01,0x01,0x01,0x01,0x01,0x01,0x01,0x01,0x01,0x01,
 103          0x01,0x01,0x01,0x01,0x01,0x01,0x01,0x01,0x01,0x01,0x01,0x01,0x01,0x01,0x01,0x01,
 104          0x01,0x01,0x01,0x01,0x01,0x01,0x01,0x01,0x01,0x01,0x01,0x01,0x01,0x01,0x01,0x01,
 105          0x01,0x01,0x01,0x01,0x01,0x01,0x01,0x01,0x01,0x01,0x01,0x01,0x01,0x01,0x01,0x01,
 106          0x01,0x01,0x01,0x01,0x01,0x01,0x01,0x01,0x01,0x01,0x01,0x01,0x01,0x01,0x01,0x01,
 107          0x01,0x01,0x01,0x01,0x01,0x01,0x01,0x01,0x01,0x01,0x01,0x01,0x01,0x01,0x01,0x01,
 108          0x01,0x01,0x01,0x01,0x01,0x01,0x01,0x01,0x01,0x01,0x01,0x01,0x01,0x01,0x01,0x01,
 109          0x01,0x01,0x01,0x01,0x01,0x01,0x01,0x01,0x01,0x01,0x01,0x01,0x01,0x01,0x01,0x01,
 110          0x01,0x01,0x01,0x01,0x01,0x01,0x01,0x01,0x01,0x01,0x01,0x01,0x01,0x01,0x01,0x01,
 111          0x01,0x01,0x01,0x01,0x01,0x01,0x01,0x01,0x01,0x01,0x01,0x01,0x01,0x01,0x01,0x01,
 112          0x01,0x01,0x01,0x01,0x01,0x01,0x01,0x01,0x01,0x01,0x01,0x01,0x01,0x01,0x01,0x01,
 113          0x01,0x01,0x01,0x01,0x01,0x01,0x01,0x01,0x01,0x01,0x01,0x01,0x01,0x01,0x01,0xff,
 114          0xff,0x00,0x00,0x00,0x00,0x00,0x00,0x00,0x00,0x00,0x00,0x00,0x00,0x00,0x00,0x00,
 115          0x00,0x00,0x00,0x00,0x00,0x00,0x00,0x00,0x00,0x00,0x00,0x00,0x00,0x00,0x00,0x00,
 116          0x00,0x00,0x00,0x00,0x00,0x00,0x00,0x00,0x00,0x00,0x00,0x00,0x00,0x00,0x00,0x00,
C51 COMPILER V9.60.7.0   PICTURE                                                           11/19/2024 16:52:59 PAGE 3   

 117          0x00,0x00,0x00,0x00,0x00,0x00,0x00,0x00,0x00,0x00,0x00,0x00,0x00,0x00,0x00,0x00,
 118          0x00,0x00,0x00,0x00,0x00,0x00,0x00,0x00,0x00,0x00,0x00,0x00,0x00,0x00,0x00,0x00,
 119          0x00,0x00,0x00,0x00,0x00,0x00,0x00,0x00,0x00,0x00,0x00,0x00,0x00,0x00,0x00,0x00,
 120          0x00,0x00,0x00,0x00,0x00,0x00,0x00,0x00,0x00,0x00,0x00,0x00,0x00,0x00,0x00,0x00,
 121          0x00,0x00,0x00,0x00,0x00,0x00,0x00,0x00,0x00,0x00,0x00,0x00,0x00,0x00,0x00,0x00,
 122          0x00,0x00,0x00,0x00,0x00,0x00,0x00,0x00,0x00,0x00,0x00,0x00,0x00,0x00,0x00,0x00,
 123          0x00,0x00,0x00,0x00,0x00,0x00,0x00,0x00,0x00,0x00,0x00,0x00,0x00,0x00,0x00,0x00,
 124          0x00,0x00,0x00,0x00,0x00,0x00,0x00,0x00,0x00,0x00,0x00,0x00,0x00,0x00,0x00,0x00,
 125          0x00,0x00,0x00,0x00,0x00,0x00,0x00,0x00,0x00,0x00,0x00,0x00,0x00,0x00,0x00,0xff,
 126          0xff,0x00,0x00,0x00,0x00,0x00,0x00,0x00,0x00,0x00,0x00,0x00,0x00,0x00,0x00,0x00,
 127          0x00,0x00,0x00,0x00,0x00,0x00,0x00,0x00,0x00,0x00,0x00,0x00,0x00,0x00,0x00,0x00,
 128          0x00,0x00,0x00,0x00,0x00,0x00,0x00,0x00,0x00,0x00,0x00,0x00,0x00,0x00,0x00,0x00,
 129          0x00,0x00,0x00,0x00,0x00,0x00,0x00,0x00,0x00,0x00,0x00,0x00,0x00,0x00,0x00,0x00,
 130          0x00,0x00,0x00,0x00,0x00,0x00,0x00,0x00,0x00,0x00,0x00,0x00,0x00,0x00,0x00,0x00,
 131          0x00,0x00,0x00,0x00,0x00,0x00,0x00,0x00,0x00,0x00,0x00,0x00,0x00,0x00,0x00,0x00,
 132          0x00,0x00,0x00,0x00,0x00,0x00,0x00,0x00,0x00,0x00,0x00,0x00,0x00,0x00,0x00,0x00,
 133          0x00,0x00,0x00,0x00,0x00,0x00,0x00,0x00,0x00,0x00,0x00,0x00,0x00,0x00,0x00,0x00,
 134          0x00,0x00,0x00,0x00,0x00,0x00,0x00,0x00,0x00,0x00,0x00,0x00,0x00,0x00,0x00,0x00,
 135          0x00,0x00,0x00,0x00,0x00,0x00,0x00,0x00,0x00,0x00,0x00,0x00,0x00,0x00,0x00,0x00,
 136          0x00,0x00,0x00,0x00,0x00,0x00,0x00,0x00,0x00,0x00,0x00,0x00,0x00,0x00,0x00,0x00,
 137          0x00,0x00,0x00,0x00,0x00,0x00,0x00,0x00,0x00,0x00,0x00,0x00,0x00,0x00,0x00,0xff,
 138          0xff,0x00,0x00,0x00,0x00,0x00,0x00,0x00,0x00,0x00,0x00,0x00,0x00,0x00,0x00,0x00,
 139          0x00,0x00,0x00,0x00,0x00,0x00,0x00,0x00,0x00,0x00,0x00,0x00,0x00,0x00,0x00,0x00,
 140          0x00,0x00,0x00,0x00,0x00,0x00,0x00,0x00,0x00,0x00,0x00,0x00,0x00,0x00,0x00,0x00,
 141          0x00,0x00,0x00,0x00,0x00,0x00,0x00,0x00,0x00,0x00,0x00,0x00,0x00,0x00,0x00,0x00,
 142          0x00,0x00,0x00,0x00,0x00,0x00,0x00,0x00,0x00,0x00,0x00,0x00,0x00,0x00,0x00,0x00,
 143          0x00,0x00,0x00,0x00,0x00,0x00,0x00,0x00,0x00,0x00,0x00,0x00,0x00,0x00,0x00,0x00,
 144          0x00,0x00,0x00,0x00,0x00,0x00,0x00,0x00,0x00,0x00,0x00,0x00,0x00,0x00,0x00,0x00,
 145          0x00,0x00,0x00,0x00,0x00,0x00,0x00,0x00,0x00,0x00,0x00,0x00,0x00,0x00,0x00,0x00,
 146          0x00,0x00,0x00,0x00,0x00,0x00,0x00,0x00,0x00,0x00,0x00,0x00,0x00,0x00,0x00,0x00,
 147          0x00,0x00,0x00,0x00,0x00,0x00,0x00,0x00,0x00,0x00,0x00,0x00,0x00,0x00,0x00,0x00,
 148          0x00,0x00,0x00,0x00,0x00,0x00,0x00,0x00,0x00,0x00,0x00,0x00,0x00,0x00,0x00,0x00,
 149          0x00,0x00,0x00,0x00,0x00,0x00,0x00,0x00,0x00,0x00,0x00,0x00,0x00,0x00,0x00,0xff,
 150          0xff,0x00,0x00,0x00,0x00,0x00,0x00,0x00,0x00,0x00,0x00,0x00,0x00,0x00,0x00,0x00,
 151          0x00,0x00,0x00,0x00,0x00,0x00,0x00,0x00,0x00,0x00,0x00,0x00,0x00,0x00,0x00,0x00,
 152          0x00,0x00,0x00,0x00,0x00,0x00,0x00,0x00,0x00,0x00,0x00,0x00,0x00,0x00,0x00,0x00,
 153          0x00,0x00,0x00,0x00,0x00,0x00,0x00,0x00,0x00,0x00,0x00,0x00,0x00,0x00,0x00,0x00,
 154          0x00,0x00,0x00,0x00,0x00,0x00,0x00,0x00,0x00,0x00,0x00,0x00,0x00,0x00,0x00,0x00,
 155          0x00,0x00,0x00,0x00,0x00,0x00,0x00,0x00,0x00,0x00,0x00,0x00,0x00,0x00,0x00,0x00,
 156          0x00,0x00,0x00,0x00,0x00,0x00,0x00,0x00,0x00,0x00,0x00,0x00,0x00,0x00,0x00,0x00,
 157          0x00,0x00,0x00,0x00,0x00,0x00,0x00,0x00,0x00,0x00,0x00,0x00,0x00,0x00,0x00,0x00,
 158          0x00,0x00,0x00,0x00,0x00,0x00,0x00,0x00,0x00,0x00,0x00,0x00,0x00,0x00,0x00,0x00,
 159          0x00,0x00,0x00,0x00,0x00,0x00,0x00,0x00,0x00,0x00,0x00,0x00,0x00,0x00,0x00,0x00,
 160          0x00,0x00,0x00,0x00,0x00,0x00,0x00,0x00,0x00,0x00,0x00,0x00,0x00,0x00,0x00,0x00,
 161          0x00,0x00,0x00,0x00,0x00,0x00,0x00,0x00,0x00,0x00,0x00,0x00,0x00,0x00,0x00,0xff,
 162          0xff,0x00,0x00,0x00,0x00,0x00,0x00,0x00,0x00,0x00,0x00,0x00,0x00,0x00,0x00,0x00,
 163          0x00,0x00,0x00,0x00,0x00,0x00,0x00,0x00,0x00,0x00,0x00,0x00,0x00,0x00,0x00,0x00,
 164          0x00,0x00,0x00,0x00,0x00,0x00,0x00,0x00,0x00,0x00,0x00,0x00,0x00,0x00,0x00,0x00,
 165          0x00,0x00,0x00,0x00,0x00,0x00,0x00,0x00,0x00,0x00,0x00,0x00,0x00,0x00,0x00,0x00,
 166          0x00,0x00,0x00,0x00,0x00,0x00,0x00,0x00,0x00,0x00,0x00,0x00,0x00,0x00,0x00,0x00,
 167          0x00,0x00,0x00,0x00,0x00,0x00,0x00,0x00,0x00,0x00,0x00,0x00,0x00,0x00,0x00,0x00,
 168          0x00,0x00,0x00,0x00,0x00,0x00,0x00,0x00,0x00,0x00,0x00,0x00,0x00,0x00,0x00,0x00,
 169          0x00,0x00,0x00,0x00,0x00,0x00,0x00,0x00,0x00,0x00,0x00,0x00,0x00,0x00,0x00,0x00,
 170          0x00,0x00,0x00,0x00,0x00,0x00,0x00,0x00,0x00,0x00,0x00,0x00,0x00,0x00,0x00,0x00,
 171          0x00,0x00,0x00,0x00,0x00,0x00,0x00,0x00,0x00,0x00,0x00,0x00,0x00,0x00,0x00,0x00,
 172          0x00,0x00,0x00,0x00,0x00,0x00,0x00,0x00,0x00,0x00,0x00,0x00,0x00,0x00,0x00,0x00,
 173          0x00,0x00,0x00,0x00,0x00,0x00,0x00,0x00,0x00,0x00,0x00,0x00,0x00,0x00,0x00,0xff,
 174          0xff,0x00,0x00,0x00,0x00,0x00,0x00,0x00,0x00,0x00,0x00,0x00,0x00,0x00,0x00,0x00,
 175          0x00,0x00,0x00,0x00,0x00,0x00,0x00,0x00,0x00,0x00,0x00,0x00,0x00,0x00,0x00,0x00,
 176          0x00,0x00,0x00,0x00,0x00,0x00,0x00,0x00,0x00,0x00,0x00,0x00,0x00,0x00,0x00,0x00,
 177          0x00,0x00,0x00,0x00,0x00,0x00,0x00,0x00,0x00,0x00,0x00,0x00,0x00,0x00,0x00,0x00,
 178          0x00,0x00,0x00,0x00,0x00,0x00,0x00,0x00,0x00,0x00,0x00,0x00,0x00,0x00,0x00,0x00,
C51 COMPILER V9.60.7.0   PICTURE                                                           11/19/2024 16:52:59 PAGE 4   

 179          0x00,0x00,0x00,0x00,0x00,0x00,0x00,0x00,0x00,0x00,0x00,0x00,0x00,0x00,0x00,0x00,
 180          0x00,0x00,0x00,0x00,0x00,0x00,0x00,0x00,0x00,0x00,0x00,0x00,0x00,0x00,0x00,0x00,
 181          0x00,0x00,0x00,0x00,0x00,0x00,0x00,0x00,0x00,0x00,0x00,0x00,0x00,0x00,0x00,0x00,
 182          0x00,0x00,0x00,0x00,0x00,0x00,0x00,0x00,0x00,0x00,0x00,0x00,0x00,0x00,0x00,0x00,
 183          0x00,0x00,0x00,0x00,0x00,0x00,0x00,0x00,0x00,0x00,0x00,0x00,0x00,0x00,0x00,0x00,
 184          0x00,0x00,0x00,0x00,0x00,0x00,0x00,0x00,0x00,0x00,0x00,0x00,0x00,0x00,0x00,0x00,
 185          0x00,0x00,0x00,0x00,0x00,0x00,0x00,0x00,0x00,0x00,0x00,0x00,0x00,0x00,0x00,0xff,
 186          0xff,0x80,0x80,0x80,0x80,0x80,0x80,0x80,0x80,0x80,0x80,0x80,0x80,0x80,0x80,0x80,
 187          0x80,0x80,0x80,0x80,0x80,0x80,0x80,0x80,0x80,0x80,0x80,0x80,0x80,0x80,0x80,0x80,
 188          0x80,0x80,0x80,0x80,0x80,0x80,0x80,0x80,0x80,0x80,0x80,0x80,0x80,0x80,0x80,0x80,
 189          0x80,0x80,0x80,0x80,0x80,0x80,0x80,0x80,0x80,0x80,0x80,0x80,0x80,0x80,0x80,0x80,
 190          0x80,0x80,0x80,0x80,0x80,0x80,0x80,0x80,0x80,0x80,0x80,0x80,0x80,0x80,0x80,0x80,
 191          0x80,0x80,0x80,0x80,0x80,0x80,0x80,0x80,0x80,0x80,0x80,0x80,0x80,0x80,0x80,0x80,
 192          0x80,0x80,0x80,0x80,0x80,0x80,0x80,0x80,0x80,0x80,0x80,0x80,0x80,0x80,0x80,0x80,
 193          0x80,0x80,0x80,0x80,0x80,0x80,0x80,0x80,0x80,0x80,0x80,0x80,0x80,0x80,0x80,0x80,
 194          0x80,0x80,0x80,0x80,0x80,0x80,0x80,0x80,0x80,0x80,0x80,0x80,0x80,0x80,0x80,0x80,
 195          0x80,0x80,0x80,0x80,0x80,0x80,0x80,0x80,0x80,0x80,0x80,0x80,0x80,0x80,0x80,0x80,
 196          0x80,0x80,0x80,0x80,0x80,0x80,0x80,0x80,0x80,0x80,0x80,0x80,0x80,0x80,0x80,0x80,
 197          0x80,0x80,0x80,0x80,0x80,0x80,0x80,0x80,0x80,0x80,0x80,0x80,0x80,0x80,0x80,0xff
 198          
 199          };
 200           
 201          unsigned char code BMP1[]={    
 202          /*--  buy-display.com
 203          /*--  192x64  --*/
 204          0x07,0x01,0x01,0x00,0x00,0x00,0x00,0x00,0x00,0x00,0x20,0xE0,0xF0,0x30,0x10,0x18,
 205          0x18,0x18,0x10,0x30,0x18,0x0C,0x84,0x8F,0xCC,0xCC,0xDC,0xFC,0x70,0x40,0xC0,0xF0,
 206          0xF8,0xF8,0xF8,0xF8,0xF0,0xF0,0xF0,0xF0,0xF0,0xF0,0x00,0x00,0x00,0x00,0x00,0x00,
 207          0x00,0x00,0x00,0x00,0x00,0xC0,0xF8,0xFC,0xFF,0xFE,0xE0,0x00,0x00,0x00,0x00,0x00,
 208          0x00,0x00,0x80,0xE0,0xF0,0xF8,0xFC,0xFC,0xFE,0xFE,0xFC,0xF8,0xF0,0xF0,0x58,0x08,
 209          0x0C,0x0E,0x0E,0x06,0x04,0x0C,0x0C,0x0C,0x04,0x04,0x1C,0xFC,0xEC,0xC0,0x80,0x00,
 210          0x80,0x80,0xC0,0xC0,0xC0,0xC0,0x80,0x00,0x00,0x00,0x00,0x00,0x00,0x00,0x00,0x00,
 211          0x00,0x00,0x00,0x00,0x00,0x00,0x00,0x00,0x00,0x00,0x00,0x00,0x00,0x00,0xF8,0xFC,
 212          0xFE,0xFE,0xFF,0xFF,0xBF,0xFF,0xFE,0xC3,0xC3,0xC1,0xC3,0xC3,0xC6,0xC6,0x86,0xC6,
 213          0xCC,0xF8,0x90,0x00,0x00,0x00,0x00,0x00,0x00,0x00,0x00,0x00,0x00,0x00,0x00,0x00,
 214          0x00,0x00,0x00,0x00,0x00,0x00,0xC0,0xF0,0xF8,0xFC,0xFC,0xFC,0xFC,0xFC,0xF8,0xE0,
 215          0x90,0x98,0x08,0x0C,0x08,0x08,0x0C,0x14,0x1C,0x2C,0xE0,0x40,0x00,0x01,0x01,0x07,
 216          0xE0,0xE0,0xF8,0xF8,0xF8,0xF8,0xF8,0xF0,0xF0,0x78,0x1C,0x3F,0x3F,0xBE,0xBF,0xFF,
 217          0xDF,0xDD,0x8F,0x87,0x03,0x03,0x07,0x87,0xEF,0xEF,0x7F,0x7F,0xF7,0xF2,0xF3,0xE7,
 218          0xEF,0xDF,0xFF,0xFF,0xFF,0xFF,0xFF,0xFF,0xFF,0xFF,0xFF,0xFE,0x38,0x10,0x00,0x00,
 219          0x30,0x30,0x38,0x3C,0x3F,0x3D,0x37,0x26,0x3D,0x39,0x7F,0xF8,0x80,0x00,0x00,0x00,
 220          0x00,0x00,0x03,0x0F,0x9F,0x7F,0x1F,0x0F,0x7F,0x7F,0xFF,0xFF,0xFB,0xFB,0xFB,0xF6,
 221          0xEE,0x7C,0x18,0x18,0x78,0xFC,0xFC,0xFC,0xFC,0xF4,0xF6,0xF7,0xFD,0xFD,0xF9,0x07,
 222          0x1F,0x3F,0xFF,0xFF,0xFF,0xFF,0x7F,0x1E,0x00,0x00,0x00,0x00,0x00,0x00,0x00,0x00,
 223          0x00,0x00,0x00,0x00,0x00,0x00,0x00,0x80,0xC0,0x40,0xE0,0xF0,0x3C,0x1E,0x9B,0xD9,
 224          0xD9,0x3B,0x03,0x03,0x03,0x03,0x81,0xC7,0x4F,0x7F,0x7F,0xFF,0xFE,0xFE,0x9E,0x1E,
 225          0x0D,0x07,0x06,0x01,0x03,0x06,0x7C,0xF8,0xFC,0xFC,0xFC,0xFC,0xF8,0xF0,0x00,0x00,
 226          0x00,0x00,0x00,0x80,0x60,0x30,0x19,0x0F,0x07,0x07,0x07,0x07,0x07,0x03,0x01,0x00,
 227          0x00,0x01,0x01,0x1F,0x3F,0x7F,0x7F,0xFF,0x7F,0x7F,0x7F,0x33,0x1C,0xE0,0x00,0x00,
 228          0x07,0x07,0x0F,0x1F,0x1F,0x1F,0xFF,0xFF,0x01,0x00,0xF8,0xFE,0xFF,0xFF,0x0F,0x03,
 229          0x73,0x11,0x11,0xB3,0x0F,0x00,0x00,0x0F,0x03,0x18,0x04,0x0C,0xC8,0xC0,0xE3,0xFF,
 230          0xFF,0xFF,0x7F,0x3F,0xFF,0xFF,0xFF,0xFF,0xFF,0xFF,0x03,0x00,0x00,0x00,0x00,0x00,
 231          0x00,0x00,0x00,0x00,0x00,0x00,0x00,0x00,0x00,0x00,0xC0,0x61,0x3F,0x7C,0xE8,0xC8,
 232          0xC8,0xF8,0x3C,0xEF,0xF1,0xF8,0xFC,0xFC,0xFE,0xDE,0x6F,0x2F,0xFF,0xFF,0x3D,0x00,
 233          0x00,0x00,0x00,0xE0,0xF8,0xF8,0xBD,0x3D,0xFD,0xFB,0xFB,0xF1,0xF1,0xE1,0x00,0x00,
 234          0x00,0x00,0xFF,0x7C,0x00,0x00,0x00,0x00,0x00,0x00,0x00,0x00,0x00,0x00,0x00,0x00,
 235          0x00,0x00,0x00,0xF0,0xFC,0x06,0x03,0x61,0xC0,0x00,0x03,0x07,0x04,0x9A,0x1B,0x1B,
 236          0x10,0x00,0x00,0x00,0x3C,0x7E,0xCF,0xC7,0xC0,0xE0,0xF0,0xFF,0xFF,0x7F,0x3F,0x00,
 237          0x00,0x00,0x00,0x00,0x00,0x00,0xE0,0xFF,0x1F,0x1F,0x1F,0x0F,0x0F,0x03,0x00,0xC0,
 238          0x70,0x0C,0x07,0x01,0x00,0x00,0x00,0x00,0x00,0x00,0x00,0x00,0x00,0x00,0x00,0x00,
 239          0x00,0x00,0x00,0x00,0x00,0x00,0x70,0xFC,0xFE,0x0F,0x07,0xE7,0xEE,0x09,0x1F,0xF0,
 240          0x00,0x00,0x00,0x00,0x00,0x00,0xFF,0xFF,0x00,0x00,0x07,0x0F,0x0F,0x0F,0x0F,0x0E,
C51 COMPILER V9.60.7.0   PICTURE                                                           11/19/2024 16:52:59 PAGE 5   

 241          0x0E,0x06,0x03,0x01,0x30,0x32,0x33,0x1F,0x1B,0x10,0x10,0x1C,0x0C,0x00,0x00,0x00,
 242          0x00,0x00,0x00,0x80,0xFF,0xFF,0xFF,0xFF,0xFF,0xFF,0x00,0x00,0x00,0x00,0x00,0x00,
 243          0x00,0x00,0x00,0x00,0x00,0x00,0x00,0x00,0x00,0x00,0x03,0x0E,0x1C,0x18,0x11,0x3B,
 244          0x7F,0xFF,0x60,0xC3,0x87,0x0F,0x0F,0x0F,0x0F,0x8E,0x86,0x8F,0x9C,0x8C,0x80,0x80,
 245          0x00,0x00,0x00,0x01,0x0C,0x0C,0x1D,0x1C,0x3F,0x3F,0x3F,0x1F,0x1F,0x0F,0x01,0x00,
 246          0xC0,0xE0,0x7F,0x1F,0x00,0x00,0x00,0x00,0x00,0xC0,0xE0,0xF0,0xF8,0xFC,0xFE,0xFC,
 247          0xF8,0xE0,0xE0,0xE1,0xC7,0xDC,0xB0,0xE0,0x80,0x01,0x03,0x03,0x01,0x01,0x07,0x0C,
 248          0x18,0x30,0x20,0x60,0x40,0x40,0x40,0x40,0x41,0x41,0x61,0x20,0x30,0x10,0x00,0x00,
 249          0x00,0x00,0x00,0x00,0xC0,0x7C,0x0F,0x00,0x00,0x00,0x00,0x00,0x00,0x3C,0x7E,0xC7,
 250          0x00,0x00,0x00,0x00,0x00,0x00,0x00,0x00,0x00,0x00,0x00,0x00,0x00,0x00,0x00,0x00,
 251          0x00,0x00,0x00,0x00,0x00,0x00,0x00,0x03,0x03,0x07,0x06,0x01,0x01,0xC0,0x60,0x80,
 252          0x00,0x00,0x00,0x00,0x00,0x00,0x03,0x0F,0x1C,0x38,0x30,0x20,0x60,0x60,0x40,0x40,
 253          0xC0,0xC0,0xC0,0xC0,0xC0,0xC0,0xC0,0xC0,0x40,0x40,0x00,0x00,0x20,0x20,0x10,0x18,
 254          0x08,0x0C,0x1E,0x1F,0x3F,0x3F,0xFF,0xFF,0x7F,0x03,0x00,0x00,0x00,0x00,0x00,0x00,
 255          0x00,0x00,0x00,0x00,0x00,0x00,0x00,0x00,0x00,0x00,0x00,0x00,0x00,0x00,0x00,0x00,
 256          0x00,0x03,0x0F,0x3C,0xF1,0xC3,0x06,0xE4,0xFC,0x78,0x39,0x11,0x11,0x11,0x31,0x30,
 257          0x30,0x20,0x20,0x20,0x30,0xF0,0xF0,0x70,0x30,0x70,0xF8,0xF8,0xFC,0xE6,0x06,0x03,
 258          0x01,0x00,0x00,0x00,0x00,0x00,0x00,0x00,0xC0,0xF1,0xFF,0x7F,0xDF,0x87,0xC3,0x7E,
 259          0x9E,0xE1,0xFF,0xFF,0xFF,0xFF,0xFF,0xFF,0xFF,0xFF,0xFF,0xFE,0xFE,0xFC,0xF8,0xF8,
 260          0xF8,0xF0,0xF0,0xF0,0xF0,0xF0,0xF0,0xE0,0xF0,0xF0,0xF0,0xF0,0x10,0x18,0x18,0x08,
 261          0x0C,0x0C,0x06,0x03,0x01,0x00,0x00,0x00,0x00,0x00,0x00,0x00,0x00,0x00,0x00,0x01,
 262          0x03,0x00,0x0C,0x08,0x10,0xB0,0xE0,0xE0,0xE0,0xC0,0xE0,0xF0,0xF0,0xF0,0xF0,0xE0,
 263          0x80,0x00,0x00,0xC0,0x40,0xC0,0xE0,0x20,0x30,0x10,0x18,0x0C,0x05,0x06,0x03,0x01,
 264          0x00,0x00,0x00,0x00,0x00,0x00,0x00,0x00,0x00,0x00,0x00,0x00,0x00,0x00,0xF0,0xFC,
 265          0xFE,0xFF,0xFF,0xFF,0xFF,0x63,0x00,0x00,0x00,0x00,0x00,0x00,0x00,0x00,0x00,0x00,
 266          0x00,0x00,0x00,0x00,0x00,0x00,0x00,0x1F,0xFC,0x00,0x00,0x00,0x00,0x00,0x00,0x00,
 267          0x00,0x00,0x00,0x00,0x00,0x00,0x00,0x00,0x00,0x00,0x00,0x00,0x00,0x00,0x00,0x00,
 268          0x00,0x00,0x00,0x00,0x00,0xFB,0x3F,0x03,0x00,0x00,0x00,0x00,0x00,0x00,0x00,0x00,
 269          0x00,0x00,0x00,0x00,0x00,0x07,0x07,0x0C,0x38,0xE0,0x40,0x01,0x03,0x0F,0x38,0xF0,
 270          0x40,0x00,0x00,0x00,0x00,0x00,0x07,0x07,0x0F,0x1F,0x3F,0x3F,0x7E,0x7E,0x7E,0xFF,
 271          0xFF,0xE3,0xC9,0x88,0x9A,0xB1,0xC1,0xFF,0xFF,0xFF,0xFF,0xFF,0x7F,0x1F,0x1F,0x3F,
 272          0x7F,0xFF,0xFF,0xFF,0xFF,0xFF,0xFF,0xFF,0xFF,0xFF,0x7F,0x07,0x00,0x00,0x00,0x00,
 273          0x00,0x00,0x00,0x00,0x00,0x00,0x00,0x00,0x00,0x00,0x00,0x00,0x00,0x00,0x00,0x00,
 274          0x00,0x00,0xE0,0xFE,0xFF,0xFE,0xFB,0xFC,0xFF,0xFF,0xFF,0xFF,0x3F,0x0F,0x03,0x00,
 275          0x00,0x00,0x00,0x00,0x00,0x00,0x07,0xFC,0xF8,0xF0,0xF0,0xF0,0xE0,0x00,0x00,0x00,
 276          0x00,0x00,0x00,0x00,0x00,0x00,0x00,0x00,0x00,0x00,0x00,0x00,0x00,0x00,0x00,0x03,
 277          0x07,0xEF,0xFF,0x0F,0x07,0x00,0x00,0x00,0x00,0x00,0x00,0x00,0x00,0x00,0x00,0x00,
 278          0x00,0x00,0x00,0x00,0x00,0x00,0x00,0x00,0xFF,0x7C,0x00,0x00,0x00,0x00,0x00,0x00,
 279          0x00,0x00,0x00,0x00,0x00,0x00,0x00,0x00,0x00,0x00,0x00,0x00,0x00,0xC0,0x00,0x00,
 280          0x00,0x00,0x00,0x00,0x00,0x1F,0x00,0x00,0x00,0x00,0x00,0x00,0x00,0x00,0x00,0x00,
 281          0x00,0x00,0x00,0x00,0x00,0x00,0x00,0xC0,0x00,0x43,0x1E,0x1E,0x1C,0x0C,0x06,0x03,
 282          0x00,0x00,0x00,0x00,0x00,0x00,0x00,0xC0,0x00,0x00,0x00,0x00,0x00,0x00,0x00,0x00,
 283          0x00,0x07,0x1F,0x03,0x03,0x03,0x07,0x07,0x07,0x07,0x03,0x01,0x00,0x00,0x00,0x00,
 284          0x00,0x00,0x01,0x01,0x13,0x1F,0x07,0x07,0x07,0x03,0x00,0x00,0x00,0x00,0x00,0x00,
 285          0x00,0x00,0x00,0x00,0x00,0x00,0x00,0x00,0x00,0x00,0x00,0x00,0x00,0x00,0x00,0x00,
 286          0x00,0x00,0x0F,0x1F,0x3F,0xFF,0x7F,0x9F,0x9F,0x1F,0x07,0x00,0x00,0x00,0x00,0x00,
 287          0x00,0x00,0x00,0x00,0x00,0x00,0xE0,0xFF,0x07,0x07,0x07,0x03,0x01,0x00,0x00,0x00,
 288          0xE0,0x80,0x80,0x00,0x00,0x00,0x00,0x00,0x00,0x00,0x00,0x00,0x00,0x00,0x00,0x00,
 289          0x80,0xBF,0xE1,0xC0,0x80,0x80,0x80,0x80,0x80,0x80,0xE4,0xBC,0x88,0x88,0xF8,0xC8,
 290          0x80,0x80,0x80,0x80,0x80,0xC0,0xC0,0xF8,0xCF,0xC0,0x00,0x00,0x00,0x00,0x00,0x00,
 291          0x00,0x00,0x00,0x00,0x00,0x00,0x00,0x00,0x00,0x00,0x00,0x00,0x00,0x3F,0x12,0x21,
 292          0x21,0x1E,0x00,0x1F,0x20,0x20,0x10,0x3F,0x00,0x03,0x8C,0x70,0x0C,0x03,0x00,0x08,
 293          0x08,0x08,0x00,0x1E,0x21,0x21,0x12,0x3F,0x00,0x3F,0x00,0x12,0x25,0x25,0x29,0x12,
 294          0x00,0xFF,0x12,0x21,0x21,0x1E,0x00,0x3F,0x00,0x1A,0x25,0x25,0x15,0x3E,0x00,0x03,
 295          0x8C,0x70,0x0C,0x03,0x00,0x00,0x20,0x00,0x1E,0x21,0x21,0x21,0x12,0x00,0x1E,0x21,
 296          0x21,0x21,0x1E,0x00,0x3F,0x02,0x01,0x3F,0x01,0x01,0x3E,0x00,0x00,0x00,0x00,0x00,
 297          0x00,0x00,0x00,0x00,0x00,0x00,0x00,0x00,0x00,0x00,0x00,0x00,0x00,0x00,0x00,0x00,
 298          0x00,0x00,0x00,0x00,0x0F,0x19,0x30,0x60,0xC3,0xC6,0xCC,0xD8,0x78,0x30,0x30,0x70,
 299          0xC0,0x80,0x80,0x80,0xC0,0x40,0x60,0x31,0x0F,0x00,0x00,0x00,0x00,0x80,0x80,0xE0, 
 300          };   
 301             
 302          unsigned char code BMP2[]={  //??????    
C51 COMPILER V9.60.7.0   PICTURE                                                           11/19/2024 16:52:59 PAGE 6   

 303          /*--  buy-display.com
 304          /*--  192x64  --*/  
 305          0xFF,0x01,0x01,0x01,0x01,0x01,0x01,0x01,0x01,0x01,0x01,0x01,0x01,0x01,0x01,0x01,
 306          0x01,0x01,0x01,0x01,0x01,0x81,0xC1,0xF1,0xF9,0xFD,0xF1,0x01,0x81,0xC1,0x81,0x81,
 307          0x81,0x81,0x01,0x01,0x01,0x01,0x01,0x01,0x01,0x01,0x01,0x01,0x01,0x01,0x01,0x01,
 308          0x01,0x01,0x01,0x01,0x01,0x01,0x01,0x01,0x01,0x01,0x01,0x01,0x01,0x01,0x01,0x01,
 309          0x01,0x01,0x01,0x01,0x81,0xF1,0xF9,0xFF,0xFD,0xC1,0x01,0x01,0x01,0x01,0x01,0x01,
 310          0x01,0x01,0xC1,0xE1,0xF1,0xF9,0xF9,0xFD,0xFD,0xF9,0xF1,0xE1,0xE1,0xB1,0x11,0x19,
 311          0x1D,0x1D,0x0D,0x09,0x19,0x19,0x19,0x09,0x09,0x39,0xF9,0xD9,0x81,0x01,0x01,0x01,
 312          0x01,0x81,0x81,0x81,0x81,0x01,0x01,0x01,0x01,0x01,0x01,0x01,0x01,0x01,0x01,0x01,
 313          0x01,0x01,0x01,0x01,0x01,0x01,0x01,0x01,0x01,0x01,0x01,0x01,0x01,0x01,0x01,0x01,
 314          0x01,0x01,0x01,0x01,0x01,0x01,0x01,0x01,0x01,0x01,0x01,0x01,0x01,0x01,0x81,0x81,
 315          0x81,0x81,0xC1,0x81,0x01,0xF1,0xFD,0xF9,0xF1,0xC1,0x81,0x01,0x01,0x01,0x01,0x01,
 316          0x01,0x01,0x01,0x01,0x01,0x01,0x01,0x01,0x01,0x01,0x01,0x01,0x01,0x01,0x01,0xFF,
 317          0xFF,0x00,0x00,0x00,0x00,0x00,0x00,0x00,0x00,0x00,0x00,0x00,0x00,0x00,0x00,0x00,
 318          0x00,0x00,0x00,0x00,0x03,0x3F,0xFF,0xFF,0xFF,0xFF,0xFF,0xE0,0x01,0xFF,0xFF,0xFF,
 319          0x03,0x03,0x07,0x07,0x07,0x0F,0x0F,0x0E,0x1E,0x1E,0x1E,0x3C,0x3C,0x3C,0x7C,0x78,
 320          0x78,0xF8,0xF8,0xF8,0xF0,0xF0,0xF0,0x00,0x00,0x00,0x00,0x00,0x00,0x00,0x00,0x60,
 321          0x60,0x70,0x78,0x7E,0x7B,0x6F,0x4D,0x7B,0x73,0xFF,0xF0,0x00,0x00,0x00,0x00,0x00,
 322          0x00,0x07,0x1F,0x3F,0xFF,0x3F,0x1F,0xFF,0xFF,0xFF,0xFF,0xF7,0xF7,0xF6,0xEC,0xDC,
 323          0xF8,0x30,0x30,0xF0,0xF8,0xF8,0xF8,0xF8,0xE8,0xEC,0xEF,0xFB,0xFB,0xF3,0x0E,0x3F,
 324          0x7F,0xFF,0xFF,0xFF,0xFF,0xFF,0x3C,0x00,0x00,0x00,0x00,0x00,0x00,0x00,0x00,0x00,
 325          0x00,0x00,0x00,0x00,0x00,0x00,0x00,0x00,0x00,0xF0,0xF0,0xF0,0xF8,0xF8,0xF8,0x78,
 326          0x78,0x7C,0x3C,0x3C,0x3C,0x1E,0x1E,0x1E,0x0E,0x0F,0x0F,0x07,0x07,0x07,0x03,0x03,
 327          0xFF,0xFF,0xFF,0x01,0xE0,0xFF,0xFF,0xFF,0xFF,0xFF,0x3F,0x03,0x00,0x00,0x00,0x00,
 328          0x00,0x00,0x00,0x00,0x00,0x00,0x00,0x00,0x00,0x00,0x00,0x00,0x00,0x00,0x00,0xFF,
 329          0xFF,0x00,0x00,0x00,0x00,0x00,0x00,0x00,0x0C,0x3C,0xF8,0xF8,0xF8,0xF0,0xF0,0xF0,
 330          0xE0,0xE0,0xC0,0xC0,0xC0,0x80,0x81,0x0F,0xFF,0xFF,0xFF,0xFF,0x80,0x00,0x7F,0xFF,
 331          0xFC,0x00,0x00,0x00,0x00,0x00,0x00,0x00,0x00,0x00,0x00,0x00,0x00,0x00,0x00,0x00,
 332          0x00,0x00,0xF8,0xFF,0xFF,0x1F,0x00,0x00,0x00,0x00,0x00,0x00,0x00,0x00,0x00,0x00,
 333          0x00,0x00,0x00,0x00,0x00,0x00,0x00,0x00,0x00,0x80,0xC3,0x7F,0xF8,0xD0,0x90,0x90,
 334          0xF0,0x78,0xDE,0xE3,0xF0,0xF8,0xF8,0xFC,0xBC,0xDF,0x5F,0xFF,0xFF,0x7B,0x01,0x01,
 335          0x00,0x00,0xC0,0xF0,0xF1,0x7B,0x7B,0xFB,0xF7,0xF7,0xE3,0xE3,0xC3,0x01,0x00,0x00,
 336          0x00,0xFF,0xF9,0x01,0x01,0x00,0x00,0x00,0x00,0x00,0x00,0x00,0x00,0x00,0x00,0x00,
 337          0x00,0x00,0x00,0x00,0x00,0x00,0x00,0x00,0x00,0x00,0x1F,0xFF,0xFF,0xF8,0x00,0x00,
 338          0x00,0x00,0x00,0x00,0x00,0x00,0x00,0x00,0x00,0x00,0x00,0x00,0x00,0x00,0x00,0xFC,
 339          0xFF,0x7F,0x00,0x80,0xFF,0xFF,0xFF,0xFF,0x0F,0x81,0x80,0xC0,0xC0,0xC0,0xE0,0xE0,
 340          0xF0,0xF0,0xF0,0xF8,0xF8,0xF8,0x3C,0x0C,0x00,0x00,0x00,0x00,0x00,0x00,0x00,0xFF,
 341          0xFF,0x00,0x00,0x00,0x00,0x00,0x00,0x00,0x00,0x00,0x00,0x07,0x1F,0x7F,0xF8,0xC1,
 342          0x01,0x01,0x03,0x03,0x03,0x07,0x07,0x07,0x00,0x07,0x3F,0xFF,0xFF,0x00,0x00,0x3F,
 343          0xFF,0xF0,0x00,0x00,0x00,0x00,0x00,0x00,0x00,0x00,0x00,0x00,0x00,0x00,0x00,0x00,
 344          0xC0,0xFF,0xFF,0x1F,0x01,0x00,0x00,0x00,0x00,0x00,0x00,0x00,0x00,0x00,0x00,0x00,
 345          0x00,0x00,0x00,0x00,0x00,0x00,0x00,0x00,0x00,0x07,0x1C,0x38,0x30,0x23,0x77,0xFF,
 346          0xFF,0xC0,0x87,0x0F,0x1F,0x1F,0x1F,0x1F,0x1D,0x0C,0x1E,0x39,0x19,0x00,0x00,0x00,
 347          0x00,0x00,0x03,0x19,0x19,0x3B,0x38,0x7F,0x7F,0x7F,0x3F,0x3F,0x1F,0x02,0x00,0x80,
 348          0xC0,0xFF,0x3E,0x00,0x00,0x00,0x00,0x00,0x00,0x00,0x00,0x00,0x00,0x00,0x00,0x00,
 349          0x00,0x00,0x00,0x00,0x00,0x00,0x00,0x00,0x00,0x00,0x00,0x01,0x1F,0xFF,0xFF,0xC0,
 350          0x00,0x00,0x00,0x00,0x00,0x00,0x00,0x00,0x00,0x00,0x00,0x00,0x00,0x00,0xF0,0xFF,
 351          0x3F,0x00,0x00,0xFF,0xFF,0x3F,0x07,0x00,0x07,0x07,0x07,0x03,0x03,0x03,0x01,0x01,
 352          0xC1,0xF8,0x7F,0x1F,0x07,0x00,0x00,0x00,0x00,0x00,0x00,0x00,0x00,0x00,0x00,0xFF,
 353          0xFF,0x00,0x00,0x00,0x00,0x80,0x80,0x80,0x80,0x80,0x80,0x00,0x00,0x00,0x01,0x07,
 354          0x1E,0x00,0x00,0x00,0x00,0x00,0x00,0x00,0x00,0x00,0x00,0x03,0x1F,0x3F,0x80,0x00,
 355          0x0F,0x0F,0x8E,0x8E,0x8E,0x8E,0x8E,0x8E,0x0E,0x0E,0x0E,0x0E,0x8E,0x8E,0x0E,0x0E,
 356          0x0F,0x0F,0x01,0x00,0x00,0x00,0x00,0x00,0x80,0x80,0x00,0x00,0x00,0x00,0x00,0x00,
 357          0x00,0x00,0x00,0x00,0x00,0x00,0x00,0x00,0x00,0x00,0x00,0x00,0x00,0x00,0x00,0x00,
 358          0x07,0x1E,0x79,0xE3,0x86,0x0C,0xC8,0xF8,0xF1,0x73,0x23,0x23,0x23,0x63,0x61,0x60,
 359          0x40,0x40,0x40,0x60,0xE0,0xE0,0xE0,0x60,0xE0,0xF0,0xF0,0xF8,0xCC,0x0C,0x06,0x03,
 360          0x01,0x00,0x00,0x00,0x00,0x00,0x00,0x00,0x00,0x00,0x00,0x00,0x00,0x00,0x00,0x00,
 361          0x00,0x00,0x00,0x00,0x00,0x00,0x80,0x80,0x00,0x00,0x00,0x00,0x00,0x01,0x0F,0x0F,
 362          0x0E,0x0E,0x8E,0x8E,0x0E,0x0E,0x0E,0x0E,0x8E,0x8E,0x8E,0x8E,0x8E,0x8E,0x0F,0x0F,
 363          0x00,0x80,0x3F,0x1F,0x03,0x00,0x00,0x00,0x00,0x00,0x00,0x00,0x00,0x00,0x00,0x1E,
 364          0x07,0x01,0x00,0x00,0x00,0x80,0x80,0x80,0x80,0x80,0x80,0x00,0x00,0x00,0x00,0xFF,
C51 COMPILER V9.60.7.0   PICTURE                                                           11/19/2024 16:52:59 PAGE 7   

 365          0xFF,0x00,0x00,0x00,0x00,0xFF,0xFF,0x88,0x88,0x88,0x88,0x00,0x00,0x64,0xF2,0x9A,
 366          0x8A,0xFE,0xFC,0x00,0x00,0x4C,0xDE,0x9A,0xB2,0xF6,0x64,0x00,0x02,0x7F,0xFF,0x82,
 367          0x00,0x00,0xFF,0xFF,0x08,0x08,0x18,0x7F,0xE7,0x80,0x00,0x00,0xFE,0xFE,0x00,0x00,
 368          0x4C,0xDE,0x9A,0xB2,0xF6,0x64,0x00,0x00,0xFE,0xFE,0x00,0x00,0xFE,0xFE,0x04,0x02,
 369          0xFE,0xFC,0x00,0x00,0x7C,0xFE,0x82,0x44,0xFE,0xFE,0x00,0x00,0x00,0x00,0x00,0x00,
 370          0x00,0x00,0x00,0x00,0xFB,0x3F,0x03,0x00,0x00,0x00,0x00,0x00,0x00,0x00,0x00,0x00,
 371          0x00,0x00,0x00,0x00,0x07,0x07,0x0C,0x38,0xE0,0x40,0x01,0x03,0x0F,0x38,0xF0,0x40,
 372          0x00,0x00,0x00,0x00,0x00,0x00,0xFE,0xFE,0x44,0x82,0xFE,0x7C,0x00,0x00,0xFC,0xFE,
 373          0x02,0x04,0xFE,0xFE,0x00,0x00,0xFE,0xFE,0x00,0x00,0x64,0xF6,0xB2,0x9A,0xDE,0x4C,
 374          0x00,0x00,0xFE,0xFE,0x00,0x00,0x80,0xE7,0x7F,0x18,0x08,0x08,0xFF,0xFF,0x00,0x00,
 375          0x82,0xFF,0x7F,0x02,0x00,0x64,0xF6,0xB2,0x9A,0xDE,0x4C,0x00,0x00,0xFC,0xFE,0x8A,
 376          0x9A,0xF2,0x64,0x00,0x00,0x88,0x88,0x88,0x88,0xFF,0xFF,0x00,0x00,0x00,0x00,0xFF,
 377          0xFF,0x00,0xEC,0x8C,0x8C,0x8C,0x0C,0x0C,0x8C,0x0C,0x0C,0x0C,0x8C,0x0C,0x8C,0x0C,
 378          0x0C,0x0C,0x8C,0x0C,0x0C,0x0C,0x0C,0x8C,0x8C,0x8C,0xEC,0x0C,0xAC,0x0C,0x0C,0x0C,
 379          0x8C,0x8C,0x8C,0x0C,0x8C,0x8C,0x8C,0x8C,0x0C,0x0C,0xEC,0x0C,0x0C,0x8C,0x8C,0x8C,
 380          0x0C,0x0C,0x8C,0x0C,0x0C,0x0C,0x8C,0x0C,0x0C,0x0C,0x0C,0x8C,0x8C,0x0C,0x0C,0x0C,
 381          0x8C,0x8C,0x8C,0x0C,0x0D,0x8E,0x8E,0x8E,0x0F,0x8D,0x8C,0x0C,0x00,0x00,0x00,0x00,
 382          0x00,0x00,0x00,0x00,0xFF,0xC0,0x00,0x00,0x00,0x00,0x00,0x00,0x00,0x00,0x00,0x00,
 383          0x00,0x00,0x00,0x00,0x00,0x00,0x00,0x00,0xC3,0xFE,0x3E,0x1C,0x0C,0x06,0x03,0x00,
 384          0x00,0x00,0x00,0x00,0x0C,0x8C,0x8D,0x0F,0x8E,0x8E,0x8E,0x0D,0x0C,0x8C,0x8C,0x8C,
 385          0x0C,0x0C,0x0C,0x8C,0x8C,0x0C,0x0C,0x0C,0x0C,0x8C,0x0C,0x0C,0x0C,0x8C,0x0C,0x0C,
 386          0x8C,0x8C,0x8C,0x0C,0x0C,0xEC,0x0C,0x0C,0x8C,0x8C,0x8C,0x8C,0x0C,0x8C,0x8C,0x8C,
 387          0x0C,0x0C,0x0C,0xAC,0x0C,0xEC,0x8C,0x8C,0x8C,0x0C,0x0C,0x0C,0x0C,0x8C,0x0C,0x0C,
 388          0x0C,0x8C,0x0C,0x8C,0x0C,0x0C,0x0C,0x8C,0x0C,0x0C,0x8C,0x8C,0x8C,0xEC,0x00,0xFF,
 389          0xFF,0x80,0x8F,0x88,0x88,0x88,0x87,0x80,0x87,0x88,0x88,0x88,0x8F,0x80,0xA0,0xA7,
 390          0x98,0x87,0x80,0x82,0x82,0x80,0x87,0x88,0x88,0x88,0x8F,0x80,0x8F,0x80,0x80,0x89,
 391          0x8A,0x8A,0x84,0x80,0xBF,0x88,0x88,0x88,0x87,0x80,0x8F,0x80,0x80,0x84,0x8A,0x8A,
 392          0x8F,0x80,0xA0,0xA7,0x98,0x87,0x80,0x80,0x88,0x80,0x87,0x88,0x88,0x85,0x80,0x87,
 393          0x88,0x88,0x88,0x87,0x80,0x8F,0x80,0x80,0x8F,0x80,0x80,0x8F,0x80,0x80,0x80,0x80,
 394          0x80,0x80,0x80,0x80,0x81,0x9F,0xB8,0xE0,0xC0,0xC0,0xC2,0xC2,0xC6,0xE6,0xFE,0xC6,
 395          0xC0,0xC0,0x80,0x80,0xC0,0xC0,0xE0,0xFC,0x9F,0x80,0x80,0x80,0x80,0x80,0x80,0x80,
 396          0x80,0x80,0x80,0x80,0x8F,0x80,0x80,0x8F,0x80,0x80,0x8F,0x80,0x87,0x88,0x88,0x88,
 397          0x87,0x80,0x85,0x88,0x88,0x87,0x80,0x88,0x80,0x80,0x87,0x98,0xA7,0xA0,0x80,0x8F,
 398          0x8A,0x8A,0x84,0x80,0x80,0x8F,0x80,0x87,0x88,0x88,0x88,0xBF,0x80,0x84,0x8A,0x8A,
 399          0x89,0x80,0x80,0x8F,0x80,0x8F,0x88,0x88,0x88,0x87,0x80,0x82,0x82,0x80,0x87,0x98,
 400          0xA7,0xA0,0x80,0x8F,0x88,0x88,0x88,0x87,0x80,0x87,0x88,0x88,0x88,0x8F,0x80,0xFF,
 401           
 402          };       
 403                   


MODULE INFORMATION:   STATIC OVERLAYABLE
   CODE SIZE        =   ----    ----
   CONSTANT SIZE    =   5272    ----
   XDATA SIZE       =   ----    ----
   PDATA SIZE       =   ----    ----
   DATA SIZE        =   ----    ----
   IDATA SIZE       =   ----    ----
   BIT SIZE         =   ----    ----
END OF MODULE INFORMATION.


C51 COMPILATION COMPLETE.  0 WARNING(S),  0 ERROR(S)
