C51 COMPILER V9.60.7.0   MAIN                                                              11/23/2024 14:45:03 PAGE 1   


C51 COMPILER V9.60.7.0, COMPILATION OF MODULE MAIN
OBJECT MODULE PLACED IN .\Objects\main.obj
COMPILER INVOKED BY: D:\KEIL_STM32\C51\BIN\C51.EXE main.c LARGE OPTIMIZE(8,SPEED) BROWSE DEBUG OBJECTEXTEND PRINT(.\List
                    -ings\main.lst) OBJECT(.\Objects\main.obj)

line level    source

   1          #include <reg52.h>
   2          #include "lcd12832.h"
   3          #include "picture.h"
   4          #include <intrins.h>
   5          unsigned char i,mode;
   6          
   7          void main(void)
   8          {   
   9   1           lcdreset();              
  10   1           charlcdfill(' ');              
  11   1              
  12   1               glcdfill_with_params(0xff,0x00) ;
  13   1               exdelay(); 
  14   1               glcdfill_with_params(0x00,0xff) ;
  15   1               exdelay();
  16   1               glcdfill_with_params(0xaa,0x55) ;
  17   1               exdelay(); 
  18   1               glcdfill_with_params(0x55,0xaa) ;
  19   1               exdelay();
  20   1               glcdfill_with_params(0xaa,0xaa) ;
  21   1               exdelay(); 
  22   1               glcdfill_with_params(0x55,0x55) ;
  23   1               exdelay();
  24   1               glcdfill_with_params(0xaa,0x00) ;
  25   1               exdelay(); 
  26   1               glcdfill_with_params(0x00,0x55) ;
  27   1               exdelay(); 
  28   1               lcdreset(); 
  29   1               charlcdfill(' ');
  30   1           putstrxy(0,0,"烨辉科技有限公司");   
  31   1               putstrxy(2,1,"LCM12832_02 ");                             
  32   1               exdelay();     
  33   1              while(1)
  34   1          {  
  35   2                      
  36   2                      if(key())
  37   2                      {
  38   3                              lcdreset(); 
  39   3                              charlcdfill(' ');
  40   3                              mode++;
  41   3                              mode%=8;
  42   3                              switch(mode)
  43   3                              {
  44   4                                      case 0:glcdfill_with_params(0xff,0x00) ;
  45   4                                      break;
  46   4                                      case 1:glcdfill_with_params(0x00,0xff) ;
  47   4                                      break;
  48   4                                      case 2:glcdfill_with_params(0x55,0x55) ;
  49   4                                      break;
  50   4                                      case 3:glcdfill_with_params(0xaa,0xaa) ;
  51   4                                      break;
  52   4                                      case 4:glcdfill_with_params(0xaa,0x55) ;
  53   4                                      break;
  54   4                                      case 5:glcdfill_with_params(0x55,0xaa) ;
C51 COMPILER V9.60.7.0   MAIN                                                              11/23/2024 14:45:03 PAGE 2   

  55   4                                      break;
  56   4                                      case 6:glcdfill_with_params(0xff,0xff) ;
  57   4                                      break;
  58   4                                      case 7:putstrxy(0,0,"烨辉科技有限公司"); 
  59   4                                                 putstrxy(2,1,"LCM12832_02 ");   
  60   4                                      break;                          
  61   4              
  62   4                              }
  63   3                      }
  64   2          }
  65   1      }
  66          
  67          


MODULE INFORMATION:   STATIC OVERLAYABLE
   CODE SIZE        =    252    ----
   CONSTANT SIZE    =     30    ----
   XDATA SIZE       =      2    ----
   PDATA SIZE       =   ----    ----
   DATA SIZE        =   ----    ----
   IDATA SIZE       =   ----    ----
   BIT SIZE         =   ----    ----
END OF MODULE INFORMATION.


C51 COMPILATION COMPLETE.  0 WARNING(S),  0 ERROR(S)
