C51 COMPILER V9.60.7.0   HANZI                                                             09/04/2024 13:51:54 PAGE 1   


C51 COMPILER V9.60.7.0, COMPILATION OF MODULE HANZI
OBJECT MODULE PLACED IN .\Objects\HANZI.obj
COMPILER INVOKED BY: D:\KEIL_STM32\C51\BIN\C51.EXE HANZI.c LARGE OPTIMIZE(8,SPEED) BROWSE DEBUG OBJECTEXTEND PRINT(.\Lis
                    -tings\HANZI.lst) OBJECT(.\Objects\HANZI.obj)

line level    source

   1          unsigned char code character[]=
   2                  {0x3f,0x15,0x15,0x15,0x15,0x3f,0x00,0x00,               //月
   3                   0x00,0x00,0x48,0x54,0xfe,0x54,0x24,0x00,               //$
   4                   0x00,0x00,0x3e,0x41,0x79,0x49,0x32,0x00};               //G
   5                  
   6          
   7                   
   8                   
   9          // 笑脸点阵数据（8x8）
  10          unsigned char code SmileFace[] = {
  11              0x3C, 0x42, 0xA5, 0xA5, 0xA5, 0xA5, 0x42, 0x3C
  12          };
  13          
  14          // 星星点阵数据（8x8）
  15          unsigned char code Star[] = {
  16              0x18, 0x3C, 0x7E, 0x3C, 0x18, 0x00, 0x00, 0x00
  17          };
  18          
  19          //光圈:
  20          unsigned char ring[] = {
  21              0x00, 0x1C, 0x3E, 0x7F, 0x7F, 0x3E, 0x1C, 0x00,
  22              0x00, 0x00, 0x00, 0x00, 0x00, 0x00, 0x00, 0x00
  23          };
  24          //圆形
  25          unsigned char circle[] = {
  26              0x00, 0x0C, 0x1E, 0x1E, 0x1E, 0x0C, 0x00, 0x00,
  27              0x00, 0x00, 0x00, 0x00, 0x00, 0x00, 0x00, 0x00
  28          };
  29          //心形:
  30          unsigned char heart[] = {
  31              0x00, 0x1C, 0x3E, 0x3E, 0x1C, 0x00, 0x00, 0x00,
  32              0x00, 0x00, 0x1C, 0x3E, 0x3E, 0x1C, 0x00, 0x00
  33          };
  34                   
  35                   
  36                   
  37                   
  38           
  39           unsigned char code font[]=
  40          {
  41          
  42          /*-- ID:0,字符:"宋",ASCII编码:CBCE,对应字:宽x高=16x16,画布:宽W=16 高H=16,共32字节*/
  43          0x90,0x8c,0x84,0x84,0x84,0x84,0x85,0xf6,0x84,0x84,0x84,0x84,0x84,0xd4,0x8c,0x00,
  44          0x00,0x20,0x10,0x08,0x04,0x02,0x01,0xff,0x01,0x02,0x04,0x04,0x08,0x18,0x08,0x00,
  45          
  46          /*-- ID:1,字符:"敬",ASCII编码:BEB4,对应字:宽x高=16x16,画布:宽W=16 高H=16,共32字节*/
  47          0x84,0x44,0xb4,0xaf,0xa4,0xa4,0x2f,0xe4,0x24,0xd0,0x1f,0x10,0x10,0xf8,0x10,0x00,
  48          0x00,0x00,0x3f,0x10,0x10,0x5f,0x80,0x7f,0x80,0x41,0x36,0x08,0x37,0xc0,0x40,0x00,
  49          
  50          /*-- ID:2,字符:"雯",ASCII编码:F6A9,对应字:宽x高=16x16,画布:宽W=16 高H=16,共32字节*/
  51          0x10,0x0c,0x04,0x2d,0x15,0x15,0x45,0xbf,0x05,0x15,0x15,0x2d,0x04,0x94,0x0c,0x00,
  52          0x01,0x81,0x81,0x41,0x43,0x25,0x29,0x11,0x29,0x25,0x43,0x41,0xc1,0x41,0x01,0x00
  53          
  54          };
C51 COMPILER V9.60.7.0   HANZI                                                             09/04/2024 13:51:54 PAGE 2   

  55          
  56             
  57          unsigned char code BMP3[]={/*--  调入了一幅图像：C:\Users\Administrator\Desktop\da071d9d16ff94d30a669f3cdc
             -b2595.bmp  --*/
  58          /*--  宽度x高度=128x64  --*/
  59          /*-[数据排列]:从左到右从上到下 [取模方式]:纵向8点下高位 [正负反色]:否
  60          图像尺寸:128x64 画布尺寸:128x64，共1024个字节-*/
  61          0x00,0x00,0x00,0x00,0x00,0x00,0x00,0x00,0x00,0x00,0x00,0x00,0x00,0x00,0x00,0x00,
  62          0x00,0x00,0x00,0x00,0x00,0x00,0x00,0x00,0x00,0x00,0x00,0x00,0x00,0x00,0x00,0x00,
  63          0x00,0x00,0x00,0x00,0x00,0x00,0x00,0x00,0x00,0x00,0x00,0x00,0x00,0x00,0x00,0x00,
  64          0x00,0x00,0x00,0x00,0x00,0x00,0x00,0x00,0x00,0x00,0x00,0x00,0x00,0x00,0x00,0x00,
  65          0x00,0x00,0x00,0x00,0x00,0x00,0x00,0x00,0x00,0x00,0x00,0x00,0x00,0x00,0x00,0x00,
  66          0x00,0x00,0x00,0x00,0x00,0x00,0x00,0x00,0x00,0x00,0x00,0x00,0x00,0x00,0x00,0x00,
  67          0x00,0x00,0x00,0x00,0x00,0x00,0x00,0x00,0x00,0x00,0x00,0x00,0x00,0x00,0x00,0x00,
  68          0x00,0x00,0x00,0x90,0xa0,0xfe,0xff,0xff,0xff,0xff,0xff,0xff,0xff,0xff,0xff,0xff,
  69          0x01,0x01,0x02,0x02,0x00,0x02,0x00,0x04,0x04,0x00,0x00,0x00,0x00,0x00,0x00,0x00,
  70          0x00,0x00,0x00,0x00,0x00,0x00,0x00,0x00,0x00,0x00,0x00,0x00,0x00,0x00,0x00,0x00,
  71          0x00,0x00,0x00,0x00,0x00,0x00,0x00,0x00,0x00,0x00,0x00,0x00,0x00,0x01,0x01,0x00,
  72          0x00,0x00,0x02,0x06,0x06,0x1c,0x0c,0x80,0x00,0x00,0x00,0x00,0x00,0x00,0x00,0x00,
  73          0x00,0x00,0x00,0x00,0x00,0x00,0x00,0x00,0x00,0x00,0x00,0x00,0x00,0x00,0x00,0x00,
  74          0x00,0x00,0x00,0x00,0x00,0x00,0x00,0x00,0x00,0x00,0x00,0x00,0x00,0x00,0x00,0x00,
  75          0x00,0x00,0x00,0x00,0x00,0x00,0x00,0x00,0x00,0x00,0x00,0x00,0x00,0x00,0x00,0x00,
  76          0x00,0x00,0x00,0x11,0x3d,0xff,0xff,0xff,0xff,0xff,0xff,0xff,0xff,0xff,0xff,0xff,
  77          0x00,0x00,0x00,0x00,0x00,0x00,0x00,0x00,0x00,0x00,0x00,0x00,0x00,0x00,0x00,0x00,
  78          0x00,0x00,0x00,0x00,0x00,0x00,0x00,0x00,0x00,0x80,0x80,0x80,0x80,0x80,0x80,0x80,
  79          0xc0,0x00,0x00,0x00,0x00,0x00,0x00,0x00,0x00,0x00,0x00,0x00,0x00,0x00,0x00,0x00,
  80          0x00,0x00,0x00,0x00,0x00,0x00,0x00,0x00,0x10,0x40,0x00,0x00,0x00,0x00,0x00,0x00,
  81          0x00,0x00,0x00,0x00,0x00,0x00,0x00,0x00,0x00,0x00,0x00,0x00,0x00,0x00,0x00,0x00,
  82          0x00,0x00,0x90,0x00,0x00,0x00,0x00,0x00,0x00,0x00,0x00,0x00,0x00,0x00,0x00,0x00,
  83          0x00,0x00,0x00,0x00,0x00,0x00,0x00,0x00,0x00,0x00,0x00,0x00,0x00,0x00,0x00,0x00,
  84          0x00,0x00,0x00,0x00,0x00,0x00,0x03,0x07,0x0f,0x1f,0x7f,0x7f,0xff,0xff,0xff,0xff,
  85          0x00,0x00,0x00,0x00,0x00,0x00,0x00,0x00,0x00,0x00,0x00,0x00,0x00,0x00,0x00,0x00,
  86          0x00,0x00,0x00,0x00,0x00,0x40,0xf8,0xfe,0xff,0xff,0xff,0xff,0xff,0xff,0xff,0xff,
  87          0xff,0xfc,0xf8,0xf0,0x10,0x20,0xe0,0xc0,0x80,0x00,0x00,0x00,0x00,0x00,0x00,0x00,
  88          0x00,0x00,0x00,0x00,0x00,0x00,0x00,0x00,0x00,0x00,0x00,0x00,0x00,0x00,0x00,0x00,
  89          0x00,0x00,0x00,0x00,0x00,0x00,0x00,0x00,0x00,0x00,0x00,0x00,0x00,0x00,0x00,0x00,
  90          0x00,0x00,0x03,0x00,0x00,0x00,0x00,0x00,0x00,0x00,0x00,0x00,0x00,0x00,0x00,0x80,
  91          0x80,0x80,0x00,0x00,0x00,0x00,0x00,0x00,0x00,0x00,0x00,0x00,0x00,0x00,0x00,0x00,
  92          0x00,0x00,0x00,0x00,0x00,0x00,0x00,0x00,0x00,0x00,0x00,0x00,0x00,0x07,0xef,0xff,
  93          0x00,0x00,0x00,0x00,0x00,0x00,0x00,0x00,0x00,0x00,0x00,0x00,0x00,0x00,0x00,0x00,
  94          0x00,0x00,0x00,0x00,0x00,0x80,0x80,0x81,0x83,0xe7,0xff,0xff,0xff,0xff,0xff,0xff,
  95          0xff,0xff,0xff,0xff,0xfe,0xf8,0xf0,0xe1,0xe3,0x4f,0x5c,0x58,0x30,0x60,0x46,0x5c,
  96          0x78,0x60,0x40,0xf8,0x70,0xc0,0xc0,0xe0,0xe0,0xf0,0xe0,0xc0,0xc0,0xc0,0x80,0x80,
  97          0x80,0x80,0x00,0x00,0x00,0x00,0x00,0x00,0x00,0x00,0x00,0x00,0x00,0x00,0x00,0x00,
  98          0x00,0x00,0x00,0x00,0x00,0x00,0x00,0x00,0x00,0x00,0x00,0x00,0x00,0x00,0x01,0x01,
  99          0x01,0x01,0x00,0x00,0x00,0x00,0x00,0x00,0x00,0x00,0x00,0x20,0x30,0x38,0x08,0x00,
 100          0x40,0x60,0x60,0x00,0x80,0x80,0x00,0x00,0x00,0x00,0x00,0x00,0x00,0x00,0x0f,0x0f,
 101          0xe0,0xe0,0xf0,0xf0,0xf0,0xf0,0xf0,0xf0,0xf0,0xf0,0xf0,0xe0,0xc0,0xe0,0xf8,0xf8,
 102          0xd0,0xe0,0xe0,0xf0,0xf0,0xe0,0xe0,0xe0,0xe0,0xe1,0xc3,0x87,0x0f,0x0f,0x1f,0x7f,
 103          0xff,0xff,0xff,0xff,0xff,0xff,0xff,0xff,0xff,0xff,0xde,0x0e,0x02,0x02,0x02,0x00,
 104          0x00,0x00,0x00,0x00,0x00,0x00,0x00,0x01,0xf1,0x01,0x01,0x03,0x0f,0x0f,0x07,0x0f,
 105          0x0f,0x1f,0x1f,0x3f,0x7f,0x7e,0xfe,0xfe,0xfe,0xfe,0xfc,0xfc,0xf8,0xf8,0xf8,0xf8,
 106          0xf8,0xf0,0xf0,0xe0,0xe0,0xe0,0xc0,0x80,0x80,0x00,0x00,0x00,0x00,0x00,0x00,0x00,
 107          0x00,0x00,0x00,0x00,0x00,0x00,0x00,0x00,0x00,0x00,0x00,0x00,0x00,0x00,0x00,0x00,
 108          0x00,0x00,0x00,0x00,0x81,0xe7,0xff,0xff,0xff,0xfe,0xfc,0xfc,0xe0,0x00,0x00,0x00,
 109          0xff,0xff,0xff,0xff,0xff,0xff,0xff,0xff,0xff,0xff,0xff,0xff,0xff,0xff,0xff,0xff,
 110          0xff,0xff,0xff,0xff,0xff,0xff,0xff,0xff,0xff,0xff,0xff,0xff,0xff,0xfc,0xf8,0xf0,
 111          0xf0,0xff,0xff,0xff,0xff,0xff,0xff,0xff,0xff,0xff,0xff,0xff,0xfc,0xf0,0xe6,0xf8,
 112          0xf0,0xc0,0x80,0x00,0x00,0x00,0x00,0x06,0x07,0x00,0x00,0x00,0x00,0x00,0x00,0x00,
 113          0x00,0x00,0x00,0x00,0x00,0x00,0x00,0x8f,0xff,0xff,0xff,0xff,0xff,0xff,0xff,0xff,
 114          0xff,0xff,0xff,0xff,0xff,0xff,0xff,0xff,0xff,0xff,0xff,0xff,0xfe,0xfe,0xfc,0xfc,
 115          0xfc,0xfc,0xfe,0xff,0xff,0xff,0xff,0xff,0xfe,0xfe,0xfc,0xfc,0xfc,0xfe,0xfe,0xfe,
C51 COMPILER V9.60.7.0   HANZI                                                             09/04/2024 13:51:54 PAGE 3   

 116          0xfe,0xfe,0xfe,0xfe,0xff,0xff,0xff,0xff,0xff,0xff,0xff,0xff,0xff,0xff,0x00,0x00,
 117          0xff,0xff,0xff,0xff,0xff,0xff,0xff,0xff,0xff,0xff,0xff,0xff,0xff,0xff,0xff,0xff,
 118          0xff,0xff,0xff,0xff,0xff,0xff,0xff,0xff,0xff,0xff,0xff,0xff,0xff,0xff,0xff,0xff,
 119          0xff,0xff,0xff,0xff,0xff,0xff,0xff,0xff,0xff,0xff,0xff,0xff,0xff,0xff,0xff,0xff,
 120          0xff,0xff,0xff,0xff,0xfe,0xfc,0xf0,0xf0,0x80,0x80,0x80,0x00,0x00,0x00,0x00,0x00,
 121          0x00,0x00,0x00,0x00,0x00,0x00,0xc0,0xff,0xff,0xff,0xff,0xff,0xff,0xff,0xff,0xff,
 122          0xff,0xff,0xff,0xff,0xff,0xff,0xff,0xff,0xff,0xff,0xff,0xff,0xff,0xff,0xff,0xff,
 123          0xff,0xff,0xff,0xff,0xff,0xff,0xff,0xff,0xff,0xff,0xff,0xff,0xff,0xff,0xff,0xff,
 124          0xff,0xff,0xff,0xff,0xff,0xff,0xff,0xff,0xff,0xff,0xff,0x7f,0x1f,0x0f,0x00,0x00
 125            
 126          
 127          };
 128          
 129          //unsigned char code BMP4[]={ 
 130          //};
 131          
 132          
 133          unsigned char code BMP5[]={/*-[数据排列]:从左到右从上到下 [取模方式]:纵向8点下高位 [正负反色]:否
 134          图像尺寸:128x64 画布尺寸:128x64，共1024个字节-*/
 135          0xfe,0xfe,0xfe,0xff,0xff,0xff,0xfe,0xfe,0xfe,0xfe,0xfe,0xfe,0xfe,0xfe,0xfe,0xfe,
 136          0xfe,0xfe,0xfe,0xff,0xe1,0xe1,0xe0,0xe0,0xe0,0xe0,0xe0,0xe0,0xe0,0xe0,0xe0,0xe0,
 137          0xe4,0xfc,0xfc,0xfc,0xfc,0xfc,0xfc,0xfc,0xfc,0xfc,0xfc,0xfc,0xfc,0xfc,0xfc,0xd8,
 138          0x9c,0xff,0xff,0xbc,0x98,0x38,0x38,0x38,0x38,0x38,0x38,0x38,0x30,0x32,0x32,0x36,
 139          0x74,0x7c,0x7c,0x78,0x78,0x78,0xf0,0xf0,0xf1,0xe1,0x61,0x61,0xe1,0xe1,0xc1,0xc1,
 140          0xc1,0xc1,0xc1,0xc1,0xc1,0xc1,0xf9,0xfd,0xf9,0xc1,0x81,0x83,0x83,0x83,0x83,0x83,
 141          0x83,0x83,0x83,0x83,0x83,0x83,0xc2,0xc2,0x62,0x22,0x22,0x02,0x12,0x13,0x0f,0x0f,
 142          0x07,0x07,0x07,0x07,0x07,0x07,0x07,0x87,0x87,0x07,0x07,0x07,0x07,0x07,0x07,0x07,
 143          0xff,0xff,0xff,0xff,0xff,0xff,0xff,0xff,0xff,0xff,0xff,0xff,0xff,0xff,0xff,0xff,
 144          0xff,0xff,0xff,0xff,0xff,0xff,0xff,0xff,0xff,0xff,0xbf,0x9f,0x9f,0x9f,0x9f,0x9f,
 145          0xff,0xff,0xff,0xff,0xff,0xff,0xff,0xff,0xff,0xff,0xff,0xff,0xff,0xff,0xff,0xff,
 146          0xff,0xff,0xff,0xff,0xff,0xff,0xff,0xfe,0xfe,0xfc,0xf8,0xf0,0xe0,0xc0,0x88,0x90,
 147          0x90,0x90,0x90,0x10,0x00,0x18,0x10,0x38,0x78,0xd8,0x88,0xf8,0xf8,0xf8,0xf8,0xf9,
 148          0xf1,0xe2,0xe2,0x8c,0xcc,0xbc,0x3c,0x3d,0x29,0x08,0x08,0x08,0x2d,0x23,0x63,0x63,
 149          0x61,0x61,0x7b,0xf1,0xc1,0xc1,0xc1,0xc3,0xd3,0xd3,0xc3,0xc3,0xf3,0xf3,0xf3,0xf3,
 150          0xf3,0xf3,0xf3,0xfa,0xfa,0xfe,0xfe,0xff,0xff,0xfe,0xfe,0xfe,0xf6,0xe6,0xe6,0xc6,
 151          0xff,0xff,0xff,0xff,0xff,0xff,0xff,0xff,0xff,0xff,0xff,0xff,0xff,0xff,0xff,0xff,
 152          0xff,0xff,0xff,0xff,0xff,0xff,0xff,0xfd,0xfd,0xfd,0xfd,0xfd,0xfd,0xfd,0xfd,0xf9,
 153          0xfb,0xfb,0xfb,0xfb,0xff,0xfb,0xff,0xff,0xff,0xff,0xff,0xff,0xff,0xff,0x7f,0x7f,
 154          0xff,0xbf,0xbf,0xff,0xff,0xff,0xff,0xff,0xff,0x7f,0xff,0xff,0x7f,0x7f,0x7f,0x7f,
 155          0x7f,0x3f,0x3f,0x3f,0x3f,0x1f,0x1f,0x1f,0x1f,0x1e,0x0e,0x0e,0x0f,0x0d,0x09,0x01,
 156          0x01,0x89,0xd8,0xec,0xcd,0x0b,0x38,0xf8,0xf8,0xf0,0xf0,0xf0,0xf0,0xe0,0xe0,0xe0,
 157          0xc0,0xf8,0x7f,0x7f,0xff,0xff,0xff,0xff,0xff,0xff,0xff,0xff,0xff,0xff,0xff,0x7f,
 158          0x3f,0x3f,0x0f,0x0f,0x0f,0x0f,0x0f,0x0f,0xff,0xff,0xff,0xff,0x03,0x03,0x03,0x01,
 159          0x0f,0x0f,0x0f,0x9f,0x9f,0x9f,0x9f,0x9f,0xdf,0xdf,0xdf,0xdf,0xdf,0xff,0xff,0xff,
 160          0xff,0xff,0xff,0xdf,0xcf,0xef,0xef,0xef,0xef,0xef,0xe7,0xf7,0xf7,0xf7,0xf7,0xff,
 161          0xfb,0x7b,0x73,0x3b,0x3b,0x1f,0x1d,0x1d,0x1f,0x0f,0x0e,0x0e,0x07,0x07,0x07,0x03,
 162          0x03,0x03,0x03,0x81,0x81,0x00,0x01,0x01,0x00,0x00,0x00,0x00,0x20,0x60,0x00,0x60,
 163          0x00,0xf0,0x78,0x00,0x00,0x00,0x04,0x04,0x04,0x06,0x06,0x06,0xbe,0x8c,0xfa,0xfe,
 164          0x7c,0x7d,0x37,0x1f,0x1f,0x87,0x82,0x80,0xf7,0xff,0xff,0xbf,0x0f,0x07,0x0f,0x1f,
 165          0x3f,0xff,0xff,0xf0,0x00,0x01,0xfb,0xfb,0xff,0xff,0xff,0xff,0xff,0xff,0xff,0xf8,
 166          0xf8,0xf8,0xf8,0xf8,0xf8,0xf8,0xf8,0xfc,0xff,0xff,0xff,0xfc,0xfc,0xfc,0xfc,0xf8,
 167          0xff,0xff,0xff,0xff,0xff,0xff,0xff,0xff,0xff,0xff,0xff,0xff,0xff,0xff,0xff,0xff,
 168          0xff,0xff,0xff,0xff,0xff,0xff,0xff,0xff,0xff,0xff,0xff,0xff,0xfb,0xe1,0xc1,0xc0,
 169          0x80,0x80,0x00,0x08,0x0c,0x0c,0x0c,0x08,0x04,0x00,0x80,0x80,0x80,0x00,0x00,0x00,
 170          0x03,0x00,0x00,0x03,0x01,0x40,0xc0,0xc0,0x00,0x00,0x00,0x00,0x00,0x00,0x00,0x00,
 171          0x20,0xe1,0xf0,0x80,0x80,0x83,0x8f,0x8f,0x8d,0xcd,0xd8,0xff,0xff,0xff,0xff,0xe5,
 172          0xf0,0xff,0xfb,0xf8,0xfe,0xff,0xff,0xff,0xff,0xff,0xff,0xff,0xff,0xfe,0xfe,0xff,
 173          0xff,0xff,0xff,0xb7,0x30,0x00,0xf3,0xff,0xff,0xff,0xff,0xff,0xff,0xff,0xff,0xff,
 174          0xff,0xff,0xff,0xff,0xff,0xff,0xff,0xff,0xff,0xff,0xff,0xff,0xff,0xff,0xff,0xff,
 175          0xff,0xff,0xff,0xff,0xff,0xff,0xff,0xff,0xff,0xff,0xff,0xff,0xff,0xff,0xff,0xff,
 176          0xff,0xff,0xff,0xff,0xff,0xff,0xff,0xff,0xff,0xff,0xff,0xff,0xff,0xff,0xff,0xff,
 177          0xff,0xfc,0xf8,0xf9,0xf9,0xfb,0xff,0xff,0xff,0xff,0xff,0xff,0xff,0xfe,0xfe,0xfc,
C51 COMPILER V9.60.7.0   HANZI                                                             09/04/2024 13:51:54 PAGE 4   

 178          0xfc,0xfc,0xfc,0xfc,0xfe,0xfe,0xff,0xff,0xff,0xff,0xff,0xff,0xff,0xff,0xff,0xff,
 179          0xff,0xff,0xff,0xff,0xff,0xff,0xff,0xff,0xff,0xff,0xff,0xff,0xff,0xff,0xff,0xff,
 180          0xff,0xff,0xff,0xff,0xff,0xff,0xff,0xff,0xff,0xff,0xff,0xff,0x9f,0xdf,0xff,0xff,
 181          0x7f,0x7d,0x17,0x03,0x00,0x0e,0xff,0xef,0xff,0xef,0xef,0xff,0xff,0xff,0xff,0xff,
 182          0xff,0xff,0xff,0xff,0xef,0xef,0xe7,0xe7,0xef,0xff,0xff,0xef,0xef,0xef,0xef,0xe7,
 183          0xff,0xff,0xff,0xff,0xff,0xff,0xff,0xff,0xff,0xff,0xff,0xff,0xff,0xff,0xff,0xff,
 184          0xff,0xff,0xff,0xff,0xff,0xff,0xff,0xff,0xff,0xff,0xff,0xff,0xff,0xff,0xff,0xff,
 185          0xff,0xff,0xff,0xff,0xff,0xff,0xff,0xff,0xff,0xff,0xff,0xff,0xff,0xff,0xff,0xff,
 186          0xff,0xff,0xff,0xff,0xff,0xff,0xff,0xff,0xff,0xff,0xff,0xff,0xff,0xff,0xff,0xff,
 187          0xff,0xff,0xff,0xff,0xff,0xff,0xff,0xff,0xff,0xff,0xff,0xff,0xff,0xff,0xff,0xff,
 188          0xff,0xff,0xff,0xff,0xff,0xff,0xff,0xff,0xc1,0x81,0x80,0x00,0x80,0xc0,0xe0,0xe0,
 189          0xe0,0xf0,0xf8,0xfc,0xff,0xff,0xff,0xff,0xff,0xff,0xff,0xff,0xff,0xff,0xff,0xff,
 190          0xff,0xff,0xff,0xff,0xff,0xff,0xff,0xff,0xff,0xff,0xff,0xff,0xff,0xff,0xff,0xff,
 191          0xff,0xff,0xff,0xff,0xff,0xff,0xff,0xff,0xff,0xff,0xff,0xff,0xff,0xff,0xff,0xff,
 192          0xff,0xff,0xff,0xff,0xff,0xff,0xff,0xff,0xff,0xff,0xff,0xff,0xff,0xff,0xff,0xff,
 193          0xff,0xff,0xff,0xff,0xff,0xff,0xff,0xff,0xff,0xff,0xff,0xff,0xff,0xff,0xff,0xff,
 194          0xff,0xff,0xff,0xff,0xff,0xff,0xff,0xff,0xff,0xff,0xff,0xff,0xff,0xff,0xff,0xff,
 195          0xff,0xff,0xff,0xff,0xff,0xff,0xff,0xff,0xff,0xff,0xff,0xff,0xff,0xff,0xff,0xff,
 196          0xff,0xff,0xff,0xff,0xff,0xff,0xff,0xff,0xff,0xff,0xff,0xff,0xff,0xff,0xff,0xff,
 197          0xff,0xff,0xff,0xff,0xff,0xff,0xff,0xff,0xff,0xff,0xff,0xff,0xff,0xff,0xff,0xff,
 198          0xff,0xff,0xff,0xff,0xff,0xff,0xff,0xff,0xff,0xff,0xff,0xff,0xff,0xff,0xff,0xff
 199          
 200           };
 201          
 202          unsigned char code BMP6[]={ /*-[数据排列]:从左到右从上到下 [取模方式]:纵向8点下高位 [正负反色]:否
 203          图像尺寸:128x64 画布尺寸:128x64，共1024个字节-*/
 204          0x00,0x00,0x00,0x03,0x02,0x00,0x00,0x00,0x00,0x04,0x04,0x04,0x04,0x04,0x0c,0x0c,
 205          0x1c,0x1c,0x18,0x38,0x38,0x38,0x38,0x18,0x18,0x18,0x10,0x10,0x10,0x00,0x00,0x00,
 206          0x04,0x04,0x00,0x02,0x02,0x02,0x00,0x00,0x00,0x00,0x00,0x00,0x00,0x00,0x00,0x00,
 207          0x00,0x00,0x00,0x00,0x00,0x00,0x00,0x00,0x00,0x00,0x00,0x00,0x00,0x00,0x00,0xc0,
 208          0xe0,0xe0,0x00,0x00,0x00,0x00,0x00,0x00,0x00,0x00,0x00,0x00,0xc0,0xc0,0xc0,0x00,
 209          0x00,0x80,0x00,0x00,0x00,0x00,0x00,0x00,0x00,0x00,0x00,0x00,0x00,0x00,0x00,0x00,
 210          0x00,0x00,0x00,0x00,0x00,0x00,0x00,0x00,0x00,0x00,0x00,0x00,0x00,0x00,0x00,0x00,
 211          0x00,0x00,0x00,0x00,0x00,0x00,0x00,0x00,0x00,0x00,0x00,0x00,0x00,0x00,0x00,0x00,
 212          0x60,0xc0,0xc0,0xc0,0xc0,0xc0,0xc0,0xc0,0xc0,0xc0,0x80,0xc0,0x80,0x80,0x80,0x80,
 213          0x80,0x80,0x80,0x80,0x00,0x00,0x00,0x00,0x00,0x00,0x00,0x00,0x00,0x00,0x00,0x00,
 214          0x00,0x00,0x00,0x00,0x00,0x00,0x00,0x00,0x80,0x80,0x80,0x80,0x80,0x80,0x80,0x80,
 215          0x98,0x98,0x88,0x80,0x80,0x80,0x80,0x80,0x00,0x00,0x00,0x00,0x40,0x40,0x43,0x63,
 216          0x7f,0xff,0xff,0xff,0xff,0xfb,0x01,0x01,0x03,0xff,0xff,0xfe,0xff,0xff,0xff,0xfe,
 217          0x00,0xfe,0xfe,0xfe,0xfe,0xfe,0xfe,0xff,0xff,0x80,0x00,0x08,0x80,0x00,0x00,0x78,
 218          0xf8,0xf8,0xf8,0xfc,0xfc,0xc0,0x00,0x00,0x00,0x00,0x00,0x00,0x00,0x00,0x00,0x00,
 219          0x00,0x00,0x00,0x00,0x00,0x00,0x00,0x00,0x00,0x00,0x00,0x00,0x00,0x00,0x00,0x00,
 220          0x1f,0x1e,0x3e,0x3e,0x3e,0x3e,0x3e,0x06,0x0e,0x0e,0x1e,0x7c,0x7c,0x3c,0x7d,0x3c,
 221          0x7c,0x7c,0x7c,0x7c,0x7d,0xf9,0xf9,0xf9,0xf9,0x19,0x19,0x39,0x7b,0xfa,0xf2,0xf2,
 222          0xf2,0xf0,0xf2,0xf2,0xf2,0xf3,0xf7,0xff,0xed,0xed,0x6f,0xe8,0x60,0x61,0x23,0x03,
 223          0x02,0x00,0x00,0x00,0x00,0x00,0xa0,0xe0,0x61,0xe1,0xc1,0xc1,0xc1,0xc1,0xc1,0x41,
 224          0x61,0x02,0x02,0x07,0x1f,0x0f,0x00,0x00,0x00,0x3f,0x3f,0x3f,0x7f,0xff,0xff,0xc3,
 225          0xde,0x5f,0x9f,0x9f,0xbf,0xbf,0xbf,0xbf,0xbf,0xbf,0xbf,0xbf,0x7f,0x7f,0x5e,0x02,
 226          0x0f,0xff,0xf1,0x01,0x03,0x03,0x00,0x00,0x00,0x00,0x00,0x00,0x00,0x00,0x00,0x00,
 227          0x00,0x00,0x00,0x00,0x00,0x00,0x00,0x00,0x00,0x00,0x00,0x00,0x00,0x00,0x00,0x00,
 228          0x81,0x9c,0x9f,0xbf,0x3f,0x07,0x01,0x01,0x00,0xc1,0x1e,0xfe,0x3a,0x06,0x82,0x3a,
 229          0x7e,0x7a,0x3e,0x06,0x02,0x34,0x04,0x14,0x04,0x00,0x00,0x00,0x64,0x04,0x84,0x1c,
 230          0x05,0x09,0x08,0x08,0x79,0x09,0x09,0x09,0x09,0x39,0x00,0x00,0x00,0x00,0x00,0x00,
 231          0x00,0x00,0x00,0x00,0x00,0xe0,0xe0,0xe0,0x00,0x00,0xe0,0xe0,0xc7,0x00,0xc0,0xc0,
 232          0xc6,0x00,0x00,0x00,0x00,0x00,0x02,0x03,0x03,0x23,0x4f,0x4f,0xcf,0x0f,0x1f,0x1e,
 233          0x9e,0x9e,0x9e,0x9e,0x9e,0x86,0x87,0x1f,0x3f,0x3d,0x3d,0x3d,0x3d,0x3f,0x3e,0x7c,
 234          0x1e,0x1c,0x7f,0x7a,0xf8,0xf8,0xfc,0xbc,0x3c,0xf0,0xe0,0x60,0x00,0x00,0x00,0x00,
 235          0x00,0x00,0x00,0x00,0x00,0x00,0x00,0x00,0x00,0x00,0x00,0x00,0x00,0x00,0x00,0x00,
 236          0xf8,0xf8,0xf8,0xff,0x3c,0x5c,0x66,0x7c,0xf8,0xf9,0xf9,0x7f,0x67,0xfa,0xfb,0xf3,
 237          0xf9,0xbf,0x9e,0xf0,0xf3,0xf3,0xff,0x86,0x80,0x00,0xc0,0xe0,0xe2,0xfa,0x7e,0x40,
 238          0xc0,0xc2,0x86,0xbe,0x00,0xc0,0xc3,0xe3,0xf7,0x80,0x40,0x00,0x00,0x00,0x00,0x00,
 239          0x00,0x00,0x00,0x80,0xc0,0x40,0x41,0x69,0x18,0x00,0x41,0x41,0x79,0x40,0x61,0x71,
C51 COMPILER V9.60.7.0   HANZI                                                             09/04/2024 13:51:54 PAGE 5   

 240          0x71,0x20,0x00,0x00,0x00,0x00,0x00,0x00,0x00,0x00,0x04,0x14,0x37,0xe0,0x07,0x37,
 241          0x27,0xe0,0x02,0x2f,0x2f,0xe0,0x00,0x00,0x07,0x2f,0x6c,0x07,0x0f,0x4f,0x41,0x0f,
 242          0x7f,0x81,0x00,0x1e,0xce,0xbe,0xfe,0xfc,0xf9,0x33,0x77,0xfe,0xef,0xec,0xc0,0x00,
 243          0x00,0x00,0x00,0x00,0x00,0x00,0x00,0x00,0x00,0x00,0x00,0x00,0x00,0x00,0x00,0x00,
 244          0xff,0xff,0xff,0x93,0x83,0xf2,0xf8,0xff,0xfd,0xfd,0xdf,0xff,0xff,0xff,0xff,0xff,
 245          0xef,0xe7,0xff,0xfb,0xfb,0xff,0x7f,0x78,0x58,0x78,0xfc,0xff,0xfd,0xff,0x64,0xfe,
 246          0xff,0xff,0xff,0x8f,0x86,0xff,0xff,0xff,0xff,0xd9,0x53,0x40,0x06,0x02,0x80,0x82,
 247          0xe0,0x28,0x08,0xff,0x81,0x1e,0x06,0x1e,0x00,0x00,0x42,0x22,0x3e,0xe2,0xf0,0xda,
 248          0x1c,0xbc,0x0e,0x62,0x10,0x00,0x00,0x40,0x08,0x88,0xcc,0xff,0xff,0xff,0xb6,0xee,
 249          0xfe,0xff,0xf8,0x88,0x88,0xfb,0xf8,0x00,0x00,0x00,0x68,0x78,0x00,0x08,0x98,0x30,
 250          0x00,0x1d,0xe0,0x00,0x00,0xf0,0xc3,0xff,0xff,0xff,0xff,0xff,0xff,0xfe,0xfd,0xfc,
 251          0xc0,0x00,0x00,0x00,0x00,0x20,0xe0,0xe0,0xe0,0xe0,0xe0,0xe0,0xe0,0x80,0xa0,0xe0,
 252          0xff,0xff,0xff,0xfe,0xf6,0xf7,0xe7,0xef,0x6f,0xed,0xee,0xef,0xff,0xfe,0x7e,0x7f,
 253          0xff,0xdf,0xcf,0xdf,0x4f,0x4f,0x4e,0x0e,0xcc,0xcc,0x9d,0x8c,0x0f,0x0d,0x8c,0x8f,
 254          0x87,0x87,0xcf,0xc1,0xc6,0xef,0xff,0xef,0xe0,0xf1,0xf3,0xe6,0xee,0xf8,0xf0,0xfc,
 255          0xfa,0xd8,0x5c,0xe7,0xe0,0xe0,0xe0,0xfe,0xee,0xe0,0xe9,0xe4,0xff,0xd9,0xdf,0xcf,
 256          0xcf,0xcf,0xc0,0xe0,0xe0,0xfc,0xf0,0xc0,0xd0,0xd0,0xd8,0xc1,0xc3,0xc7,0xdf,0xdf,
 257          0xff,0xf3,0xdf,0xde,0xe3,0xff,0x5f,0x1c,0x48,0x00,0x15,0x37,0x3e,0x06,0x07,0x37,
 258          0x3e,0x10,0x17,0x3e,0x30,0x01,0x3f,0x3f,0xff,0xff,0xff,0xff,0xff,0xff,0xff,0xff,
 259          0xff,0xfe,0xec,0xe4,0xec,0xec,0xef,0xff,0xff,0xff,0xff,0xff,0xff,0xff,0xff,0xff,
 260          0xff,0xfe,0xfe,0xff,0xff,0x7f,0xff,0xfc,0xfe,0xff,0xff,0xff,0x7f,0xff,0xe0,0xee,
 261          0xef,0xef,0x8f,0xcf,0xe0,0xe0,0x30,0xc0,0xc7,0xc7,0xcf,0xcf,0xc0,0xe4,0xff,0xff,
 262          0xff,0xff,0xff,0xff,0xff,0xff,0xff,0xff,0x1f,0x1f,0x0f,0x1f,0x1f,0x1f,0x1f,0x1f,
 263          0x9f,0xff,0xff,0x1f,0x7f,0xff,0xff,0xff,0xff,0xff,0xff,0xff,0xff,0xff,0xdf,0xff,
 264          0xff,0xff,0xdf,0x9f,0xff,0xff,0xff,0x3f,0xff,0xff,0x3f,0x7f,0xff,0xff,0xff,0xdf,
 265          0x85,0xff,0xfe,0xdf,0xdd,0xc8,0xde,0xde,0xde,0x84,0xc0,0xc6,0xde,0x9e,0x9e,0x86,
 266          0x8f,0x8f,0x9a,0x86,0xde,0x9f,0x80,0x84,0x9e,0x9f,0x9f,0xbf,0xff,0xff,0xff,0xff,
 267          0xff,0xff,0xff,0xff,0xff,0xff,0xff,0xff,0xff,0xff,0xff,0xff,0xff,0xff,0xff,0xff
 268          };
 269          
 270          
 271          
 272          unsigned char code BMP7[]={ /*-[数据排列]:从左到右从上到下 [取模方式]:纵向8点下高位 [正负反色]:否
 273          图像尺寸:128x64 画布尺寸:128x64，共1024个字节-*/
 274          0x00,0x00,0x00,0x00,0x00,0x00,0x00,0x00,0x00,0x00,0x00,0x00,0x00,0x00,0x00,0x00,
 275          0x00,0x00,0x00,0x00,0x00,0x00,0x00,0x00,0x00,0x00,0x00,0x00,0x00,0x00,0x00,0x00,
 276          0x00,0x00,0x00,0x00,0x00,0x00,0x00,0x00,0x00,0x00,0x00,0x00,0x00,0x00,0x00,0x00,
 277          0x00,0x00,0x00,0x00,0x00,0x00,0x00,0x00,0x00,0x00,0x00,0x00,0x00,0x00,0x00,0x00,
 278          0x00,0x00,0x00,0x00,0x00,0x00,0x00,0x00,0x00,0x00,0x00,0x00,0x00,0x00,0x00,0x00,
 279          0x00,0x00,0x00,0x00,0x00,0x00,0x00,0x00,0x00,0x00,0x00,0x00,0x00,0x00,0x00,0x00,
 280          0x00,0x00,0x00,0x00,0x00,0x00,0x00,0x00,0x00,0x00,0x00,0x00,0x00,0x00,0x00,0x00,
 281          0x00,0x00,0x00,0x00,0x00,0x00,0x00,0x00,0x00,0x00,0x00,0x00,0x00,0x00,0x00,0x00,
 282          0x00,0x00,0x00,0x00,0x00,0x00,0x00,0x00,0x00,0x00,0x00,0x00,0x00,0x00,0x00,0x00,
 283          0x00,0x00,0x00,0x00,0x00,0x00,0x00,0x00,0x00,0x00,0x00,0x00,0x00,0x00,0x00,0x00,
 284          0x00,0x00,0x00,0x00,0x00,0x80,0xc0,0xc0,0xe0,0xe0,0xe0,0xf0,0xf0,0xf0,0xf0,0xf0,
 285          0xf0,0xf0,0xf0,0xf0,0xf0,0xf0,0xf0,0xf0,0xf0,0xf0,0xf0,0xf0,0xf0,0xf0,0xf0,0xf0,
 286          0xf0,0xf0,0xf0,0xf0,0xf0,0xf0,0xf0,0xf0,0xf0,0xf0,0xf0,0xf0,0xf0,0xf0,0xf0,0xf0,
 287          0xf0,0xf0,0xf0,0xf0,0xf0,0xf0,0xf0,0xf0,0xf0,0xf0,0xf0,0xf0,0xf0,0xf0,0xf0,0xf0,
 288          0xf0,0xf0,0xf0,0xf0,0xf0,0xf0,0xf0,0xf0,0xf0,0xf0,0xf0,0x70,0x30,0x00,0x00,0x00,
 289          0x00,0x00,0x00,0x00,0x00,0x00,0x00,0x00,0x00,0x00,0x00,0x00,0x00,0x00,0x00,0x00,
 290          0x00,0x00,0x00,0x00,0x00,0x00,0x00,0x00,0x00,0x00,0x00,0x00,0x00,0x00,0x00,0x00,
 291          0x00,0x00,0x00,0x00,0x00,0x00,0x00,0x00,0x00,0x00,0x00,0x00,0x00,0x00,0x00,0x00,
 292          0xc0,0xe0,0xf8,0xfc,0xff,0xff,0xff,0xff,0xff,0x1f,0x07,0x03,0x03,0x01,0x01,0x01,
 293          0x01,0x80,0xc0,0xc0,0xc0,0xc0,0xc0,0xc0,0xc0,0xc0,0xc0,0xc0,0xc0,0xc0,0xc0,0xc0,
 294          0xc0,0xc0,0xc0,0xc0,0xc0,0xc0,0xc0,0xc0,0xc0,0xc0,0xc0,0xc0,0xc0,0xc0,0xc0,0xc0,
 295          0xc0,0x40,0x00,0x00,0x00,0x00,0x00,0x00,0x00,0x00,0xc0,0xc0,0xc0,0xc0,0xc0,0xc0,
 296          0xc0,0xc0,0xc0,0xc0,0xc0,0xc0,0x40,0x00,0x00,0x00,0x00,0x00,0x00,0x00,0x00,0x00,
 297          0x00,0x00,0x00,0x00,0x00,0x00,0x00,0x00,0x00,0x00,0x00,0x00,0x00,0x00,0x00,0x00,
 298          0x00,0x00,0x00,0x00,0x00,0x00,0x00,0x00,0x00,0x00,0x00,0x00,0x00,0x00,0x00,0x00,
 299          0x00,0x00,0x00,0x00,0x00,0x00,0x00,0x00,0x00,0x00,0x00,0xc0,0xe0,0xf8,0xfe,0xff,
 300          0xff,0xff,0xff,0xff,0xff,0xff,0xff,0xff,0xff,0xfc,0xf8,0xf0,0xf0,0xe0,0xc0,0xc0,
 301          0x80,0x80,0x00,0x01,0x03,0x03,0x07,0x0f,0x0f,0x1f,0x1f,0x3f,0x7f,0xff,0xff,0xff,
C51 COMPILER V9.60.7.0   HANZI                                                             09/04/2024 13:51:54 PAGE 6   

 302          0xff,0xff,0xff,0xff,0xff,0xff,0xff,0xff,0xff,0xff,0xff,0xff,0x7f,0x1f,0x07,0x03,
 303          0x00,0x00,0x00,0x00,0x00,0xc0,0xe0,0xf8,0xfe,0xff,0xff,0xff,0xff,0xff,0xff,0xff,
 304          0xff,0x7f,0x1f,0x0f,0x03,0x01,0x00,0x00,0x00,0x00,0x00,0x00,0x00,0x00,0x00,0x00,
 305          0x00,0x00,0x00,0x00,0x00,0x00,0x00,0x00,0x00,0x00,0x00,0x00,0x00,0x00,0x00,0x00,
 306          0x00,0x00,0x00,0x00,0x00,0x00,0x00,0x00,0x00,0x00,0x00,0x00,0x00,0x00,0x00,0x00,
 307          0x00,0x00,0x00,0x00,0x00,0x00,0x00,0x00,0x08,0x0e,0x0f,0x0f,0x0f,0x0f,0x0f,0x0f,
 308          0x0f,0x0f,0x0f,0x0f,0x0f,0x0f,0x0f,0x0f,0x0f,0x0f,0x0f,0x0f,0x0f,0x0f,0x0f,0x0f,
 309          0x0f,0x0f,0x0f,0x0e,0x0e,0x0c,0x00,0x00,0x00,0x00,0x00,0x00,0x00,0x80,0xe1,0xff,
 310          0xff,0xff,0xff,0xff,0xff,0xff,0xff,0x3f,0x1f,0x07,0x03,0x00,0x00,0x00,0x00,0x00,
 311          0xc0,0xf0,0xf8,0xfe,0xff,0xff,0xff,0xff,0xff,0xff,0xff,0x7f,0x3f,0x1f,0x0f,0x03,
 312          0x01,0x00,0x00,0x00,0x00,0x00,0x00,0x00,0x00,0x00,0x00,0x00,0x00,0x00,0x00,0x00,
 313          0x00,0x00,0x00,0x00,0x00,0x00,0x00,0x00,0x00,0x00,0x00,0x00,0x00,0x00,0x00,0x00,
 314          0x00,0x00,0x00,0x00,0x00,0x00,0x00,0x00,0x00,0x00,0x00,0x00,0x00,0x00,0x00,0x00,
 315          0x00,0x00,0x00,0x40,0x80,0x00,0x00,0x00,0x00,0x00,0x00,0x80,0xc0,0x00,0x00,0x00,
 316          0x00,0x00,0x00,0x00,0x00,0x00,0x00,0x00,0x00,0x00,0x00,0x00,0x00,0x00,0x00,0x00,
 317          0x00,0x00,0x00,0x00,0x00,0x00,0x00,0x00,0x00,0x00,0x02,0x03,0x03,0x03,0x03,0x03,
 318          0x03,0x03,0x03,0x03,0x03,0x01,0x00,0x00,0x00,0x00,0x00,0x00,0x00,0x00,0x00,0x03,
 319          0x03,0x03,0x03,0x03,0x03,0x01,0x01,0x01,0x01,0x00,0x00,0x00,0xc0,0x00,0x00,0x00,
 320          0x00,0x00,0x00,0x00,0x00,0x00,0x00,0x00,0x00,0x00,0x00,0x00,0xc0,0x00,0x00,0x00,
 321          0x00,0x00,0x00,0x00,0x00,0x00,0x00,0x00,0x00,0x00,0x00,0x00,0x00,0x00,0x00,0x00,
 322          0x00,0x00,0x00,0x00,0x00,0x00,0x00,0x00,0x00,0x00,0x00,0x00,0x00,0x00,0x00,0x00,
 323          0x00,0x00,0x00,0x08,0x0f,0x00,0x00,0x09,0x08,0x00,0x00,0x0f,0x09,0x00,0x02,0x07,
 324          0x00,0x00,0x00,0x01,0x02,0x00,0x00,0x08,0x08,0x00,0x00,0x07,0x09,0x00,0x00,0x08,
 325          0x0d,0x07,0x00,0x07,0x08,0x00,0x00,0x08,0x0f,0x00,0x06,0x19,0x00,0x00,0x00,0x1d,
 326          0x07,0x00,0x0f,0x00,0x00,0x00,0x0f,0x01,0x00,0x00,0x0f,0x00,0x02,0x07,0x08,0x00,
 327          0x00,0x01,0x02,0x00,0x0f,0x01,0x00,0x00,0x01,0x0e,0x00,0x00,0x0f,0x00,0x00,0x06,
 328          0x09,0x00,0x00,0x08,0x07,0x00,0x02,0x05,0x08,0x00,0x00,0x09,0x0f,0x00,0x00,0x00,
 329          0x00,0x00,0x00,0x00,0x00,0x00,0x00,0x00,0x00,0x00,0x00,0x00,0x00,0x00,0x00,0x00,
 330          0x00,0x00,0x00,0x00,0x00,0x00,0x00,0x00,0x00,0x00,0x00,0x00,0x00,0x00,0x00,0x00,
 331          0x00,0x00,0x00,0x00,0x00,0x00,0x00,0x00,0x00,0x00,0x00,0x00,0x00,0x00,0x00,0x00,
 332          0x00,0x00,0x00,0x00,0x00,0x00,0x00,0x00,0x00,0x00,0x00,0x00,0x00,0x00,0x00,0x00,
 333          0x00,0x00,0x00,0x00,0x00,0x00,0x00,0x00,0x00,0x00,0x00,0x00,0x00,0x00,0x00,0x00,
 334          0x00,0x00,0x00,0x00,0x00,0x00,0x00,0x00,0x00,0x00,0x00,0x00,0x00,0x00,0x00,0x00,
 335          0x00,0x00,0x00,0x00,0x00,0x00,0x00,0x00,0x00,0x00,0x00,0x00,0x00,0x00,0x00,0x00,
 336          0x00,0x00,0x00,0x00,0x00,0x00,0x00,0x00,0x00,0x00,0x00,0x00,0x00,0x00,0x00,0x00,
 337          0x00,0x00,0x00,0x00,0x00,0x00,0x00,0x00,0x00,0x00,0x00,0x00,0x00,0x00,0x00,0x00
 338          };
 339          unsigned char code BMP8[]={ /*-[数据排列]:从左到右从上到下 [取模方式]:纵向8点下高位 [正负反色]:否
 340          图像尺寸:128x64 画布尺寸:128x64，共1024个字节-*/
 341          0x00,0x00,0x00,0x00,0x80,0xc0,0xe0,0xe0,0xf0,0xf0,0xf0,0xf0,0xf0,0xf0,0xf0,0xf0,
 342          0xf0,0xf0,0xf0,0xf0,0xf0,0xf0,0xf0,0xf0,0xf0,0xf0,0xf0,0xf0,0xf0,0xf0,0xf0,0xf0,
 343          0xf0,0xf0,0xf0,0xf0,0xf0,0xf0,0xf0,0xe0,0xe0,0xc0,0x80,0x00,0x00,0x00,0x00,0x00,
 344          0x00,0x00,0x00,0x00,0x80,0xc0,0xe0,0xf0,0xf0,0xf0,0xf0,0xf0,0xf0,0xf0,0xe0,0xe0,
 345          0xc0,0x00,0x00,0x00,0x00,0xf0,0xf0,0xf0,0xf0,0xf0,0xf0,0xf0,0x00,0x00,0x00,0xc0,
 346          0xf0,0xf0,0xf0,0xf0,0xf0,0xf0,0xf0,0x00,0x00,0x00,0x80,0xe0,0xf0,0xf0,0xf0,0xf0,
 347          0xf0,0xf0,0xf0,0xf0,0xe0,0xc0,0x00,0x00,0x00,0x00,0xf0,0xf0,0xf0,0xf0,0xf0,0x00,
 348          0x00,0x00,0x00,0xc0,0xe0,0xf0,0xf0,0xf0,0xf0,0xf0,0xf0,0xf0,0xf0,0xe0,0x80,0x00,
 349          0x00,0xf0,0xfe,0xff,0xff,0x1f,0x0f,0x07,0x03,0x01,0x01,0x01,0x01,0x01,0x01,0x01,
 350          0x01,0x01,0x01,0x01,0x01,0x01,0x01,0x01,0x01,0x01,0x01,0x01,0x01,0x01,0x01,0x01,
 351          0x01,0x01,0x01,0x01,0x01,0x03,0x03,0x07,0x0f,0x3f,0x3f,0x0e,0x00,0x00,0x00,0x00,
 352          0x00,0x00,0x00,0x00,0xff,0xff,0xff,0xff,0xff,0x01,0x00,0x00,0xff,0xff,0xff,0xff,
 353          0xff,0xfc,0x00,0x00,0x00,0xff,0xff,0xff,0xff,0xff,0xff,0xff,0xfe,0x00,0x00,0xff,
 354          0xff,0xff,0xff,0xff,0xff,0xff,0xff,0x00,0x00,0x00,0xff,0xff,0xff,0xff,0xff,0xe0,
 355          0xc0,0x81,0x1f,0x1f,0x1f,0x1f,0x1f,0x00,0x00,0x00,0xff,0xff,0xff,0xff,0xff,0x00,
 356          0x00,0x00,0x7f,0xff,0xff,0xff,0xff,0xf1,0xc0,0x80,0x1f,0x1f,0x1f,0x1f,0x1f,0x00,
 357          0xff,0xff,0xff,0xff,0x00,0x00,0x00,0x00,0x00,0x00,0x00,0x00,0x00,0x00,0x00,0x00,
 358          0x00,0x00,0x00,0x00,0x00,0x00,0x00,0x00,0x00,0x00,0x00,0x00,0x00,0x00,0x00,0x00,
 359          0x00,0x00,0x00,0x00,0x00,0x00,0x00,0x00,0x00,0x00,0x00,0x80,0xe0,0xfc,0x00,0x00,
 360          0x00,0x00,0x00,0x00,0xff,0xff,0xff,0xff,0xff,0x00,0x00,0x00,0xc1,0xc1,0xc1,0xc1,
 361          0xc1,0xc1,0x00,0x00,0x00,0xff,0xff,0xff,0xff,0x00,0x03,0xff,0xff,0xfe,0xff,0xff,
 362          0xff,0x00,0xff,0xff,0xff,0xff,0xff,0x00,0x00,0x00,0x80,0x03,0x07,0x0f,0x9f,0x3f,
 363          0x3f,0xff,0xff,0xfe,0xfc,0xf8,0xf0,0x00,0x00,0x00,0xff,0xff,0xff,0xff,0xff,0x00,
C51 COMPILER V9.60.7.0   HANZI                                                             09/04/2024 13:51:54 PAGE 7   

 364          0x00,0x00,0x00,0x03,0x07,0x0f,0x8f,0x1f,0x3f,0x7f,0xff,0xff,0xfe,0xfc,0xf0,0x80,
 365          0xff,0xff,0xff,0xff,0x00,0x00,0x00,0x00,0x00,0x00,0x00,0x00,0x00,0x00,0x00,0x00,
 366          0x00,0x00,0x00,0x00,0x00,0x00,0x00,0x00,0x00,0x00,0x00,0x00,0x00,0x00,0x00,0x00,
 367          0x00,0x00,0x00,0x00,0x00,0x00,0x00,0x00,0x00,0x00,0xfe,0xff,0xff,0xff,0x00,0x00,
 368          0x00,0x00,0x00,0x00,0x7f,0xff,0xff,0xff,0xff,0xe0,0xc0,0xe0,0xff,0xff,0xff,0xff,
 369          0x7f,0x0f,0x00,0x00,0x00,0xff,0xff,0xff,0xff,0x00,0x00,0x07,0xff,0xff,0xff,0xff,
 370          0x00,0x00,0xff,0xff,0xff,0xff,0xff,0x00,0x00,0x00,0x3f,0xff,0xff,0xff,0xff,0xe0,
 371          0xc0,0xe0,0xff,0xff,0xff,0xff,0x7f,0x00,0x00,0x00,0xff,0xff,0xff,0xff,0xff,0x00,
 372          0x00,0x00,0x1f,0xff,0xff,0xff,0xff,0xf0,0xc0,0xc0,0xff,0xff,0xff,0xff,0xff,0x1f,
 373          0xff,0xff,0xff,0xff,0x00,0x00,0x00,0x00,0x00,0x00,0x00,0x00,0x00,0x00,0x00,0x00,
 374          0x00,0x00,0x00,0x00,0x00,0x00,0x00,0x00,0x00,0x00,0x00,0x00,0x00,0x00,0x00,0x00,
 375          0x00,0x00,0x00,0x00,0x00,0x00,0x00,0x00,0x00,0x00,0xff,0xff,0xff,0xff,0x00,0x00,
 376          0x00,0x00,0x00,0x00,0x00,0x00,0x01,0x03,0x03,0x03,0x03,0x03,0x03,0x03,0x01,0x00,
 377          0x00,0x00,0x00,0x00,0x00,0x03,0x03,0x03,0x03,0x00,0x00,0x00,0x03,0x03,0x03,0x01,
 378          0x00,0x00,0x01,0x03,0x03,0x03,0x03,0x00,0x00,0x00,0x00,0x00,0x01,0x03,0x03,0x03,
 379          0x03,0x03,0x03,0x03,0x01,0x01,0x00,0x00,0x00,0x00,0x03,0x03,0x03,0x03,0x03,0x00,
 380          0x00,0x00,0x00,0x00,0x01,0x01,0x03,0x03,0x03,0x03,0x03,0x03,0x03,0x01,0x00,0x00,
 381          0xff,0xff,0xff,0xff,0x00,0x00,0x00,0x00,0x00,0x00,0x00,0x00,0x00,0x00,0x00,0x00,
 382          0x00,0x00,0x00,0x00,0x00,0x00,0x00,0x00,0x00,0x00,0x00,0x00,0x00,0x00,0x00,0x00,
 383          0x00,0x00,0x00,0x00,0x00,0x00,0x00,0x00,0x00,0x00,0xff,0xff,0xff,0xff,0x00,0x00,
 384          0x00,0x00,0x00,0x00,0x00,0x00,0x00,0x00,0x00,0x00,0x00,0x00,0x00,0x00,0x00,0x00,
 385          0x00,0x00,0x00,0x00,0x00,0x00,0x00,0x00,0x00,0x00,0x00,0x00,0x00,0x00,0x00,0x00,
 386          0x00,0x00,0x00,0x00,0x00,0x00,0x00,0x00,0x00,0x00,0x00,0x00,0x00,0x00,0x00,0x00,
 387          0x00,0x00,0x00,0x00,0x00,0x00,0x00,0x00,0x00,0x00,0x00,0x00,0x00,0x00,0x00,0x00,
 388          0x00,0x00,0x00,0x00,0x00,0x00,0x00,0x00,0x00,0x00,0x00,0x00,0x00,0x00,0x00,0x00,
 389          0x07,0x7f,0xff,0xff,0xf8,0xc0,0x80,0x00,0x00,0x00,0x00,0x00,0x00,0x00,0x00,0x00,
 390          0x00,0x00,0x00,0x00,0x00,0x00,0x00,0x00,0x00,0x00,0x00,0x00,0x00,0x00,0x00,0x00,
 391          0x00,0x00,0x00,0x00,0x00,0x00,0x00,0x00,0x80,0xe0,0xff,0xff,0xff,0x3f,0x00,0x00,
 392          0x00,0x00,0x00,0x80,0x70,0x70,0x80,0xf0,0x50,0xf0,0x00,0xf0,0x60,0x70,0x00,0x00,
 393          0x10,0x00,0x00,0x60,0x90,0x90,0x40,0xa0,0xa0,0x40,0xe0,0x20,0xf0,0x80,0x40,0xe0,
 394          0x20,0x00,0xe0,0xa0,0x00,0x00,0x00,0x00,0x00,0xf0,0x60,0x70,0x00,0xe0,0x40,0xa0,
 395          0x00,0xe0,0x20,0x00,0xa0,0xa0,0x40,0xe0,0xa0,0x40,0xa0,0xa0,0x40,0xe0,0x20,0x40,
 396          0xf0,0x80,0xe0,0x20,0x40,0xa0,0xa0,0x40,0xb0,0x10,0x40,0xe0,0xa0,0x00,0xe0,0x20,
 397          0x00,0x00,0x01,0x07,0x0f,0x1f,0x3f,0x3f,0x7e,0x7e,0x7c,0x7c,0x7c,0x7c,0x7c,0x7c,
 398          0x7c,0x7c,0x7c,0x7c,0x7c,0x7c,0x7c,0x7c,0x7c,0x7c,0x7c,0x7c,0x7c,0x7c,0x7c,0x7c,
 399          0x7c,0x7c,0x7c,0x7c,0x7c,0x7e,0x3e,0x3f,0x1f,0x1f,0x0f,0x03,0x01,0x00,0x00,0x00,
 400          0x00,0x00,0x00,0x10,0x38,0x68,0x20,0x50,0x50,0x20,0x78,0x08,0x78,0x10,0x10,0x60,
 401          0x30,0x60,0x00,0x40,0x70,0x00,0x70,0x10,0x20,0x70,0x30,0x00,0x00,0x00,0x78,0x00,
 402          0x70,0x10,0x60,0x10,0x50,0x00,0x70,0x30,0x00,0x70,0x10,0x78,0x08,0x40,0x70,0x60,
 403          0x20,0x50,0x00,0x60,0x70,0x20,0x00,0x00,0x58,0x68,0x60,0x10,0x50,0x40,0x70,0x70,
 404          0x00,0x70,0x10,0x60,0x60,0x50,0x78,0x40,0x70,0x70,0x00,0x70,0x00,0x60,0x50,0x78
 405          };
 406          
 407          unsigned char code BMP9[]={/*-[数据排列]:从左到右从上到下 [取模方式]:纵向8点下高位 [正负反色]:否
 408          图像尺寸:128x64 画布尺寸:128x64，共1024个字节-*/
 409          0x00,0x00,0x80,0x80,0x80,0x80,0x80,0x80,0x80,0x80,0x80,0x00,0x00,0x80,0x80,0x80,
 410          0x80,0x80,0x80,0x80,0x8c,0x8c,0x0c,0x8c,0x8c,0x8c,0x8c,0x8c,0x8c,0x88,0x8a,0x8e,
 411          0x0c,0x0c,0x8c,0x88,0x8e,0x88,0x8c,0x8e,0x8c,0x8c,0x8c,0x0c,0x0c,0x0c,0x0c,0x0c,
 412          0x0c,0x80,0x80,0x00,0x00,0x0c,0x0c,0x0c,0x0c,0x0c,0x0c,0x0c,0x88,0x02,0x0a,0x08,
 413          0x0c,0x0a,0x08,0x8e,0x8a,0x8c,0x8c,0x8c,0x8c,0x8c,0x8c,0x8c,0x00,0x00,0x80,0x00,
 414          0x8c,0x8c,0x8c,0x8c,0x8c,0x08,0x08,0x0a,0x0a,0x8a,0x88,0x8a,0x8c,0x8c,0x8c,0x8c,
 415          0x8c,0x8c,0x00,0x00,0x80,0x80,0x80,0x80,0x80,0x80,0x80,0x80,0x80,0x80,0x80,0x80,
 416          0x00,0x00,0xff,0xff,0xff,0xff,0xff,0xff,0xff,0xff,0xbf,0xff,0xff,0xff,0xff,0x00,
 417          0x00,0x00,0xe7,0xe4,0x05,0x05,0x04,0x04,0x04,0xe4,0xe5,0x00,0x00,0xa7,0x84,0xa4,
 418          0x85,0x85,0x84,0x84,0x85,0xe7,0x00,0xe7,0xe5,0x45,0x05,0x05,0x04,0x04,0x45,0xe7,
 419          0x00,0x00,0xe7,0xe4,0x05,0x05,0x05,0x04,0x04,0xe4,0xe7,0x00,0x00,0xe7,0x65,0x05,
 420          0x05,0x05,0x04,0x65,0xe5,0xe7,0x00,0xe7,0xe5,0xe5,0x05,0x05,0x04,0x05,0x05,0xe5,
 421          0xe5,0xe7,0x00,0xe7,0xe7,0xa4,0x95,0x94,0x94,0xb5,0xe4,0xf7,0x00,0x00,0xe7,0xe1,
 422          0x80,0x00,0x00,0x00,0xc0,0xe1,0xe7,0x00,0x07,0xe7,0x85,0x00,0x00,0x00,0x00,0x00,
 423          0xa7,0xe7,0x00,0x00,0xf7,0x97,0x17,0x14,0x04,0x04,0x04,0x04,0x14,0x97,0xf7,0xe7,
 424          0x00,0x00,0x1f,0xdf,0xdf,0xdf,0xdf,0xdf,0xdf,0xdf,0xdf,0xdf,0xdf,0xdf,0xdf,0xc0,
 425          0x00,0x00,0x1e,0x1e,0x12,0x12,0x12,0x12,0x12,0x1e,0x1e,0x00,0x00,0x1e,0x12,0x12,
C51 COMPILER V9.60.7.0   HANZI                                                             09/04/2024 13:51:54 PAGE 8   

 426          0x12,0x12,0x12,0x12,0x12,0x1e,0x00,0xcc,0xce,0x00,0x00,0x00,0x00,0x00,0x4a,0xce,
 427          0x00,0x00,0xde,0x5a,0x12,0x12,0x12,0x12,0x12,0xde,0xde,0x00,0x00,0xde,0x5e,0x52,
 428          0x12,0x12,0x52,0x5e,0xde,0xce,0x00,0x1e,0x1e,0x1e,0x12,0x12,0x12,0x12,0x12,0x1e,
 429          0x1e,0x1e,0x00,0x0e,0x1e,0x1e,0x12,0x12,0x12,0x12,0x1e,0x1e,0x00,0x00,0x1e,0x12,
 430          0x12,0x12,0x12,0x12,0x12,0x1a,0x0e,0x00,0x0e,0x06,0x06,0x00,0x00,0x00,0x00,0x06,
 431          0x06,0x1e,0x00,0x00,0x1e,0x12,0x12,0x00,0x00,0x00,0x00,0x00,0x12,0x12,0x12,0x1e,
 432          0x00,0x00,0x00,0xff,0xff,0xff,0xff,0xff,0xff,0xff,0xff,0xff,0xff,0xff,0xff,0xff,
 433          0x00,0x00,0x00,0x00,0x00,0x00,0x00,0x00,0x00,0x00,0x00,0x00,0x00,0x00,0x00,0x00,
 434          0x00,0xe0,0xc0,0xc0,0xc0,0xc0,0xc0,0xc3,0xc3,0xc2,0xc0,0xc0,0xc0,0xc2,0xc2,0xc3,
 435          0xc0,0xc0,0xc3,0xc2,0xc2,0xc2,0xc0,0xc0,0xc2,0xc3,0xc3,0xc0,0xc0,0xc3,0xc2,0xc0,
 436          0xc0,0xc0,0xc0,0xc2,0xc3,0xc3,0x20,0x20,0x20,0x20,0x20,0x20,0x20,0x20,0x20,0x00,
 437          0xc0,0xc0,0xc0,0xc0,0xc0,0xc0,0xc0,0xc0,0xc0,0xc0,0xc0,0xc0,0xc0,0xc0,0xc0,0xc0,
 438          0xc0,0xc0,0xc0,0xc0,0xc0,0xc0,0xc0,0xc0,0xc0,0xc0,0xc0,0xc0,0xc0,0xc0,0xc0,0xc0,
 439          0xc0,0xc0,0xc0,0xc0,0xe0,0x00,0x00,0x00,0x00,0x00,0x00,0x00,0x00,0x00,0x00,0x00,
 440          0x00,0x00,0x00,0xf7,0xf7,0xf7,0xf7,0xf7,0xf7,0xf7,0xf7,0xf7,0xf7,0xf7,0xf7,0xf7,
 441          0x00,0x00,0x00,0x00,0x00,0x00,0x00,0x00,0x00,0x00,0x00,0x00,0x00,0x00,0x00,0x00,
 442          0xfc,0xfc,0xfc,0xdc,0xdc,0xfc,0xfc,0xfc,0xfc,0xfc,0xfc,0xfc,0xfc,0xfc,0xfc,0xfc,
 443          0xfc,0xfc,0xfc,0x00,0xc0,0xcc,0xcc,0xcc,0xcc,0xcc,0xcc,0xcc,0xcc,0xcc,0xcc,0xcc,
 444          0xcc,0xcc,0xcc,0xcc,0xcc,0xcc,0xcc,0xc4,0xc0,0xc4,0xc4,0xc4,0xc4,0xc4,0xc4,0xc4,
 445          0xc0,0xc4,0xc4,0xc4,0xc4,0xc4,0xc4,0xc4,0xc4,0xc4,0xc4,0xc4,0xc4,0xc4,0xc4,0xc0,
 446          0xc0,0xc4,0xc4,0xcc,0xcc,0xcc,0xcc,0xcc,0xcc,0xcc,0xcc,0xcc,0xcc,0xcc,0xcc,0xcc,
 447          0xcc,0xcc,0xcc,0xcc,0xcc,0xc0,0x00,0x00,0x00,0x00,0x00,0x00,0x00,0x00,0x00,0x00,
 448          0x00,0x00,0x00,0xff,0xff,0xff,0xff,0xff,0xff,0xff,0xff,0xff,0xff,0xff,0xff,0xff,
 449          0x00,0x00,0x00,0x00,0x00,0x00,0x00,0x00,0x00,0x00,0x00,0x00,0x00,0x00,0x00,0x00,
 450          0x01,0x01,0x01,0x01,0x01,0x01,0x01,0x01,0x01,0x01,0x01,0x01,0x01,0x01,0x01,0x01,
 451          0x01,0x01,0x01,0x00,0x01,0x01,0x01,0x01,0x01,0x01,0x01,0x01,0x01,0x01,0x01,0x01,
 452          0x01,0x01,0x01,0x01,0x01,0x01,0x01,0x01,0x01,0x01,0x01,0x01,0x01,0x01,0x01,0x01,
 453          0x01,0x01,0x01,0x01,0x01,0x01,0x01,0x01,0x01,0x01,0x01,0x01,0x01,0x01,0x01,0x01,
 454          0x01,0x01,0x01,0x01,0x01,0x01,0x01,0x01,0x01,0x01,0x01,0x01,0x01,0x01,0x01,0x01,
 455          0x01,0x01,0x01,0x01,0x01,0x01,0x00,0x00,0x00,0x00,0x00,0x00,0x00,0x00,0x00,0x00,
 456          0x00,0x00,0x00,0x03,0x03,0x03,0x03,0x03,0x03,0x03,0x03,0x03,0x03,0x03,0x03,0x03,
 457          0x00,0x00,0x00,0x00,0x00,0x00,0x00,0x00,0x00,0x00,0x00,0x00,0x00,0x00,0x00,0x00,
 458          0x00,0x00,0x00,0x00,0x00,0x00,0x00,0x00,0x00,0x00,0x00,0x00,0x00,0x00,0x00,0x00,
 459          0x00,0x00,0x00,0x00,0x00,0x00,0x00,0x00,0x00,0x00,0x00,0x00,0x00,0x00,0x00,0x00,
 460          0x00,0x00,0x00,0x00,0x00,0x00,0x00,0x00,0x00,0x00,0x00,0x00,0x00,0x00,0x00,0x00,
 461          0x00,0x00,0x00,0x00,0x00,0x00,0x00,0x00,0x00,0x00,0x00,0x00,0x00,0x00,0x00,0x00,
 462          0x00,0x00,0x00,0x00,0x00,0x00,0x00,0x00,0x00,0x00,0x00,0x00,0x00,0x00,0x00,0x00,
 463          0x00,0x00,0x00,0x00,0x00,0x00,0x00,0x00,0x00,0x00,0x00,0x00,0x00,0x00,0x00,0x00,
 464          0x00,0x00,0x00,0x00,0x00,0x00,0x00,0x00,0x00,0x00,0x00,0x00,0x00,0x00,0x00,0x00,
 465          0x00,0x00,0x00,0x00,0x00,0x00,0x00,0x00,0x00,0x00,0x00,0x00,0x00,0x00,0x00,0x00,
 466          0x00,0x00,0x00,0x00,0x00,0x00,0x00,0x00,0x00,0x00,0x00,0x00,0x00,0x00,0x00,0x00,
 467          0x00,0x00,0x00,0x00,0x00,0x00,0x00,0x00,0x00,0x00,0x00,0x00,0x00,0x00,0x00,0x00,
 468          0x00,0x00,0x00,0x00,0x00,0x00,0x00,0x00,0x00,0x00,0x00,0x00,0x00,0x00,0x00,0x00,
 469          0x00,0x00,0x00,0x00,0x00,0x00,0x00,0x00,0x00,0x00,0x00,0x00,0x00,0x00,0x00,0x00,
 470          0x00,0x00,0x00,0x00,0x00,0x00,0x00,0x00,0x00,0x00,0x00,0x00,0x00,0x00,0x00,0x00,
 471          0x00,0x00,0x00,0x00,0x00,0x00,0x00,0x00,0x00,0x00,0x00,0x00,0x00,0x00,0x00,0x00,
 472          0x00,0x00,0x00,0x00,0x00,0x00,0x00,0x00,0x00,0x00,0x00,0x00,0x00,0x00,0x00,0x00
 473          };


MODULE INFORMATION:   STATIC OVERLAYABLE
   CODE SIZE        =   ----    ----
   CONSTANT SIZE    =   6280    ----
   XDATA SIZE       =     48    ----
   PDATA SIZE       =   ----    ----
   DATA SIZE        =   ----    ----
   IDATA SIZE       =   ----    ----
   BIT SIZE         =   ----    ----
END OF MODULE INFORMATION.


C51 COMPILATION COMPLETE.  0 WARNING(S),  0 ERROR(S)
