C51 COMPILER V9.60.7.0   MAIN                                                              10/09/2024 19:50:44 PAGE 1   


C51 COMPILER V9.60.7.0, COMPILATION OF MODULE MAIN
OBJECT MODULE PLACED IN .\Objects\main.obj
COMPILER INVOKED BY: D:\KEIL_STM32\C51\BIN\C51.EXE main.c LARGE OPTIMIZE(8,SPEED) BROWSE DEBUG OBJECTEXTEND PRINT(.\List
                    -ings\main.lst) OBJECT(.\Objects\main.obj)

line level    source

   1          #include <INTRINS.H>        
   2          #include <MATH.H>    
   3          #include <ABSACC.H> 
   4          #include <REG52.H> 
   5          #include <STDIO.H> 
   6          #include "LCD12864.H"
   7          #include "HANZI.H"
   8          #include "intrins.h"
   9          
  10          #define uint unsigned int
  11          #define uchar unsigned char
  12          
  13          
  14          sbit KEY = P2^0;  // 按键引脚
  15          uchar mode = 0;  // 模式变量
  16          
  17          
  18          
  19          unsigned char code BMP3[]; 
  20          unsigned char code BMP4[]; 
  21          unsigned char code font[];
  22          unsigned char code Character[];
  23          
  24          void  main(void)
  25          {
  26   1               Delay(20); 
  27   1      //       IE=0x81;     //配置中断使能寄存器 IE 的值为 0x81。
  28   1               IP=0x01;     //配置中断优先级寄存器 IP 的值为 0x01
  29   1               TCON=0x01;   //配置定时器/计数器控制寄存器 TCON 的值为 0x01
  30   1      //       int0=1;      //将INT0引脚设置为高电平，以避免立即触发中断
  31   1               Lcd12864_Init();
  32   1               Clear();
  33   1               
  34   1       
  35   1      while(1)
  36   1      {
  37   2              
  38   2              //按键控制
  39   2          if (ReadKey()) {
  40   3          mode++;
  41   3          mode %= 9; // 确保 mode 的值在 0 到 8 之间循环
  42   3              Clear(); 
  43   3          // 直接根据 mode 的值显示图案，不再等待图案完成
  44   3          switch (mode) {
  45   4              case 0:
  46   4              LcmPutDots1(0x98);
  47   4              break;
  48   4          case 1:
  49   4                      LcmPutBMP(BMP6); 
  50   4              break;
  51   4          case 2:
  52   4              LcmPutDots1(0xaa);//偶数行 
  53   4              break;
  54   4          case 3:
C51 COMPILER V9.60.7.0   MAIN                                                              10/09/2024 19:50:44 PAGE 2   

  55   4              LcmPutDotsOddColumns();//奇数列  
  56   4              break;
  57   4          case 4:
  58   4              LcmPutBMP(BMP9); 
  59   4              break;
  60   4          case 5:
  61   4              LcmPutDotsStars(0x42);//星罗棋布 
  62   4              break;
  63   4          case 6:
  64   4              LcmPutDotsStars(0xaa);//互偶
  65   4              break;
  66   4          case 7:
  67   4              LcmPutDotsStars(0xa7);  
  68   4              break;
  69   4              case 8:
  70   4              LcmPutBMP(BMP7);  
  71   4              break;
  72   4      
  73   4          }
  74   3      }
  75   2      
  76   2      
  77   2      //LcmPutDotsOddColumns();//奇数列
  78   2      
  79   2      //LcmPutDotsStars(0x42);//星罗棋布
  80   2      
  81   2      //LcmPutDotsStars(0xaa);//互偶
  82   2      
  83   2      //LcmPutDotsStars(0x55);//互偶
  84   2      
  85   2      //LcmPutDots1(0xaa);//偶数行
  86   2      
  87   2      //LcmPutDots1(0x55);//奇数行
  88   2      
  89   2      
  90   2      
  91   2      //Showpicture_VerticalWave(0xAA, 0x55);  // 中间往两边波浪般（＄）
  92   2      //Delay(500);  // 停留500ms
  93   2      //Clear();
  94   2      
  95   2      //Showpicture_Advanced(0x80, 0x40);  // 单条线中间往来两边
  96   2      //Delay(500);  // 停留500ms
  97   2      //Clear();
  98   2      
  99   2      //Showpicture_Advanced(0x18, 0x3C);  // 四条线中间往来两边
 100   2      //Delay(500);  // 停留500ms
 101   2      //Clear();
 102   2      
 103   2      //Showpicture_Advanced(0xAA, 0x55);  // 奇数行中间往来两边
 104   2      //Delay(500);  // 停留500ms
 105   2      //Clear();
 106   2      
 107   2      //Showpicture_Advanced(0x18, 0x3C);  // 4行一单位
 108   2      //Delay(500);  // 停留500ms
 109   2      //Clear();
 110   2      
 111   2      //Showpicture_Advanced1(0x18, 0x3C);  // 逐渐加速和减速
 112   2      //Delay(500);  // 停留500ms
 113   2      //Clear();
 114   2      
 115   2      //Showpicture_Advanced2(0x80, 0x40);  // 偶数行两边往中间来
 116   2      //Delay(500);  // 停留500ms
C51 COMPILER V9.60.7.0   MAIN                                                              10/09/2024 19:50:44 PAGE 3   

 117   2      //Clear();
 118   2      
 119   2      //Showpicture_CrossCursorEffect(0x80, 0x40);  // 溜溜球从上往下来（不完整）
 120   2      //Delay(500);  // 停留500ms
 121   2      //Clear();
 122   2      
 123   2      //LcmPutBMP(BMP6);  // 
 124   2      //Delay(500);  // 停留500ms
 125   2      //Clear();
 126   2      
 127   2      //LcmPutBMP(BMP4);  // 
 128   2      //Delay(500);  // 停留500ms
 129   2      //Clear();
 130   2      
 131   2      //LcmPutBMP(BMP5);  // 梅奔
 132   2      //Delay(500);  // 停留500ms
 133   2      //Clear();
 134   2      
 135   2      
 136   2      //LcmPutBMP(BMP6);
 137   2      //Delay(500);
 138   2      //LcmPutBMP(BMP7);//ST公司
 139   2      //Delay(500);
 140   2      //LcmPutBMP(BMP9);
 141   2      
 142   2      
 143   2      
 144   2      }
 145   1      }


MODULE INFORMATION:   STATIC OVERLAYABLE
   CODE SIZE        =    146    ----
   CONSTANT SIZE    =   ----    ----
   XDATA SIZE       =      1    ----
   PDATA SIZE       =   ----    ----
   DATA SIZE        =   ----    ----
   IDATA SIZE       =   ----    ----
   BIT SIZE         =   ----    ----
END OF MODULE INFORMATION.


C51 COMPILATION COMPLETE.  0 WARNING(S),  0 ERROR(S)
