C51 COMPILER V9.60.7.0   PIC                                                               01/14/2025 19:50:36 PAGE 1   


C51 COMPILER V9.60.7.0, COMPILATION OF MODULE PIC
OBJECT MODULE PLACED IN .\Objects\pic.obj
COMPILER INVOKED BY: D:\KEIL_STM32\C51\BIN\C51.EXE pic.c OPTIMIZE(8,SPEED) BROWSE DEBUG OBJECTEXTEND PRINT(.\Listings\pi
                    -c.lst) OBJECT(.\Objects\pic.obj)

line level    source

   1          unsigned char code ft[]=
   2          {
   3          /* [×Ö¿â]£º[HZK1616ËÎÌå] [Êý¾ÝÅÅÁÐ]:´Ó×óµ½ÓÒ´ÓÉÏµ½ÏÂ [È¡Ä£·½Ê½]:×ÝÏò8µãÏÂ¸ßÎ» [Õý¸º·´É«]:·ñ [È¥µôÖØ¸´ºó]¹²
             -19¸ö×Ö·û
   4          [×Ü×Ö·û¿â]£º"¹ã¶«ìÇ»Ô¿Æ¼¼ÓÐÏÞ¹«Ë¾"*/
   5          
   6          /*-- ID:0,×Ö·û:"¹ã",ASCII±àÂë:B9E3,¶ÔÓ¦×Ö:¿íx¸ß=16x16,»­²¼:¿íW=16 ¸ßH=16,¹²32×Ö½Ú*/
   7          0x00,0x00,0xfc,0x04,0x04,0x04,0x04,0x05,0x06,0x04,0x04,0x04,0x04,0x06,0x04,0x00,
   8          0x40,0x30,0x0f,0x00,0x00,0x00,0x00,0x00,0x00,0x00,0x00,0x00,0x00,0x00,0x00,0x00,
   9          
  10          /*-- ID:1,×Ö·û:"¶«",ASCII±àÂë:B6AB,¶ÔÓ¦×Ö:¿íx¸ß=16x16,»­²¼:¿íW=16 ¸ßH=16,¹²32×Ö½Ú*/
  11          0x08,0x08,0x08,0x88,0x68,0x18,0x0f,0xe8,0x08,0x08,0x08,0x88,0x08,0x0c,0x08,0x00,
  12          0x00,0x40,0x21,0x11,0x0d,0x41,0x81,0x7f,0x01,0x05,0x09,0x31,0x61,0x00,0x00,0x00,
  13          
  14          /*-- ID:2,×Ö·û:"ìÇ",ASCII±àÂë:ECC7,¶ÔÓ¦×Ö:¿íx¸ß=16x16,»­²¼:¿íW=16 ¸ßH=16,¹²32×Ö½Ú*/
  15          0x80,0x70,0x00,0xff,0x20,0x98,0x40,0xf8,0x07,0x40,0x7f,0xa0,0x90,0xc8,0x00,0x00,
  16          0x80,0x60,0x18,0x07,0x08,0x34,0x04,0x05,0x04,0xff,0x04,0x04,0x04,0x06,0x04,0x00,
  17          
  18          /*-- ID:3,×Ö·û:"»Ô",ASCII±àÂë:BBD4,¶ÔÓ¦×Ö:¿íx¸ß=16x16,»­²¼:¿íW=16 ¸ßH=16,¹²32×Ö½Ú*/
  19          0x44,0x48,0xd0,0x7f,0xd0,0x4c,0x48,0xa6,0x62,0x3a,0xa2,0x22,0x32,0x26,0x02,0x00,
  20          0x40,0x30,0x0f,0x00,0x3f,0x10,0x08,0x09,0x09,0x09,0xff,0x09,0x09,0x0d,0x08,0x00,
  21          
  22          /*-- ID:4,×Ö·û:"¿Æ",ASCII±àÂë:BFC6,¶ÔÓ¦×Ö:¿íx¸ß=16x16,»­²¼:¿íW=16 ¸ßH=16,¹²32×Ö½Ú*/
  23          0x24,0x24,0x24,0xa4,0xfe,0xa3,0x22,0x00,0x24,0x48,0x00,0xff,0x00,0x80,0x00,0x00,
  24          0x10,0x08,0x06,0x01,0xff,0x00,0x01,0x02,0x02,0x02,0x02,0xff,0x01,0x01,0x01,0x00,
  25          
  26          /*-- ID:5,×Ö·û:"¼¼",ASCII±àÂë:BCBC,¶ÔÓ¦×Ö:¿íx¸ß=16x16,»­²¼:¿íW=16 ¸ßH=16,¹²32×Ö½Ú*/
  27          0x10,0x10,0x10,0xff,0x10,0x10,0x88,0x88,0x88,0xff,0x88,0x88,0x8c,0x08,0x00,0x00,
  28          0x04,0x44,0x82,0x7f,0x01,0x80,0x81,0x46,0x28,0x10,0x28,0x26,0x41,0xc0,0x40,0x00,
  29          
  30          /*-- ID:6,×Ö·û:"ÓÐ",ASCII±àÂë:D3D0,¶ÔÓ¦×Ö:¿íx¸ß=16x16,»­²¼:¿íW=16 ¸ßH=16,¹²32×Ö½Ú*/
  31          0x04,0x04,0x04,0x84,0xe4,0x3c,0x27,0x24,0x24,0x24,0x24,0xf4,0x24,0x06,0x04,0x00,
  32          0x04,0x02,0x01,0x00,0xff,0x09,0x09,0x09,0x09,0x49,0x89,0x7f,0x00,0x00,0x00,0x00,
  33          
  34          /*-- ID:7,×Ö·û:"ÏÞ",ASCII±àÂë:CFDE,¶ÔÓ¦×Ö:¿íx¸ß=16x16,»­²¼:¿íW=16 ¸ßH=16,¹²32×Ö½Ú*/
  35          0x00,0xfe,0x02,0x22,0xda,0x06,0x00,0xfe,0x92,0x92,0x92,0x92,0xff,0x02,0x00,0x00,
  36          0x00,0xff,0x08,0x10,0x08,0x07,0x00,0xff,0x42,0x24,0x08,0x14,0x22,0x61,0x20,0x00,
  37          
  38          /*-- ID:8,×Ö·û:"¹«",ASCII±àÂë:B9AB,¶ÔÓ¦×Ö:¿íx¸ß=16x16,»­²¼:¿íW=16 ¸ßH=16,¹²32×Ö½Ú*/
  39          0x00,0x00,0x80,0x40,0x30,0x0c,0x00,0xc0,0x06,0x18,0x20,0x40,0x80,0x80,0x80,0x00,
  40          0x01,0x01,0x00,0x30,0x28,0x24,0x23,0x20,0x20,0x28,0x30,0x60,0x00,0x01,0x00,0x00,
  41          
  42          /*-- ID:9,×Ö·û:"Ë¾",ASCII±àÂë:CBBE,¶ÔÓ¦×Ö:¿íx¸ß=16x16,»­²¼:¿íW=16 ¸ßH=16,¹²32×Ö½Ú*/
  43          0x10,0x10,0x92,0x92,0x92,0x92,0x92,0x92,0xd2,0x9a,0x12,0x02,0xff,0x02,0x00,0x00,
  44          0x00,0x00,0x3f,0x10,0x10,0x10,0x10,0x10,0x3f,0x00,0x40,0x80,0x7f,0x00,0x00,0x00,
  45          
  46          };
  47          
  48          
  49          unsigned char code ft0[]=
  50          {
  51          /* [×Ö¿â]£º[ASC8x16E×Ö¿â] [Êý¾ÝÅÅÁÐ]:´Ó×óµ½ÓÒ´ÓÉÏµ½ÏÂ [È¡Ä£·½Ê½]:×ÝÏò8µãÏÂ¸ßÎ» [Õý¸º·´É«]:·ñ [È¥µôÖØ¸´ºó]¹
             -²27¸ö×Ö·û
  52          [×Ü×Ö·û¿â]£º"YeHuiDisplay.comLCM12232_09"*/
C51 COMPILER V9.60.7.0   PIC                                                               01/14/2025 19:50:36 PAGE 2   

  53          
  54          /*-- ID:0,×Ö·û:"Y",ASCII±àÂë:59,¶ÔÓ¦×Ö:¿íx¸ß=8x16,»­²¼:¿íW=8 ¸ßH=16,¹²16×Ö½Ú*/
  55          0x04,0x1c,0x64,0x80,0x64,0x1c,0x04,0x00,0x00,0x00,0x10,0x1f,0x10,0x00,0x00,0x00,
  56          
  57          /*-- ID:1,×Ö·û:"e",ASCII±àÂë:65,¶ÔÓ¦×Ö:¿íx¸ß=8x16,»­²¼:¿íW=8 ¸ßH=16,¹²16×Ö½Ú*/
  58          0x00,0x80,0x40,0x40,0x40,0x40,0x80,0x00,0x00,0x0f,0x12,0x12,0x12,0x12,0x0b,0x00,
  59          
  60          /*-- ID:2,×Ö·û:"H",ASCII±àÂë:48,¶ÔÓ¦×Ö:¿íx¸ß=8x16,»­²¼:¿íW=8 ¸ßH=16,¹²16×Ö½Ú*/
  61          0x04,0xfc,0x84,0x80,0x80,0x84,0xfc,0x04,0x10,0x1f,0x10,0x00,0x00,0x10,0x1f,0x10,
  62          
  63          /*-- ID:3,×Ö·û:"u",ASCII±àÂë:75,¶ÔÓ¦×Ö:¿íx¸ß=8x16,»­²¼:¿íW=8 ¸ßH=16,¹²16×Ö½Ú*/
  64          0x40,0xc0,0x00,0x00,0x00,0x40,0xc0,0x00,0x00,0x0f,0x10,0x10,0x10,0x08,0x1f,0x10,
  65          
  66          /*-- ID:4,×Ö·û:"i",ASCII±àÂë:69,¶ÔÓ¦×Ö:¿íx¸ß=8x16,»­²¼:¿íW=8 ¸ßH=16,¹²16×Ö½Ú*/
  67          0x00,0x40,0x4c,0xcc,0x00,0x00,0x00,0x00,0x00,0x10,0x10,0x1f,0x10,0x10,0x00,0x00,
  68          
  69          /*-- ID:5,×Ö·û:"D",ASCII±àÂë:44,¶ÔÓ¦×Ö:¿íx¸ß=8x16,»­²¼:¿íW=8 ¸ßH=16,¹²16×Ö½Ú*/
  70          0x04,0xfc,0x04,0x04,0x04,0x08,0xf0,0x00,0x10,0x1f,0x10,0x10,0x10,0x08,0x07,0x00,
  71          
  72          /*-- ID:6,×Ö·û:"i",ASCII±àÂë:69,¶ÔÓ¦×Ö:¿íx¸ß=8x16,»­²¼:¿íW=8 ¸ßH=16,¹²16×Ö½Ú*/
  73          0x00,0x40,0x4c,0xcc,0x00,0x00,0x00,0x00,0x00,0x10,0x10,0x1f,0x10,0x10,0x00,0x00,
  74          
  75          /*-- ID:7,×Ö·û:"s",ASCII±àÂë:73,¶ÔÓ¦×Ö:¿íx¸ß=8x16,»­²¼:¿íW=8 ¸ßH=16,¹²16×Ö½Ú*/
  76          0x00,0x80,0x40,0x40,0x40,0x40,0xc0,0x00,0x00,0x19,0x12,0x12,0x12,0x12,0x0c,0x00,
  77          
  78          /*-- ID:8,×Ö·û:"p",ASCII±àÂë:70,¶ÔÓ¦×Ö:¿íx¸ß=8x16,»­²¼:¿íW=8 ¸ßH=16,¹²16×Ö½Ú*/
  79          0x40,0xc0,0x80,0x40,0x40,0x80,0x00,0x00,0x40,0x7f,0x48,0x10,0x10,0x08,0x07,0x00,
  80          
  81          /*-- ID:9,×Ö·û:"l",ASCII±àÂë:6C,¶ÔÓ¦×Ö:¿íx¸ß=8x16,»­²¼:¿íW=8 ¸ßH=16,¹²16×Ö½Ú*/
  82          0x00,0x08,0x08,0xfc,0x00,0x00,0x00,0x00,0x00,0x10,0x10,0x1f,0x10,0x10,0x00,0x00,
  83          
  84          /*-- ID:10,×Ö·û:"a",ASCII±àÂë:61,¶ÔÓ¦×Ö:¿íx¸ß=8x16,»­²¼:¿íW=8 ¸ßH=16,¹²16×Ö½Ú*/
  85          0x00,0x80,0x40,0x40,0x40,0x80,0x00,0x00,0x00,0x0c,0x12,0x12,0x09,0x1f,0x10,0x00,
  86          
  87          /*-- ID:11,×Ö·û:"y",ASCII±àÂë:79,¶ÔÓ¦×Ö:¿íx¸ß=8x16,»­²¼:¿íW=8 ¸ßH=16,¹²16×Ö½Ú*/
  88          0x40,0xc0,0x40,0x00,0x00,0x40,0xc0,0x40,0x00,0x40,0x43,0x3c,0x0c,0x03,0x00,0x00,
  89          
  90          /*-- ID:12,×Ö·û:".",ASCII±àÂë:2E,¶ÔÓ¦×Ö:¿íx¸ß=8x16,»­²¼:¿íW=8 ¸ßH=16,¹²16×Ö½Ú*/
  91          0x00,0x00,0x00,0x00,0x00,0x00,0x00,0x00,0x00,0x18,0x18,0x00,0x00,0x00,0x00,0x00,
  92          
  93          /*-- ID:13,×Ö·û:"c",ASCII±àÂë:63,¶ÔÓ¦×Ö:¿íx¸ß=8x16,»­²¼:¿íW=8 ¸ßH=16,¹²16×Ö½Ú*/
  94          0x00,0x00,0x80,0x40,0x40,0x40,0x80,0x00,0x00,0x07,0x08,0x10,0x10,0x10,0x08,0x00,
  95          
  96          /*-- ID:14,×Ö·û:"o",ASCII±àÂë:6F,¶ÔÓ¦×Ö:¿íx¸ß=8x16,»­²¼:¿íW=8 ¸ßH=16,¹²16×Ö½Ú*/
  97          0x00,0x80,0x40,0x40,0x40,0x40,0x80,0x00,0x00,0x0f,0x10,0x10,0x10,0x10,0x0f,0x00,
  98          
  99          /*-- ID:15,×Ö·û:"m",ASCII±àÂë:6D,¶ÔÓ¦×Ö:¿íx¸ß=8x16,»­²¼:¿íW=8 ¸ßH=16,¹²16×Ö½Ú*/
 100          0x40,0xc0,0x40,0x40,0xc0,0x40,0x40,0x80,0x10,0x1f,0x10,0x00,0x1f,0x10,0x00,0x1f,
 101          
 102          /*-- ID:16,×Ö·û:"L",ASCII±àÂë:4C,¶ÔÓ¦×Ö:¿íx¸ß=8x16,»­²¼:¿íW=8 ¸ßH=16,¹²16×Ö½Ú*/
 103          0x04,0xfc,0x04,0x00,0x00,0x00,0x00,0x00,0x10,0x1f,0x10,0x10,0x10,0x10,0x18,0x00,
 104          
 105          /*-- ID:17,×Ö·û:"C",ASCII±àÂë:43,¶ÔÓ¦×Ö:¿íx¸ß=8x16,»­²¼:¿íW=8 ¸ßH=16,¹²16×Ö½Ú*/
 106          0xe0,0x18,0x04,0x04,0x04,0x04,0x1c,0x00,0x03,0x0c,0x10,0x10,0x10,0x08,0x04,0x00,
 107          
 108          /*-- ID:18,×Ö·û:"M",ASCII±àÂë:4D,¶ÔÓ¦×Ö:¿íx¸ß=8x16,»­²¼:¿íW=8 ¸ßH=16,¹²16×Ö½Ú*/
 109          0x04,0xfc,0xfc,0x00,0xfc,0xfc,0x04,0x00,0x10,0x1f,0x00,0x1f,0x00,0x1f,0x10,0x00,
 110          
 111          /*-- ID:19,×Ö·û:"1",ASCII±àÂë:31,¶ÔÓ¦×Ö:¿íx¸ß=8x16,»­²¼:¿íW=8 ¸ßH=16,¹²16×Ö½Ú*/
 112          0x00,0x00,0x08,0x08,0xfc,0x00,0x00,0x00,0x00,0x00,0x10,0x10,0x1f,0x10,0x10,0x00,
 113          
 114          /*-- ID:20,×Ö·û:"2",ASCII±àÂë:32,¶ÔÓ¦×Ö:¿íx¸ß=8x16,»­²¼:¿íW=8 ¸ßH=16,¹²16×Ö½Ú*/
C51 COMPILER V9.60.7.0   PIC                                                               01/14/2025 19:50:36 PAGE 3   

 115          0x00,0x38,0x04,0x04,0x04,0x84,0x78,0x00,0x00,0x18,0x14,0x12,0x11,0x10,0x18,0x00,
 116          
 117          /*-- ID:21,×Ö·û:"2",ASCII±àÂë:32,¶ÔÓ¦×Ö:¿íx¸ß=8x16,»­²¼:¿íW=8 ¸ßH=16,¹²16×Ö½Ú*/
 118          0x00,0x38,0x04,0x04,0x04,0x84,0x78,0x00,0x00,0x18,0x14,0x12,0x11,0x10,0x18,0x00,
 119          
 120          /*-- ID:22,×Ö·û:"3",ASCII±àÂë:33,¶ÔÓ¦×Ö:¿íx¸ß=8x16,»­²¼:¿íW=8 ¸ßH=16,¹²16×Ö½Ú*/
 121          0x00,0x18,0x04,0x84,0x84,0x44,0x38,0x00,0x00,0x0c,0x10,0x10,0x10,0x11,0x0e,0x00,
 122          
 123          /*-- ID:23,×Ö·û:"2",ASCII±àÂë:32,¶ÔÓ¦×Ö:¿íx¸ß=8x16,»­²¼:¿íW=8 ¸ßH=16,¹²16×Ö½Ú*/
 124          0x00,0x38,0x04,0x04,0x04,0x84,0x78,0x00,0x00,0x18,0x14,0x12,0x11,0x10,0x18,0x00,
 125          
 126          /*-- ID:24,×Ö·û:"_",ASCII±àÂë:5F,¶ÔÓ¦×Ö:¿íx¸ß=8x16,»­²¼:¿íW=8 ¸ßH=16,¹²16×Ö½Ú*/
 127          0x00,0x00,0x00,0x00,0x00,0x00,0x00,0x00,0x40,0x40,0x40,0x40,0x40,0x40,0x40,0x40,
 128          
 129          /*-- ID:25,×Ö·û:"0",ASCII±àÂë:30,¶ÔÓ¦×Ö:¿íx¸ß=8x16,»­²¼:¿íW=8 ¸ßH=16,¹²16×Ö½Ú*/
 130          0x00,0xf0,0x08,0x04,0x04,0x08,0xf0,0x00,0x00,0x07,0x08,0x10,0x10,0x08,0x07,0x00,
 131          
 132          /*-- ID:26,×Ö·û:"9",ASCII±àÂë:39,¶ÔÓ¦×Ö:¿íx¸ß=8x16,»­²¼:¿íW=8 ¸ßH=16,¹²16×Ö½Ú*/
 133          0x00,0xf8,0x04,0x04,0x04,0x88,0xf0,0x00,0x00,0x00,0x09,0x11,0x11,0x08,0x07,0x00
 134          
 135          };
 136          
 137          
 138          
 139          
 140          unsigned char code pic1[]=
 141          {/*-- 122x32  --*/
 142          /*-[Êý¾ÝÅÅÁÐ]:´Ó×óµ½ÓÒ´ÓÉÏµ½ÏÂ [È¡Ä£·½Ê½]:×ÝÏò8µãÏÂ¸ßÎ» [Õý¸º·´É«]:·ñ
 143          Í¼Ïñ³ß´ç:122x32 »­²¼³ß´ç:122x32£¬¹²488¸ö×Ö½Ú-*/
 144          0xff,0x01,0x01,0x01,0x01,0x01,0x01,0x01,0x01,0x01,0x01,0x01,0x01,0x01,0x01,0x01,
 145          0x01,0x01,0x01,0x01,0x01,0x01,0x01,0x01,0x01,0x01,0x01,0x01,0x01,0x01,0x01,0x01,
 146          0x01,0x01,0x01,0x01,0x01,0x01,0x01,0x01,0x01,0x01,0x01,0x01,0x01,0x01,0x01,0x01,
 147          0x01,0x01,0x01,0x01,0x01,0x01,0x01,0x01,0x01,0x01,0x01,0x01,0x01,0x01,0x01,0x01,
 148          0x01,0x01,0x01,0x01,0x01,0x01,0x01,0x01,0x01,0x01,0x01,0x01,0x01,0x01,0x01,0x01,
 149          0x01,0x01,0x01,0x01,0x01,0x01,0x01,0x01,0x01,0x01,0x01,0x01,0x01,0x01,0x01,0x01,
 150          0x01,0x01,0x01,0x01,0x01,0x01,0x01,0x01,0x01,0x01,0x01,0x01,0x01,0x01,0x01,0x01,
 151          0x01,0x01,0x01,0x01,0x01,0x01,0x01,0x01,0x01,0xff,0xff,0x00,0x00,0x00,0x00,0x00,
 152          0x00,0x00,0x00,0x00,0x00,0x00,0x00,0x00,0x00,0x00,0x00,0x00,0x00,0x00,0x00,0x00,
 153          0x00,0x00,0x00,0x00,0x00,0x00,0x00,0x00,0x00,0x00,0x00,0x00,0x00,0x00,0x00,0x00,
 154          0x00,0x00,0x00,0x00,0x00,0x00,0x00,0x00,0x00,0x00,0x00,0x00,0x00,0x00,0x00,0x00,
 155          0x00,0x00,0x00,0x00,0x00,0x00,0x00,0x00,0x00,0x00,0x00,0x00,0x00,0x00,0x00,0x00,
 156          0x00,0x00,0x00,0x00,0x00,0x00,0x00,0x00,0x00,0x00,0x00,0x00,0x00,0x00,0x00,0x00,
 157          0x00,0x00,0x00,0x00,0x00,0x00,0x00,0x00,0x00,0x00,0x00,0x00,0x00,0x00,0x00,0x00,
 158          0x00,0x00,0x00,0x00,0x00,0x00,0x00,0x00,0x00,0x00,0x00,0x00,0x00,0x00,0x00,0x00,
 159          0x00,0x00,0x00,0xff,0xff,0x00,0x00,0x00,0x00,0x00,0x00,0x00,0x00,0x00,0x00,0x00,
 160          0x00,0x00,0x00,0x00,0x00,0x00,0x00,0x00,0x00,0x00,0x00,0x00,0x00,0x00,0x00,0x00,
 161          0x00,0x00,0x00,0x00,0x00,0x00,0x00,0x00,0x00,0x00,0x00,0x00,0x00,0x00,0x00,0x00,
 162          0x00,0x00,0x00,0x00,0x00,0x00,0x00,0x00,0x00,0x00,0x00,0x00,0x00,0x00,0x00,0x00,
 163          0x00,0x00,0x00,0x00,0x00,0x00,0x00,0x00,0x00,0x00,0x00,0x00,0x00,0x00,0x00,0x00,
 164          0x00,0x00,0x00,0x00,0x00,0x00,0x00,0x00,0x00,0x00,0x00,0x00,0x00,0x00,0x00,0x00,
 165          0x00,0x00,0x00,0x00,0x00,0x00,0x00,0x00,0x00,0x00,0x00,0x00,0x00,0x00,0x00,0x00,
 166          0x00,0x00,0x00,0x00,0x00,0x00,0x00,0x00,0x00,0x00,0x00,0x00,0x00,0xff,0xff,0x80,
 167          0x80,0x80,0x80,0x80,0x80,0x80,0x80,0x80,0x80,0x80,0x80,0x80,0x80,0x80,0x80,0x80,
 168          0x80,0x80,0x80,0x80,0x80,0x80,0x80,0x80,0x80,0x80,0x80,0x80,0x80,0x80,0x80,0x80,
 169          0x80,0x80,0x80,0x80,0x80,0x80,0x80,0x80,0x80,0x80,0x80,0x80,0x80,0x80,0x80,0x80,
 170          0x80,0x80,0x80,0x80,0x80,0x80,0x80,0x80,0x80,0x80,0x80,0x80,0x80,0x80,0x80,0x80,
 171          0x80,0x80,0x80,0x80,0x80,0x80,0x80,0x80,0x80,0x80,0x80,0x80,0x80,0x80,0x80,0x80,
 172          0x80,0x80,0x80,0x80,0x80,0x80,0x80,0x80,0x80,0x80,0x80,0x80,0x80,0x80,0x80,0x80,
 173          0x80,0x80,0x80,0x80,0x80,0x80,0x80,0x80,0x80,0x80,0x80,0x80,0x80,0x80,0x80,0x80,
 174          0x80,0x80,0x80,0x80,0x80,0x80,0x80,0xff
 175          
 176          };
C51 COMPILER V9.60.7.0   PIC                                                               01/14/2025 19:50:36 PAGE 4   

 177          
 178          unsigned char code pic2[]=
 179          {
 180          0x3f,0x3f,0x03,0x03,0x03,0x03,0x00,0x00,0x00,0x00,0x00,0x00,0x00,0x00,0x00,0x00,
 181          0x00,0x00,0x00,0x00,0x00,0x00,0x00,0x00,0x00,0x00,0x00,0x00,0x00,0x00,0x00,0x00,
 182          0x00,0x00,0x00,0x00,0x00,0x00,0x00,0x00,0x00,0x00,0x00,0x00,0x00,0x00,0x00,0x00,
 183          0x00,0x00,0x00,0x00,0x00,0x00,0x00,0x00,0x00,0x00,0x00,0x00,0x00,0x00,0x00,0x00,
 184          0x00,0x00,0x00,0x00,0x00,0x00,0x00,0x00,0x00,0x00,0x00,0x00,0x00,0x00,0x00,0x00,
 185          0x00,0x00,0x00,0x00,0x00,0x00,0x00,0x00,0x00,0x00,0x00,0x00,0x00,0x00,0x00,0x00,
 186          0x00,0x00,0x00,0x00,0x00,0x00,0x00,0x00,0x00,0x00,0x00,0x00,0x00,0x00,0x00,0x00,
 187          0x00,0x00,0x00,0x00,0x03,0x03,0x03,0x03,0x3f,0x3f,0x00,0x00,0x00,0x00,0x00,0x00,
 188          0x00,0x00,0x00,0x00,0x00,0x00,0x00,0x00,0x00,0x00,0x00,0x00,0x00,0x00,0x00,0x00,
 189          0x00,0x00,0x00,0x00,0x00,0x00,0x00,0x00,0x00,0x00,0x00,0x00,0x00,0x00,0x00,0x00,
 190          0x00,0x00,0x00,0x00,0x00,0x00,0x00,0x00,0x00,0x00,0x00,0x00,0x00,0x00,0x00,0x00,
 191          0x00,0x00,0x00,0x00,0x00,0x00,0x00,0x00,0x00,0x00,0x00,0x00,0x00,0x00,0x00,0x00,
 192          0x00,0x00,0x00,0x00,0x00,0x00,0x00,0x00,0x00,0x00,0x00,0x00,0x00,0x00,0x00,0x00,
 193          0x00,0x00,0x00,0x00,0x00,0x00,0x00,0x00,0x00,0x00,0x00,0x00,0x00,0x00,0x00,0x00,
 194          0x00,0x00,0x00,0x00,0x00,0x00,0x00,0x00,0x00,0x00,0x00,0x00,0x00,0x00,0x00,0x00,
 195          0x00,0x00,0x00,0x00,0x00,0x00,0x00,0x00,0x00,0x00,0x00,0x00,0x00,0x00,0x00,0x00,
 196          0x00,0x00,0x00,0x00,0x00,0x00,0x00,0x00,0x00,0x00,0x00,0x00,0x00,0x00,0x00,0x00,
 197          0x00,0x00,0x00,0x00,0x00,0x00,0x00,0x00,0x00,0x00,0x00,0x00,0x00,0x00,0x00,0x00,
 198          0x00,0x00,0x00,0x00,0x00,0x00,0x00,0x00,0x00,0x00,0x00,0x00,0x00,0x00,0x00,0x00,
 199          0x00,0x00,0x00,0x00,0x00,0x00,0x00,0x00,0x00,0x00,0x00,0x00,0x00,0x00,0x00,0x00,
 200          0x00,0x00,0x00,0x00,0x00,0x00,0x00,0x00,0x00,0x00,0x00,0x00,0x00,0x00,0x00,0x00,
 201          0x00,0x00,0x00,0x00,0x00,0x00,0x00,0x00,0x00,0x00,0x00,0x00,0x00,0x00,0x00,0x00,
 202          0x00,0x00,0x00,0x00,0x00,0x00,0x00,0x00,0x00,0x00,0x00,0x00,0x00,0x00,0xfc,0xfc,
 203          0xc0,0xc0,0xc0,0xc0,0x00,0x00,0x00,0x00,0x00,0x00,0x00,0x00,0x00,0x00,0x00,0x00,
 204          0x00,0x00,0x00,0x00,0x00,0x00,0x00,0x00,0x00,0x00,0x00,0x00,0x00,0x00,0x00,0x00,
 205          0x00,0x00,0x00,0x00,0x00,0x00,0x00,0x00,0x00,0x00,0x00,0x00,0x00,0x00,0x00,0x00,
 206          0x00,0x00,0x00,0x00,0x00,0x00,0x00,0x00,0x00,0x00,0x00,0x00,0x00,0x00,0x00,0x00,
 207          0x00,0x00,0x00,0x00,0x00,0x00,0x00,0x00,0x00,0x00,0x00,0x00,0x00,0x00,0x00,0x00,
 208          0x00,0x00,0x00,0x00,0x00,0x00,0x00,0x00,0x00,0x00,0x00,0x00,0x00,0x00,0x00,0x00,
 209          0x00,0x00,0x00,0x00,0x00,0x00,0x00,0x00,0x00,0x00,0x00,0x00,0x00,0x00,0x00,0x00,
 210          0x00,0x00,0xc0,0xc0,0xc0,0xc0,0xfc,0xfc
 211          
 212          };
 213          
 214          
 215          
 216          unsigned char code pic3[]=
 217          {
 218          /*-- 122x32  --*/
 219          0x00,0x00,0x00,0x00,0x00,0x00,0x00,0x00,0x00,0x00,0x00,0x00,0x00,0x00,0x00,0x00,
 220          0x00,0x00,0x00,0x00,0x00,0x00,0xF8,0x08,0x08,0xF8,0x08,0x08,0xF0,0x00,0xF8,0x88,
 221          0x88,0x70,0x00,0x44,0x82,0x92,0x6C,0x00,0x00,0x00,0x00,0xF8,0x08,0x08,0xF8,0x08,
 222          0x08,0xF0,0x00,0x70,0xA8,0xA8,0xB0,0x00,0x70,0x88,0x88,0xFE,0x00,0xFA,0x00,0xC8,
 223          0xA8,0xA8,0xF8,0x00,0x00,0x00,0x00,0xF8,0x88,0x88,0x70,0x00,0xFE,0x00,0xC8,0xA8,
 224          0xA8,0xF8,0x00,0x08,0x70,0x80,0x70,0x08,0x00,0x70,0xA8,0xA8,0xB0,0x00,0xF8,0x08,
 225          0x08,0x00,0x00,0x00,0x00,0x00,0x00,0x00,0x00,0x00,0x00,0x00,0x00,0x00,0x00,0x00,
 226          0x00,0x00,0x00,0x00,0x00,0x00,0x00,0x00,0x00,0x00,0x00,0x00,0x00,0x00,0x00,0x00,
 227          0x00,0x00,0x00,0x00,0x00,0x00,0x00,0x00,0x00,0x00,0x00,0x00,0x00,0xE0,0x00,0x80,
 228          0x80,0x80,0x00,0x00,0x00,0x00,0x00,0x80,0x83,0x80,0x80,0x80,0x80,0x00,0x00,0x80,
 229          0x00,0x00,0x00,0x80,0x00,0x00,0x00,0x00,0xE0,0x80,0x80,0x00,0x00,0x00,0x80,0x80,
 230          0x00,0x00,0x80,0x80,0x80,0x80,0x00,0x80,0x80,0x80,0xC0,0x80,0x00,0x00,0x00,0x00,
 231          0x00,0x03,0x00,0x00,0x00,0x00,0x80,0x80,0x80,0x80,0x80,0x80,0x00,0x00,0x02,0x81,
 232          0x80,0x00,0x00,0xE0,0x80,0x80,0x00,0x00,0x80,0x00,0x00,0x00,0x80,0x00,0x00,0x00,
 233          0x00,0x00,0x00,0x00,0x00,0x00,0x00,0x00,0x00,0x00,0x00,0x00,0x00,0x00,0x00,0x00,
 234          0x00,0x00,0x00,0x00,0x00,0x00,0x00,0x00,0x00,0x00,0x00,0x00,0x00,0x00,0x00,0x00,
 235          0x00,0x00,0x00,0x00,0x00,0x00,0x00,0x0F,0x00,0x0F,0x00,0x00,0x0F,0x00,0x00,0x00,
 236          0x00,0x0F,0x00,0x00,0x0F,0x00,0x00,0x0F,0x00,0x00,0x27,0x18,0x07,0x00,0x00,0x00,
 237          0x00,0x00,0x0F,0x00,0x00,0x0F,0x00,0x07,0x0A,0x0A,0x0B,0x00,0x0C,0x0A,0x0A,0x0F,
 238          0x00,0x0F,0x00,0x00,0x0F,0x08,0x00,0x00,0x00,0x00,0x00,0x00,0x00,0x00,0x00,0x00,
C51 COMPILER V9.60.7.0   PIC                                                               01/14/2025 19:50:36 PAGE 5   

 239          0x0F,0x00,0x00,0x0F,0x00,0x00,0x0F,0x00,0x07,0x08,0x08,0x07,0x00,0x0F,0x08,0x08,
 240          0x07,0x00,0x00,0x27,0x18,0x07,0x00,0x00,0x00,0x00,0x00,0x00,0x00,0x00,0x00,0x00,
 241          0x00,0x00,0x00,0x00,0x00,0x00,0x00,0x00,0x00,0x00,0x00,0x00,0x00,0x00,0xFE,0xFE,
 242          0x38,0x7C,0xFE,0x10,0x38,0x7C,0xFE,0x00,0x00,0x00,0x00,0xFE,0xFE,0x00,0xFE,0xFE,
 243          0x00,0x00,0x00,0x00,0x00,0xFE,0x7C,0x38,0x10,0xFE,0x7C,0x38,0xFE,0xFE,0x00,0x00,
 244          0x00,0x00,0x00,0x00,0x00,0x00,0x00,0x00,0xFC,0x82,0x82,0x7C,0x00,0x00,0x04,0xFE,
 245          0x00,0x00,0x00,0x88,0x00,0x58,0x8E,0x8A,0x72,0x00,0x84,0xC2,0xB2,0x8C,0x00,0xC0,
 246          0x38,0x06,0x44,0x82,0x92,0x6C,0x00,0x00,0x88,0x00,0x58,0x8E,0x8A,0x72,0x00,0x6C,
 247          0x92,0x92,0x6C,0x00,0x00,0x00,0x00,0x00,0x7C,0x7C,0x7C,0x7C,0x7C,0x7C,0x7C,0x7C,
 248          0x7C,0x7C,0x7C,0x7C,0x7C,0x7C,0x7C,0x7C,0x44,0x44,0x44,0x44,0x44,0x44,0x44,0x44,
 249          0x44,0x44,0x44,0x44,0x44,0x44,0x44,0x7C,
 250          };


MODULE INFORMATION:   STATIC OVERLAYABLE
   CODE SIZE        =   ----    ----
   CONSTANT SIZE    =   2216    ----
   XDATA SIZE       =   ----    ----
   PDATA SIZE       =   ----    ----
   DATA SIZE        =   ----    ----
   IDATA SIZE       =   ----    ----
   BIT SIZE         =   ----    ----
END OF MODULE INFORMATION.


C51 COMPILATION COMPLETE.  0 WARNING(S),  0 ERROR(S)
