C51 COMPILER V9.60.7.0   MAIN                                                              12/11/2024 14:13:18 PAGE 1   


C51 COMPILER V9.60.7.0, COMPILATION OF MODULE MAIN
OBJECT MODULE PLACED IN .\Objects\main.obj
COMPILER INVOKED BY: D:\KEIL_STM32\C51\BIN\C51.EXE main.c LARGE OPTIMIZE(8,SPEED) BROWSE DEBUG OBJECTEXTEND PRINT(.\List
                    -ings\main.lst) OBJECT(.\Objects\main.obj)

line level    source

   1           #include <REG52.H>       
   2          #include "lcd12864.h"   
   3          #include "picture.h" 
   4          //unsigned char mode;
   5          sbit int0=P2^1; 
   6          //   
   7          //void main( void )   
   8          //{      
   9          //  Delay(20);  
  10          //  IE=0x81;
  11          //  IP=0x01;
  12          //  TCON=0x01;
  13          //  int0=1;  
  14          //  LcmInit();   
  15          //  LcmClear(); 
  16          //  LcmPutDots(0x55,0xaa);
  17          //  Delay(600); 
  18          //  LcmPutDots(0xaa,0x55);
  19          //  Delay(600); 
  20          //  LcmPutDots(0x55,0x55);
  21          //  Delay(600); 
  22          //  LcmPutDots(0xaa,0xaa);
  23          //  Delay(600); 
  24          //  LcmPutDots(0xff,0x00);
  25          //  Delay(600); 
  26          //  LcmPutDots(0x00,0xff);
  27          //  Delay(600); 
  28          //  Display_Chinese();
  29          //  Delay(500); 
  30          
  31          // while(1)   
  32          // {
  33          //       if(key())
  34          //       {
  35          //               mode++;
  36          //               if(mode>8)mode=1;
  37          //               switch(mode)
  38          //               {
  39          //                       case 1:LcmPutDots(0x55,0xaa);
  40          //                       break;
  41          //                       case 2:LcmPutDots(0xaa,0x55);
  42          //                       break;
  43          //                       case 3:LcmPutDots(0xaa,0xaa);
  44          //                       break;
  45          //                       case 4:LcmPutDots(0x55,0x55);
  46          //                       break;
  47          //                       case 5:LcmPutDots(0x00,0xff);
  48          //                       break; 
  49          //                       case 6:LcmPutDots(0xff,0x00);
  50          //                       break; 
  51          //                       case 7:LcmPutDots(0xff,0xff);
  52          //                       break; 
  53          //                       case 8:Display_Chinese();
  54          //                       break;                          
C51 COMPILER V9.60.7.0   MAIN                                                              12/11/2024 14:13:18 PAGE 2   

  55          //               }               
  56          //       }
  57          
  58          // }   
  59          //} 
  60          
  61          void main(void)   
  62          {
  63   1      
  64   1              Delay(20); 
  65   1              IE=0x81;
  66   1              IP=0x01;
  67   1              TCON=0x01;
  68   1              int0=1;  
  69   1              LcmInit();   
  70   1              LcmClear(); 
  71   1          while (1)  
  72   1          {   
  73   2              if (key()) 
  74   2              {
  75   3                  HandleKey(); 
  76   3              } 
  77   2              else 
  78   2              {
  79   3                
  80   3                  DisplayPatterns(); 
  81   3              }
  82   2          }   
  83   1      }
  84          
  85          
  86            


MODULE INFORMATION:   STATIC OVERLAYABLE
   CODE SIZE        =     40    ----
   CONSTANT SIZE    =   ----    ----
   XDATA SIZE       =   ----    ----
   PDATA SIZE       =   ----    ----
   DATA SIZE        =   ----    ----
   IDATA SIZE       =   ----    ----
   BIT SIZE         =   ----    ----
END OF MODULE INFORMATION.


C51 COMPILATION COMPLETE.  0 WARNING(S),  0 ERROR(S)
