C51 COMPILER V9.60.7.0   MAIN                                                              11/19/2024 16:54:14 PAGE 1   


C51 COMPILER V9.60.7.0, COMPILATION OF MODULE MAIN
OBJECT MODULE PLACED IN .\Objects\main.obj
COMPILER INVOKED BY: D:\KEIL_STM32\C51\BIN\C51.EXE main.c OPTIMIZE(8,SPEED) BROWSE DEBUG OBJECTEXTEND PRINT(.\Listings\m
                    -ain.lst) OBJECT(.\Objects\main.obj)

line level    source

   1          #include "lcd19264.h"
   2          #include "picture.h"    
   3          #include <REGX52.H>
   4          sbit int0=P2^1; 
   5          extern unsigned char Page,Col;     
   6          unsigned char a,mode;
   7             
   8          void main( void )   
   9          {      
  10   1              Delay(20); 
  11   1              IE=0x81;
  12   1              IP=0x01;
  13   1              TCON=0x01;
  14   1              int0=1;  
  15   1      
  16   1              LcmInit();   
  17   1              LcmClear();  
  18   1      
  19   1              LcmPutDots(0x55,0xaa);
  20   1              Delay(10); 
  21   1              LcmPutDots(0xaa,0x55);
  22   1              Delay(10);
  23   1              LcmPutDots(0x55,0x55);
  24   1              Delay(10); 
  25   1              LcmPutDots(0xaa,0xaa);
  26   1              Delay(10); 
  27   1              LcmPutDots(0xff,0x00);
  28   1              Delay(10); 
  29   1              LcmPutDots(0x00,0xff);
  30   1              Delay(10);
  31   1              LcmPutDots(0xff,0x55);
  32   1              Delay(10);
  33   1              LcmPutDots(0x55,0xff);
  34   1              Delay(10);
  35   1              LcmPutDots(0xff,0xff);
  36   1              Delay(10);
  37   1              Display_character();  
  38   1              Delay(10);
  39   1              LcmPutBMP(BMP0); 
  40   1              Display_Chinese();
  41   1              Delay(10);
  42   1              
  43   1              while(1)   
  44   1              {
  45   2                      if(key())
  46   2                      {
  47   3                              mode++;
  48   3                              mode%=9;                    
  49   3                              switch(mode)
  50   3                              {
  51   4                              case 0:
  52   4                              LcmPutDots(0x55,0xaa);
  53   4                              break;
  54   4                              case 1:
C51 COMPILER V9.60.7.0   MAIN                                                              11/19/2024 16:54:14 PAGE 2   

  55   4                              LcmPutDots(0xaa,0x55);
  56   4                              break;  
  57   4                              case 2:
  58   4                              LcmPutDots(0x55,0x55);
  59   4                              break;  
  60   4                              case 3:
  61   4                              LcmPutDots(0xaa,0xaa);
  62   4                              break;  
  63   4                              case 4:
  64   4                              LcmPutDots(0xff,0x00);
  65   4                              break;  
  66   4                              case 5:
  67   4                              LcmPutDots(0x00,0xff);
  68   4                              break;  
  69   4                              case 6:
  70   4                              LcmPutDots(0x55,0xff);
  71   4                              break;  
  72   4                              case 7:
  73   4                              LcmPutDots(0xff,0x55);
  74   4                              break;  
  75   4                              case 8:
  76   4                              LcmPutBMP(BMP0); 
  77   4                              Display_Chinese();
  78   4                              break;  
  79   4                      }                       
  80   3                                              
  81   3                              
  82   3                      }
  83   2      
  84   2              }   
  85   1      }   
  86            


MODULE INFORMATION:   STATIC OVERLAYABLE
   CODE SIZE        =    296    ----
   CONSTANT SIZE    =   ----    ----
   XDATA SIZE       =   ----    ----
   PDATA SIZE       =   ----    ----
   DATA SIZE        =      2    ----
   IDATA SIZE       =   ----    ----
   BIT SIZE         =   ----    ----
END OF MODULE INFORMATION.


C51 COMPILATION COMPLETE.  0 WARNING(S),  0 ERROR(S)
