C51 COMPILER V9.60.7.0   MAIN                                                              12/11/2024 15:24:10 PAGE 1   


C51 COMPILER V9.60.7.0, COMPILATION OF MODULE MAIN
OBJECT MODULE PLACED IN .\Objects\main.obj
COMPILER INVOKED BY: D:\KEIL_STM32\C51\BIN\C51.EXE main.c OPTIMIZE(8,SPEED) BROWSE DEBUG OBJECTEXTEND PRINT(.\Listings\m
                    -ain.lst) OBJECT(.\Objects\main.obj)

line level    source

   1          #include <REGX52.H>
   2          #include "LCD2002.h"
   3          //      unsigned char mode;
   4          //      unsigned char data pattern1[8] = {0x15, 0x0A, 0x15, 0x0A, 0x15, 0x0A, 0x15}; // 棋盘
   5          //      unsigned char data pattern2[8] = {0x0A, 0x15, 0x0A, 0x15, 0x0A, 0x15, 0x0A};    
   6          //      unsigned char data pattern3[8] = {0x15, 0x15, 0x15, 0x15, 0x15, 0x15, 0x15, 0x15}; //竖线
   7          //    unsigned char data pattern4[8] = {0x0A, 0x0A, 0x0A, 0x0A, 0x0A, 0x0A, 0x0A, 0x0A}; 
   8          //    unsigned char data pattern5[8] = {0x1F, 0x00, 0x1F, 0x00, 0x1F, 0x00, 0x1F, 0x00};//横线 
   9          //      unsigned char data pattern6[8] = {0x00, 0x1F, 0x00, 0x1F, 0x00, 0x1F, 0x00, 0x1F};      
  10          //      unsigned char data pattern7[8] = {0x00, 0x15, 0x00, 0x15, 0x00, 0x15, 0x00, 0x15}; //麻点
  11          //int main() 
  12          //{
  13          //      LCD_Init(); 
  14          //      LCD_Clear();
  15          //      displayCustomCharacter1(pattern1); // 显示棋盘
  16          //      Delay(80); 
  17          //      displayCustomCharacter1(pattern2); 
  18          //      Delay(80); 
  19          //      displayCustomCharacter1(pattern3); // 显示竖线
  20          //      Delay(80); 
  21          //      displayCustomCharacter1(pattern4); 
  22          //      Delay(80); 
  23          //      displayCustomCharacter1(pattern5); // 显示横线
  24          //      Delay(80); 
  25          //      displayCustomCharacter1(pattern6); 
  26          //      Delay(80); 
  27          //      displayCustomCharacter1(pattern7); // 显示麻点
  28          //      Delay(80); 
  29          //      write_CGROM(0x21);//内置
  30          //      Delay(80);
  31          //      Write_DDRAM(0xCE);//内置字符
  32          //      Delay(80);
  33          //      LCD_Clear();
  34          //      LCD_ShowString(1,5,"LCM2002A_8");
  35          //      LCD_ShowString(0,2,"YeHuiDisplay.com");
  36          //                      
  37          //while (1) 
  38          //{
  39          
  40          //              if (ReadKey1()) 
  41          //        {  
  42          //              LCD_Clear();
  43          //              mode++;
  44          //              mode %= 10;                     
  45          //              switch (mode) 
  46          //        {
  47          //        case 0:            
  48          //                      displayCustomCharacter1(pattern1); 
  49          //            break;
  50          //        case 1:
  51          //            displayCustomCharacter1(pattern2);  
  52          //            break;
  53          //        case 2:
  54          //            displayCustomCharacter1(pattern3); 
C51 COMPILER V9.60.7.0   MAIN                                                              12/11/2024 15:24:10 PAGE 2   

  55          //            break;
  56          //        case 3:
  57          //           displayCustomCharacter1(pattern4);  
  58          //            break;
  59          //        case 4:
  60          //            displayCustomCharacter1(pattern5);  
  61          //            break;
  62          //        case 5:
  63          //            displayCustomCharacter1(pattern6);  
  64          //            break;
  65          //              case 6:
  66          //                      displayCustomCharacter1(pattern7);
  67          //                      break;
  68          //              case 7:
  69          //                      write_CGROM(0x21); 
  70          //                 break;
  71          //              case 8:
  72          //                      write_CGROM(0xA1); 
  73          //                 break;
  74          //              case 9:
  75          //                      Write_DDRAM(0xFF); 
  76          //                 break;
  77          
  78          //    
  79          //              }
  80          //      }                       
  81          //}
  82          
  83          //      }
  84          
  85          void main(void)   
  86          {
  87   1      
  88   1              LCD_Init(); 
  89   1              LCD_Clear();
  90   1      
  91   1          while (1)  
  92   1          {
  93   2            
  94   2              if (ReadKey1()) 
  95   2              {
  96   3                  HandleKey(); 
  97   3              } 
  98   2              else 
  99   2              {
 100   3                
 101   3                  DisplayPatterns(); 
 102   3              }
 103   2          }   
 104   1      }


MODULE INFORMATION:   STATIC OVERLAYABLE
   CODE SIZE        =     23    ----
   CONSTANT SIZE    =   ----    ----
   XDATA SIZE       =   ----    ----
   PDATA SIZE       =   ----    ----
   DATA SIZE        =   ----    ----
   IDATA SIZE       =   ----    ----
   BIT SIZE         =   ----    ----
END OF MODULE INFORMATION.


C51 COMPILATION COMPLETE.  0 WARNING(S),  0 ERROR(S)
